INFO - 2023-10-21 16:17:33 --> Session: Class initialized using 'CodeIgniter\Session\Handlers\FileHandler' driver.
CRITICAL - 2023-10-21 16:29:23 --> Undefined variable $rooms
in APPPATH\Views\front\page\room.php on line 11.
 1 APPPATH\Views\front\page\room.php(11): CodeIgniter\Debug\Exceptions->errorHandler(2, 'Undefined variable $rooms', 'C:\\Users\\Rakib Ahsan\\Desktop\\tarik vai\\Codeigniter_project\\app\\Views\\front\\page\\room.php', 11)
 2 SYSTEMPATH\View\View.php(226): include('C:\\Users\\Rakib Ahsan\\Desktop\\tarik vai\\Codeigniter_project\\app\\Views\\front\\page\\room.php')
 3 SYSTEMPATH\View\View.php(229): CodeIgniter\View\View->CodeIgniter\View\{closure}()
 4 SYSTEMPATH\Common.php(1188): CodeIgniter\View\View->render('front/page/room', [], true)
 5 APPPATH\Controllers\Home.php(37): view('front/page/room', [...])
 6 SYSTEMPATH\CodeIgniter.php(919): App\Controllers\Home->froom()
 7 SYSTEMPATH\CodeIgniter.php(494): CodeIgniter\CodeIgniter->runController(Object(App\Controllers\Home))
 8 SYSTEMPATH\CodeIgniter.php(353): CodeIgniter\CodeIgniter->handleRequest(null, Object(Config\Cache), false)
 9 FCPATH\index.php(79): CodeIgniter\CodeIgniter->run()
10 SYSTEMPATH\Commands\Server\rewrite.php(47): require_once('C:\\Users\\Rakib Ahsan\\Desktop\\tarik vai\\Codeigniter_project\\public\\index.php')
CRITICAL - 2023-10-21 16:33:12 --> Undefined variable $rooms
in APPPATH\Views\front\commen\room.php on line 15.
 1 APPPATH\Views\front\commen\room.php(15): CodeIgniter\Debug\Exceptions->errorHandler(2, 'Undefined variable $rooms', 'C:\\Users\\Rakib Ahsan\\Desktop\\tarik vai\\Codeigniter_project\\app\\Views\\front\\commen\\room.php', 15)
 2 SYSTEMPATH\View\View.php(226): include('C:\\Users\\Rakib Ahsan\\Desktop\\tarik vai\\Codeigniter_project\\app\\Views\\front\\commen\\room.php')
 3 SYSTEMPATH\View\View.php(229): CodeIgniter\View\View->CodeIgniter\View\{closure}()
 4 SYSTEMPATH\View\View.php(467): CodeIgniter\View\View->render('front/commen/room', null, true)
 5 APPPATH\Views\front\page\home.php(7): CodeIgniter\View\View->include('front/commen/room')
 6 SYSTEMPATH\View\View.php(226): include('C:\\Users\\Rakib Ahsan\\Desktop\\tarik vai\\Codeigniter_project\\app\\Views\\front\\page\\home.php')
 7 SYSTEMPATH\View\View.php(229): CodeIgniter\View\View->CodeIgniter\View\{closure}()
 8 SYSTEMPATH\Common.php(1188): CodeIgniter\View\View->render('front/page/home', [], true)
 9 APPPATH\Controllers\Home.php(13): view('front/page/home', [...])
10 SYSTEMPATH\CodeIgniter.php(919): App\Controllers\Home->index()
11 SYSTEMPATH\CodeIgniter.php(494): CodeIgniter\CodeIgniter->runController(Object(App\Controllers\Home))
12 SYSTEMPATH\CodeIgniter.php(353): CodeIgniter\CodeIgniter->handleRequest(null, Object(Config\Cache), false)
13 FCPATH\index.php(79): CodeIgniter\CodeIgniter->run()
14 SYSTEMPATH\Commands\Server\rewrite.php(47): require_once('C:\\Users\\Rakib Ahsan\\Desktop\\tarik vai\\Codeigniter_project\\public\\index.php')
CRITICAL - 2023-10-21 16:34:29 --> Undefined variable $rooms
in APPPATH\Views\front\commen\room.php on line 15.
 1 APPPATH\Views\front\commen\room.php(15): CodeIgniter\Debug\Exceptions->errorHandler(2, 'Undefined variable $rooms', 'C:\\Users\\Rakib Ahsan\\Desktop\\tarik vai\\Codeigniter_project\\app\\Views\\front\\commen\\room.php', 15)
 2 SYSTEMPATH\View\View.php(226): include('C:\\Users\\Rakib Ahsan\\Desktop\\tarik vai\\Codeigniter_project\\app\\Views\\front\\commen\\room.php')
 3 SYSTEMPATH\View\View.php(229): CodeIgniter\View\View->CodeIgniter\View\{closure}()
 4 SYSTEMPATH\View\View.php(467): CodeIgniter\View\View->render('front/commen/room', null, true)
 5 APPPATH\Views\front\page\home.php(7): CodeIgniter\View\View->include('front/commen/room')
 6 SYSTEMPATH\View\View.php(226): include('C:\\Users\\Rakib Ahsan\\Desktop\\tarik vai\\Codeigniter_project\\app\\Views\\front\\page\\home.php')
 7 SYSTEMPATH\View\View.php(229): CodeIgniter\View\View->CodeIgniter\View\{closure}()
 8 SYSTEMPATH\Common.php(1188): CodeIgniter\View\View->render('front/page/home', [], true)
 9 APPPATH\Controllers\Home.php(13): view('front/page/home', [...])
10 SYSTEMPATH\CodeIgniter.php(919): App\Controllers\Home->index()
11 SYSTEMPATH\CodeIgniter.php(494): CodeIgniter\CodeIgniter->runController(Object(App\Controllers\Home))
12 SYSTEMPATH\CodeIgniter.php(353): CodeIgniter\CodeIgniter->handleRequest(null, Object(Config\Cache), false)
13 FCPATH\index.php(79): CodeIgniter\CodeIgniter->run()
14 SYSTEMPATH\Commands\Server\rewrite.php(47): require_once('C:\\Users\\Rakib Ahsan\\Desktop\\tarik vai\\Codeigniter_project\\public\\index.php')
CRITICAL - 2023-10-21 16:44:04 --> syntax error, unexpected string content "", expecting "-" or identifier or variable or number
in APPPATH\Views\front\commen\room.php on line 35.
 1 SYSTEMPATH\View\View.php(229): CodeIgniter\View\View->CodeIgniter\View\{closure}()
 2 SYSTEMPATH\View\View.php(467): CodeIgniter\View\View->render('front/commen/room', null, true)
 3 APPPATH\Views\front\page\home.php(7): CodeIgniter\View\View->include('front/commen/room')
 4 SYSTEMPATH\View\View.php(226): include('C:\\Users\\Rakib Ahsan\\Desktop\\tarik vai\\Codeigniter_project\\app\\Views\\front\\page\\home.php')
 5 SYSTEMPATH\View\View.php(229): CodeIgniter\View\View->CodeIgniter\View\{closure}()
 6 SYSTEMPATH\Common.php(1188): CodeIgniter\View\View->render('front/page/home', [], true)
 7 APPPATH\Controllers\Home.php(12): view('front/page/home', [...])
 8 SYSTEMPATH\CodeIgniter.php(919): App\Controllers\Home->index()
 9 SYSTEMPATH\CodeIgniter.php(494): CodeIgniter\CodeIgniter->runController(Object(App\Controllers\Home))
10 SYSTEMPATH\CodeIgniter.php(353): CodeIgniter\CodeIgniter->handleRequest(null, Object(Config\Cache), false)
11 FCPATH\index.php(79): CodeIgniter\CodeIgniter->run()
12 SYSTEMPATH\Commands\Server\rewrite.php(47): require_once('C:\\Users\\Rakib Ahsan\\Desktop\\tarik vai\\Codeigniter_project\\public\\index.php')
CRITICAL - 2023-10-21 16:50:19 --> Cannot access offset of type string on string
in APPPATH\Views\book_add.php on line 29.
 1 SYSTEMPATH\View\View.php(226): include()
 2 SYSTEMPATH\View\View.php(229): CodeIgniter\View\View->CodeIgniter\View\{closure}()
 3 SYSTEMPATH\Common.php(1188): CodeIgniter\View\View->render('book_add', [], true)
 4 APPPATH\Controllers\Book.php(36): view('book_add', [...])
 5 SYSTEMPATH\CodeIgniter.php(919): App\Controllers\Book->create('11')
 6 SYSTEMPATH\CodeIgniter.php(494): CodeIgniter\CodeIgniter->runController(Object(App\Controllers\Book))
 7 SYSTEMPATH\CodeIgniter.php(353): CodeIgniter\CodeIgniter->handleRequest(null, Object(Config\Cache), false)
 8 FCPATH\index.php(79): CodeIgniter\CodeIgniter->run()
 9 SYSTEMPATH\Commands\Server\rewrite.php(47): require_once('C:\\Users\\Rakib Ahsan\\Desktop\\tarik vai\\Codeigniter_project\\public\\index.php')
CRITICAL - 2023-10-21 16:50:40 --> Undefined variable $row
in APPPATH\Views\book_add.php on line 28.
 1 APPPATH\Views\book_add.php(28): CodeIgniter\Debug\Exceptions->errorHandler(2, 'Undefined variable $row', 'C:\\Users\\Rakib Ahsan\\Desktop\\tarik vai\\Codeigniter_project\\app\\Views\\book_add.php', 28)
 2 SYSTEMPATH\View\View.php(226): include('C:\\Users\\Rakib Ahsan\\Desktop\\tarik vai\\Codeigniter_project\\app\\Views\\book_add.php')
 3 SYSTEMPATH\View\View.php(229): CodeIgniter\View\View->CodeIgniter\View\{closure}()
 4 SYSTEMPATH\Common.php(1188): CodeIgniter\View\View->render('book_add', [], true)
 5 APPPATH\Controllers\Book.php(36): view('book_add', [...])
 6 SYSTEMPATH\CodeIgniter.php(919): App\Controllers\Book->create('11')
 7 SYSTEMPATH\CodeIgniter.php(494): CodeIgniter\CodeIgniter->runController(Object(App\Controllers\Book))
 8 SYSTEMPATH\CodeIgniter.php(353): CodeIgniter\CodeIgniter->handleRequest(null, Object(Config\Cache), false)
 9 FCPATH\index.php(79): CodeIgniter\CodeIgniter->run()
10 SYSTEMPATH\Commands\Server\rewrite.php(47): require_once('C:\\Users\\Rakib Ahsan\\Desktop\\tarik vai\\Codeigniter_project\\public\\index.php')
CRITICAL - 2023-10-21 16:50:41 --> Undefined variable $row
in APPPATH\Views\book_add.php on line 28.
 1 APPPATH\Views\book_add.php(28): CodeIgniter\Debug\Exceptions->errorHandler(2, 'Undefined variable $row', 'C:\\Users\\Rakib Ahsan\\Desktop\\tarik vai\\Codeigniter_project\\app\\Views\\book_add.php', 28)
 2 SYSTEMPATH\View\View.php(226): include('C:\\Users\\Rakib Ahsan\\Desktop\\tarik vai\\Codeigniter_project\\app\\Views\\book_add.php')
 3 SYSTEMPATH\View\View.php(229): CodeIgniter\View\View->CodeIgniter\View\{closure}()
 4 SYSTEMPATH\Common.php(1188): CodeIgniter\View\View->render('book_add', [], true)
 5 APPPATH\Controllers\Book.php(36): view('book_add', [...])
 6 SYSTEMPATH\CodeIgniter.php(919): App\Controllers\Book->create('11')
 7 SYSTEMPATH\CodeIgniter.php(494): CodeIgniter\CodeIgniter->runController(Object(App\Controllers\Book))
 8 SYSTEMPATH\CodeIgniter.php(353): CodeIgniter\CodeIgniter->handleRequest(null, Object(Config\Cache), false)
 9 FCPATH\index.php(79): CodeIgniter\CodeIgniter->run()
10 SYSTEMPATH\Commands\Server\rewrite.php(47): require_once('C:\\Users\\Rakib Ahsan\\Desktop\\tarik vai\\Codeigniter_project\\public\\index.php')
CRITICAL - 2023-10-21 16:50:54 --> Undefined variable $row
in APPPATH\Views\book_add.php on line 49.
 1 APPPATH\Views\book_add.php(49): CodeIgniter\Debug\Exceptions->errorHandler(2, 'Undefined variable $row', 'C:\\Users\\Rakib Ahsan\\Desktop\\tarik vai\\Codeigniter_project\\app\\Views\\book_add.php', 49)
 2 SYSTEMPATH\View\View.php(226): include('C:\\Users\\Rakib Ahsan\\Desktop\\tarik vai\\Codeigniter_project\\app\\Views\\book_add.php')
 3 SYSTEMPATH\View\View.php(229): CodeIgniter\View\View->CodeIgniter\View\{closure}()
 4 SYSTEMPATH\Common.php(1188): CodeIgniter\View\View->render('book_add', [], true)
 5 APPPATH\Controllers\Book.php(36): view('book_add', [...])
 6 SYSTEMPATH\CodeIgniter.php(919): App\Controllers\Book->create('11')
 7 SYSTEMPATH\CodeIgniter.php(494): CodeIgniter\CodeIgniter->runController(Object(App\Controllers\Book))
 8 SYSTEMPATH\CodeIgniter.php(353): CodeIgniter\CodeIgniter->handleRequest(null, Object(Config\Cache), false)
 9 FCPATH\index.php(79): CodeIgniter\CodeIgniter->run()
10 SYSTEMPATH\Commands\Server\rewrite.php(47): require_once('C:\\Users\\Rakib Ahsan\\Desktop\\tarik vai\\Codeigniter_project\\public\\index.php')
CRITICAL - 2023-10-21 16:50:55 --> Undefined variable $row
in APPPATH\Views\book_add.php on line 49.
 1 APPPATH\Views\book_add.php(49): CodeIgniter\Debug\Exceptions->errorHandler(2, 'Undefined variable $row', 'C:\\Users\\Rakib Ahsan\\Desktop\\tarik vai\\Codeigniter_project\\app\\Views\\book_add.php', 49)
 2 SYSTEMPATH\View\View.php(226): include('C:\\Users\\Rakib Ahsan\\Desktop\\tarik vai\\Codeigniter_project\\app\\Views\\book_add.php')
 3 SYSTEMPATH\View\View.php(229): CodeIgniter\View\View->CodeIgniter\View\{closure}()
 4 SYSTEMPATH\Common.php(1188): CodeIgniter\View\View->render('book_add', [], true)
 5 APPPATH\Controllers\Book.php(36): view('book_add', [...])
 6 SYSTEMPATH\CodeIgniter.php(919): App\Controllers\Book->create('11')
 7 SYSTEMPATH\CodeIgniter.php(494): CodeIgniter\CodeIgniter->runController(Object(App\Controllers\Book))
 8 SYSTEMPATH\CodeIgniter.php(353): CodeIgniter\CodeIgniter->handleRequest(null, Object(Config\Cache), false)
 9 FCPATH\index.php(79): CodeIgniter\CodeIgniter->run()
10 SYSTEMPATH\Commands\Server\rewrite.php(47): require_once('C:\\Users\\Rakib Ahsan\\Desktop\\tarik vai\\Codeigniter_project\\public\\index.php')
CRITICAL - 2023-10-21 16:50:55 --> Undefined variable $row
in APPPATH\Views\book_add.php on line 49.
 1 APPPATH\Views\book_add.php(49): CodeIgniter\Debug\Exceptions->errorHandler(2, 'Undefined variable $row', 'C:\\Users\\Rakib Ahsan\\Desktop\\tarik vai\\Codeigniter_project\\app\\Views\\book_add.php', 49)
 2 SYSTEMPATH\View\View.php(226): include('C:\\Users\\Rakib Ahsan\\Desktop\\tarik vai\\Codeigniter_project\\app\\Views\\book_add.php')
 3 SYSTEMPATH\View\View.php(229): CodeIgniter\View\View->CodeIgniter\View\{closure}()
 4 SYSTEMPATH\Common.php(1188): CodeIgniter\View\View->render('book_add', [], true)
 5 APPPATH\Controllers\Book.php(36): view('book_add', [...])
 6 SYSTEMPATH\CodeIgniter.php(919): App\Controllers\Book->create('11')
 7 SYSTEMPATH\CodeIgniter.php(494): CodeIgniter\CodeIgniter->runController(Object(App\Controllers\Book))
 8 SYSTEMPATH\CodeIgniter.php(353): CodeIgniter\CodeIgniter->handleRequest(null, Object(Config\Cache), false)
 9 FCPATH\index.php(79): CodeIgniter\CodeIgniter->run()
10 SYSTEMPATH\Commands\Server\rewrite.php(47): require_once('C:\\Users\\Rakib Ahsan\\Desktop\\tarik vai\\Codeigniter_project\\public\\index.php')
INFO - 2023-10-21 17:05:06 --> Session: Class initialized using 'CodeIgniter\Session\Handlers\FileHandler' driver.
INFO - 2023-10-21 17:05:47 --> Session: Class initialized using 'CodeIgniter\Session\Handlers\FileHandler' driver.
CRITICAL - 2023-10-21 17:14:03 --> Undefined array key "type_name"
in APPPATH\Views\book_view.php on line 49.
 1 APPPATH\Views\book_view.php(49): CodeIgniter\Debug\Exceptions->errorHandler(2, 'Undefined array key "type_name"', 'C:\\Users\\Rakib Ahsan\\Desktop\\tarik vai\\Codeigniter_project\\app\\Views\\book_view.php', 49)
 2 SYSTEMPATH\View\View.php(226): include('C:\\Users\\Rakib Ahsan\\Desktop\\tarik vai\\Codeigniter_project\\app\\Views\\book_view.php')
 3 SYSTEMPATH\View\View.php(229): CodeIgniter\View\View->CodeIgniter\View\{closure}()
 4 SYSTEMPATH\Common.php(1188): CodeIgniter\View\View->render('book_view', [], true)
 5 APPPATH\Controllers\Book.php(20): view('book_view', [...])
 6 SYSTEMPATH\CodeIgniter.php(919): App\Controllers\Book->index()
 7 SYSTEMPATH\CodeIgniter.php(494): CodeIgniter\CodeIgniter->runController(Object(App\Controllers\Book))
 8 SYSTEMPATH\CodeIgniter.php(353): CodeIgniter\CodeIgniter->handleRequest(null, Object(Config\Cache), false)
 9 FCPATH\index.php(79): CodeIgniter\CodeIgniter->run()
10 SYSTEMPATH\Commands\Server\rewrite.php(47): require_once('C:\\Users\\Rakib Ahsan\\Desktop\\tarik vai\\Codeigniter_project\\public\\index.php')
CRITICAL - 2023-10-21 17:14:35 --> Undefined array key "room_price"
in APPPATH\Views\book_view.php on line 50.
 1 APPPATH\Views\book_view.php(50): CodeIgniter\Debug\Exceptions->errorHandler(2, 'Undefined array key "room_price"', 'C:\\Users\\Rakib Ahsan\\Desktop\\tarik vai\\Codeigniter_project\\app\\Views\\book_view.php', 50)
 2 SYSTEMPATH\View\View.php(226): include('C:\\Users\\Rakib Ahsan\\Desktop\\tarik vai\\Codeigniter_project\\app\\Views\\book_view.php')
 3 SYSTEMPATH\View\View.php(229): CodeIgniter\View\View->CodeIgniter\View\{closure}()
 4 SYSTEMPATH\Common.php(1188): CodeIgniter\View\View->render('book_view', [], true)
 5 APPPATH\Controllers\Book.php(20): view('book_view', [...])
 6 SYSTEMPATH\CodeIgniter.php(919): App\Controllers\Book->index()
 7 SYSTEMPATH\CodeIgniter.php(494): CodeIgniter\CodeIgniter->runController(Object(App\Controllers\Book))
 8 SYSTEMPATH\CodeIgniter.php(353): CodeIgniter\CodeIgniter->handleRequest(null, Object(Config\Cache), false)
 9 FCPATH\index.php(79): CodeIgniter\CodeIgniter->run()
10 SYSTEMPATH\Commands\Server\rewrite.php(47): require_once('C:\\Users\\Rakib Ahsan\\Desktop\\tarik vai\\Codeigniter_project\\public\\index.php')
CRITICAL - 2023-10-21 17:14:43 --> Undefined array key "personq"
in APPPATH\Views\book_view.php on line 51.
 1 APPPATH\Views\book_view.php(51): CodeIgniter\Debug\Exceptions->errorHandler(2, 'Undefined array key "personq"', 'C:\\Users\\Rakib Ahsan\\Desktop\\tarik vai\\Codeigniter_project\\app\\Views\\book_view.php', 51)
 2 SYSTEMPATH\View\View.php(226): include('C:\\Users\\Rakib Ahsan\\Desktop\\tarik vai\\Codeigniter_project\\app\\Views\\book_view.php')
 3 SYSTEMPATH\View\View.php(229): CodeIgniter\View\View->CodeIgniter\View\{closure}()
 4 SYSTEMPATH\Common.php(1188): CodeIgniter\View\View->render('book_view', [], true)
 5 APPPATH\Controllers\Book.php(20): view('book_view', [...])
 6 SYSTEMPATH\CodeIgniter.php(919): App\Controllers\Book->index()
 7 SYSTEMPATH\CodeIgniter.php(494): CodeIgniter\CodeIgniter->runController(Object(App\Controllers\Book))
 8 SYSTEMPATH\CodeIgniter.php(353): CodeIgniter\CodeIgniter->handleRequest(null, Object(Config\Cache), false)
 9 FCPATH\index.php(79): CodeIgniter\CodeIgniter->run()
10 SYSTEMPATH\Commands\Server\rewrite.php(47): require_once('C:\\Users\\Rakib Ahsan\\Desktop\\tarik vai\\Codeigniter_project\\public\\index.php')
CRITICAL - 2023-10-21 17:15:23 --> Undefined array key "type_name"
in APPPATH\Views\book_view.php on line 49.
 1 APPPATH\Views\book_view.php(49): CodeIgniter\Debug\Exceptions->errorHandler(2, 'Undefined array key "type_name"', 'C:\\Users\\Rakib Ahsan\\Desktop\\tarik vai\\Codeigniter_project\\app\\Views\\book_view.php', 49)
 2 SYSTEMPATH\View\View.php(226): include('C:\\Users\\Rakib Ahsan\\Desktop\\tarik vai\\Codeigniter_project\\app\\Views\\book_view.php')
 3 SYSTEMPATH\View\View.php(229): CodeIgniter\View\View->CodeIgniter\View\{closure}()
 4 SYSTEMPATH\Common.php(1188): CodeIgniter\View\View->render('book_view', [], true)
 5 APPPATH\Controllers\Book.php(20): view('book_view', [...])
 6 SYSTEMPATH\CodeIgniter.php(919): App\Controllers\Book->index()
 7 SYSTEMPATH\CodeIgniter.php(494): CodeIgniter\CodeIgniter->runController(Object(App\Controllers\Book))
 8 SYSTEMPATH\CodeIgniter.php(353): CodeIgniter\CodeIgniter->handleRequest(null, Object(Config\Cache), false)
 9 FCPATH\index.php(79): CodeIgniter\CodeIgniter->run()
10 SYSTEMPATH\Commands\Server\rewrite.php(47): require_once('C:\\Users\\Rakib Ahsan\\Desktop\\tarik vai\\Codeigniter_project\\public\\index.php')
CRITICAL - 2023-10-21 17:15:29 --> Undefined array key "room_price"
in APPPATH\Views\book_view.php on line 50.
 1 APPPATH\Views\book_view.php(50): CodeIgniter\Debug\Exceptions->errorHandler(2, 'Undefined array key "room_price"', 'C:\\Users\\Rakib Ahsan\\Desktop\\tarik vai\\Codeigniter_project\\app\\Views\\book_view.php', 50)
 2 SYSTEMPATH\View\View.php(226): include('C:\\Users\\Rakib Ahsan\\Desktop\\tarik vai\\Codeigniter_project\\app\\Views\\book_view.php')
 3 SYSTEMPATH\View\View.php(229): CodeIgniter\View\View->CodeIgniter\View\{closure}()
 4 SYSTEMPATH\Common.php(1188): CodeIgniter\View\View->render('book_view', [], true)
 5 APPPATH\Controllers\Book.php(20): view('book_view', [...])
 6 SYSTEMPATH\CodeIgniter.php(919): App\Controllers\Book->index()
 7 SYSTEMPATH\CodeIgniter.php(494): CodeIgniter\CodeIgniter->runController(Object(App\Controllers\Book))
 8 SYSTEMPATH\CodeIgniter.php(353): CodeIgniter\CodeIgniter->handleRequest(null, Object(Config\Cache), false)
 9 FCPATH\index.php(79): CodeIgniter\CodeIgniter->run()
10 SYSTEMPATH\Commands\Server\rewrite.php(47): require_once('C:\\Users\\Rakib Ahsan\\Desktop\\tarik vai\\Codeigniter_project\\public\\index.php')
ERROR - 2023-10-21 17:19:12 --> mysqli_sql_exception: Column 'id' in order clause is ambiguous in C:\Users\Rakib Ahsan\Desktop\tarik vai\Codeigniter_project\system\Database\MySQLi\Connection.php:306
Stack trace:
#0 C:\Users\Rakib Ahsan\Desktop\tarik vai\Codeigniter_project\system\Database\MySQLi\Connection.php(306): mysqli->query('SELECT *\nFROM `...', 0)
#1 C:\Users\Rakib Ahsan\Desktop\tarik vai\Codeigniter_project\system\Database\BaseConnection.php(692): CodeIgniter\Database\MySQLi\Connection->execute('SELECT *\nFROM `...')
#2 C:\Users\Rakib Ahsan\Desktop\tarik vai\Codeigniter_project\system\Database\BaseConnection.php(606): CodeIgniter\Database\BaseConnection->simpleQuery('SELECT *\nFROM `...')
#3 C:\Users\Rakib Ahsan\Desktop\tarik vai\Codeigniter_project\system\Database\BaseBuilder.php(1615): CodeIgniter\Database\BaseConnection->query('SELECT *\nFROM `...', Array, false)
#4 C:\Users\Rakib Ahsan\Desktop\tarik vai\Codeigniter_project\system\Model.php(237): CodeIgniter\Database\BaseBuilder->get()
#5 C:\Users\Rakib Ahsan\Desktop\tarik vai\Codeigniter_project\system\BaseModel.php(624): CodeIgniter\Model->doFindAll(0, 0)
#6 C:\Users\Rakib Ahsan\Desktop\tarik vai\Codeigniter_project\app\Controllers\Book.php(19): CodeIgniter\BaseModel->findAll()
#7 C:\Users\Rakib Ahsan\Desktop\tarik vai\Codeigniter_project\system\CodeIgniter.php(919): App\Controllers\Book->index()
#8 C:\Users\Rakib Ahsan\Desktop\tarik vai\Codeigniter_project\system\CodeIgniter.php(494): CodeIgniter\CodeIgniter->runController(Object(App\Controllers\Book))
#9 C:\Users\Rakib Ahsan\Desktop\tarik vai\Codeigniter_project\system\CodeIgniter.php(353): CodeIgniter\CodeIgniter->handleRequest(NULL, Object(Config\Cache), false)
#10 C:\Users\Rakib Ahsan\Desktop\tarik vai\Codeigniter_project\public\index.php(79): CodeIgniter\CodeIgniter->run()
#11 C:\Users\Rakib Ahsan\Desktop\tarik vai\Codeigniter_project\system\Commands\Server\rewrite.php(47): require_once('C:\\Users\\Rakib ...')
#12 {main}
CRITICAL - 2023-10-21 17:19:12 --> Column 'id' in order clause is ambiguous
in SYSTEMPATH\Database\BaseConnection.php on line 646.
 1 SYSTEMPATH\Database\BaseBuilder.php(1615): CodeIgniter\Database\BaseConnection->query('SELECT *
FROM `book`
JOIN `rooms` ON `rooms`.`id` = `book`.`roomtype`
JOIN `person` ON `person`.`person_id` = `book`.`guests`
ORDER BY `id` DESC', [], false)
 2 SYSTEMPATH\Model.php(237): CodeIgniter\Database\BaseBuilder->get()
 3 SYSTEMPATH\BaseModel.php(624): CodeIgniter\Model->doFindAll(0, 0)
 4 APPPATH\Controllers\Book.php(19): CodeIgniter\BaseModel->findAll()
 5 SYSTEMPATH\CodeIgniter.php(919): App\Controllers\Book->index()
 6 SYSTEMPATH\CodeIgniter.php(494): CodeIgniter\CodeIgniter->runController(Object(App\Controllers\Book))
 7 SYSTEMPATH\CodeIgniter.php(353): CodeIgniter\CodeIgniter->handleRequest(null, Object(Config\Cache), false)
 8 FCPATH\index.php(79): CodeIgniter\CodeIgniter->run()
 9 SYSTEMPATH\Commands\Server\rewrite.php(47): require_once('C:\\Users\\Rakib Ahsan\\Desktop\\tarik vai\\Codeigniter_project\\public\\index.php')
CRITICAL - 2023-10-21 17:19:28 --> Undefined array key "type_name"
in APPPATH\Views\book_view.php on line 49.
 1 APPPATH\Views\book_view.php(49): CodeIgniter\Debug\Exceptions->errorHandler(2, 'Undefined array key "type_name"', 'C:\\Users\\Rakib Ahsan\\Desktop\\tarik vai\\Codeigniter_project\\app\\Views\\book_view.php', 49)
 2 SYSTEMPATH\View\View.php(226): include('C:\\Users\\Rakib Ahsan\\Desktop\\tarik vai\\Codeigniter_project\\app\\Views\\book_view.php')
 3 SYSTEMPATH\View\View.php(229): CodeIgniter\View\View->CodeIgniter\View\{closure}()
 4 SYSTEMPATH\Common.php(1188): CodeIgniter\View\View->render('book_view', [], true)
 5 APPPATH\Controllers\Book.php(20): view('book_view', [...])
 6 SYSTEMPATH\CodeIgniter.php(919): App\Controllers\Book->index()
 7 SYSTEMPATH\CodeIgniter.php(494): CodeIgniter\CodeIgniter->runController(Object(App\Controllers\Book))
 8 SYSTEMPATH\CodeIgniter.php(353): CodeIgniter\CodeIgniter->handleRequest(null, Object(Config\Cache), false)
 9 FCPATH\index.php(79): CodeIgniter\CodeIgniter->run()
10 SYSTEMPATH\Commands\Server\rewrite.php(47): require_once('C:\\Users\\Rakib Ahsan\\Desktop\\tarik vai\\Codeigniter_project\\public\\index.php')
CRITICAL - 2023-10-21 17:19:29 --> Undefined array key "type_name"
in APPPATH\Views\book_view.php on line 49.
 1 APPPATH\Views\book_view.php(49): CodeIgniter\Debug\Exceptions->errorHandler(2, 'Undefined array key "type_name"', 'C:\\Users\\Rakib Ahsan\\Desktop\\tarik vai\\Codeigniter_project\\app\\Views\\book_view.php', 49)
 2 SYSTEMPATH\View\View.php(226): include('C:\\Users\\Rakib Ahsan\\Desktop\\tarik vai\\Codeigniter_project\\app\\Views\\book_view.php')
 3 SYSTEMPATH\View\View.php(229): CodeIgniter\View\View->CodeIgniter\View\{closure}()
 4 SYSTEMPATH\Common.php(1188): CodeIgniter\View\View->render('book_view', [], true)
 5 APPPATH\Controllers\Book.php(20): view('book_view', [...])
 6 SYSTEMPATH\CodeIgniter.php(919): App\Controllers\Book->index()
 7 SYSTEMPATH\CodeIgniter.php(494): CodeIgniter\CodeIgniter->runController(Object(App\Controllers\Book))
 8 SYSTEMPATH\CodeIgniter.php(353): CodeIgniter\CodeIgniter->handleRequest(null, Object(Config\Cache), false)
 9 FCPATH\index.php(79): CodeIgniter\CodeIgniter->run()
10 SYSTEMPATH\Commands\Server\rewrite.php(47): require_once('C:\\Users\\Rakib Ahsan\\Desktop\\tarik vai\\Codeigniter_project\\public\\index.php')
CRITICAL - 2023-10-21 17:19:59 --> Trying to access array offset on value of type null
in APPPATH\Views\book_print.php on line 19.
 1 APPPATH\Views\book_print.php(19): CodeIgniter\Debug\Exceptions->errorHandler(2, 'Trying to access array offset on value of type null', 'C:\\Users\\Rakib Ahsan\\Desktop\\tarik vai\\Codeigniter_project\\app\\Views\\book_print.php', 19)
 2 SYSTEMPATH\View\View.php(226): include('C:\\Users\\Rakib Ahsan\\Desktop\\tarik vai\\Codeigniter_project\\app\\Views\\book_print.php')
 3 SYSTEMPATH\View\View.php(229): CodeIgniter\View\View->CodeIgniter\View\{closure}()
 4 SYSTEMPATH\Common.php(1188): CodeIgniter\View\View->render('book_print', [], true)
 5 APPPATH\Controllers\Book.php(101): view('book_print', [...])
 6 SYSTEMPATH\CodeIgniter.php(919): App\Controllers\Book->singleprint('12')
 7 SYSTEMPATH\CodeIgniter.php(494): CodeIgniter\CodeIgniter->runController(Object(App\Controllers\Book))
 8 SYSTEMPATH\CodeIgniter.php(353): CodeIgniter\CodeIgniter->handleRequest(null, Object(Config\Cache), false)
 9 FCPATH\index.php(79): CodeIgniter\CodeIgniter->run()
10 SYSTEMPATH\Commands\Server\rewrite.php(47): require_once('C:\\Users\\Rakib Ahsan\\Desktop\\tarik vai\\Codeigniter_project\\public\\index.php')
CRITICAL - 2023-10-21 17:20:07 --> Trying to access array offset on value of type null
in APPPATH\Views\book_print.php on line 19.
 1 APPPATH\Views\book_print.php(19): CodeIgniter\Debug\Exceptions->errorHandler(2, 'Trying to access array offset on value of type null', 'C:\\Users\\Rakib Ahsan\\Desktop\\tarik vai\\Codeigniter_project\\app\\Views\\book_print.php', 19)
 2 SYSTEMPATH\View\View.php(226): include('C:\\Users\\Rakib Ahsan\\Desktop\\tarik vai\\Codeigniter_project\\app\\Views\\book_print.php')
 3 SYSTEMPATH\View\View.php(229): CodeIgniter\View\View->CodeIgniter\View\{closure}()
 4 SYSTEMPATH\Common.php(1188): CodeIgniter\View\View->render('book_print', [], true)
 5 APPPATH\Controllers\Book.php(101): view('book_print', [...])
 6 SYSTEMPATH\CodeIgniter.php(919): App\Controllers\Book->singleprint('12')
 7 SYSTEMPATH\CodeIgniter.php(494): CodeIgniter\CodeIgniter->runController(Object(App\Controllers\Book))
 8 SYSTEMPATH\CodeIgniter.php(353): CodeIgniter\CodeIgniter->handleRequest(null, Object(Config\Cache), false)
 9 FCPATH\index.php(79): CodeIgniter\CodeIgniter->run()
10 SYSTEMPATH\Commands\Server\rewrite.php(47): require_once('C:\\Users\\Rakib Ahsan\\Desktop\\tarik vai\\Codeigniter_project\\public\\index.php')
CRITICAL - 2023-10-21 17:21:35 --> Trying to access array offset on value of type null
in APPPATH\Views\book_print.php on line 19.
 1 APPPATH\Views\book_print.php(19): CodeIgniter\Debug\Exceptions->errorHandler(2, 'Trying to access array offset on value of type null', 'C:\\Users\\Rakib Ahsan\\Desktop\\tarik vai\\Codeigniter_project\\app\\Views\\book_print.php', 19)
 2 SYSTEMPATH\View\View.php(226): include('C:\\Users\\Rakib Ahsan\\Desktop\\tarik vai\\Codeigniter_project\\app\\Views\\book_print.php')
 3 SYSTEMPATH\View\View.php(229): CodeIgniter\View\View->CodeIgniter\View\{closure}()
 4 SYSTEMPATH\Common.php(1188): CodeIgniter\View\View->render('book_print', [], true)
 5 APPPATH\Controllers\Book.php(101): view('book_print', [...])
 6 SYSTEMPATH\CodeIgniter.php(919): App\Controllers\Book->singleprint('12')
 7 SYSTEMPATH\CodeIgniter.php(494): CodeIgniter\CodeIgniter->runController(Object(App\Controllers\Book))
 8 SYSTEMPATH\CodeIgniter.php(353): CodeIgniter\CodeIgniter->handleRequest(null, Object(Config\Cache), false)
 9 FCPATH\index.php(79): CodeIgniter\CodeIgniter->run()
10 SYSTEMPATH\Commands\Server\rewrite.php(47): require_once('C:\\Users\\Rakib Ahsan\\Desktop\\tarik vai\\Codeigniter_project\\public\\index.php')
CRITICAL - 2023-10-21 17:21:35 --> Trying to access array offset on value of type null
in APPPATH\Views\book_print.php on line 19.
 1 APPPATH\Views\book_print.php(19): CodeIgniter\Debug\Exceptions->errorHandler(2, 'Trying to access array offset on value of type null', 'C:\\Users\\Rakib Ahsan\\Desktop\\tarik vai\\Codeigniter_project\\app\\Views\\book_print.php', 19)
 2 SYSTEMPATH\View\View.php(226): include('C:\\Users\\Rakib Ahsan\\Desktop\\tarik vai\\Codeigniter_project\\app\\Views\\book_print.php')
 3 SYSTEMPATH\View\View.php(229): CodeIgniter\View\View->CodeIgniter\View\{closure}()
 4 SYSTEMPATH\Common.php(1188): CodeIgniter\View\View->render('book_print', [], true)
 5 APPPATH\Controllers\Book.php(101): view('book_print', [...])
 6 SYSTEMPATH\CodeIgniter.php(919): App\Controllers\Book->singleprint('12')
 7 SYSTEMPATH\CodeIgniter.php(494): CodeIgniter\CodeIgniter->runController(Object(App\Controllers\Book))
 8 SYSTEMPATH\CodeIgniter.php(353): CodeIgniter\CodeIgniter->handleRequest(null, Object(Config\Cache), false)
 9 FCPATH\index.php(79): CodeIgniter\CodeIgniter->run()
10 SYSTEMPATH\Commands\Server\rewrite.php(47): require_once('C:\\Users\\Rakib Ahsan\\Desktop\\tarik vai\\Codeigniter_project\\public\\index.php')
CRITICAL - 2023-10-21 17:21:48 --> Trying to access array offset on value of type null
in APPPATH\Views\book_print.php on line 22.
 1 APPPATH\Views\book_print.php(22): CodeIgniter\Debug\Exceptions->errorHandler(2, 'Trying to access array offset on value of type null', 'C:\\Users\\Rakib Ahsan\\Desktop\\tarik vai\\Codeigniter_project\\app\\Views\\book_print.php', 22)
 2 SYSTEMPATH\View\View.php(226): include('C:\\Users\\Rakib Ahsan\\Desktop\\tarik vai\\Codeigniter_project\\app\\Views\\book_print.php')
 3 SYSTEMPATH\View\View.php(229): CodeIgniter\View\View->CodeIgniter\View\{closure}()
 4 SYSTEMPATH\Common.php(1188): CodeIgniter\View\View->render('book_print', [], true)
 5 APPPATH\Controllers\Book.php(101): view('book_print', [...])
 6 SYSTEMPATH\CodeIgniter.php(919): App\Controllers\Book->singleprint('12')
 7 SYSTEMPATH\CodeIgniter.php(494): CodeIgniter\CodeIgniter->runController(Object(App\Controllers\Book))
 8 SYSTEMPATH\CodeIgniter.php(353): CodeIgniter\CodeIgniter->handleRequest(null, Object(Config\Cache), false)
 9 FCPATH\index.php(79): CodeIgniter\CodeIgniter->run()
10 SYSTEMPATH\Commands\Server\rewrite.php(47): require_once('C:\\Users\\Rakib Ahsan\\Desktop\\tarik vai\\Codeigniter_project\\public\\index.php')
CRITICAL - 2023-10-21 17:21:49 --> Trying to access array offset on value of type null
in APPPATH\Views\book_print.php on line 22.
 1 APPPATH\Views\book_print.php(22): CodeIgniter\Debug\Exceptions->errorHandler(2, 'Trying to access array offset on value of type null', 'C:\\Users\\Rakib Ahsan\\Desktop\\tarik vai\\Codeigniter_project\\app\\Views\\book_print.php', 22)
 2 SYSTEMPATH\View\View.php(226): include('C:\\Users\\Rakib Ahsan\\Desktop\\tarik vai\\Codeigniter_project\\app\\Views\\book_print.php')
 3 SYSTEMPATH\View\View.php(229): CodeIgniter\View\View->CodeIgniter\View\{closure}()
 4 SYSTEMPATH\Common.php(1188): CodeIgniter\View\View->render('book_print', [], true)
 5 APPPATH\Controllers\Book.php(101): view('book_print', [...])
 6 SYSTEMPATH\CodeIgniter.php(919): App\Controllers\Book->singleprint('12')
 7 SYSTEMPATH\CodeIgniter.php(494): CodeIgniter\CodeIgniter->runController(Object(App\Controllers\Book))
 8 SYSTEMPATH\CodeIgniter.php(353): CodeIgniter\CodeIgniter->handleRequest(null, Object(Config\Cache), false)
 9 FCPATH\index.php(79): CodeIgniter\CodeIgniter->run()
10 SYSTEMPATH\Commands\Server\rewrite.php(47): require_once('C:\\Users\\Rakib Ahsan\\Desktop\\tarik vai\\Codeigniter_project\\public\\index.php')
CRITICAL - 2023-10-21 17:21:49 --> Trying to access array offset on value of type null
in APPPATH\Views\book_print.php on line 22.
 1 APPPATH\Views\book_print.php(22): CodeIgniter\Debug\Exceptions->errorHandler(2, 'Trying to access array offset on value of type null', 'C:\\Users\\Rakib Ahsan\\Desktop\\tarik vai\\Codeigniter_project\\app\\Views\\book_print.php', 22)
 2 SYSTEMPATH\View\View.php(226): include('C:\\Users\\Rakib Ahsan\\Desktop\\tarik vai\\Codeigniter_project\\app\\Views\\book_print.php')
 3 SYSTEMPATH\View\View.php(229): CodeIgniter\View\View->CodeIgniter\View\{closure}()
 4 SYSTEMPATH\Common.php(1188): CodeIgniter\View\View->render('book_print', [], true)
 5 APPPATH\Controllers\Book.php(101): view('book_print', [...])
 6 SYSTEMPATH\CodeIgniter.php(919): App\Controllers\Book->singleprint('12')
 7 SYSTEMPATH\CodeIgniter.php(494): CodeIgniter\CodeIgniter->runController(Object(App\Controllers\Book))
 8 SYSTEMPATH\CodeIgniter.php(353): CodeIgniter\CodeIgniter->handleRequest(null, Object(Config\Cache), false)
 9 FCPATH\index.php(79): CodeIgniter\CodeIgniter->run()
10 SYSTEMPATH\Commands\Server\rewrite.php(47): require_once('C:\\Users\\Rakib Ahsan\\Desktop\\tarik vai\\Codeigniter_project\\public\\index.php')
CRITICAL - 2023-10-21 17:22:00 --> Trying to access array offset on value of type null
in APPPATH\Views\book_print.php on line 19.
 1 APPPATH\Views\book_print.php(19): CodeIgniter\Debug\Exceptions->errorHandler(2, 'Trying to access array offset on value of type null', 'C:\\Users\\Rakib Ahsan\\Desktop\\tarik vai\\Codeigniter_project\\app\\Views\\book_print.php', 19)
 2 SYSTEMPATH\View\View.php(226): include('C:\\Users\\Rakib Ahsan\\Desktop\\tarik vai\\Codeigniter_project\\app\\Views\\book_print.php')
 3 SYSTEMPATH\View\View.php(229): CodeIgniter\View\View->CodeIgniter\View\{closure}()
 4 SYSTEMPATH\Common.php(1188): CodeIgniter\View\View->render('book_print', [], true)
 5 APPPATH\Controllers\Book.php(101): view('book_print', [...])
 6 SYSTEMPATH\CodeIgniter.php(919): App\Controllers\Book->singleprint('12')
 7 SYSTEMPATH\CodeIgniter.php(494): CodeIgniter\CodeIgniter->runController(Object(App\Controllers\Book))
 8 SYSTEMPATH\CodeIgniter.php(353): CodeIgniter\CodeIgniter->handleRequest(null, Object(Config\Cache), false)
 9 FCPATH\index.php(79): CodeIgniter\CodeIgniter->run()
10 SYSTEMPATH\Commands\Server\rewrite.php(47): require_once('C:\\Users\\Rakib Ahsan\\Desktop\\tarik vai\\Codeigniter_project\\public\\index.php')
CRITICAL - 2023-10-21 17:22:26 --> Trying to access array offset on value of type null
in APPPATH\Views\book_print.php on line 19.
 1 APPPATH\Views\book_print.php(19): CodeIgniter\Debug\Exceptions->errorHandler(2, 'Trying to access array offset on value of type null', 'C:\\Users\\Rakib Ahsan\\Desktop\\tarik vai\\Codeigniter_project\\app\\Views\\book_print.php', 19)
 2 SYSTEMPATH\View\View.php(226): include('C:\\Users\\Rakib Ahsan\\Desktop\\tarik vai\\Codeigniter_project\\app\\Views\\book_print.php')
 3 SYSTEMPATH\View\View.php(229): CodeIgniter\View\View->CodeIgniter\View\{closure}()
 4 SYSTEMPATH\Common.php(1188): CodeIgniter\View\View->render('book_print', [], true)
 5 APPPATH\Controllers\Book.php(101): view('book_print', [...])
 6 SYSTEMPATH\CodeIgniter.php(919): App\Controllers\Book->singleprint('12')
 7 SYSTEMPATH\CodeIgniter.php(494): CodeIgniter\CodeIgniter->runController(Object(App\Controllers\Book))
 8 SYSTEMPATH\CodeIgniter.php(353): CodeIgniter\CodeIgniter->handleRequest(null, Object(Config\Cache), false)
 9 FCPATH\index.php(79): CodeIgniter\CodeIgniter->run()
10 SYSTEMPATH\Commands\Server\rewrite.php(47): require_once('C:\\Users\\Rakib Ahsan\\Desktop\\tarik vai\\Codeigniter_project\\public\\index.php')
CRITICAL - 2023-10-21 17:22:27 --> Trying to access array offset on value of type null
in APPPATH\Views\book_print.php on line 19.
 1 APPPATH\Views\book_print.php(19): CodeIgniter\Debug\Exceptions->errorHandler(2, 'Trying to access array offset on value of type null', 'C:\\Users\\Rakib Ahsan\\Desktop\\tarik vai\\Codeigniter_project\\app\\Views\\book_print.php', 19)
 2 SYSTEMPATH\View\View.php(226): include('C:\\Users\\Rakib Ahsan\\Desktop\\tarik vai\\Codeigniter_project\\app\\Views\\book_print.php')
 3 SYSTEMPATH\View\View.php(229): CodeIgniter\View\View->CodeIgniter\View\{closure}()
 4 SYSTEMPATH\Common.php(1188): CodeIgniter\View\View->render('book_print', [], true)
 5 APPPATH\Controllers\Book.php(101): view('book_print', [...])
 6 SYSTEMPATH\CodeIgniter.php(919): App\Controllers\Book->singleprint('12')
 7 SYSTEMPATH\CodeIgniter.php(494): CodeIgniter\CodeIgniter->runController(Object(App\Controllers\Book))
 8 SYSTEMPATH\CodeIgniter.php(353): CodeIgniter\CodeIgniter->handleRequest(null, Object(Config\Cache), false)
 9 FCPATH\index.php(79): CodeIgniter\CodeIgniter->run()
10 SYSTEMPATH\Commands\Server\rewrite.php(47): require_once('C:\\Users\\Rakib Ahsan\\Desktop\\tarik vai\\Codeigniter_project\\public\\index.php')
CRITICAL - 2023-10-21 17:22:27 --> Trying to access array offset on value of type null
in APPPATH\Views\book_print.php on line 19.
 1 APPPATH\Views\book_print.php(19): CodeIgniter\Debug\Exceptions->errorHandler(2, 'Trying to access array offset on value of type null', 'C:\\Users\\Rakib Ahsan\\Desktop\\tarik vai\\Codeigniter_project\\app\\Views\\book_print.php', 19)
 2 SYSTEMPATH\View\View.php(226): include('C:\\Users\\Rakib Ahsan\\Desktop\\tarik vai\\Codeigniter_project\\app\\Views\\book_print.php')
 3 SYSTEMPATH\View\View.php(229): CodeIgniter\View\View->CodeIgniter\View\{closure}()
 4 SYSTEMPATH\Common.php(1188): CodeIgniter\View\View->render('book_print', [], true)
 5 APPPATH\Controllers\Book.php(101): view('book_print', [...])
 6 SYSTEMPATH\CodeIgniter.php(919): App\Controllers\Book->singleprint('12')
 7 SYSTEMPATH\CodeIgniter.php(494): CodeIgniter\CodeIgniter->runController(Object(App\Controllers\Book))
 8 SYSTEMPATH\CodeIgniter.php(353): CodeIgniter\CodeIgniter->handleRequest(null, Object(Config\Cache), false)
 9 FCPATH\index.php(79): CodeIgniter\CodeIgniter->run()
10 SYSTEMPATH\Commands\Server\rewrite.php(47): require_once('C:\\Users\\Rakib Ahsan\\Desktop\\tarik vai\\Codeigniter_project\\public\\index.php')
CRITICAL - 2023-10-21 17:22:28 --> Trying to access array offset on value of type null
in APPPATH\Views\book_print.php on line 19.
 1 APPPATH\Views\book_print.php(19): CodeIgniter\Debug\Exceptions->errorHandler(2, 'Trying to access array offset on value of type null', 'C:\\Users\\Rakib Ahsan\\Desktop\\tarik vai\\Codeigniter_project\\app\\Views\\book_print.php', 19)
 2 SYSTEMPATH\View\View.php(226): include('C:\\Users\\Rakib Ahsan\\Desktop\\tarik vai\\Codeigniter_project\\app\\Views\\book_print.php')
 3 SYSTEMPATH\View\View.php(229): CodeIgniter\View\View->CodeIgniter\View\{closure}()
 4 SYSTEMPATH\Common.php(1188): CodeIgniter\View\View->render('book_print', [], true)
 5 APPPATH\Controllers\Book.php(101): view('book_print', [...])
 6 SYSTEMPATH\CodeIgniter.php(919): App\Controllers\Book->singleprint('12')
 7 SYSTEMPATH\CodeIgniter.php(494): CodeIgniter\CodeIgniter->runController(Object(App\Controllers\Book))
 8 SYSTEMPATH\CodeIgniter.php(353): CodeIgniter\CodeIgniter->handleRequest(null, Object(Config\Cache), false)
 9 FCPATH\index.php(79): CodeIgniter\CodeIgniter->run()
10 SYSTEMPATH\Commands\Server\rewrite.php(47): require_once('C:\\Users\\Rakib Ahsan\\Desktop\\tarik vai\\Codeigniter_project\\public\\index.php')
CRITICAL - 2023-10-21 17:22:28 --> Trying to access array offset on value of type null
in APPPATH\Views\book_print.php on line 19.
 1 APPPATH\Views\book_print.php(19): CodeIgniter\Debug\Exceptions->errorHandler(2, 'Trying to access array offset on value of type null', 'C:\\Users\\Rakib Ahsan\\Desktop\\tarik vai\\Codeigniter_project\\app\\Views\\book_print.php', 19)
 2 SYSTEMPATH\View\View.php(226): include('C:\\Users\\Rakib Ahsan\\Desktop\\tarik vai\\Codeigniter_project\\app\\Views\\book_print.php')
 3 SYSTEMPATH\View\View.php(229): CodeIgniter\View\View->CodeIgniter\View\{closure}()
 4 SYSTEMPATH\Common.php(1188): CodeIgniter\View\View->render('book_print', [], true)
 5 APPPATH\Controllers\Book.php(101): view('book_print', [...])
 6 SYSTEMPATH\CodeIgniter.php(919): App\Controllers\Book->singleprint('12')
 7 SYSTEMPATH\CodeIgniter.php(494): CodeIgniter\CodeIgniter->runController(Object(App\Controllers\Book))
 8 SYSTEMPATH\CodeIgniter.php(353): CodeIgniter\CodeIgniter->handleRequest(null, Object(Config\Cache), false)
 9 FCPATH\index.php(79): CodeIgniter\CodeIgniter->run()
10 SYSTEMPATH\Commands\Server\rewrite.php(47): require_once('C:\\Users\\Rakib Ahsan\\Desktop\\tarik vai\\Codeigniter_project\\public\\index.php')
CRITICAL - 2023-10-21 17:22:28 --> Trying to access array offset on value of type null
in APPPATH\Views\book_print.php on line 19.
 1 APPPATH\Views\book_print.php(19): CodeIgniter\Debug\Exceptions->errorHandler(2, 'Trying to access array offset on value of type null', 'C:\\Users\\Rakib Ahsan\\Desktop\\tarik vai\\Codeigniter_project\\app\\Views\\book_print.php', 19)
 2 SYSTEMPATH\View\View.php(226): include('C:\\Users\\Rakib Ahsan\\Desktop\\tarik vai\\Codeigniter_project\\app\\Views\\book_print.php')
 3 SYSTEMPATH\View\View.php(229): CodeIgniter\View\View->CodeIgniter\View\{closure}()
 4 SYSTEMPATH\Common.php(1188): CodeIgniter\View\View->render('book_print', [], true)
 5 APPPATH\Controllers\Book.php(101): view('book_print', [...])
 6 SYSTEMPATH\CodeIgniter.php(919): App\Controllers\Book->singleprint('12')
 7 SYSTEMPATH\CodeIgniter.php(494): CodeIgniter\CodeIgniter->runController(Object(App\Controllers\Book))
 8 SYSTEMPATH\CodeIgniter.php(353): CodeIgniter\CodeIgniter->handleRequest(null, Object(Config\Cache), false)
 9 FCPATH\index.php(79): CodeIgniter\CodeIgniter->run()
10 SYSTEMPATH\Commands\Server\rewrite.php(47): require_once('C:\\Users\\Rakib Ahsan\\Desktop\\tarik vai\\Codeigniter_project\\public\\index.php')
CRITICAL - 2023-10-21 17:22:28 --> Trying to access array offset on value of type null
in APPPATH\Views\book_print.php on line 19.
 1 APPPATH\Views\book_print.php(19): CodeIgniter\Debug\Exceptions->errorHandler(2, 'Trying to access array offset on value of type null', 'C:\\Users\\Rakib Ahsan\\Desktop\\tarik vai\\Codeigniter_project\\app\\Views\\book_print.php', 19)
 2 SYSTEMPATH\View\View.php(226): include('C:\\Users\\Rakib Ahsan\\Desktop\\tarik vai\\Codeigniter_project\\app\\Views\\book_print.php')
 3 SYSTEMPATH\View\View.php(229): CodeIgniter\View\View->CodeIgniter\View\{closure}()
 4 SYSTEMPATH\Common.php(1188): CodeIgniter\View\View->render('book_print', [], true)
 5 APPPATH\Controllers\Book.php(101): view('book_print', [...])
 6 SYSTEMPATH\CodeIgniter.php(919): App\Controllers\Book->singleprint('12')
 7 SYSTEMPATH\CodeIgniter.php(494): CodeIgniter\CodeIgniter->runController(Object(App\Controllers\Book))
 8 SYSTEMPATH\CodeIgniter.php(353): CodeIgniter\CodeIgniter->handleRequest(null, Object(Config\Cache), false)
 9 FCPATH\index.php(79): CodeIgniter\CodeIgniter->run()
10 SYSTEMPATH\Commands\Server\rewrite.php(47): require_once('C:\\Users\\Rakib Ahsan\\Desktop\\tarik vai\\Codeigniter_project\\public\\index.php')
CRITICAL - 2023-10-21 17:23:20 --> Trying to access array offset on value of type null
in APPPATH\Views\book_print.php on line 19.
 1 APPPATH\Views\book_print.php(19): CodeIgniter\Debug\Exceptions->errorHandler(2, 'Trying to access array offset on value of type null', 'C:\\Users\\Rakib Ahsan\\Desktop\\tarik vai\\Codeigniter_project\\app\\Views\\book_print.php', 19)
 2 SYSTEMPATH\View\View.php(226): include('C:\\Users\\Rakib Ahsan\\Desktop\\tarik vai\\Codeigniter_project\\app\\Views\\book_print.php')
 3 SYSTEMPATH\View\View.php(229): CodeIgniter\View\View->CodeIgniter\View\{closure}()
 4 SYSTEMPATH\Common.php(1188): CodeIgniter\View\View->render('book_print', [], true)
 5 APPPATH\Controllers\Book.php(101): view('book_print', [...])
 6 SYSTEMPATH\CodeIgniter.php(919): App\Controllers\Book->singleprint('12')
 7 SYSTEMPATH\CodeIgniter.php(494): CodeIgniter\CodeIgniter->runController(Object(App\Controllers\Book))
 8 SYSTEMPATH\CodeIgniter.php(353): CodeIgniter\CodeIgniter->handleRequest(null, Object(Config\Cache), false)
 9 FCPATH\index.php(79): CodeIgniter\CodeIgniter->run()
10 SYSTEMPATH\Commands\Server\rewrite.php(47): require_once('C:\\Users\\Rakib Ahsan\\Desktop\\tarik vai\\Codeigniter_project\\public\\index.php')
CRITICAL - 2023-10-21 17:23:21 --> Trying to access array offset on value of type null
in APPPATH\Views\book_print.php on line 19.
 1 APPPATH\Views\book_print.php(19): CodeIgniter\Debug\Exceptions->errorHandler(2, 'Trying to access array offset on value of type null', 'C:\\Users\\Rakib Ahsan\\Desktop\\tarik vai\\Codeigniter_project\\app\\Views\\book_print.php', 19)
 2 SYSTEMPATH\View\View.php(226): include('C:\\Users\\Rakib Ahsan\\Desktop\\tarik vai\\Codeigniter_project\\app\\Views\\book_print.php')
 3 SYSTEMPATH\View\View.php(229): CodeIgniter\View\View->CodeIgniter\View\{closure}()
 4 SYSTEMPATH\Common.php(1188): CodeIgniter\View\View->render('book_print', [], true)
 5 APPPATH\Controllers\Book.php(101): view('book_print', [...])
 6 SYSTEMPATH\CodeIgniter.php(919): App\Controllers\Book->singleprint('12')
 7 SYSTEMPATH\CodeIgniter.php(494): CodeIgniter\CodeIgniter->runController(Object(App\Controllers\Book))
 8 SYSTEMPATH\CodeIgniter.php(353): CodeIgniter\CodeIgniter->handleRequest(null, Object(Config\Cache), false)
 9 FCPATH\index.php(79): CodeIgniter\CodeIgniter->run()
10 SYSTEMPATH\Commands\Server\rewrite.php(47): require_once('C:\\Users\\Rakib Ahsan\\Desktop\\tarik vai\\Codeigniter_project\\public\\index.php')
CRITICAL - 2023-10-21 17:23:21 --> Trying to access array offset on value of type null
in APPPATH\Views\book_print.php on line 19.
 1 APPPATH\Views\book_print.php(19): CodeIgniter\Debug\Exceptions->errorHandler(2, 'Trying to access array offset on value of type null', 'C:\\Users\\Rakib Ahsan\\Desktop\\tarik vai\\Codeigniter_project\\app\\Views\\book_print.php', 19)
 2 SYSTEMPATH\View\View.php(226): include('C:\\Users\\Rakib Ahsan\\Desktop\\tarik vai\\Codeigniter_project\\app\\Views\\book_print.php')
 3 SYSTEMPATH\View\View.php(229): CodeIgniter\View\View->CodeIgniter\View\{closure}()
 4 SYSTEMPATH\Common.php(1188): CodeIgniter\View\View->render('book_print', [], true)
 5 APPPATH\Controllers\Book.php(101): view('book_print', [...])
 6 SYSTEMPATH\CodeIgniter.php(919): App\Controllers\Book->singleprint('12')
 7 SYSTEMPATH\CodeIgniter.php(494): CodeIgniter\CodeIgniter->runController(Object(App\Controllers\Book))
 8 SYSTEMPATH\CodeIgniter.php(353): CodeIgniter\CodeIgniter->handleRequest(null, Object(Config\Cache), false)
 9 FCPATH\index.php(79): CodeIgniter\CodeIgniter->run()
10 SYSTEMPATH\Commands\Server\rewrite.php(47): require_once('C:\\Users\\Rakib Ahsan\\Desktop\\tarik vai\\Codeigniter_project\\public\\index.php')
CRITICAL - 2023-10-21 17:23:27 --> Trying to access array offset on value of type null
in APPPATH\Views\book_print.php on line 19.
 1 APPPATH\Views\book_print.php(19): CodeIgniter\Debug\Exceptions->errorHandler(2, 'Trying to access array offset on value of type null', 'C:\\Users\\Rakib Ahsan\\Desktop\\tarik vai\\Codeigniter_project\\app\\Views\\book_print.php', 19)
 2 SYSTEMPATH\View\View.php(226): include('C:\\Users\\Rakib Ahsan\\Desktop\\tarik vai\\Codeigniter_project\\app\\Views\\book_print.php')
 3 SYSTEMPATH\View\View.php(229): CodeIgniter\View\View->CodeIgniter\View\{closure}()
 4 SYSTEMPATH\Common.php(1188): CodeIgniter\View\View->render('book_print', [], true)
 5 APPPATH\Controllers\Book.php(101): view('book_print', [...])
 6 SYSTEMPATH\CodeIgniter.php(919): App\Controllers\Book->singleprint('12')
 7 SYSTEMPATH\CodeIgniter.php(494): CodeIgniter\CodeIgniter->runController(Object(App\Controllers\Book))
 8 SYSTEMPATH\CodeIgniter.php(353): CodeIgniter\CodeIgniter->handleRequest(null, Object(Config\Cache), false)
 9 FCPATH\index.php(79): CodeIgniter\CodeIgniter->run()
10 SYSTEMPATH\Commands\Server\rewrite.php(47): require_once('C:\\Users\\Rakib Ahsan\\Desktop\\tarik vai\\Codeigniter_project\\public\\index.php')
CRITICAL - 2023-10-21 17:24:35 --> Trying to access array offset on value of type null
in APPPATH\Views\book_print.php on line 19.
 1 APPPATH\Views\book_print.php(19): CodeIgniter\Debug\Exceptions->errorHandler(2, 'Trying to access array offset on value of type null', 'C:\\Users\\Rakib Ahsan\\Desktop\\tarik vai\\Codeigniter_project\\app\\Views\\book_print.php', 19)
 2 SYSTEMPATH\View\View.php(226): include('C:\\Users\\Rakib Ahsan\\Desktop\\tarik vai\\Codeigniter_project\\app\\Views\\book_print.php')
 3 SYSTEMPATH\View\View.php(229): CodeIgniter\View\View->CodeIgniter\View\{closure}()
 4 SYSTEMPATH\Common.php(1188): CodeIgniter\View\View->render('book_print', [], true)
 5 APPPATH\Controllers\Book.php(101): view('book_print', [...])
 6 SYSTEMPATH\CodeIgniter.php(919): App\Controllers\Book->singleprint('19')
 7 SYSTEMPATH\CodeIgniter.php(494): CodeIgniter\CodeIgniter->runController(Object(App\Controllers\Book))
 8 SYSTEMPATH\CodeIgniter.php(353): CodeIgniter\CodeIgniter->handleRequest(null, Object(Config\Cache), false)
 9 FCPATH\index.php(79): CodeIgniter\CodeIgniter->run()
10 SYSTEMPATH\Commands\Server\rewrite.php(47): require_once('C:\\Users\\Rakib Ahsan\\Desktop\\tarik vai\\Codeigniter_project\\public\\index.php')
CRITICAL - 2023-10-21 17:27:58 --> Trying to access array offset on value of type null
in APPPATH\Views\book_edit.php on line 20.
 1 APPPATH\Views\book_edit.php(20): CodeIgniter\Debug\Exceptions->errorHandler(2, 'Trying to access array offset on value of type null', 'C:\\Users\\Rakib Ahsan\\Desktop\\tarik vai\\Codeigniter_project\\app\\Views\\book_edit.php', 20)
 2 SYSTEMPATH\View\View.php(226): include('C:\\Users\\Rakib Ahsan\\Desktop\\tarik vai\\Codeigniter_project\\app\\Views\\book_edit.php')
 3 SYSTEMPATH\View\View.php(229): CodeIgniter\View\View->CodeIgniter\View\{closure}()
 4 SYSTEMPATH\Common.php(1188): CodeIgniter\View\View->render('book_edit', [], true)
 5 APPPATH\Controllers\Book.php(71): view('book_edit', [...])
 6 SYSTEMPATH\CodeIgniter.php(919): App\Controllers\Book->singleUser('19')
 7 SYSTEMPATH\CodeIgniter.php(494): CodeIgniter\CodeIgniter->runController(Object(App\Controllers\Book))
 8 SYSTEMPATH\CodeIgniter.php(353): CodeIgniter\CodeIgniter->handleRequest(null, Object(Config\Cache), false)
 9 FCPATH\index.php(79): CodeIgniter\CodeIgniter->run()
10 SYSTEMPATH\Commands\Server\rewrite.php(47): require_once('C:\\Users\\Rakib Ahsan\\Desktop\\tarik vai\\Codeigniter_project\\public\\index.php')
CRITICAL - 2023-10-21 17:28:33 --> Undefined array key "category"
in APPPATH\Views\book_view.php on line 50.
 1 APPPATH\Views\book_view.php(50): CodeIgniter\Debug\Exceptions->errorHandler(2, 'Undefined array key "category"', 'C:\\Users\\Rakib Ahsan\\Desktop\\tarik vai\\Codeigniter_project\\app\\Views\\book_view.php', 50)
 2 SYSTEMPATH\View\View.php(226): include('C:\\Users\\Rakib Ahsan\\Desktop\\tarik vai\\Codeigniter_project\\app\\Views\\book_view.php')
 3 SYSTEMPATH\View\View.php(229): CodeIgniter\View\View->CodeIgniter\View\{closure}()
 4 SYSTEMPATH\Common.php(1188): CodeIgniter\View\View->render('book_view', [], true)
 5 APPPATH\Controllers\Book.php(20): view('book_view', [...])
 6 SYSTEMPATH\CodeIgniter.php(919): App\Controllers\Book->index()
 7 SYSTEMPATH\CodeIgniter.php(494): CodeIgniter\CodeIgniter->runController(Object(App\Controllers\Book))
 8 SYSTEMPATH\CodeIgniter.php(353): CodeIgniter\CodeIgniter->handleRequest(null, Object(Config\Cache), false)
 9 FCPATH\index.php(79): CodeIgniter\CodeIgniter->run()
10 SYSTEMPATH\Commands\Server\rewrite.php(47): require_once('C:\\Users\\Rakib Ahsan\\Desktop\\tarik vai\\Codeigniter_project\\public\\index.php')
CRITICAL - 2023-10-21 18:04:01 --> Undefined array key "type_name"
in APPPATH\Views\book_view.php on line 49.
 1 APPPATH\Views\book_view.php(49): CodeIgniter\Debug\Exceptions->errorHandler(2, 'Undefined array key "type_name"', 'C:\\Users\\Rakib Ahsan\\Desktop\\tarik vai\\Codeigniter_project\\app\\Views\\book_view.php', 49)
 2 SYSTEMPATH\View\View.php(226): include('C:\\Users\\Rakib Ahsan\\Desktop\\tarik vai\\Codeigniter_project\\app\\Views\\book_view.php')
 3 SYSTEMPATH\View\View.php(229): CodeIgniter\View\View->CodeIgniter\View\{closure}()
 4 SYSTEMPATH\Common.php(1188): CodeIgniter\View\View->render('book_view', [], true)
 5 APPPATH\Controllers\Book.php(20): view('book_view', [...])
 6 SYSTEMPATH\CodeIgniter.php(919): App\Controllers\Book->index()
 7 SYSTEMPATH\CodeIgniter.php(494): CodeIgniter\CodeIgniter->runController(Object(App\Controllers\Book))
 8 SYSTEMPATH\CodeIgniter.php(353): CodeIgniter\CodeIgniter->handleRequest(null, Object(Config\Cache), false)
 9 FCPATH\index.php(79): CodeIgniter\CodeIgniter->run()
10 SYSTEMPATH\Commands\Server\rewrite.php(47): require_once('C:\\Users\\Rakib Ahsan\\Desktop\\tarik vai\\Codeigniter_project\\public\\index.php')
ERROR - 2023-10-21 18:04:44 --> mysqli_sql_exception: Table 'roomcatagory.room_id' doesn't exist in C:\Users\Rakib Ahsan\Desktop\tarik vai\Codeigniter_project\system\Database\MySQLi\Connection.php:306
Stack trace:
#0 C:\Users\Rakib Ahsan\Desktop\tarik vai\Codeigniter_project\system\Database\MySQLi\Connection.php(306): mysqli->query('SELECT *\nFROM `...', 0)
#1 C:\Users\Rakib Ahsan\Desktop\tarik vai\Codeigniter_project\system\Database\BaseConnection.php(692): CodeIgniter\Database\MySQLi\Connection->execute('SELECT *\nFROM `...')
#2 C:\Users\Rakib Ahsan\Desktop\tarik vai\Codeigniter_project\system\Database\BaseConnection.php(606): CodeIgniter\Database\BaseConnection->simpleQuery('SELECT *\nFROM `...')
#3 C:\Users\Rakib Ahsan\Desktop\tarik vai\Codeigniter_project\system\Database\BaseBuilder.php(1615): CodeIgniter\Database\BaseConnection->query('SELECT *\nFROM `...', Array, false)
#4 C:\Users\Rakib Ahsan\Desktop\tarik vai\Codeigniter_project\system\Model.php(237): CodeIgniter\Database\BaseBuilder->get()
#5 C:\Users\Rakib Ahsan\Desktop\tarik vai\Codeigniter_project\system\BaseModel.php(624): CodeIgniter\Model->doFindAll(0, 0)
#6 C:\Users\Rakib Ahsan\Desktop\tarik vai\Codeigniter_project\app\Controllers\Book.php(19): CodeIgniter\BaseModel->findAll()
#7 C:\Users\Rakib Ahsan\Desktop\tarik vai\Codeigniter_project\system\CodeIgniter.php(919): App\Controllers\Book->index()
#8 C:\Users\Rakib Ahsan\Desktop\tarik vai\Codeigniter_project\system\CodeIgniter.php(494): CodeIgniter\CodeIgniter->runController(Object(App\Controllers\Book))
#9 C:\Users\Rakib Ahsan\Desktop\tarik vai\Codeigniter_project\system\CodeIgniter.php(353): CodeIgniter\CodeIgniter->handleRequest(NULL, Object(Config\Cache), false)
#10 C:\Users\Rakib Ahsan\Desktop\tarik vai\Codeigniter_project\public\index.php(79): CodeIgniter\CodeIgniter->run()
#11 C:\Users\Rakib Ahsan\Desktop\tarik vai\Codeigniter_project\system\Commands\Server\rewrite.php(47): require_once('C:\\Users\\Rakib ...')
#12 {main}
CRITICAL - 2023-10-21 18:04:44 --> Table 'roomcatagory.room_id' doesn't exist
in SYSTEMPATH\Database\BaseConnection.php on line 646.
 1 SYSTEMPATH\Database\BaseBuilder.php(1615): CodeIgniter\Database\BaseConnection->query('SELECT *
FROM `book`
JOIN `roomcatagory` ON `rooms`.`id` = `book`.`roomtype`
JOIN `roomcatagory`.`room_id` ON `person`.`person_id` = `book`.`guests`
ORDER BY `book`.`id` DESC', [], false)
 2 SYSTEMPATH\Model.php(237): CodeIgniter\Database\BaseBuilder->get()
 3 SYSTEMPATH\BaseModel.php(624): CodeIgniter\Model->doFindAll(0, 0)
 4 APPPATH\Controllers\Book.php(19): CodeIgniter\BaseModel->findAll()
 5 SYSTEMPATH\CodeIgniter.php(919): App\Controllers\Book->index()
 6 SYSTEMPATH\CodeIgniter.php(494): CodeIgniter\CodeIgniter->runController(Object(App\Controllers\Book))
 7 SYSTEMPATH\CodeIgniter.php(353): CodeIgniter\CodeIgniter->handleRequest(null, Object(Config\Cache), false)
 8 FCPATH\index.php(79): CodeIgniter\CodeIgniter->run()
 9 SYSTEMPATH\Commands\Server\rewrite.php(47): require_once('C:\\Users\\Rakib Ahsan\\Desktop\\tarik vai\\Codeigniter_project\\public\\index.php')
WARNING - 2023-10-21 18:10:56 --> [DEPRECATED] DateTime::__construct(): Passing null to parameter #1 ($datetime) of type string is deprecated in APPPATH\Views\book_view.php on line 64.
 1 APPPATH\Views\book_view.php(64): DateTime->__construct(null)
 2 SYSTEMPATH\View\View.php(226): include('C:\\Users\\Rakib Ahsan\\Desktop\\tarik vai\\Codeigniter_project\\app\\Views\\book_view.php')
 3 SYSTEMPATH\View\View.php(229): CodeIgniter\View\View->CodeIgniter\View\{closure}()
 4 SYSTEMPATH\Common.php(1188): CodeIgniter\View\View->render('book_view', [], true)
 5 APPPATH\Controllers\Book.php(20): view('book_view', [...])
 6 SYSTEMPATH\CodeIgniter.php(919): App\Controllers\Book->index()
 7 SYSTEMPATH\CodeIgniter.php(494): CodeIgniter\CodeIgniter->runController(Object(App\Controllers\Book))
 8 SYSTEMPATH\CodeIgniter.php(353): CodeIgniter\CodeIgniter->handleRequest(null, Object(Config\Cache), false)
 9 FCPATH\index.php(79): CodeIgniter\CodeIgniter->run()
10 SYSTEMPATH\Commands\Server\rewrite.php(47): require_once('C:\\Users\\Rakib Ahsan\\Desktop\\tarik vai\\Codeigniter_project\\public\\index.php')
WARNING - 2023-10-21 18:10:56 --> [DEPRECATED] DateTime::__construct(): Passing null to parameter #1 ($datetime) of type string is deprecated in APPPATH\Views\book_view.php on line 65.
 1 APPPATH\Views\book_view.php(65): DateTime->__construct(null)
 2 SYSTEMPATH\View\View.php(226): include('C:\\Users\\Rakib Ahsan\\Desktop\\tarik vai\\Codeigniter_project\\app\\Views\\book_view.php')
 3 SYSTEMPATH\View\View.php(229): CodeIgniter\View\View->CodeIgniter\View\{closure}()
 4 SYSTEMPATH\Common.php(1188): CodeIgniter\View\View->render('book_view', [], true)
 5 APPPATH\Controllers\Book.php(20): view('book_view', [...])
 6 SYSTEMPATH\CodeIgniter.php(919): App\Controllers\Book->index()
 7 SYSTEMPATH\CodeIgniter.php(494): CodeIgniter\CodeIgniter->runController(Object(App\Controllers\Book))
 8 SYSTEMPATH\CodeIgniter.php(353): CodeIgniter\CodeIgniter->handleRequest(null, Object(Config\Cache), false)
 9 FCPATH\index.php(79): CodeIgniter\CodeIgniter->run()
10 SYSTEMPATH\Commands\Server\rewrite.php(47): require_once('C:\\Users\\Rakib Ahsan\\Desktop\\tarik vai\\Codeigniter_project\\public\\index.php')
WARNING - 2023-10-21 18:10:56 --> [DEPRECATED] DateTime::__construct(): Passing null to parameter #1 ($datetime) of type string is deprecated in APPPATH\Views\book_view.php on line 64.
 1 APPPATH\Views\book_view.php(64): DateTime->__construct(null)
 2 SYSTEMPATH\View\View.php(226): include('C:\\Users\\Rakib Ahsan\\Desktop\\tarik vai\\Codeigniter_project\\app\\Views\\book_view.php')
 3 SYSTEMPATH\View\View.php(229): CodeIgniter\View\View->CodeIgniter\View\{closure}()
 4 SYSTEMPATH\Common.php(1188): CodeIgniter\View\View->render('book_view', [], true)
 5 APPPATH\Controllers\Book.php(20): view('book_view', [...])
 6 SYSTEMPATH\CodeIgniter.php(919): App\Controllers\Book->index()
 7 SYSTEMPATH\CodeIgniter.php(494): CodeIgniter\CodeIgniter->runController(Object(App\Controllers\Book))
 8 SYSTEMPATH\CodeIgniter.php(353): CodeIgniter\CodeIgniter->handleRequest(null, Object(Config\Cache), false)
 9 FCPATH\index.php(79): CodeIgniter\CodeIgniter->run()
10 SYSTEMPATH\Commands\Server\rewrite.php(47): require_once('C:\\Users\\Rakib Ahsan\\Desktop\\tarik vai\\Codeigniter_project\\public\\index.php')
WARNING - 2023-10-21 18:10:56 --> [DEPRECATED] DateTime::__construct(): Passing null to parameter #1 ($datetime) of type string is deprecated in APPPATH\Views\book_view.php on line 65.
 1 APPPATH\Views\book_view.php(65): DateTime->__construct(null)
 2 SYSTEMPATH\View\View.php(226): include('C:\\Users\\Rakib Ahsan\\Desktop\\tarik vai\\Codeigniter_project\\app\\Views\\book_view.php')
 3 SYSTEMPATH\View\View.php(229): CodeIgniter\View\View->CodeIgniter\View\{closure}()
 4 SYSTEMPATH\Common.php(1188): CodeIgniter\View\View->render('book_view', [], true)
 5 APPPATH\Controllers\Book.php(20): view('book_view', [...])
 6 SYSTEMPATH\CodeIgniter.php(919): App\Controllers\Book->index()
 7 SYSTEMPATH\CodeIgniter.php(494): CodeIgniter\CodeIgniter->runController(Object(App\Controllers\Book))
 8 SYSTEMPATH\CodeIgniter.php(353): CodeIgniter\CodeIgniter->handleRequest(null, Object(Config\Cache), false)
 9 FCPATH\index.php(79): CodeIgniter\CodeIgniter->run()
10 SYSTEMPATH\Commands\Server\rewrite.php(47): require_once('C:\\Users\\Rakib Ahsan\\Desktop\\tarik vai\\Codeigniter_project\\public\\index.php')
WARNING - 2023-10-21 18:10:56 --> [DEPRECATED] DateTime::__construct(): Passing null to parameter #1 ($datetime) of type string is deprecated in APPPATH\Views\book_view.php on line 64.
 1 APPPATH\Views\book_view.php(64): DateTime->__construct(null)
 2 SYSTEMPATH\View\View.php(226): include('C:\\Users\\Rakib Ahsan\\Desktop\\tarik vai\\Codeigniter_project\\app\\Views\\book_view.php')
 3 SYSTEMPATH\View\View.php(229): CodeIgniter\View\View->CodeIgniter\View\{closure}()
 4 SYSTEMPATH\Common.php(1188): CodeIgniter\View\View->render('book_view', [], true)
 5 APPPATH\Controllers\Book.php(20): view('book_view', [...])
 6 SYSTEMPATH\CodeIgniter.php(919): App\Controllers\Book->index()
 7 SYSTEMPATH\CodeIgniter.php(494): CodeIgniter\CodeIgniter->runController(Object(App\Controllers\Book))
 8 SYSTEMPATH\CodeIgniter.php(353): CodeIgniter\CodeIgniter->handleRequest(null, Object(Config\Cache), false)
 9 FCPATH\index.php(79): CodeIgniter\CodeIgniter->run()
10 SYSTEMPATH\Commands\Server\rewrite.php(47): require_once('C:\\Users\\Rakib Ahsan\\Desktop\\tarik vai\\Codeigniter_project\\public\\index.php')
WARNING - 2023-10-21 18:10:56 --> [DEPRECATED] DateTime::__construct(): Passing null to parameter #1 ($datetime) of type string is deprecated in APPPATH\Views\book_view.php on line 65.
 1 APPPATH\Views\book_view.php(65): DateTime->__construct(null)
 2 SYSTEMPATH\View\View.php(226): include('C:\\Users\\Rakib Ahsan\\Desktop\\tarik vai\\Codeigniter_project\\app\\Views\\book_view.php')
 3 SYSTEMPATH\View\View.php(229): CodeIgniter\View\View->CodeIgniter\View\{closure}()
 4 SYSTEMPATH\Common.php(1188): CodeIgniter\View\View->render('book_view', [], true)
 5 APPPATH\Controllers\Book.php(20): view('book_view', [...])
 6 SYSTEMPATH\CodeIgniter.php(919): App\Controllers\Book->index()
 7 SYSTEMPATH\CodeIgniter.php(494): CodeIgniter\CodeIgniter->runController(Object(App\Controllers\Book))
 8 SYSTEMPATH\CodeIgniter.php(353): CodeIgniter\CodeIgniter->handleRequest(null, Object(Config\Cache), false)
 9 FCPATH\index.php(79): CodeIgniter\CodeIgniter->run()
10 SYSTEMPATH\Commands\Server\rewrite.php(47): require_once('C:\\Users\\Rakib Ahsan\\Desktop\\tarik vai\\Codeigniter_project\\public\\index.php')
WARNING - 2023-10-21 18:10:56 --> [DEPRECATED] DateTime::__construct(): Passing null to parameter #1 ($datetime) of type string is deprecated in APPPATH\Views\book_view.php on line 64.
 1 APPPATH\Views\book_view.php(64): DateTime->__construct(null)
 2 SYSTEMPATH\View\View.php(226): include('C:\\Users\\Rakib Ahsan\\Desktop\\tarik vai\\Codeigniter_project\\app\\Views\\book_view.php')
 3 SYSTEMPATH\View\View.php(229): CodeIgniter\View\View->CodeIgniter\View\{closure}()
 4 SYSTEMPATH\Common.php(1188): CodeIgniter\View\View->render('book_view', [], true)
 5 APPPATH\Controllers\Book.php(20): view('book_view', [...])
 6 SYSTEMPATH\CodeIgniter.php(919): App\Controllers\Book->index()
 7 SYSTEMPATH\CodeIgniter.php(494): CodeIgniter\CodeIgniter->runController(Object(App\Controllers\Book))
 8 SYSTEMPATH\CodeIgniter.php(353): CodeIgniter\CodeIgniter->handleRequest(null, Object(Config\Cache), false)
 9 FCPATH\index.php(79): CodeIgniter\CodeIgniter->run()
10 SYSTEMPATH\Commands\Server\rewrite.php(47): require_once('C:\\Users\\Rakib Ahsan\\Desktop\\tarik vai\\Codeigniter_project\\public\\index.php')
WARNING - 2023-10-21 18:10:56 --> [DEPRECATED] DateTime::__construct(): Passing null to parameter #1 ($datetime) of type string is deprecated in APPPATH\Views\book_view.php on line 65.
 1 APPPATH\Views\book_view.php(65): DateTime->__construct(null)
 2 SYSTEMPATH\View\View.php(226): include('C:\\Users\\Rakib Ahsan\\Desktop\\tarik vai\\Codeigniter_project\\app\\Views\\book_view.php')
 3 SYSTEMPATH\View\View.php(229): CodeIgniter\View\View->CodeIgniter\View\{closure}()
 4 SYSTEMPATH\Common.php(1188): CodeIgniter\View\View->render('book_view', [], true)
 5 APPPATH\Controllers\Book.php(20): view('book_view', [...])
 6 SYSTEMPATH\CodeIgniter.php(919): App\Controllers\Book->index()
 7 SYSTEMPATH\CodeIgniter.php(494): CodeIgniter\CodeIgniter->runController(Object(App\Controllers\Book))
 8 SYSTEMPATH\CodeIgniter.php(353): CodeIgniter\CodeIgniter->handleRequest(null, Object(Config\Cache), false)
 9 FCPATH\index.php(79): CodeIgniter\CodeIgniter->run()
10 SYSTEMPATH\Commands\Server\rewrite.php(47): require_once('C:\\Users\\Rakib Ahsan\\Desktop\\tarik vai\\Codeigniter_project\\public\\index.php')
WARNING - 2023-10-21 18:10:57 --> [DEPRECATED] DateTime::__construct(): Passing null to parameter #1 ($datetime) of type string is deprecated in APPPATH\Views\book_view.php on line 64.
 1 APPPATH\Views\book_view.php(64): DateTime->__construct(null)
 2 SYSTEMPATH\View\View.php(226): include('C:\\Users\\Rakib Ahsan\\Desktop\\tarik vai\\Codeigniter_project\\app\\Views\\book_view.php')
 3 SYSTEMPATH\View\View.php(229): CodeIgniter\View\View->CodeIgniter\View\{closure}()
 4 SYSTEMPATH\Common.php(1188): CodeIgniter\View\View->render('book_view', [], true)
 5 APPPATH\Controllers\Book.php(20): view('book_view', [...])
 6 SYSTEMPATH\CodeIgniter.php(919): App\Controllers\Book->index()
 7 SYSTEMPATH\CodeIgniter.php(494): CodeIgniter\CodeIgniter->runController(Object(App\Controllers\Book))
 8 SYSTEMPATH\CodeIgniter.php(353): CodeIgniter\CodeIgniter->handleRequest(null, Object(Config\Cache), false)
 9 FCPATH\index.php(79): CodeIgniter\CodeIgniter->run()
10 SYSTEMPATH\Commands\Server\rewrite.php(47): require_once('C:\\Users\\Rakib Ahsan\\Desktop\\tarik vai\\Codeigniter_project\\public\\index.php')
WARNING - 2023-10-21 18:10:57 --> [DEPRECATED] DateTime::__construct(): Passing null to parameter #1 ($datetime) of type string is deprecated in APPPATH\Views\book_view.php on line 65.
 1 APPPATH\Views\book_view.php(65): DateTime->__construct(null)
 2 SYSTEMPATH\View\View.php(226): include('C:\\Users\\Rakib Ahsan\\Desktop\\tarik vai\\Codeigniter_project\\app\\Views\\book_view.php')
 3 SYSTEMPATH\View\View.php(229): CodeIgniter\View\View->CodeIgniter\View\{closure}()
 4 SYSTEMPATH\Common.php(1188): CodeIgniter\View\View->render('book_view', [], true)
 5 APPPATH\Controllers\Book.php(20): view('book_view', [...])
 6 SYSTEMPATH\CodeIgniter.php(919): App\Controllers\Book->index()
 7 SYSTEMPATH\CodeIgniter.php(494): CodeIgniter\CodeIgniter->runController(Object(App\Controllers\Book))
 8 SYSTEMPATH\CodeIgniter.php(353): CodeIgniter\CodeIgniter->handleRequest(null, Object(Config\Cache), false)
 9 FCPATH\index.php(79): CodeIgniter\CodeIgniter->run()
10 SYSTEMPATH\Commands\Server\rewrite.php(47): require_once('C:\\Users\\Rakib Ahsan\\Desktop\\tarik vai\\Codeigniter_project\\public\\index.php')
WARNING - 2023-10-21 18:10:57 --> [DEPRECATED] DateTime::__construct(): Passing null to parameter #1 ($datetime) of type string is deprecated in APPPATH\Views\book_view.php on line 64.
 1 APPPATH\Views\book_view.php(64): DateTime->__construct(null)
 2 SYSTEMPATH\View\View.php(226): include('C:\\Users\\Rakib Ahsan\\Desktop\\tarik vai\\Codeigniter_project\\app\\Views\\book_view.php')
 3 SYSTEMPATH\View\View.php(229): CodeIgniter\View\View->CodeIgniter\View\{closure}()
 4 SYSTEMPATH\Common.php(1188): CodeIgniter\View\View->render('book_view', [], true)
 5 APPPATH\Controllers\Book.php(20): view('book_view', [...])
 6 SYSTEMPATH\CodeIgniter.php(919): App\Controllers\Book->index()
 7 SYSTEMPATH\CodeIgniter.php(494): CodeIgniter\CodeIgniter->runController(Object(App\Controllers\Book))
 8 SYSTEMPATH\CodeIgniter.php(353): CodeIgniter\CodeIgniter->handleRequest(null, Object(Config\Cache), false)
 9 FCPATH\index.php(79): CodeIgniter\CodeIgniter->run()
10 SYSTEMPATH\Commands\Server\rewrite.php(47): require_once('C:\\Users\\Rakib Ahsan\\Desktop\\tarik vai\\Codeigniter_project\\public\\index.php')
WARNING - 2023-10-21 18:10:57 --> [DEPRECATED] DateTime::__construct(): Passing null to parameter #1 ($datetime) of type string is deprecated in APPPATH\Views\book_view.php on line 65.
 1 APPPATH\Views\book_view.php(65): DateTime->__construct(null)
 2 SYSTEMPATH\View\View.php(226): include('C:\\Users\\Rakib Ahsan\\Desktop\\tarik vai\\Codeigniter_project\\app\\Views\\book_view.php')
 3 SYSTEMPATH\View\View.php(229): CodeIgniter\View\View->CodeIgniter\View\{closure}()
 4 SYSTEMPATH\Common.php(1188): CodeIgniter\View\View->render('book_view', [], true)
 5 APPPATH\Controllers\Book.php(20): view('book_view', [...])
 6 SYSTEMPATH\CodeIgniter.php(919): App\Controllers\Book->index()
 7 SYSTEMPATH\CodeIgniter.php(494): CodeIgniter\CodeIgniter->runController(Object(App\Controllers\Book))
 8 SYSTEMPATH\CodeIgniter.php(353): CodeIgniter\CodeIgniter->handleRequest(null, Object(Config\Cache), false)
 9 FCPATH\index.php(79): CodeIgniter\CodeIgniter->run()
10 SYSTEMPATH\Commands\Server\rewrite.php(47): require_once('C:\\Users\\Rakib Ahsan\\Desktop\\tarik vai\\Codeigniter_project\\public\\index.php')
WARNING - 2023-10-21 18:10:57 --> [DEPRECATED] DateTime::__construct(): Passing null to parameter #1 ($datetime) of type string is deprecated in APPPATH\Views\book_view.php on line 64.
 1 APPPATH\Views\book_view.php(64): DateTime->__construct(null)
 2 SYSTEMPATH\View\View.php(226): include('C:\\Users\\Rakib Ahsan\\Desktop\\tarik vai\\Codeigniter_project\\app\\Views\\book_view.php')
 3 SYSTEMPATH\View\View.php(229): CodeIgniter\View\View->CodeIgniter\View\{closure}()
 4 SYSTEMPATH\Common.php(1188): CodeIgniter\View\View->render('book_view', [], true)
 5 APPPATH\Controllers\Book.php(20): view('book_view', [...])
 6 SYSTEMPATH\CodeIgniter.php(919): App\Controllers\Book->index()
 7 SYSTEMPATH\CodeIgniter.php(494): CodeIgniter\CodeIgniter->runController(Object(App\Controllers\Book))
 8 SYSTEMPATH\CodeIgniter.php(353): CodeIgniter\CodeIgniter->handleRequest(null, Object(Config\Cache), false)
 9 FCPATH\index.php(79): CodeIgniter\CodeIgniter->run()
10 SYSTEMPATH\Commands\Server\rewrite.php(47): require_once('C:\\Users\\Rakib Ahsan\\Desktop\\tarik vai\\Codeigniter_project\\public\\index.php')
WARNING - 2023-10-21 18:10:57 --> [DEPRECATED] DateTime::__construct(): Passing null to parameter #1 ($datetime) of type string is deprecated in APPPATH\Views\book_view.php on line 65.
 1 APPPATH\Views\book_view.php(65): DateTime->__construct(null)
 2 SYSTEMPATH\View\View.php(226): include('C:\\Users\\Rakib Ahsan\\Desktop\\tarik vai\\Codeigniter_project\\app\\Views\\book_view.php')
 3 SYSTEMPATH\View\View.php(229): CodeIgniter\View\View->CodeIgniter\View\{closure}()
 4 SYSTEMPATH\Common.php(1188): CodeIgniter\View\View->render('book_view', [], true)
 5 APPPATH\Controllers\Book.php(20): view('book_view', [...])
 6 SYSTEMPATH\CodeIgniter.php(919): App\Controllers\Book->index()
 7 SYSTEMPATH\CodeIgniter.php(494): CodeIgniter\CodeIgniter->runController(Object(App\Controllers\Book))
 8 SYSTEMPATH\CodeIgniter.php(353): CodeIgniter\CodeIgniter->handleRequest(null, Object(Config\Cache), false)
 9 FCPATH\index.php(79): CodeIgniter\CodeIgniter->run()
10 SYSTEMPATH\Commands\Server\rewrite.php(47): require_once('C:\\Users\\Rakib Ahsan\\Desktop\\tarik vai\\Codeigniter_project\\public\\index.php')
WARNING - 2023-10-21 18:10:57 --> [DEPRECATED] DateTime::__construct(): Passing null to parameter #1 ($datetime) of type string is deprecated in APPPATH\Views\book_view.php on line 64.
 1 APPPATH\Views\book_view.php(64): DateTime->__construct(null)
 2 SYSTEMPATH\View\View.php(226): include('C:\\Users\\Rakib Ahsan\\Desktop\\tarik vai\\Codeigniter_project\\app\\Views\\book_view.php')
 3 SYSTEMPATH\View\View.php(229): CodeIgniter\View\View->CodeIgniter\View\{closure}()
 4 SYSTEMPATH\Common.php(1188): CodeIgniter\View\View->render('book_view', [], true)
 5 APPPATH\Controllers\Book.php(20): view('book_view', [...])
 6 SYSTEMPATH\CodeIgniter.php(919): App\Controllers\Book->index()
 7 SYSTEMPATH\CodeIgniter.php(494): CodeIgniter\CodeIgniter->runController(Object(App\Controllers\Book))
 8 SYSTEMPATH\CodeIgniter.php(353): CodeIgniter\CodeIgniter->handleRequest(null, Object(Config\Cache), false)
 9 FCPATH\index.php(79): CodeIgniter\CodeIgniter->run()
10 SYSTEMPATH\Commands\Server\rewrite.php(47): require_once('C:\\Users\\Rakib Ahsan\\Desktop\\tarik vai\\Codeigniter_project\\public\\index.php')
WARNING - 2023-10-21 18:10:57 --> [DEPRECATED] DateTime::__construct(): Passing null to parameter #1 ($datetime) of type string is deprecated in APPPATH\Views\book_view.php on line 65.
 1 APPPATH\Views\book_view.php(65): DateTime->__construct(null)
 2 SYSTEMPATH\View\View.php(226): include('C:\\Users\\Rakib Ahsan\\Desktop\\tarik vai\\Codeigniter_project\\app\\Views\\book_view.php')
 3 SYSTEMPATH\View\View.php(229): CodeIgniter\View\View->CodeIgniter\View\{closure}()
 4 SYSTEMPATH\Common.php(1188): CodeIgniter\View\View->render('book_view', [], true)
 5 APPPATH\Controllers\Book.php(20): view('book_view', [...])
 6 SYSTEMPATH\CodeIgniter.php(919): App\Controllers\Book->index()
 7 SYSTEMPATH\CodeIgniter.php(494): CodeIgniter\CodeIgniter->runController(Object(App\Controllers\Book))
 8 SYSTEMPATH\CodeIgniter.php(353): CodeIgniter\CodeIgniter->handleRequest(null, Object(Config\Cache), false)
 9 FCPATH\index.php(79): CodeIgniter\CodeIgniter->run()
10 SYSTEMPATH\Commands\Server\rewrite.php(47): require_once('C:\\Users\\Rakib Ahsan\\Desktop\\tarik vai\\Codeigniter_project\\public\\index.php')
WARNING - 2023-10-21 18:11:28 --> [DEPRECATED] DateTime::__construct(): Passing null to parameter #1 ($datetime) of type string is deprecated in APPPATH\Views\book_view.php on line 64.
 1 APPPATH\Views\book_view.php(64): DateTime->__construct(null)
 2 SYSTEMPATH\View\View.php(226): include('C:\\Users\\Rakib Ahsan\\Desktop\\tarik vai\\Codeigniter_project\\app\\Views\\book_view.php')
 3 SYSTEMPATH\View\View.php(229): CodeIgniter\View\View->CodeIgniter\View\{closure}()
 4 SYSTEMPATH\Common.php(1188): CodeIgniter\View\View->render('book_view', [], true)
 5 APPPATH\Controllers\Book.php(20): view('book_view', [...])
 6 SYSTEMPATH\CodeIgniter.php(919): App\Controllers\Book->index()
 7 SYSTEMPATH\CodeIgniter.php(494): CodeIgniter\CodeIgniter->runController(Object(App\Controllers\Book))
 8 SYSTEMPATH\CodeIgniter.php(353): CodeIgniter\CodeIgniter->handleRequest(null, Object(Config\Cache), false)
 9 FCPATH\index.php(79): CodeIgniter\CodeIgniter->run()
10 SYSTEMPATH\Commands\Server\rewrite.php(47): require_once('C:\\Users\\Rakib Ahsan\\Desktop\\tarik vai\\Codeigniter_project\\public\\index.php')
WARNING - 2023-10-21 18:11:28 --> [DEPRECATED] DateTime::__construct(): Passing null to parameter #1 ($datetime) of type string is deprecated in APPPATH\Views\book_view.php on line 65.
 1 APPPATH\Views\book_view.php(65): DateTime->__construct(null)
 2 SYSTEMPATH\View\View.php(226): include('C:\\Users\\Rakib Ahsan\\Desktop\\tarik vai\\Codeigniter_project\\app\\Views\\book_view.php')
 3 SYSTEMPATH\View\View.php(229): CodeIgniter\View\View->CodeIgniter\View\{closure}()
 4 SYSTEMPATH\Common.php(1188): CodeIgniter\View\View->render('book_view', [], true)
 5 APPPATH\Controllers\Book.php(20): view('book_view', [...])
 6 SYSTEMPATH\CodeIgniter.php(919): App\Controllers\Book->index()
 7 SYSTEMPATH\CodeIgniter.php(494): CodeIgniter\CodeIgniter->runController(Object(App\Controllers\Book))
 8 SYSTEMPATH\CodeIgniter.php(353): CodeIgniter\CodeIgniter->handleRequest(null, Object(Config\Cache), false)
 9 FCPATH\index.php(79): CodeIgniter\CodeIgniter->run()
10 SYSTEMPATH\Commands\Server\rewrite.php(47): require_once('C:\\Users\\Rakib Ahsan\\Desktop\\tarik vai\\Codeigniter_project\\public\\index.php')
WARNING - 2023-10-21 18:11:28 --> [DEPRECATED] DateTime::__construct(): Passing null to parameter #1 ($datetime) of type string is deprecated in APPPATH\Views\book_view.php on line 64.
 1 APPPATH\Views\book_view.php(64): DateTime->__construct(null)
 2 SYSTEMPATH\View\View.php(226): include('C:\\Users\\Rakib Ahsan\\Desktop\\tarik vai\\Codeigniter_project\\app\\Views\\book_view.php')
 3 SYSTEMPATH\View\View.php(229): CodeIgniter\View\View->CodeIgniter\View\{closure}()
 4 SYSTEMPATH\Common.php(1188): CodeIgniter\View\View->render('book_view', [], true)
 5 APPPATH\Controllers\Book.php(20): view('book_view', [...])
 6 SYSTEMPATH\CodeIgniter.php(919): App\Controllers\Book->index()
 7 SYSTEMPATH\CodeIgniter.php(494): CodeIgniter\CodeIgniter->runController(Object(App\Controllers\Book))
 8 SYSTEMPATH\CodeIgniter.php(353): CodeIgniter\CodeIgniter->handleRequest(null, Object(Config\Cache), false)
 9 FCPATH\index.php(79): CodeIgniter\CodeIgniter->run()
10 SYSTEMPATH\Commands\Server\rewrite.php(47): require_once('C:\\Users\\Rakib Ahsan\\Desktop\\tarik vai\\Codeigniter_project\\public\\index.php')
WARNING - 2023-10-21 18:11:28 --> [DEPRECATED] DateTime::__construct(): Passing null to parameter #1 ($datetime) of type string is deprecated in APPPATH\Views\book_view.php on line 65.
 1 APPPATH\Views\book_view.php(65): DateTime->__construct(null)
 2 SYSTEMPATH\View\View.php(226): include('C:\\Users\\Rakib Ahsan\\Desktop\\tarik vai\\Codeigniter_project\\app\\Views\\book_view.php')
 3 SYSTEMPATH\View\View.php(229): CodeIgniter\View\View->CodeIgniter\View\{closure}()
 4 SYSTEMPATH\Common.php(1188): CodeIgniter\View\View->render('book_view', [], true)
 5 APPPATH\Controllers\Book.php(20): view('book_view', [...])
 6 SYSTEMPATH\CodeIgniter.php(919): App\Controllers\Book->index()
 7 SYSTEMPATH\CodeIgniter.php(494): CodeIgniter\CodeIgniter->runController(Object(App\Controllers\Book))
 8 SYSTEMPATH\CodeIgniter.php(353): CodeIgniter\CodeIgniter->handleRequest(null, Object(Config\Cache), false)
 9 FCPATH\index.php(79): CodeIgniter\CodeIgniter->run()
10 SYSTEMPATH\Commands\Server\rewrite.php(47): require_once('C:\\Users\\Rakib Ahsan\\Desktop\\tarik vai\\Codeigniter_project\\public\\index.php')
WARNING - 2023-10-21 18:11:28 --> [DEPRECATED] DateTime::__construct(): Passing null to parameter #1 ($datetime) of type string is deprecated in APPPATH\Views\book_view.php on line 64.
 1 APPPATH\Views\book_view.php(64): DateTime->__construct(null)
 2 SYSTEMPATH\View\View.php(226): include('C:\\Users\\Rakib Ahsan\\Desktop\\tarik vai\\Codeigniter_project\\app\\Views\\book_view.php')
 3 SYSTEMPATH\View\View.php(229): CodeIgniter\View\View->CodeIgniter\View\{closure}()
 4 SYSTEMPATH\Common.php(1188): CodeIgniter\View\View->render('book_view', [], true)
 5 APPPATH\Controllers\Book.php(20): view('book_view', [...])
 6 SYSTEMPATH\CodeIgniter.php(919): App\Controllers\Book->index()
 7 SYSTEMPATH\CodeIgniter.php(494): CodeIgniter\CodeIgniter->runController(Object(App\Controllers\Book))
 8 SYSTEMPATH\CodeIgniter.php(353): CodeIgniter\CodeIgniter->handleRequest(null, Object(Config\Cache), false)
 9 FCPATH\index.php(79): CodeIgniter\CodeIgniter->run()
10 SYSTEMPATH\Commands\Server\rewrite.php(47): require_once('C:\\Users\\Rakib Ahsan\\Desktop\\tarik vai\\Codeigniter_project\\public\\index.php')
WARNING - 2023-10-21 18:11:28 --> [DEPRECATED] DateTime::__construct(): Passing null to parameter #1 ($datetime) of type string is deprecated in APPPATH\Views\book_view.php on line 65.
 1 APPPATH\Views\book_view.php(65): DateTime->__construct(null)
 2 SYSTEMPATH\View\View.php(226): include('C:\\Users\\Rakib Ahsan\\Desktop\\tarik vai\\Codeigniter_project\\app\\Views\\book_view.php')
 3 SYSTEMPATH\View\View.php(229): CodeIgniter\View\View->CodeIgniter\View\{closure}()
 4 SYSTEMPATH\Common.php(1188): CodeIgniter\View\View->render('book_view', [], true)
 5 APPPATH\Controllers\Book.php(20): view('book_view', [...])
 6 SYSTEMPATH\CodeIgniter.php(919): App\Controllers\Book->index()
 7 SYSTEMPATH\CodeIgniter.php(494): CodeIgniter\CodeIgniter->runController(Object(App\Controllers\Book))
 8 SYSTEMPATH\CodeIgniter.php(353): CodeIgniter\CodeIgniter->handleRequest(null, Object(Config\Cache), false)
 9 FCPATH\index.php(79): CodeIgniter\CodeIgniter->run()
10 SYSTEMPATH\Commands\Server\rewrite.php(47): require_once('C:\\Users\\Rakib Ahsan\\Desktop\\tarik vai\\Codeigniter_project\\public\\index.php')
WARNING - 2023-10-21 18:11:28 --> [DEPRECATED] DateTime::__construct(): Passing null to parameter #1 ($datetime) of type string is deprecated in APPPATH\Views\book_view.php on line 64.
 1 APPPATH\Views\book_view.php(64): DateTime->__construct(null)
 2 SYSTEMPATH\View\View.php(226): include('C:\\Users\\Rakib Ahsan\\Desktop\\tarik vai\\Codeigniter_project\\app\\Views\\book_view.php')
 3 SYSTEMPATH\View\View.php(229): CodeIgniter\View\View->CodeIgniter\View\{closure}()
 4 SYSTEMPATH\Common.php(1188): CodeIgniter\View\View->render('book_view', [], true)
 5 APPPATH\Controllers\Book.php(20): view('book_view', [...])
 6 SYSTEMPATH\CodeIgniter.php(919): App\Controllers\Book->index()
 7 SYSTEMPATH\CodeIgniter.php(494): CodeIgniter\CodeIgniter->runController(Object(App\Controllers\Book))
 8 SYSTEMPATH\CodeIgniter.php(353): CodeIgniter\CodeIgniter->handleRequest(null, Object(Config\Cache), false)
 9 FCPATH\index.php(79): CodeIgniter\CodeIgniter->run()
10 SYSTEMPATH\Commands\Server\rewrite.php(47): require_once('C:\\Users\\Rakib Ahsan\\Desktop\\tarik vai\\Codeigniter_project\\public\\index.php')
WARNING - 2023-10-21 18:11:28 --> [DEPRECATED] DateTime::__construct(): Passing null to parameter #1 ($datetime) of type string is deprecated in APPPATH\Views\book_view.php on line 65.
 1 APPPATH\Views\book_view.php(65): DateTime->__construct(null)
 2 SYSTEMPATH\View\View.php(226): include('C:\\Users\\Rakib Ahsan\\Desktop\\tarik vai\\Codeigniter_project\\app\\Views\\book_view.php')
 3 SYSTEMPATH\View\View.php(229): CodeIgniter\View\View->CodeIgniter\View\{closure}()
 4 SYSTEMPATH\Common.php(1188): CodeIgniter\View\View->render('book_view', [], true)
 5 APPPATH\Controllers\Book.php(20): view('book_view', [...])
 6 SYSTEMPATH\CodeIgniter.php(919): App\Controllers\Book->index()
 7 SYSTEMPATH\CodeIgniter.php(494): CodeIgniter\CodeIgniter->runController(Object(App\Controllers\Book))
 8 SYSTEMPATH\CodeIgniter.php(353): CodeIgniter\CodeIgniter->handleRequest(null, Object(Config\Cache), false)
 9 FCPATH\index.php(79): CodeIgniter\CodeIgniter->run()
10 SYSTEMPATH\Commands\Server\rewrite.php(47): require_once('C:\\Users\\Rakib Ahsan\\Desktop\\tarik vai\\Codeigniter_project\\public\\index.php')
CRITICAL - 2023-10-21 18:19:12 --> Undefined variable $book
in APPPATH\Views\book_view.php on line 42.
 1 APPPATH\Views\book_view.php(42): CodeIgniter\Debug\Exceptions->errorHandler(2, 'Undefined variable $book', 'C:\\Users\\Rakib Ahsan\\Desktop\\tarik vai\\Codeigniter_project\\app\\Views\\book_view.php', 42)
 2 SYSTEMPATH\View\View.php(226): include('C:\\Users\\Rakib Ahsan\\Desktop\\tarik vai\\Codeigniter_project\\app\\Views\\book_view.php')
 3 SYSTEMPATH\View\View.php(229): CodeIgniter\View\View->CodeIgniter\View\{closure}()
 4 SYSTEMPATH\Common.php(1188): CodeIgniter\View\View->render('book_view', [], true)
 5 APPPATH\Controllers\Book.php(24): view('book_view')
 6 SYSTEMPATH\CodeIgniter.php(919): App\Controllers\Book->booking()
 7 SYSTEMPATH\CodeIgniter.php(494): CodeIgniter\CodeIgniter->runController(Object(App\Controllers\Book))
 8 SYSTEMPATH\CodeIgniter.php(353): CodeIgniter\CodeIgniter->handleRequest(null, Object(Config\Cache), false)
 9 FCPATH\index.php(79): CodeIgniter\CodeIgniter->run()
10 SYSTEMPATH\Commands\Server\rewrite.php(47): require_once('C:\\Users\\Rakib Ahsan\\Desktop\\tarik vai\\Codeigniter_project\\public\\index.php')
CRITICAL - 2023-10-21 18:20:44 --> Undefined variable $roomtype
in APPPATH\Views\book_adds.php on line 36.
 1 APPPATH\Views\book_adds.php(36): CodeIgniter\Debug\Exceptions->errorHandler(2, 'Undefined variable $roomtype', 'C:\\Users\\Rakib Ahsan\\Desktop\\tarik vai\\Codeigniter_project\\app\\Views\\book_adds.php', 36)
 2 SYSTEMPATH\View\View.php(226): include('C:\\Users\\Rakib Ahsan\\Desktop\\tarik vai\\Codeigniter_project\\app\\Views\\book_adds.php')
 3 SYSTEMPATH\View\View.php(229): CodeIgniter\View\View->CodeIgniter\View\{closure}()
 4 SYSTEMPATH\Common.php(1188): CodeIgniter\View\View->render('book_adds', [], true)
 5 APPPATH\Controllers\Book.php(29): view('book_adds')
 6 SYSTEMPATH\CodeIgniter.php(919): App\Controllers\Book->booking()
 7 SYSTEMPATH\CodeIgniter.php(494): CodeIgniter\CodeIgniter->runController(Object(App\Controllers\Book))
 8 SYSTEMPATH\CodeIgniter.php(353): CodeIgniter\CodeIgniter->handleRequest(null, Object(Config\Cache), false)
 9 FCPATH\index.php(79): CodeIgniter\CodeIgniter->run()
10 SYSTEMPATH\Commands\Server\rewrite.php(47): require_once('C:\\Users\\Rakib Ahsan\\Desktop\\tarik vai\\Codeigniter_project\\public\\index.php')
CRITICAL - 2023-10-21 18:20:59 --> Undefined variable $roomtype
in APPPATH\Views\book_adds.php on line 36.
 1 APPPATH\Views\book_adds.php(36): CodeIgniter\Debug\Exceptions->errorHandler(2, 'Undefined variable $roomtype', 'C:\\Users\\Rakib Ahsan\\Desktop\\tarik vai\\Codeigniter_project\\app\\Views\\book_adds.php', 36)
 2 SYSTEMPATH\View\View.php(226): include('C:\\Users\\Rakib Ahsan\\Desktop\\tarik vai\\Codeigniter_project\\app\\Views\\book_adds.php')
 3 SYSTEMPATH\View\View.php(229): CodeIgniter\View\View->CodeIgniter\View\{closure}()
 4 SYSTEMPATH\Common.php(1188): CodeIgniter\View\View->render('book_adds', [], true)
 5 APPPATH\Controllers\Book.php(29): view('book_adds')
 6 SYSTEMPATH\CodeIgniter.php(919): App\Controllers\Book->booking()
 7 SYSTEMPATH\CodeIgniter.php(494): CodeIgniter\CodeIgniter->runController(Object(App\Controllers\Book))
 8 SYSTEMPATH\CodeIgniter.php(353): CodeIgniter\CodeIgniter->handleRequest(null, Object(Config\Cache), false)
 9 FCPATH\index.php(79): CodeIgniter\CodeIgniter->run()
10 SYSTEMPATH\Commands\Server\rewrite.php(47): require_once('C:\\Users\\Rakib Ahsan\\Desktop\\tarik vai\\Codeigniter_project\\public\\index.php')
CRITICAL - 2023-10-21 18:22:04 --> Undefined variable $roomtype
in APPPATH\Views\book_adds.php on line 36.
 1 APPPATH\Views\book_adds.php(36): CodeIgniter\Debug\Exceptions->errorHandler(2, 'Undefined variable $roomtype', 'C:\\Users\\Rakib Ahsan\\Desktop\\tarik vai\\Codeigniter_project\\app\\Views\\book_adds.php', 36)
 2 SYSTEMPATH\View\View.php(226): include('C:\\Users\\Rakib Ahsan\\Desktop\\tarik vai\\Codeigniter_project\\app\\Views\\book_adds.php')
 3 SYSTEMPATH\View\View.php(229): CodeIgniter\View\View->CodeIgniter\View\{closure}()
 4 SYSTEMPATH\Common.php(1188): CodeIgniter\View\View->render('book_adds', [], true)
 5 APPPATH\Controllers\Book.php(29): view('book_adds')
 6 SYSTEMPATH\CodeIgniter.php(919): App\Controllers\Book->booking()
 7 SYSTEMPATH\CodeIgniter.php(494): CodeIgniter\CodeIgniter->runController(Object(App\Controllers\Book))
 8 SYSTEMPATH\CodeIgniter.php(353): CodeIgniter\CodeIgniter->handleRequest(null, Object(Config\Cache), false)
 9 FCPATH\index.php(79): CodeIgniter\CodeIgniter->run()
10 SYSTEMPATH\Commands\Server\rewrite.php(47): require_once('C:\\Users\\Rakib Ahsan\\Desktop\\tarik vai\\Codeigniter_project\\public\\index.php')
CRITICAL - 2023-10-21 18:23:17 --> Undefined variable $book
in APPPATH\Views\book_view.php on line 42.
 1 APPPATH\Views\book_view.php(42): CodeIgniter\Debug\Exceptions->errorHandler(2, 'Undefined variable $book', 'C:\\Users\\Rakib Ahsan\\Desktop\\tarik vai\\Codeigniter_project\\app\\Views\\book_view.php', 42)
 2 SYSTEMPATH\View\View.php(226): include('C:\\Users\\Rakib Ahsan\\Desktop\\tarik vai\\Codeigniter_project\\app\\Views\\book_view.php')
 3 SYSTEMPATH\View\View.php(229): CodeIgniter\View\View->CodeIgniter\View\{closure}()
 4 SYSTEMPATH\Common.php(1188): CodeIgniter\View\View->render('book_view', [], true)
 5 APPPATH\Controllers\Book.php(29): view('book_view', [...])
 6 SYSTEMPATH\CodeIgniter.php(919): App\Controllers\Book->booking()
 7 SYSTEMPATH\CodeIgniter.php(494): CodeIgniter\CodeIgniter->runController(Object(App\Controllers\Book))
 8 SYSTEMPATH\CodeIgniter.php(353): CodeIgniter\CodeIgniter->handleRequest(null, Object(Config\Cache), false)
 9 FCPATH\index.php(79): CodeIgniter\CodeIgniter->run()
10 SYSTEMPATH\Commands\Server\rewrite.php(47): require_once('C:\\Users\\Rakib Ahsan\\Desktop\\tarik vai\\Codeigniter_project\\public\\index.php')
CRITICAL - 2023-10-21 18:23:35 --> Undefined variable $book
in APPPATH\Views\book_view.php on line 42.
 1 APPPATH\Views\book_view.php(42): CodeIgniter\Debug\Exceptions->errorHandler(2, 'Undefined variable $book', 'C:\\Users\\Rakib Ahsan\\Desktop\\tarik vai\\Codeigniter_project\\app\\Views\\book_view.php', 42)
 2 SYSTEMPATH\View\View.php(226): include('C:\\Users\\Rakib Ahsan\\Desktop\\tarik vai\\Codeigniter_project\\app\\Views\\book_view.php')
 3 SYSTEMPATH\View\View.php(229): CodeIgniter\View\View->CodeIgniter\View\{closure}()
 4 SYSTEMPATH\Common.php(1188): CodeIgniter\View\View->render('book_view', [], true)
 5 APPPATH\Controllers\Book.php(29): view('book_view', [...])
 6 SYSTEMPATH\CodeIgniter.php(919): App\Controllers\Book->booking()
 7 SYSTEMPATH\CodeIgniter.php(494): CodeIgniter\CodeIgniter->runController(Object(App\Controllers\Book))
 8 SYSTEMPATH\CodeIgniter.php(353): CodeIgniter\CodeIgniter->handleRequest(null, Object(Config\Cache), false)
 9 FCPATH\index.php(79): CodeIgniter\CodeIgniter->run()
10 SYSTEMPATH\Commands\Server\rewrite.php(47): require_once('C:\\Users\\Rakib Ahsan\\Desktop\\tarik vai\\Codeigniter_project\\public\\index.php')
