CRITICAL - 2023-10-17 00:01:41 --> Undefined variable $rooms
in APPPATH\Views\book_edit.php on line 32.
 1 APPPATH\Views\book_edit.php(32): CodeIgniter\Debug\Exceptions->errorHandler(2, 'Undefined variable $rooms', 'G:\\xampp\\htdocs\\Codeigniter_project\\app\\Views\\book_edit.php', 32)
 2 SYSTEMPATH\View\View.php(226): include('G:\\xampp\\htdocs\\Codeigniter_project\\app\\Views\\book_edit.php')
 3 SYSTEMPATH\View\View.php(229): CodeIgniter\View\View->CodeIgniter\View\{closure}()
 4 SYSTEMPATH\Common.php(1188): CodeIgniter\View\View->render('book_edit', [], true)
 5 APPPATH\Controllers\Book.php(43): view('book_edit', [...])
 6 SYSTEMPATH\CodeIgniter.php(919): App\Controllers\Book->singleUser('22')
 7 SYSTEMPATH\CodeIgniter.php(494): CodeIgniter\CodeIgniter->runController(Object(App\Controllers\Book))
 8 SYSTEMPATH\CodeIgniter.php(353): CodeIgniter\CodeIgniter->handleRequest(null, Object(Config\Cache), false)
 9 FCPATH\index.php(79): CodeIgniter\CodeIgniter->run()
10 SYSTEMPATH\Commands\Server\rewrite.php(47): require_once('G:\\xampp\\htdocs\\Codeigniter_project\\public\\index.php')
CRITICAL - 2023-10-17 00:03:02 --> Undefined variable $books
in APPPATH\Views\book_edit.php on line 32.
 1 APPPATH\Views\book_edit.php(32): CodeIgniter\Debug\Exceptions->errorHandler(2, 'Undefined variable $books', 'G:\\xampp\\htdocs\\Codeigniter_project\\app\\Views\\book_edit.php', 32)
 2 SYSTEMPATH\View\View.php(226): include('G:\\xampp\\htdocs\\Codeigniter_project\\app\\Views\\book_edit.php')
 3 SYSTEMPATH\View\View.php(229): CodeIgniter\View\View->CodeIgniter\View\{closure}()
 4 SYSTEMPATH\Common.php(1188): CodeIgniter\View\View->render('book_edit', [], true)
 5 APPPATH\Controllers\Book.php(43): view('book_edit', [...])
 6 SYSTEMPATH\CodeIgniter.php(919): App\Controllers\Book->singleUser('22')
 7 SYSTEMPATH\CodeIgniter.php(494): CodeIgniter\CodeIgniter->runController(Object(App\Controllers\Book))
 8 SYSTEMPATH\CodeIgniter.php(353): CodeIgniter\CodeIgniter->handleRequest(null, Object(Config\Cache), false)
 9 FCPATH\index.php(79): CodeIgniter\CodeIgniter->run()
10 SYSTEMPATH\Commands\Server\rewrite.php(47): require_once('G:\\xampp\\htdocs\\Codeigniter_project\\public\\index.php')
CRITICAL - 2023-10-17 00:04:35 --> Undefined variable $book
in APPPATH\Views\book_edit.php on line 32.
 1 APPPATH\Views\book_edit.php(32): CodeIgniter\Debug\Exceptions->errorHandler(2, 'Undefined variable $book', 'G:\\xampp\\htdocs\\Codeigniter_project\\app\\Views\\book_edit.php', 32)
 2 SYSTEMPATH\View\View.php(226): include('G:\\xampp\\htdocs\\Codeigniter_project\\app\\Views\\book_edit.php')
 3 SYSTEMPATH\View\View.php(229): CodeIgniter\View\View->CodeIgniter\View\{closure}()
 4 SYSTEMPATH\Common.php(1188): CodeIgniter\View\View->render('book_edit', [], true)
 5 APPPATH\Controllers\Book.php(43): view('book_edit', [...])
 6 SYSTEMPATH\CodeIgniter.php(919): App\Controllers\Book->singleUser('22')
 7 SYSTEMPATH\CodeIgniter.php(494): CodeIgniter\CodeIgniter->runController(Object(App\Controllers\Book))
 8 SYSTEMPATH\CodeIgniter.php(353): CodeIgniter\CodeIgniter->handleRequest(null, Object(Config\Cache), false)
 9 FCPATH\index.php(79): CodeIgniter\CodeIgniter->run()
10 SYSTEMPATH\Commands\Server\rewrite.php(47): require_once('G:\\xampp\\htdocs\\Codeigniter_project\\public\\index.php')
CRITICAL - 2023-10-17 00:04:40 --> Undefined variable $book
in APPPATH\Views\book_edit.php on line 32.
 1 APPPATH\Views\book_edit.php(32): CodeIgniter\Debug\Exceptions->errorHandler(2, 'Undefined variable $book', 'G:\\xampp\\htdocs\\Codeigniter_project\\app\\Views\\book_edit.php', 32)
 2 SYSTEMPATH\View\View.php(226): include('G:\\xampp\\htdocs\\Codeigniter_project\\app\\Views\\book_edit.php')
 3 SYSTEMPATH\View\View.php(229): CodeIgniter\View\View->CodeIgniter\View\{closure}()
 4 SYSTEMPATH\Common.php(1188): CodeIgniter\View\View->render('book_edit', [], true)
 5 APPPATH\Controllers\Book.php(43): view('book_edit', [...])
 6 SYSTEMPATH\CodeIgniter.php(919): App\Controllers\Book->singleUser('22')
 7 SYSTEMPATH\CodeIgniter.php(494): CodeIgniter\CodeIgniter->runController(Object(App\Controllers\Book))
 8 SYSTEMPATH\CodeIgniter.php(353): CodeIgniter\CodeIgniter->handleRequest(null, Object(Config\Cache), false)
 9 FCPATH\index.php(79): CodeIgniter\CodeIgniter->run()
10 SYSTEMPATH\Commands\Server\rewrite.php(47): require_once('G:\\xampp\\htdocs\\Codeigniter_project\\public\\index.php')
CRITICAL - 2023-10-17 00:09:39 --> Undefined variable $book
in APPPATH\Views\book_edit.php on line 32.
 1 APPPATH\Views\book_edit.php(32): CodeIgniter\Debug\Exceptions->errorHandler(2, 'Undefined variable $book', 'G:\\xampp\\htdocs\\Codeigniter_project\\app\\Views\\book_edit.php', 32)
 2 SYSTEMPATH\View\View.php(226): include('G:\\xampp\\htdocs\\Codeigniter_project\\app\\Views\\book_edit.php')
 3 SYSTEMPATH\View\View.php(229): CodeIgniter\View\View->CodeIgniter\View\{closure}()
 4 SYSTEMPATH\Common.php(1188): CodeIgniter\View\View->render('book_edit', [], true)
 5 APPPATH\Controllers\Book.php(43): view('book_edit', [...])
 6 SYSTEMPATH\CodeIgniter.php(919): App\Controllers\Book->singleUser('22')
 7 SYSTEMPATH\CodeIgniter.php(494): CodeIgniter\CodeIgniter->runController(Object(App\Controllers\Book))
 8 SYSTEMPATH\CodeIgniter.php(353): CodeIgniter\CodeIgniter->handleRequest(null, Object(Config\Cache), false)
 9 FCPATH\index.php(79): CodeIgniter\CodeIgniter->run()
10 SYSTEMPATH\Commands\Server\rewrite.php(47): require_once('G:\\xampp\\htdocs\\Codeigniter_project\\public\\index.php')
CRITICAL - 2023-10-17 00:11:24 --> Undefined variable $booking
in APPPATH\Views\book_edit.php on line 32.
 1 APPPATH\Views\book_edit.php(32): CodeIgniter\Debug\Exceptions->errorHandler(2, 'Undefined variable $booking', 'G:\\xampp\\htdocs\\Codeigniter_project\\app\\Views\\book_edit.php', 32)
 2 SYSTEMPATH\View\View.php(226): include('G:\\xampp\\htdocs\\Codeigniter_project\\app\\Views\\book_edit.php')
 3 SYSTEMPATH\View\View.php(229): CodeIgniter\View\View->CodeIgniter\View\{closure}()
 4 SYSTEMPATH\Common.php(1188): CodeIgniter\View\View->render('book_edit', [], true)
 5 APPPATH\Controllers\Book.php(43): view('book_edit', [...])
 6 SYSTEMPATH\CodeIgniter.php(919): App\Controllers\Book->singleUser('22')
 7 SYSTEMPATH\CodeIgniter.php(494): CodeIgniter\CodeIgniter->runController(Object(App\Controllers\Book))
 8 SYSTEMPATH\CodeIgniter.php(353): CodeIgniter\CodeIgniter->handleRequest(null, Object(Config\Cache), false)
 9 FCPATH\index.php(79): CodeIgniter\CodeIgniter->run()
10 SYSTEMPATH\Commands\Server\rewrite.php(47): require_once('G:\\xampp\\htdocs\\Codeigniter_project\\public\\index.php')
CRITICAL - 2023-10-17 00:41:27 --> Undefined variable $rooms
in APPPATH\Views\backend\common\dashboard.php on line 44.
 1 APPPATH\Views\backend\common\dashboard.php(44): CodeIgniter\Debug\Exceptions->errorHandler(2, 'Undefined variable $rooms', 'G:\\xampp\\htdocs\\Codeigniter_project\\app\\Views\\backend\\common\\dashboard.php', 44)
 2 SYSTEMPATH\View\View.php(226): include('G:\\xampp\\htdocs\\Codeigniter_project\\app\\Views\\backend\\common\\dashboard.php')
 3 SYSTEMPATH\View\View.php(229): CodeIgniter\View\View->CodeIgniter\View\{closure}()
 4 SYSTEMPATH\View\View.php(467): CodeIgniter\View\View->render('backend/common/dashboard', null, true)
 5 APPPATH\Views\master.php(3): CodeIgniter\View\View->include('backend/common/dashboard')
 6 SYSTEMPATH\View\View.php(226): include('G:\\xampp\\htdocs\\Codeigniter_project\\app\\Views\\master.php')
 7 SYSTEMPATH\View\View.php(229): CodeIgniter\View\View->CodeIgniter\View\{closure}()
 8 SYSTEMPATH\Common.php(1188): CodeIgniter\View\View->render('master', [], true)
 9 APPPATH\Controllers\Master.php(20): view('master', [...])
10 SYSTEMPATH\CodeIgniter.php(919): App\Controllers\Master->dash()
11 SYSTEMPATH\CodeIgniter.php(494): CodeIgniter\CodeIgniter->runController(Object(App\Controllers\Master))
12 SYSTEMPATH\CodeIgniter.php(353): CodeIgniter\CodeIgniter->handleRequest(null, Object(Config\Cache), false)
13 FCPATH\index.php(79): CodeIgniter\CodeIgniter->run()
14 SYSTEMPATH\Commands\Server\rewrite.php(47): require_once('G:\\xampp\\htdocs\\Codeigniter_project\\public\\index.php')
CRITICAL - 2023-10-17 00:47:13 --> Undefined variable $rooms
in APPPATH\Views\backend\common\dashboard.php on line 44.
 1 APPPATH\Views\backend\common\dashboard.php(44): CodeIgniter\Debug\Exceptions->errorHandler(2, 'Undefined variable $rooms', 'G:\\xampp\\htdocs\\Codeigniter_project\\app\\Views\\backend\\common\\dashboard.php', 44)
 2 SYSTEMPATH\View\View.php(226): include('G:\\xampp\\htdocs\\Codeigniter_project\\app\\Views\\backend\\common\\dashboard.php')
 3 SYSTEMPATH\View\View.php(229): CodeIgniter\View\View->CodeIgniter\View\{closure}()
 4 SYSTEMPATH\View\View.php(467): CodeIgniter\View\View->render('backend/common/dashboard', null, true)
 5 APPPATH\Views\master.php(3): CodeIgniter\View\View->include('backend/common/dashboard')
 6 SYSTEMPATH\View\View.php(226): include('G:\\xampp\\htdocs\\Codeigniter_project\\app\\Views\\master.php')
 7 SYSTEMPATH\View\View.php(229): CodeIgniter\View\View->CodeIgniter\View\{closure}()
 8 SYSTEMPATH\Common.php(1188): CodeIgniter\View\View->render('master', [], true)
 9 APPPATH\Controllers\Master.php(20): view('master', [...])
10 SYSTEMPATH\CodeIgniter.php(919): App\Controllers\Master->dash()
11 SYSTEMPATH\CodeIgniter.php(494): CodeIgniter\CodeIgniter->runController(Object(App\Controllers\Master))
12 SYSTEMPATH\CodeIgniter.php(353): CodeIgniter\CodeIgniter->handleRequest(null, Object(Config\Cache), false)
13 FCPATH\index.php(79): CodeIgniter\CodeIgniter->run()
14 SYSTEMPATH\Commands\Server\rewrite.php(47): require_once('G:\\xampp\\htdocs\\Codeigniter_project\\public\\index.php')
CRITICAL - 2023-10-17 00:49:06 --> Undefined variable $rooms
in APPPATH\Views\backend\common\dashboard.php on line 44.
 1 APPPATH\Views\backend\common\dashboard.php(44): CodeIgniter\Debug\Exceptions->errorHandler(2, 'Undefined variable $rooms', 'G:\\xampp\\htdocs\\Codeigniter_project\\app\\Views\\backend\\common\\dashboard.php', 44)
 2 SYSTEMPATH\View\View.php(226): include('G:\\xampp\\htdocs\\Codeigniter_project\\app\\Views\\backend\\common\\dashboard.php')
 3 SYSTEMPATH\View\View.php(229): CodeIgniter\View\View->CodeIgniter\View\{closure}()
 4 SYSTEMPATH\View\View.php(467): CodeIgniter\View\View->render('backend/common/dashboard', null, true)
 5 APPPATH\Views\master.php(3): CodeIgniter\View\View->include('backend/common/dashboard')
 6 SYSTEMPATH\View\View.php(226): include('G:\\xampp\\htdocs\\Codeigniter_project\\app\\Views\\master.php')
 7 SYSTEMPATH\View\View.php(229): CodeIgniter\View\View->CodeIgniter\View\{closure}()
 8 SYSTEMPATH\Common.php(1188): CodeIgniter\View\View->render('master', [], true)
 9 APPPATH\Controllers\Master.php(20): view('master', [...])
10 SYSTEMPATH\CodeIgniter.php(919): App\Controllers\Master->dash()
11 SYSTEMPATH\CodeIgniter.php(494): CodeIgniter\CodeIgniter->runController(Object(App\Controllers\Master))
12 SYSTEMPATH\CodeIgniter.php(353): CodeIgniter\CodeIgniter->handleRequest(null, Object(Config\Cache), false)
13 FCPATH\index.php(79): CodeIgniter\CodeIgniter->run()
14 SYSTEMPATH\Commands\Server\rewrite.php(47): require_once('G:\\xampp\\htdocs\\Codeigniter_project\\public\\index.php')
CRITICAL - 2023-10-17 00:49:10 --> Undefined variable $rooms
in APPPATH\Views\backend\common\dashboard.php on line 44.
 1 APPPATH\Views\backend\common\dashboard.php(44): CodeIgniter\Debug\Exceptions->errorHandler(2, 'Undefined variable $rooms', 'G:\\xampp\\htdocs\\Codeigniter_project\\app\\Views\\backend\\common\\dashboard.php', 44)
 2 SYSTEMPATH\View\View.php(226): include('G:\\xampp\\htdocs\\Codeigniter_project\\app\\Views\\backend\\common\\dashboard.php')
 3 SYSTEMPATH\View\View.php(229): CodeIgniter\View\View->CodeIgniter\View\{closure}()
 4 SYSTEMPATH\View\View.php(467): CodeIgniter\View\View->render('backend/common/dashboard', null, true)
 5 APPPATH\Views\master.php(3): CodeIgniter\View\View->include('backend/common/dashboard')
 6 SYSTEMPATH\View\View.php(226): include('G:\\xampp\\htdocs\\Codeigniter_project\\app\\Views\\master.php')
 7 SYSTEMPATH\View\View.php(229): CodeIgniter\View\View->CodeIgniter\View\{closure}()
 8 SYSTEMPATH\Common.php(1188): CodeIgniter\View\View->render('master', [], true)
 9 APPPATH\Controllers\Master.php(20): view('master', [...])
10 SYSTEMPATH\CodeIgniter.php(919): App\Controllers\Master->dash()
11 SYSTEMPATH\CodeIgniter.php(494): CodeIgniter\CodeIgniter->runController(Object(App\Controllers\Master))
12 SYSTEMPATH\CodeIgniter.php(353): CodeIgniter\CodeIgniter->handleRequest(null, Object(Config\Cache), false)
13 FCPATH\index.php(79): CodeIgniter\CodeIgniter->run()
14 SYSTEMPATH\Commands\Server\rewrite.php(47): require_once('G:\\xampp\\htdocs\\Codeigniter_project\\public\\index.php')
