INFO - 2023-10-18 02:49:58 --> Session: Class initialized using 'CodeIgniter\Session\Handlers\FileHandler' driver.
INFO - 2023-10-18 02:51:04 --> Session: Class initialized using 'CodeIgniter\Session\Handlers\FileHandler' driver.
INFO - 2023-10-18 02:51:16 --> Session: Class initialized using 'CodeIgniter\Session\Handlers\FileHandler' driver.
ERROR - 2023-10-18 03:18:34 --> mysqli_sql_exception: Unknown column 'id' in 'where clause' in E:\xampp\htdocs\Codeigniter_project\system\Database\MySQLi\Connection.php:306
Stack trace:
#0 E:\xampp\htdocs\Codeigniter_project\system\Database\MySQLi\Connection.php(306): mysqli->query('SELECT *\nFROM `...', 0)
#1 E:\xampp\htdocs\Codeigniter_project\system\Database\BaseConnection.php(692): CodeIgniter\Database\MySQLi\Connection->execute('SELECT *\nFROM `...')
#2 E:\xampp\htdocs\Codeigniter_project\system\Database\BaseConnection.php(606): CodeIgniter\Database\BaseConnection->simpleQuery('SELECT *\nFROM `...')
#3 E:\xampp\htdocs\Codeigniter_project\system\Database\BaseBuilder.php(1615): CodeIgniter\Database\BaseConnection->query('SELECT *\nFROM `...', Array, false)
#4 E:\xampp\htdocs\Codeigniter_project\system\Model.php(264): CodeIgniter\Database\BaseBuilder->get()
#5 E:\xampp\htdocs\Codeigniter_project\system\BaseModel.php(662): CodeIgniter\Model->doFirst()
#6 E:\xampp\htdocs\Codeigniter_project\app\Controllers\RoomController.php(46): CodeIgniter\BaseModel->first()
#7 E:\xampp\htdocs\Codeigniter_project\system\CodeIgniter.php(919): App\Controllers\RoomController->singleUser('12')
#8 E:\xampp\htdocs\Codeigniter_project\system\CodeIgniter.php(494): CodeIgniter\CodeIgniter->runController(Object(App\Controllers\RoomController))
#9 E:\xampp\htdocs\Codeigniter_project\system\CodeIgniter.php(353): CodeIgniter\CodeIgniter->handleRequest(NULL, Object(Config\Cache), false)
#10 E:\xampp\htdocs\Codeigniter_project\public\index.php(79): CodeIgniter\CodeIgniter->run()
#11 E:\xampp\htdocs\Codeigniter_project\system\Commands\Server\rewrite.php(47): require_once('E:\\xampp\\htdocs...')
#12 {main}
CRITICAL - 2023-10-18 03:18:34 --> Unknown column 'id' in 'where clause'
in SYSTEMPATH\Database\BaseConnection.php on line 646.
 1 SYSTEMPATH\Database\BaseBuilder.php(1615): CodeIgniter\Database\BaseConnection->query('SELECT *
FROM `roomadd`
WHERE `id` = :id:
 LIMIT 1', [...], false)
 2 SYSTEMPATH\Model.php(264): CodeIgniter\Database\BaseBuilder->get()
 3 SYSTEMPATH\BaseModel.php(662): CodeIgniter\Model->doFirst()
 4 APPPATH\Controllers\RoomController.php(46): CodeIgniter\BaseModel->first()
 5 SYSTEMPATH\CodeIgniter.php(919): App\Controllers\RoomController->singleUser('12')
 6 SYSTEMPATH\CodeIgniter.php(494): CodeIgniter\CodeIgniter->runController(Object(App\Controllers\RoomController))
 7 SYSTEMPATH\CodeIgniter.php(353): CodeIgniter\CodeIgniter->handleRequest(null, Object(Config\Cache), false)
 8 FCPATH\index.php(79): CodeIgniter\CodeIgniter->run()
 9 SYSTEMPATH\Commands\Server\rewrite.php(47): require_once('E:\\xampp\\htdocs\\Codeigniter_project\\public\\index.php')
INFO - 2023-10-18 03:19:00 --> Session: Class initialized using 'CodeIgniter\Session\Handlers\FileHandler' driver.
INFO - 2023-10-18 03:19:03 --> Session: Class initialized using 'CodeIgniter\Session\Handlers\FileHandler' driver.
CRITICAL - 2023-10-18 03:19:06 --> Undefined array key "image"
in APPPATH\Views\employ_view.php on line 40.
 1 APPPATH\Views\employ_view.php(40): CodeIgniter\Debug\Exceptions->errorHandler(2, 'Undefined array key "image"', 'E:\\xampp\\htdocs\\Codeigniter_project\\app\\Views\\employ_view.php', 40)
 2 SYSTEMPATH\View\View.php(226): include('E:\\xampp\\htdocs\\Codeigniter_project\\app\\Views\\employ_view.php')
 3 SYSTEMPATH\View\View.php(229): CodeIgniter\View\View->CodeIgniter\View\{closure}()
 4 SYSTEMPATH\Common.php(1188): CodeIgniter\View\View->render('employ_view', [], true)
 5 APPPATH\Controllers\EmployController.php(11): view('employ_view', [...])
 6 SYSTEMPATH\CodeIgniter.php(919): App\Controllers\EmployController->employ()
 7 SYSTEMPATH\CodeIgniter.php(494): CodeIgniter\CodeIgniter->runController(Object(App\Controllers\EmployController))
 8 SYSTEMPATH\CodeIgniter.php(353): CodeIgniter\CodeIgniter->handleRequest(null, Object(Config\Cache), false)
 9 FCPATH\index.php(79): CodeIgniter\CodeIgniter->run()
10 SYSTEMPATH\Commands\Server\rewrite.php(47): require_once('E:\\xampp\\htdocs\\Codeigniter_project\\public\\index.php')
ERROR - 2023-10-18 03:25:05 --> mysqli_sql_exception: Unknown column 'id' in 'where clause' in E:\xampp\htdocs\Codeigniter_project\system\Database\MySQLi\Connection.php:306
Stack trace:
#0 E:\xampp\htdocs\Codeigniter_project\system\Database\MySQLi\Connection.php(306): mysqli->query('SELECT *\nFROM `...', 0)
#1 E:\xampp\htdocs\Codeigniter_project\system\Database\BaseConnection.php(692): CodeIgniter\Database\MySQLi\Connection->execute('SELECT *\nFROM `...')
#2 E:\xampp\htdocs\Codeigniter_project\system\Database\BaseConnection.php(606): CodeIgniter\Database\BaseConnection->simpleQuery('SELECT *\nFROM `...')
#3 E:\xampp\htdocs\Codeigniter_project\system\Database\BaseBuilder.php(1615): CodeIgniter\Database\BaseConnection->query('SELECT *\nFROM `...', Array, false)
#4 E:\xampp\htdocs\Codeigniter_project\system\Model.php(264): CodeIgniter\Database\BaseBuilder->get()
#5 E:\xampp\htdocs\Codeigniter_project\system\BaseModel.php(662): CodeIgniter\Model->doFirst()
#6 E:\xampp\htdocs\Codeigniter_project\app\Controllers\RoomController.php(46): CodeIgniter\BaseModel->first()
#7 E:\xampp\htdocs\Codeigniter_project\system\CodeIgniter.php(919): App\Controllers\RoomController->singleUser('5')
#8 E:\xampp\htdocs\Codeigniter_project\system\CodeIgniter.php(494): CodeIgniter\CodeIgniter->runController(Object(App\Controllers\RoomController))
#9 E:\xampp\htdocs\Codeigniter_project\system\CodeIgniter.php(353): CodeIgniter\CodeIgniter->handleRequest(NULL, Object(Config\Cache), false)
#10 E:\xampp\htdocs\Codeigniter_project\public\index.php(79): CodeIgniter\CodeIgniter->run()
#11 E:\xampp\htdocs\Codeigniter_project\system\Commands\Server\rewrite.php(47): require_once('E:\\xampp\\htdocs...')
#12 {main}
CRITICAL - 2023-10-18 03:25:05 --> Unknown column 'id' in 'where clause'
in SYSTEMPATH\Database\BaseConnection.php on line 646.
 1 SYSTEMPATH\Database\BaseBuilder.php(1615): CodeIgniter\Database\BaseConnection->query('SELECT *
FROM `roomadd`
WHERE `id` = :id:
 LIMIT 1', [...], false)
 2 SYSTEMPATH\Model.php(264): CodeIgniter\Database\BaseBuilder->get()
 3 SYSTEMPATH\BaseModel.php(662): CodeIgniter\Model->doFirst()
 4 APPPATH\Controllers\RoomController.php(46): CodeIgniter\BaseModel->first()
 5 SYSTEMPATH\CodeIgniter.php(919): App\Controllers\RoomController->singleUser('5')
 6 SYSTEMPATH\CodeIgniter.php(494): CodeIgniter\CodeIgniter->runController(Object(App\Controllers\RoomController))
 7 SYSTEMPATH\CodeIgniter.php(353): CodeIgniter\CodeIgniter->handleRequest(null, Object(Config\Cache), false)
 8 FCPATH\index.php(79): CodeIgniter\CodeIgniter->run()
 9 SYSTEMPATH\Commands\Server\rewrite.php(47): require_once('E:\\xampp\\htdocs\\Codeigniter_project\\public\\index.php')
ERROR - 2023-10-18 03:25:13 --> mysqli_sql_exception: Unknown column 'id' in 'where clause' in E:\xampp\htdocs\Codeigniter_project\system\Database\MySQLi\Connection.php:306
Stack trace:
#0 E:\xampp\htdocs\Codeigniter_project\system\Database\MySQLi\Connection.php(306): mysqli->query('SELECT *\nFROM `...', 0)
#1 E:\xampp\htdocs\Codeigniter_project\system\Database\BaseConnection.php(692): CodeIgniter\Database\MySQLi\Connection->execute('SELECT *\nFROM `...')
#2 E:\xampp\htdocs\Codeigniter_project\system\Database\BaseConnection.php(606): CodeIgniter\Database\BaseConnection->simpleQuery('SELECT *\nFROM `...')
#3 E:\xampp\htdocs\Codeigniter_project\system\Database\BaseBuilder.php(1615): CodeIgniter\Database\BaseConnection->query('SELECT *\nFROM `...', Array, false)
#4 E:\xampp\htdocs\Codeigniter_project\system\Model.php(264): CodeIgniter\Database\BaseBuilder->get()
#5 E:\xampp\htdocs\Codeigniter_project\system\BaseModel.php(662): CodeIgniter\Model->doFirst()
#6 E:\xampp\htdocs\Codeigniter_project\app\Controllers\RoomController.php(46): CodeIgniter\BaseModel->first()
#7 E:\xampp\htdocs\Codeigniter_project\system\CodeIgniter.php(919): App\Controllers\RoomController->singleUser('12')
#8 E:\xampp\htdocs\Codeigniter_project\system\CodeIgniter.php(494): CodeIgniter\CodeIgniter->runController(Object(App\Controllers\RoomController))
#9 E:\xampp\htdocs\Codeigniter_project\system\CodeIgniter.php(353): CodeIgniter\CodeIgniter->handleRequest(NULL, Object(Config\Cache), false)
#10 E:\xampp\htdocs\Codeigniter_project\public\index.php(79): CodeIgniter\CodeIgniter->run()
#11 E:\xampp\htdocs\Codeigniter_project\system\Commands\Server\rewrite.php(47): require_once('E:\\xampp\\htdocs...')
#12 {main}
CRITICAL - 2023-10-18 03:25:13 --> Unknown column 'id' in 'where clause'
in SYSTEMPATH\Database\BaseConnection.php on line 646.
 1 SYSTEMPATH\Database\BaseBuilder.php(1615): CodeIgniter\Database\BaseConnection->query('SELECT *
FROM `roomadd`
WHERE `id` = :id:
 LIMIT 1', [...], false)
 2 SYSTEMPATH\Model.php(264): CodeIgniter\Database\BaseBuilder->get()
 3 SYSTEMPATH\BaseModel.php(662): CodeIgniter\Model->doFirst()
 4 APPPATH\Controllers\RoomController.php(46): CodeIgniter\BaseModel->first()
 5 SYSTEMPATH\CodeIgniter.php(919): App\Controllers\RoomController->singleUser('12')
 6 SYSTEMPATH\CodeIgniter.php(494): CodeIgniter\CodeIgniter->runController(Object(App\Controllers\RoomController))
 7 SYSTEMPATH\CodeIgniter.php(353): CodeIgniter\CodeIgniter->handleRequest(null, Object(Config\Cache), false)
 8 FCPATH\index.php(79): CodeIgniter\CodeIgniter->run()
 9 SYSTEMPATH\Commands\Server\rewrite.php(47): require_once('E:\\xampp\\htdocs\\Codeigniter_project\\public\\index.php')
CRITICAL - 2023-10-18 03:35:50 --> Undefined variable $roomtype
in APPPATH\Views\book_print.php on line 31.
 1 APPPATH\Views\book_print.php(31): CodeIgniter\Debug\Exceptions->errorHandler(2, 'Undefined variable $roomtype', 'E:\\xampp\\htdocs\\Codeigniter_project\\app\\Views\\book_print.php', 31)
 2 SYSTEMPATH\View\View.php(226): include('E:\\xampp\\htdocs\\Codeigniter_project\\app\\Views\\book_print.php')
 3 SYSTEMPATH\View\View.php(229): CodeIgniter\View\View->CodeIgniter\View\{closure}()
 4 SYSTEMPATH\Common.php(1188): CodeIgniter\View\View->render('book_print', [], true)
 5 APPPATH\Controllers\Book.php(90): view('book_print', [...])
 6 SYSTEMPATH\CodeIgniter.php(919): App\Controllers\Book->singleprint('50')
 7 SYSTEMPATH\CodeIgniter.php(494): CodeIgniter\CodeIgniter->runController(Object(App\Controllers\Book))
 8 SYSTEMPATH\CodeIgniter.php(353): CodeIgniter\CodeIgniter->handleRequest(null, Object(Config\Cache), false)
 9 FCPATH\index.php(79): CodeIgniter\CodeIgniter->run()
10 SYSTEMPATH\Commands\Server\rewrite.php(47): require_once('E:\\xampp\\htdocs\\Codeigniter_project\\public\\index.php')
CRITICAL - 2023-10-18 03:37:10 --> Undefined variable $roomtype
in APPPATH\Views\book_print.php on line 33.
 1 APPPATH\Views\book_print.php(33): CodeIgniter\Debug\Exceptions->errorHandler(2, 'Undefined variable $roomtype', 'E:\\xampp\\htdocs\\Codeigniter_project\\app\\Views\\book_print.php', 33)
 2 SYSTEMPATH\View\View.php(226): include('E:\\xampp\\htdocs\\Codeigniter_project\\app\\Views\\book_print.php')
 3 SYSTEMPATH\View\View.php(229): CodeIgniter\View\View->CodeIgniter\View\{closure}()
 4 SYSTEMPATH\Common.php(1188): CodeIgniter\View\View->render('book_print', [], true)
 5 APPPATH\Controllers\Book.php(90): view('book_print', [...])
 6 SYSTEMPATH\CodeIgniter.php(919): App\Controllers\Book->singleprint('50')
 7 SYSTEMPATH\CodeIgniter.php(494): CodeIgniter\CodeIgniter->runController(Object(App\Controllers\Book))
 8 SYSTEMPATH\CodeIgniter.php(353): CodeIgniter\CodeIgniter->handleRequest(null, Object(Config\Cache), false)
 9 FCPATH\index.php(79): CodeIgniter\CodeIgniter->run()
10 SYSTEMPATH\Commands\Server\rewrite.php(47): require_once('E:\\xampp\\htdocs\\Codeigniter_project\\public\\index.php')
CRITICAL - 2023-10-18 03:53:22 --> Undefined variable $room
in APPPATH\Views\backend\common\dashboard.php on line 44.
 1 APPPATH\Views\backend\common\dashboard.php(44): CodeIgniter\Debug\Exceptions->errorHandler(2, 'Undefined variable $room', 'E:\\xampp\\htdocs\\Codeigniter_project\\app\\Views\\backend\\common\\dashboard.php', 44)
 2 SYSTEMPATH\View\View.php(226): include('E:\\xampp\\htdocs\\Codeigniter_project\\app\\Views\\backend\\common\\dashboard.php')
 3 SYSTEMPATH\View\View.php(229): CodeIgniter\View\View->CodeIgniter\View\{closure}()
 4 SYSTEMPATH\View\View.php(467): CodeIgniter\View\View->render('backend/common/dashboard', null, true)
 5 APPPATH\Views\master.php(3): CodeIgniter\View\View->include('backend/common/dashboard')
 6 SYSTEMPATH\View\View.php(226): include('E:\\xampp\\htdocs\\Codeigniter_project\\app\\Views\\master.php')
 7 SYSTEMPATH\View\View.php(229): CodeIgniter\View\View->CodeIgniter\View\{closure}()
 8 SYSTEMPATH\Common.php(1188): CodeIgniter\View\View->render('master', [], true)
 9 APPPATH\Controllers\Master.php(20): view('master', [...])
10 SYSTEMPATH\CodeIgniter.php(919): App\Controllers\Master->dash()
11 SYSTEMPATH\CodeIgniter.php(494): CodeIgniter\CodeIgniter->runController(Object(App\Controllers\Master))
12 SYSTEMPATH\CodeIgniter.php(353): CodeIgniter\CodeIgniter->handleRequest(null, Object(Config\Cache), false)
13 FCPATH\index.php(79): CodeIgniter\CodeIgniter->run()
14 SYSTEMPATH\Commands\Server\rewrite.php(47): require_once('E:\\xampp\\htdocs\\Codeigniter_project\\public\\index.php')
CRITICAL - 2023-10-18 03:53:41 --> Undefined variable $room
in APPPATH\Views\backend\common\dashboard.php on line 44.
 1 APPPATH\Views\backend\common\dashboard.php(44): CodeIgniter\Debug\Exceptions->errorHandler(2, 'Undefined variable $room', 'E:\\xampp\\htdocs\\Codeigniter_project\\app\\Views\\backend\\common\\dashboard.php', 44)
 2 SYSTEMPATH\View\View.php(226): include('E:\\xampp\\htdocs\\Codeigniter_project\\app\\Views\\backend\\common\\dashboard.php')
 3 SYSTEMPATH\View\View.php(229): CodeIgniter\View\View->CodeIgniter\View\{closure}()
 4 SYSTEMPATH\View\View.php(467): CodeIgniter\View\View->render('backend/common/dashboard', null, true)
 5 APPPATH\Views\master.php(3): CodeIgniter\View\View->include('backend/common/dashboard')
 6 SYSTEMPATH\View\View.php(226): include('E:\\xampp\\htdocs\\Codeigniter_project\\app\\Views\\master.php')
 7 SYSTEMPATH\View\View.php(229): CodeIgniter\View\View->CodeIgniter\View\{closure}()
 8 SYSTEMPATH\Common.php(1188): CodeIgniter\View\View->render('master', [], true)
 9 APPPATH\Controllers\Master.php(20): view('master', [...])
10 SYSTEMPATH\CodeIgniter.php(919): App\Controllers\Master->dash()
11 SYSTEMPATH\CodeIgniter.php(494): CodeIgniter\CodeIgniter->runController(Object(App\Controllers\Master))
12 SYSTEMPATH\CodeIgniter.php(353): CodeIgniter\CodeIgniter->handleRequest(null, Object(Config\Cache), false)
13 FCPATH\index.php(79): CodeIgniter\CodeIgniter->run()
14 SYSTEMPATH\Commands\Server\rewrite.php(47): require_once('E:\\xampp\\htdocs\\Codeigniter_project\\public\\index.php')
CRITICAL - 2023-10-18 03:53:42 --> Undefined variable $room
in APPPATH\Views\backend\common\dashboard.php on line 44.
 1 APPPATH\Views\backend\common\dashboard.php(44): CodeIgniter\Debug\Exceptions->errorHandler(2, 'Undefined variable $room', 'E:\\xampp\\htdocs\\Codeigniter_project\\app\\Views\\backend\\common\\dashboard.php', 44)
 2 SYSTEMPATH\View\View.php(226): include('E:\\xampp\\htdocs\\Codeigniter_project\\app\\Views\\backend\\common\\dashboard.php')
 3 SYSTEMPATH\View\View.php(229): CodeIgniter\View\View->CodeIgniter\View\{closure}()
 4 SYSTEMPATH\View\View.php(467): CodeIgniter\View\View->render('backend/common/dashboard', null, true)
 5 APPPATH\Views\master.php(3): CodeIgniter\View\View->include('backend/common/dashboard')
 6 SYSTEMPATH\View\View.php(226): include('E:\\xampp\\htdocs\\Codeigniter_project\\app\\Views\\master.php')
 7 SYSTEMPATH\View\View.php(229): CodeIgniter\View\View->CodeIgniter\View\{closure}()
 8 SYSTEMPATH\Common.php(1188): CodeIgniter\View\View->render('master', [], true)
 9 APPPATH\Controllers\Master.php(20): view('master', [...])
10 SYSTEMPATH\CodeIgniter.php(919): App\Controllers\Master->dash()
11 SYSTEMPATH\CodeIgniter.php(494): CodeIgniter\CodeIgniter->runController(Object(App\Controllers\Master))
12 SYSTEMPATH\CodeIgniter.php(353): CodeIgniter\CodeIgniter->handleRequest(null, Object(Config\Cache), false)
13 FCPATH\index.php(79): CodeIgniter\CodeIgniter->run()
14 SYSTEMPATH\Commands\Server\rewrite.php(47): require_once('E:\\xampp\\htdocs\\Codeigniter_project\\public\\index.php')
CRITICAL - 2023-10-18 03:53:43 --> Undefined variable $room
in APPPATH\Views\backend\common\dashboard.php on line 44.
 1 APPPATH\Views\backend\common\dashboard.php(44): CodeIgniter\Debug\Exceptions->errorHandler(2, 'Undefined variable $room', 'E:\\xampp\\htdocs\\Codeigniter_project\\app\\Views\\backend\\common\\dashboard.php', 44)
 2 SYSTEMPATH\View\View.php(226): include('E:\\xampp\\htdocs\\Codeigniter_project\\app\\Views\\backend\\common\\dashboard.php')
 3 SYSTEMPATH\View\View.php(229): CodeIgniter\View\View->CodeIgniter\View\{closure}()
 4 SYSTEMPATH\View\View.php(467): CodeIgniter\View\View->render('backend/common/dashboard', null, true)
 5 APPPATH\Views\master.php(3): CodeIgniter\View\View->include('backend/common/dashboard')
 6 SYSTEMPATH\View\View.php(226): include('E:\\xampp\\htdocs\\Codeigniter_project\\app\\Views\\master.php')
 7 SYSTEMPATH\View\View.php(229): CodeIgniter\View\View->CodeIgniter\View\{closure}()
 8 SYSTEMPATH\Common.php(1188): CodeIgniter\View\View->render('master', [], true)
 9 APPPATH\Controllers\Master.php(20): view('master', [...])
10 SYSTEMPATH\CodeIgniter.php(919): App\Controllers\Master->dash()
11 SYSTEMPATH\CodeIgniter.php(494): CodeIgniter\CodeIgniter->runController(Object(App\Controllers\Master))
12 SYSTEMPATH\CodeIgniter.php(353): CodeIgniter\CodeIgniter->handleRequest(null, Object(Config\Cache), false)
13 FCPATH\index.php(79): CodeIgniter\CodeIgniter->run()
14 SYSTEMPATH\Commands\Server\rewrite.php(47): require_once('E:\\xampp\\htdocs\\Codeigniter_project\\public\\index.php')
CRITICAL - 2023-10-18 03:53:44 --> Undefined variable $room
in APPPATH\Views\backend\common\dashboard.php on line 44.
 1 APPPATH\Views\backend\common\dashboard.php(44): CodeIgniter\Debug\Exceptions->errorHandler(2, 'Undefined variable $room', 'E:\\xampp\\htdocs\\Codeigniter_project\\app\\Views\\backend\\common\\dashboard.php', 44)
 2 SYSTEMPATH\View\View.php(226): include('E:\\xampp\\htdocs\\Codeigniter_project\\app\\Views\\backend\\common\\dashboard.php')
 3 SYSTEMPATH\View\View.php(229): CodeIgniter\View\View->CodeIgniter\View\{closure}()
 4 SYSTEMPATH\View\View.php(467): CodeIgniter\View\View->render('backend/common/dashboard', null, true)
 5 APPPATH\Views\master.php(3): CodeIgniter\View\View->include('backend/common/dashboard')
 6 SYSTEMPATH\View\View.php(226): include('E:\\xampp\\htdocs\\Codeigniter_project\\app\\Views\\master.php')
 7 SYSTEMPATH\View\View.php(229): CodeIgniter\View\View->CodeIgniter\View\{closure}()
 8 SYSTEMPATH\Common.php(1188): CodeIgniter\View\View->render('master', [], true)
 9 APPPATH\Controllers\Master.php(20): view('master', [...])
10 SYSTEMPATH\CodeIgniter.php(919): App\Controllers\Master->dash()
11 SYSTEMPATH\CodeIgniter.php(494): CodeIgniter\CodeIgniter->runController(Object(App\Controllers\Master))
12 SYSTEMPATH\CodeIgniter.php(353): CodeIgniter\CodeIgniter->handleRequest(null, Object(Config\Cache), false)
13 FCPATH\index.php(79): CodeIgniter\CodeIgniter->run()
14 SYSTEMPATH\Commands\Server\rewrite.php(47): require_once('E:\\xampp\\htdocs\\Codeigniter_project\\public\\index.php')
CRITICAL - 2023-10-18 03:53:44 --> Undefined variable $room
in APPPATH\Views\backend\common\dashboard.php on line 44.
 1 APPPATH\Views\backend\common\dashboard.php(44): CodeIgniter\Debug\Exceptions->errorHandler(2, 'Undefined variable $room', 'E:\\xampp\\htdocs\\Codeigniter_project\\app\\Views\\backend\\common\\dashboard.php', 44)
 2 SYSTEMPATH\View\View.php(226): include('E:\\xampp\\htdocs\\Codeigniter_project\\app\\Views\\backend\\common\\dashboard.php')
 3 SYSTEMPATH\View\View.php(229): CodeIgniter\View\View->CodeIgniter\View\{closure}()
 4 SYSTEMPATH\View\View.php(467): CodeIgniter\View\View->render('backend/common/dashboard', null, true)
 5 APPPATH\Views\master.php(3): CodeIgniter\View\View->include('backend/common/dashboard')
 6 SYSTEMPATH\View\View.php(226): include('E:\\xampp\\htdocs\\Codeigniter_project\\app\\Views\\master.php')
 7 SYSTEMPATH\View\View.php(229): CodeIgniter\View\View->CodeIgniter\View\{closure}()
 8 SYSTEMPATH\Common.php(1188): CodeIgniter\View\View->render('master', [], true)
 9 APPPATH\Controllers\Master.php(20): view('master', [...])
10 SYSTEMPATH\CodeIgniter.php(919): App\Controllers\Master->dash()
11 SYSTEMPATH\CodeIgniter.php(494): CodeIgniter\CodeIgniter->runController(Object(App\Controllers\Master))
12 SYSTEMPATH\CodeIgniter.php(353): CodeIgniter\CodeIgniter->handleRequest(null, Object(Config\Cache), false)
13 FCPATH\index.php(79): CodeIgniter\CodeIgniter->run()
14 SYSTEMPATH\Commands\Server\rewrite.php(47): require_once('E:\\xampp\\htdocs\\Codeigniter_project\\public\\index.php')
CRITICAL - 2023-10-18 03:53:44 --> Undefined variable $room
in APPPATH\Views\backend\common\dashboard.php on line 44.
 1 APPPATH\Views\backend\common\dashboard.php(44): CodeIgniter\Debug\Exceptions->errorHandler(2, 'Undefined variable $room', 'E:\\xampp\\htdocs\\Codeigniter_project\\app\\Views\\backend\\common\\dashboard.php', 44)
 2 SYSTEMPATH\View\View.php(226): include('E:\\xampp\\htdocs\\Codeigniter_project\\app\\Views\\backend\\common\\dashboard.php')
 3 SYSTEMPATH\View\View.php(229): CodeIgniter\View\View->CodeIgniter\View\{closure}()
 4 SYSTEMPATH\View\View.php(467): CodeIgniter\View\View->render('backend/common/dashboard', null, true)
 5 APPPATH\Views\master.php(3): CodeIgniter\View\View->include('backend/common/dashboard')
 6 SYSTEMPATH\View\View.php(226): include('E:\\xampp\\htdocs\\Codeigniter_project\\app\\Views\\master.php')
 7 SYSTEMPATH\View\View.php(229): CodeIgniter\View\View->CodeIgniter\View\{closure}()
 8 SYSTEMPATH\Common.php(1188): CodeIgniter\View\View->render('master', [], true)
 9 APPPATH\Controllers\Master.php(20): view('master', [...])
10 SYSTEMPATH\CodeIgniter.php(919): App\Controllers\Master->dash()
11 SYSTEMPATH\CodeIgniter.php(494): CodeIgniter\CodeIgniter->runController(Object(App\Controllers\Master))
12 SYSTEMPATH\CodeIgniter.php(353): CodeIgniter\CodeIgniter->handleRequest(null, Object(Config\Cache), false)
13 FCPATH\index.php(79): CodeIgniter\CodeIgniter->run()
14 SYSTEMPATH\Commands\Server\rewrite.php(47): require_once('E:\\xampp\\htdocs\\Codeigniter_project\\public\\index.php')
CRITICAL - 2023-10-18 03:53:44 --> Undefined variable $room
in APPPATH\Views\backend\common\dashboard.php on line 44.
 1 APPPATH\Views\backend\common\dashboard.php(44): CodeIgniter\Debug\Exceptions->errorHandler(2, 'Undefined variable $room', 'E:\\xampp\\htdocs\\Codeigniter_project\\app\\Views\\backend\\common\\dashboard.php', 44)
 2 SYSTEMPATH\View\View.php(226): include('E:\\xampp\\htdocs\\Codeigniter_project\\app\\Views\\backend\\common\\dashboard.php')
 3 SYSTEMPATH\View\View.php(229): CodeIgniter\View\View->CodeIgniter\View\{closure}()
 4 SYSTEMPATH\View\View.php(467): CodeIgniter\View\View->render('backend/common/dashboard', null, true)
 5 APPPATH\Views\master.php(3): CodeIgniter\View\View->include('backend/common/dashboard')
 6 SYSTEMPATH\View\View.php(226): include('E:\\xampp\\htdocs\\Codeigniter_project\\app\\Views\\master.php')
 7 SYSTEMPATH\View\View.php(229): CodeIgniter\View\View->CodeIgniter\View\{closure}()
 8 SYSTEMPATH\Common.php(1188): CodeIgniter\View\View->render('master', [], true)
 9 APPPATH\Controllers\Master.php(20): view('master', [...])
10 SYSTEMPATH\CodeIgniter.php(919): App\Controllers\Master->dash()
11 SYSTEMPATH\CodeIgniter.php(494): CodeIgniter\CodeIgniter->runController(Object(App\Controllers\Master))
12 SYSTEMPATH\CodeIgniter.php(353): CodeIgniter\CodeIgniter->handleRequest(null, Object(Config\Cache), false)
13 FCPATH\index.php(79): CodeIgniter\CodeIgniter->run()
14 SYSTEMPATH\Commands\Server\rewrite.php(47): require_once('E:\\xampp\\htdocs\\Codeigniter_project\\public\\index.php')
CRITICAL - 2023-10-18 04:00:07 --> Undefined variable $rooms
in APPPATH\Views\backend\common\dashboard.php on line 44.
 1 APPPATH\Views\backend\common\dashboard.php(44): CodeIgniter\Debug\Exceptions->errorHandler(2, 'Undefined variable $rooms', 'E:\\xampp\\htdocs\\Codeigniter_project\\app\\Views\\backend\\common\\dashboard.php', 44)
 2 SYSTEMPATH\View\View.php(226): include('E:\\xampp\\htdocs\\Codeigniter_project\\app\\Views\\backend\\common\\dashboard.php')
 3 SYSTEMPATH\View\View.php(229): CodeIgniter\View\View->CodeIgniter\View\{closure}()
 4 SYSTEMPATH\View\View.php(467): CodeIgniter\View\View->render('backend/common/dashboard', null, true)
 5 APPPATH\Views\master.php(3): CodeIgniter\View\View->include('backend/common/dashboard')
 6 SYSTEMPATH\View\View.php(226): include('E:\\xampp\\htdocs\\Codeigniter_project\\app\\Views\\master.php')
 7 SYSTEMPATH\View\View.php(229): CodeIgniter\View\View->CodeIgniter\View\{closure}()
 8 SYSTEMPATH\Common.php(1188): CodeIgniter\View\View->render('master', [], true)
 9 APPPATH\Controllers\Master.php(20): view('master', [...])
10 SYSTEMPATH\CodeIgniter.php(919): App\Controllers\Master->dash()
11 SYSTEMPATH\CodeIgniter.php(494): CodeIgniter\CodeIgniter->runController(Object(App\Controllers\Master))
12 SYSTEMPATH\CodeIgniter.php(353): CodeIgniter\CodeIgniter->handleRequest(null, Object(Config\Cache), false)
13 FCPATH\index.php(79): CodeIgniter\CodeIgniter->run()
14 SYSTEMPATH\Commands\Server\rewrite.php(47): require_once('E:\\xampp\\htdocs\\Codeigniter_project\\public\\index.php')
CRITICAL - 2023-10-18 04:01:34 --> Undefined variable $room
in APPPATH\Views\backend\common\dashboard.php on line 44.
 1 APPPATH\Views\backend\common\dashboard.php(44): CodeIgniter\Debug\Exceptions->errorHandler(2, 'Undefined variable $room', 'E:\\xampp\\htdocs\\Codeigniter_project\\app\\Views\\backend\\common\\dashboard.php', 44)
 2 SYSTEMPATH\View\View.php(226): include('E:\\xampp\\htdocs\\Codeigniter_project\\app\\Views\\backend\\common\\dashboard.php')
 3 SYSTEMPATH\View\View.php(229): CodeIgniter\View\View->CodeIgniter\View\{closure}()
 4 SYSTEMPATH\View\View.php(467): CodeIgniter\View\View->render('backend/common/dashboard', null, true)
 5 APPPATH\Views\master.php(3): CodeIgniter\View\View->include('backend/common/dashboard')
 6 SYSTEMPATH\View\View.php(226): include('E:\\xampp\\htdocs\\Codeigniter_project\\app\\Views\\master.php')
 7 SYSTEMPATH\View\View.php(229): CodeIgniter\View\View->CodeIgniter\View\{closure}()
 8 SYSTEMPATH\Common.php(1188): CodeIgniter\View\View->render('master', [], true)
 9 APPPATH\Controllers\Master.php(20): view('master', [...])
10 SYSTEMPATH\CodeIgniter.php(919): App\Controllers\Master->dash()
11 SYSTEMPATH\CodeIgniter.php(494): CodeIgniter\CodeIgniter->runController(Object(App\Controllers\Master))
12 SYSTEMPATH\CodeIgniter.php(353): CodeIgniter\CodeIgniter->handleRequest(null, Object(Config\Cache), false)
13 FCPATH\index.php(79): CodeIgniter\CodeIgniter->run()
14 SYSTEMPATH\Commands\Server\rewrite.php(47): require_once('E:\\xampp\\htdocs\\Codeigniter_project\\public\\index.php')
CRITICAL - 2023-10-18 04:06:48 --> Undefined variable $room
in APPPATH\Views\backend\common\dashboard.php on line 44.
 1 APPPATH\Views\backend\common\dashboard.php(44): CodeIgniter\Debug\Exceptions->errorHandler(2, 'Undefined variable $room', 'E:\\xampp\\htdocs\\Codeigniter_project\\app\\Views\\backend\\common\\dashboard.php', 44)
 2 SYSTEMPATH\View\View.php(226): include('E:\\xampp\\htdocs\\Codeigniter_project\\app\\Views\\backend\\common\\dashboard.php')
 3 SYSTEMPATH\View\View.php(229): CodeIgniter\View\View->CodeIgniter\View\{closure}()
 4 SYSTEMPATH\View\View.php(467): CodeIgniter\View\View->render('backend/common/dashboard', null, true)
 5 APPPATH\Views\master.php(3): CodeIgniter\View\View->include('backend/common/dashboard')
 6 SYSTEMPATH\View\View.php(226): include('E:\\xampp\\htdocs\\Codeigniter_project\\app\\Views\\master.php')
 7 SYSTEMPATH\View\View.php(229): CodeIgniter\View\View->CodeIgniter\View\{closure}()
 8 SYSTEMPATH\Common.php(1188): CodeIgniter\View\View->render('master', [], true)
 9 APPPATH\Controllers\Master.php(20): view('master', [...])
10 SYSTEMPATH\CodeIgniter.php(919): App\Controllers\Master->dash()
11 SYSTEMPATH\CodeIgniter.php(494): CodeIgniter\CodeIgniter->runController(Object(App\Controllers\Master))
12 SYSTEMPATH\CodeIgniter.php(353): CodeIgniter\CodeIgniter->handleRequest(null, Object(Config\Cache), false)
13 FCPATH\index.php(79): CodeIgniter\CodeIgniter->run()
14 SYSTEMPATH\Commands\Server\rewrite.php(47): require_once('E:\\xampp\\htdocs\\Codeigniter_project\\public\\index.php')
CRITICAL - 2023-10-18 04:06:50 --> Undefined variable $room
in APPPATH\Views\backend\common\dashboard.php on line 44.
 1 APPPATH\Views\backend\common\dashboard.php(44): CodeIgniter\Debug\Exceptions->errorHandler(2, 'Undefined variable $room', 'E:\\xampp\\htdocs\\Codeigniter_project\\app\\Views\\backend\\common\\dashboard.php', 44)
 2 SYSTEMPATH\View\View.php(226): include('E:\\xampp\\htdocs\\Codeigniter_project\\app\\Views\\backend\\common\\dashboard.php')
 3 SYSTEMPATH\View\View.php(229): CodeIgniter\View\View->CodeIgniter\View\{closure}()
 4 SYSTEMPATH\View\View.php(467): CodeIgniter\View\View->render('backend/common/dashboard', null, true)
 5 APPPATH\Views\master.php(3): CodeIgniter\View\View->include('backend/common/dashboard')
 6 SYSTEMPATH\View\View.php(226): include('E:\\xampp\\htdocs\\Codeigniter_project\\app\\Views\\master.php')
 7 SYSTEMPATH\View\View.php(229): CodeIgniter\View\View->CodeIgniter\View\{closure}()
 8 SYSTEMPATH\Common.php(1188): CodeIgniter\View\View->render('master', [], true)
 9 APPPATH\Controllers\Master.php(20): view('master', [...])
10 SYSTEMPATH\CodeIgniter.php(919): App\Controllers\Master->dash()
11 SYSTEMPATH\CodeIgniter.php(494): CodeIgniter\CodeIgniter->runController(Object(App\Controllers\Master))
12 SYSTEMPATH\CodeIgniter.php(353): CodeIgniter\CodeIgniter->handleRequest(null, Object(Config\Cache), false)
13 FCPATH\index.php(79): CodeIgniter\CodeIgniter->run()
14 SYSTEMPATH\Commands\Server\rewrite.php(47): require_once('E:\\xampp\\htdocs\\Codeigniter_project\\public\\index.php')
CRITICAL - 2023-10-18 04:07:21 --> Undefined variable $room
in APPPATH\Views\backend\common\dashboard.php on line 44.
 1 APPPATH\Views\backend\common\dashboard.php(44): CodeIgniter\Debug\Exceptions->errorHandler(2, 'Undefined variable $room', 'E:\\xampp\\htdocs\\Codeigniter_project\\app\\Views\\backend\\common\\dashboard.php', 44)
 2 SYSTEMPATH\View\View.php(226): include('E:\\xampp\\htdocs\\Codeigniter_project\\app\\Views\\backend\\common\\dashboard.php')
 3 SYSTEMPATH\View\View.php(229): CodeIgniter\View\View->CodeIgniter\View\{closure}()
 4 SYSTEMPATH\View\View.php(467): CodeIgniter\View\View->render('backend/common/dashboard', null, true)
 5 APPPATH\Views\master.php(3): CodeIgniter\View\View->include('backend/common/dashboard')
 6 SYSTEMPATH\View\View.php(226): include('E:\\xampp\\htdocs\\Codeigniter_project\\app\\Views\\master.php')
 7 SYSTEMPATH\View\View.php(229): CodeIgniter\View\View->CodeIgniter\View\{closure}()
 8 SYSTEMPATH\Common.php(1188): CodeIgniter\View\View->render('master', [], true)
 9 APPPATH\Controllers\Master.php(20): view('master', [...])
10 SYSTEMPATH\CodeIgniter.php(919): App\Controllers\Master->dash()
11 SYSTEMPATH\CodeIgniter.php(494): CodeIgniter\CodeIgniter->runController(Object(App\Controllers\Master))
12 SYSTEMPATH\CodeIgniter.php(353): CodeIgniter\CodeIgniter->handleRequest(null, Object(Config\Cache), false)
13 FCPATH\index.php(79): CodeIgniter\CodeIgniter->run()
14 SYSTEMPATH\Commands\Server\rewrite.php(47): require_once('E:\\xampp\\htdocs\\Codeigniter_project\\public\\index.php')
CRITICAL - 2023-10-18 04:10:01 --> Undefined variable $rooms
in APPPATH\Views\backend\common\dashboard.php on line 44.
 1 APPPATH\Views\backend\common\dashboard.php(44): CodeIgniter\Debug\Exceptions->errorHandler(2, 'Undefined variable $rooms', 'E:\\xampp\\htdocs\\Codeigniter_project\\app\\Views\\backend\\common\\dashboard.php', 44)
 2 SYSTEMPATH\View\View.php(226): include('E:\\xampp\\htdocs\\Codeigniter_project\\app\\Views\\backend\\common\\dashboard.php')
 3 SYSTEMPATH\View\View.php(229): CodeIgniter\View\View->CodeIgniter\View\{closure}()
 4 SYSTEMPATH\View\View.php(467): CodeIgniter\View\View->render('backend/common/dashboard', null, true)
 5 APPPATH\Views\master.php(3): CodeIgniter\View\View->include('backend/common/dashboard')
 6 SYSTEMPATH\View\View.php(226): include('E:\\xampp\\htdocs\\Codeigniter_project\\app\\Views\\master.php')
 7 SYSTEMPATH\View\View.php(229): CodeIgniter\View\View->CodeIgniter\View\{closure}()
 8 SYSTEMPATH\Common.php(1188): CodeIgniter\View\View->render('master', [], true)
 9 APPPATH\Controllers\Master.php(20): view('master', [...])
10 SYSTEMPATH\CodeIgniter.php(919): App\Controllers\Master->dash()
11 SYSTEMPATH\CodeIgniter.php(494): CodeIgniter\CodeIgniter->runController(Object(App\Controllers\Master))
12 SYSTEMPATH\CodeIgniter.php(353): CodeIgniter\CodeIgniter->handleRequest(null, Object(Config\Cache), false)
13 FCPATH\index.php(79): CodeIgniter\CodeIgniter->run()
14 SYSTEMPATH\Commands\Server\rewrite.php(47): require_once('E:\\xampp\\htdocs\\Codeigniter_project\\public\\index.php')
CRITICAL - 2023-10-18 04:10:03 --> Undefined variable $rooms
in APPPATH\Views\backend\common\dashboard.php on line 44.
 1 APPPATH\Views\backend\common\dashboard.php(44): CodeIgniter\Debug\Exceptions->errorHandler(2, 'Undefined variable $rooms', 'E:\\xampp\\htdocs\\Codeigniter_project\\app\\Views\\backend\\common\\dashboard.php', 44)
 2 SYSTEMPATH\View\View.php(226): include('E:\\xampp\\htdocs\\Codeigniter_project\\app\\Views\\backend\\common\\dashboard.php')
 3 SYSTEMPATH\View\View.php(229): CodeIgniter\View\View->CodeIgniter\View\{closure}()
 4 SYSTEMPATH\View\View.php(467): CodeIgniter\View\View->render('backend/common/dashboard', null, true)
 5 APPPATH\Views\master.php(3): CodeIgniter\View\View->include('backend/common/dashboard')
 6 SYSTEMPATH\View\View.php(226): include('E:\\xampp\\htdocs\\Codeigniter_project\\app\\Views\\master.php')
 7 SYSTEMPATH\View\View.php(229): CodeIgniter\View\View->CodeIgniter\View\{closure}()
 8 SYSTEMPATH\Common.php(1188): CodeIgniter\View\View->render('master', [], true)
 9 APPPATH\Controllers\Master.php(20): view('master', [...])
10 SYSTEMPATH\CodeIgniter.php(919): App\Controllers\Master->dash()
11 SYSTEMPATH\CodeIgniter.php(494): CodeIgniter\CodeIgniter->runController(Object(App\Controllers\Master))
12 SYSTEMPATH\CodeIgniter.php(353): CodeIgniter\CodeIgniter->handleRequest(null, Object(Config\Cache), false)
13 FCPATH\index.php(79): CodeIgniter\CodeIgniter->run()
14 SYSTEMPATH\Commands\Server\rewrite.php(47): require_once('E:\\xampp\\htdocs\\Codeigniter_project\\public\\index.php')
CRITICAL - 2023-10-18 04:10:57 --> Undefined variable $rooms
in APPPATH\Views\backend\common\dashboard.php on line 44.
 1 APPPATH\Views\backend\common\dashboard.php(44): CodeIgniter\Debug\Exceptions->errorHandler(2, 'Undefined variable $rooms', 'E:\\xampp\\htdocs\\Codeigniter_project\\app\\Views\\backend\\common\\dashboard.php', 44)
 2 SYSTEMPATH\View\View.php(226): include('E:\\xampp\\htdocs\\Codeigniter_project\\app\\Views\\backend\\common\\dashboard.php')
 3 SYSTEMPATH\View\View.php(229): CodeIgniter\View\View->CodeIgniter\View\{closure}()
 4 SYSTEMPATH\View\View.php(467): CodeIgniter\View\View->render('backend/common/dashboard', null, true)
 5 APPPATH\Views\master.php(3): CodeIgniter\View\View->include('backend/common/dashboard')
 6 SYSTEMPATH\View\View.php(226): include('E:\\xampp\\htdocs\\Codeigniter_project\\app\\Views\\master.php')
 7 SYSTEMPATH\View\View.php(229): CodeIgniter\View\View->CodeIgniter\View\{closure}()
 8 SYSTEMPATH\Common.php(1188): CodeIgniter\View\View->render('master', [], true)
 9 APPPATH\Controllers\Master.php(20): view('master', [...])
10 SYSTEMPATH\CodeIgniter.php(919): App\Controllers\Master->dash()
11 SYSTEMPATH\CodeIgniter.php(494): CodeIgniter\CodeIgniter->runController(Object(App\Controllers\Master))
12 SYSTEMPATH\CodeIgniter.php(353): CodeIgniter\CodeIgniter->handleRequest(null, Object(Config\Cache), false)
13 FCPATH\index.php(79): CodeIgniter\CodeIgniter->run()
14 SYSTEMPATH\Commands\Server\rewrite.php(47): require_once('E:\\xampp\\htdocs\\Codeigniter_project\\public\\index.php')
CRITICAL - 2023-10-18 04:10:59 --> Undefined variable $rooms
in APPPATH\Views\backend\common\dashboard.php on line 44.
 1 APPPATH\Views\backend\common\dashboard.php(44): CodeIgniter\Debug\Exceptions->errorHandler(2, 'Undefined variable $rooms', 'E:\\xampp\\htdocs\\Codeigniter_project\\app\\Views\\backend\\common\\dashboard.php', 44)
 2 SYSTEMPATH\View\View.php(226): include('E:\\xampp\\htdocs\\Codeigniter_project\\app\\Views\\backend\\common\\dashboard.php')
 3 SYSTEMPATH\View\View.php(229): CodeIgniter\View\View->CodeIgniter\View\{closure}()
 4 SYSTEMPATH\View\View.php(467): CodeIgniter\View\View->render('backend/common/dashboard', null, true)
 5 APPPATH\Views\master.php(3): CodeIgniter\View\View->include('backend/common/dashboard')
 6 SYSTEMPATH\View\View.php(226): include('E:\\xampp\\htdocs\\Codeigniter_project\\app\\Views\\master.php')
 7 SYSTEMPATH\View\View.php(229): CodeIgniter\View\View->CodeIgniter\View\{closure}()
 8 SYSTEMPATH\Common.php(1188): CodeIgniter\View\View->render('master', [], true)
 9 APPPATH\Controllers\Master.php(20): view('master', [...])
10 SYSTEMPATH\CodeIgniter.php(919): App\Controllers\Master->dash()
11 SYSTEMPATH\CodeIgniter.php(494): CodeIgniter\CodeIgniter->runController(Object(App\Controllers\Master))
12 SYSTEMPATH\CodeIgniter.php(353): CodeIgniter\CodeIgniter->handleRequest(null, Object(Config\Cache), false)
13 FCPATH\index.php(79): CodeIgniter\CodeIgniter->run()
14 SYSTEMPATH\Commands\Server\rewrite.php(47): require_once('E:\\xampp\\htdocs\\Codeigniter_project\\public\\index.php')
CRITICAL - 2023-10-18 04:10:59 --> Undefined variable $rooms
in APPPATH\Views\backend\common\dashboard.php on line 44.
 1 APPPATH\Views\backend\common\dashboard.php(44): CodeIgniter\Debug\Exceptions->errorHandler(2, 'Undefined variable $rooms', 'E:\\xampp\\htdocs\\Codeigniter_project\\app\\Views\\backend\\common\\dashboard.php', 44)
 2 SYSTEMPATH\View\View.php(226): include('E:\\xampp\\htdocs\\Codeigniter_project\\app\\Views\\backend\\common\\dashboard.php')
 3 SYSTEMPATH\View\View.php(229): CodeIgniter\View\View->CodeIgniter\View\{closure}()
 4 SYSTEMPATH\View\View.php(467): CodeIgniter\View\View->render('backend/common/dashboard', null, true)
 5 APPPATH\Views\master.php(3): CodeIgniter\View\View->include('backend/common/dashboard')
 6 SYSTEMPATH\View\View.php(226): include('E:\\xampp\\htdocs\\Codeigniter_project\\app\\Views\\master.php')
 7 SYSTEMPATH\View\View.php(229): CodeIgniter\View\View->CodeIgniter\View\{closure}()
 8 SYSTEMPATH\Common.php(1188): CodeIgniter\View\View->render('master', [], true)
 9 APPPATH\Controllers\Master.php(20): view('master', [...])
10 SYSTEMPATH\CodeIgniter.php(919): App\Controllers\Master->dash()
11 SYSTEMPATH\CodeIgniter.php(494): CodeIgniter\CodeIgniter->runController(Object(App\Controllers\Master))
12 SYSTEMPATH\CodeIgniter.php(353): CodeIgniter\CodeIgniter->handleRequest(null, Object(Config\Cache), false)
13 FCPATH\index.php(79): CodeIgniter\CodeIgniter->run()
14 SYSTEMPATH\Commands\Server\rewrite.php(47): require_once('E:\\xampp\\htdocs\\Codeigniter_project\\public\\index.php')
CRITICAL - 2023-10-18 04:10:59 --> Undefined variable $rooms
in APPPATH\Views\backend\common\dashboard.php on line 44.
 1 APPPATH\Views\backend\common\dashboard.php(44): CodeIgniter\Debug\Exceptions->errorHandler(2, 'Undefined variable $rooms', 'E:\\xampp\\htdocs\\Codeigniter_project\\app\\Views\\backend\\common\\dashboard.php', 44)
 2 SYSTEMPATH\View\View.php(226): include('E:\\xampp\\htdocs\\Codeigniter_project\\app\\Views\\backend\\common\\dashboard.php')
 3 SYSTEMPATH\View\View.php(229): CodeIgniter\View\View->CodeIgniter\View\{closure}()
 4 SYSTEMPATH\View\View.php(467): CodeIgniter\View\View->render('backend/common/dashboard', null, true)
 5 APPPATH\Views\master.php(3): CodeIgniter\View\View->include('backend/common/dashboard')
 6 SYSTEMPATH\View\View.php(226): include('E:\\xampp\\htdocs\\Codeigniter_project\\app\\Views\\master.php')
 7 SYSTEMPATH\View\View.php(229): CodeIgniter\View\View->CodeIgniter\View\{closure}()
 8 SYSTEMPATH\Common.php(1188): CodeIgniter\View\View->render('master', [], true)
 9 APPPATH\Controllers\Master.php(20): view('master', [...])
10 SYSTEMPATH\CodeIgniter.php(919): App\Controllers\Master->dash()
11 SYSTEMPATH\CodeIgniter.php(494): CodeIgniter\CodeIgniter->runController(Object(App\Controllers\Master))
12 SYSTEMPATH\CodeIgniter.php(353): CodeIgniter\CodeIgniter->handleRequest(null, Object(Config\Cache), false)
13 FCPATH\index.php(79): CodeIgniter\CodeIgniter->run()
14 SYSTEMPATH\Commands\Server\rewrite.php(47): require_once('E:\\xampp\\htdocs\\Codeigniter_project\\public\\index.php')
CRITICAL - 2023-10-18 04:12:23 --> Undefined variable $room
in APPPATH\Views\backend\common\dashboard.php on line 44.
 1 APPPATH\Views\backend\common\dashboard.php(44): CodeIgniter\Debug\Exceptions->errorHandler(2, 'Undefined variable $room', 'E:\\xampp\\htdocs\\Codeigniter_project\\app\\Views\\backend\\common\\dashboard.php', 44)
 2 SYSTEMPATH\View\View.php(226): include('E:\\xampp\\htdocs\\Codeigniter_project\\app\\Views\\backend\\common\\dashboard.php')
 3 SYSTEMPATH\View\View.php(229): CodeIgniter\View\View->CodeIgniter\View\{closure}()
 4 SYSTEMPATH\View\View.php(467): CodeIgniter\View\View->render('backend/common/dashboard', null, true)
 5 APPPATH\Views\master.php(3): CodeIgniter\View\View->include('backend/common/dashboard')
 6 SYSTEMPATH\View\View.php(226): include('E:\\xampp\\htdocs\\Codeigniter_project\\app\\Views\\master.php')
 7 SYSTEMPATH\View\View.php(229): CodeIgniter\View\View->CodeIgniter\View\{closure}()
 8 SYSTEMPATH\Common.php(1188): CodeIgniter\View\View->render('master', [], true)
 9 APPPATH\Controllers\Master.php(20): view('master', [...])
10 SYSTEMPATH\CodeIgniter.php(919): App\Controllers\Master->dash()
11 SYSTEMPATH\CodeIgniter.php(494): CodeIgniter\CodeIgniter->runController(Object(App\Controllers\Master))
12 SYSTEMPATH\CodeIgniter.php(353): CodeIgniter\CodeIgniter->handleRequest(null, Object(Config\Cache), false)
13 FCPATH\index.php(79): CodeIgniter\CodeIgniter->run()
14 SYSTEMPATH\Commands\Server\rewrite.php(47): require_once('E:\\xampp\\htdocs\\Codeigniter_project\\public\\index.php')
CRITICAL - 2023-10-18 04:12:29 --> Undefined variable $room
in APPPATH\Views\backend\common\dashboard.php on line 44.
 1 APPPATH\Views\backend\common\dashboard.php(44): CodeIgniter\Debug\Exceptions->errorHandler(2, 'Undefined variable $room', 'E:\\xampp\\htdocs\\Codeigniter_project\\app\\Views\\backend\\common\\dashboard.php', 44)
 2 SYSTEMPATH\View\View.php(226): include('E:\\xampp\\htdocs\\Codeigniter_project\\app\\Views\\backend\\common\\dashboard.php')
 3 SYSTEMPATH\View\View.php(229): CodeIgniter\View\View->CodeIgniter\View\{closure}()
 4 SYSTEMPATH\View\View.php(467): CodeIgniter\View\View->render('backend/common/dashboard', null, true)
 5 APPPATH\Views\master.php(3): CodeIgniter\View\View->include('backend/common/dashboard')
 6 SYSTEMPATH\View\View.php(226): include('E:\\xampp\\htdocs\\Codeigniter_project\\app\\Views\\master.php')
 7 SYSTEMPATH\View\View.php(229): CodeIgniter\View\View->CodeIgniter\View\{closure}()
 8 SYSTEMPATH\Common.php(1188): CodeIgniter\View\View->render('master', [], true)
 9 APPPATH\Controllers\Master.php(20): view('master', [...])
10 SYSTEMPATH\CodeIgniter.php(919): App\Controllers\Master->dash()
11 SYSTEMPATH\CodeIgniter.php(494): CodeIgniter\CodeIgniter->runController(Object(App\Controllers\Master))
12 SYSTEMPATH\CodeIgniter.php(353): CodeIgniter\CodeIgniter->handleRequest(null, Object(Config\Cache), false)
13 FCPATH\index.php(79): CodeIgniter\CodeIgniter->run()
14 SYSTEMPATH\Commands\Server\rewrite.php(47): require_once('E:\\xampp\\htdocs\\Codeigniter_project\\public\\index.php')
CRITICAL - 2023-10-18 04:13:24 --> Undefined variable $room
in APPPATH\Views\backend\common\dashboard.php on line 44.
 1 APPPATH\Views\backend\common\dashboard.php(44): CodeIgniter\Debug\Exceptions->errorHandler(2, 'Undefined variable $room', 'E:\\xampp\\htdocs\\Codeigniter_project\\app\\Views\\backend\\common\\dashboard.php', 44)
 2 SYSTEMPATH\View\View.php(226): include('E:\\xampp\\htdocs\\Codeigniter_project\\app\\Views\\backend\\common\\dashboard.php')
 3 SYSTEMPATH\View\View.php(229): CodeIgniter\View\View->CodeIgniter\View\{closure}()
 4 SYSTEMPATH\View\View.php(467): CodeIgniter\View\View->render('backend/common/dashboard', null, true)
 5 APPPATH\Views\master.php(3): CodeIgniter\View\View->include('backend/common/dashboard')
 6 SYSTEMPATH\View\View.php(226): include('E:\\xampp\\htdocs\\Codeigniter_project\\app\\Views\\master.php')
 7 SYSTEMPATH\View\View.php(229): CodeIgniter\View\View->CodeIgniter\View\{closure}()
 8 SYSTEMPATH\Common.php(1188): CodeIgniter\View\View->render('master', [], true)
 9 APPPATH\Controllers\Master.php(20): view('master', [...])
10 SYSTEMPATH\CodeIgniter.php(919): App\Controllers\Master->dash()
11 SYSTEMPATH\CodeIgniter.php(494): CodeIgniter\CodeIgniter->runController(Object(App\Controllers\Master))
12 SYSTEMPATH\CodeIgniter.php(353): CodeIgniter\CodeIgniter->handleRequest(null, Object(Config\Cache), false)
13 FCPATH\index.php(79): CodeIgniter\CodeIgniter->run()
14 SYSTEMPATH\Commands\Server\rewrite.php(47): require_once('E:\\xampp\\htdocs\\Codeigniter_project\\public\\index.php')
CRITICAL - 2023-10-18 04:13:26 --> Undefined variable $room
in APPPATH\Views\backend\common\dashboard.php on line 44.
 1 APPPATH\Views\backend\common\dashboard.php(44): CodeIgniter\Debug\Exceptions->errorHandler(2, 'Undefined variable $room', 'E:\\xampp\\htdocs\\Codeigniter_project\\app\\Views\\backend\\common\\dashboard.php', 44)
 2 SYSTEMPATH\View\View.php(226): include('E:\\xampp\\htdocs\\Codeigniter_project\\app\\Views\\backend\\common\\dashboard.php')
 3 SYSTEMPATH\View\View.php(229): CodeIgniter\View\View->CodeIgniter\View\{closure}()
 4 SYSTEMPATH\View\View.php(467): CodeIgniter\View\View->render('backend/common/dashboard', null, true)
 5 APPPATH\Views\master.php(3): CodeIgniter\View\View->include('backend/common/dashboard')
 6 SYSTEMPATH\View\View.php(226): include('E:\\xampp\\htdocs\\Codeigniter_project\\app\\Views\\master.php')
 7 SYSTEMPATH\View\View.php(229): CodeIgniter\View\View->CodeIgniter\View\{closure}()
 8 SYSTEMPATH\Common.php(1188): CodeIgniter\View\View->render('master', [], true)
 9 APPPATH\Controllers\Master.php(20): view('master', [...])
10 SYSTEMPATH\CodeIgniter.php(919): App\Controllers\Master->dash()
11 SYSTEMPATH\CodeIgniter.php(494): CodeIgniter\CodeIgniter->runController(Object(App\Controllers\Master))
12 SYSTEMPATH\CodeIgniter.php(353): CodeIgniter\CodeIgniter->handleRequest(null, Object(Config\Cache), false)
13 FCPATH\index.php(79): CodeIgniter\CodeIgniter->run()
14 SYSTEMPATH\Commands\Server\rewrite.php(47): require_once('E:\\xampp\\htdocs\\Codeigniter_project\\public\\index.php')
CRITICAL - 2023-10-18 04:13:27 --> Undefined variable $room
in APPPATH\Views\backend\common\dashboard.php on line 44.
 1 APPPATH\Views\backend\common\dashboard.php(44): CodeIgniter\Debug\Exceptions->errorHandler(2, 'Undefined variable $room', 'E:\\xampp\\htdocs\\Codeigniter_project\\app\\Views\\backend\\common\\dashboard.php', 44)
 2 SYSTEMPATH\View\View.php(226): include('E:\\xampp\\htdocs\\Codeigniter_project\\app\\Views\\backend\\common\\dashboard.php')
 3 SYSTEMPATH\View\View.php(229): CodeIgniter\View\View->CodeIgniter\View\{closure}()
 4 SYSTEMPATH\View\View.php(467): CodeIgniter\View\View->render('backend/common/dashboard', null, true)
 5 APPPATH\Views\master.php(3): CodeIgniter\View\View->include('backend/common/dashboard')
 6 SYSTEMPATH\View\View.php(226): include('E:\\xampp\\htdocs\\Codeigniter_project\\app\\Views\\master.php')
 7 SYSTEMPATH\View\View.php(229): CodeIgniter\View\View->CodeIgniter\View\{closure}()
 8 SYSTEMPATH\Common.php(1188): CodeIgniter\View\View->render('master', [], true)
 9 APPPATH\Controllers\Master.php(20): view('master', [...])
10 SYSTEMPATH\CodeIgniter.php(919): App\Controllers\Master->dash()
11 SYSTEMPATH\CodeIgniter.php(494): CodeIgniter\CodeIgniter->runController(Object(App\Controllers\Master))
12 SYSTEMPATH\CodeIgniter.php(353): CodeIgniter\CodeIgniter->handleRequest(null, Object(Config\Cache), false)
13 FCPATH\index.php(79): CodeIgniter\CodeIgniter->run()
14 SYSTEMPATH\Commands\Server\rewrite.php(47): require_once('E:\\xampp\\htdocs\\Codeigniter_project\\public\\index.php')
CRITICAL - 2023-10-18 04:14:45 --> Undefined variable $employ
in APPPATH\Views\backend\common\dashboard.php on line 70.
 1 APPPATH\Views\backend\common\dashboard.php(70): CodeIgniter\Debug\Exceptions->errorHandler(2, 'Undefined variable $employ', 'E:\\xampp\\htdocs\\Codeigniter_project\\app\\Views\\backend\\common\\dashboard.php', 70)
 2 SYSTEMPATH\View\View.php(226): include('E:\\xampp\\htdocs\\Codeigniter_project\\app\\Views\\backend\\common\\dashboard.php')
 3 SYSTEMPATH\View\View.php(229): CodeIgniter\View\View->CodeIgniter\View\{closure}()
 4 SYSTEMPATH\View\View.php(467): CodeIgniter\View\View->render('backend/common/dashboard', null, true)
 5 APPPATH\Views\master.php(3): CodeIgniter\View\View->include('backend/common/dashboard')
 6 SYSTEMPATH\View\View.php(226): include('E:\\xampp\\htdocs\\Codeigniter_project\\app\\Views\\master.php')
 7 SYSTEMPATH\View\View.php(229): CodeIgniter\View\View->CodeIgniter\View\{closure}()
 8 SYSTEMPATH\Common.php(1188): CodeIgniter\View\View->render('master', [], true)
 9 APPPATH\Controllers\Master.php(20): view('master', [...])
10 SYSTEMPATH\CodeIgniter.php(919): App\Controllers\Master->dash()
11 SYSTEMPATH\CodeIgniter.php(494): CodeIgniter\CodeIgniter->runController(Object(App\Controllers\Master))
12 SYSTEMPATH\CodeIgniter.php(353): CodeIgniter\CodeIgniter->handleRequest(null, Object(Config\Cache), false)
13 FCPATH\index.php(79): CodeIgniter\CodeIgniter->run()
14 SYSTEMPATH\Commands\Server\rewrite.php(47): require_once('E:\\xampp\\htdocs\\Codeigniter_project\\public\\index.php')
INFO - 2023-10-18 04:16:22 --> Session: Class initialized using 'CodeIgniter\Session\Handlers\FileHandler' driver.
CRITICAL - 2023-10-18 04:21:03 --> Undefined variable $empolys
in APPPATH\Views\backend\common\dashboard.php on line 70.
 1 APPPATH\Views\backend\common\dashboard.php(70): CodeIgniter\Debug\Exceptions->errorHandler(2, 'Undefined variable $empolys', 'E:\\xampp\\htdocs\\Codeigniter_project\\app\\Views\\backend\\common\\dashboard.php', 70)
 2 SYSTEMPATH\View\View.php(226): include('E:\\xampp\\htdocs\\Codeigniter_project\\app\\Views\\backend\\common\\dashboard.php')
 3 SYSTEMPATH\View\View.php(229): CodeIgniter\View\View->CodeIgniter\View\{closure}()
 4 SYSTEMPATH\View\View.php(467): CodeIgniter\View\View->render('backend/common/dashboard', null, true)
 5 APPPATH\Views\master.php(3): CodeIgniter\View\View->include('backend/common/dashboard')
 6 SYSTEMPATH\View\View.php(226): include('E:\\xampp\\htdocs\\Codeigniter_project\\app\\Views\\master.php')
 7 SYSTEMPATH\View\View.php(229): CodeIgniter\View\View->CodeIgniter\View\{closure}()
 8 SYSTEMPATH\Common.php(1188): CodeIgniter\View\View->render('master', [], true)
 9 APPPATH\Controllers\Master.php(30): view('master', [...])
10 SYSTEMPATH\CodeIgniter.php(919): App\Controllers\Master->dash()
11 SYSTEMPATH\CodeIgniter.php(494): CodeIgniter\CodeIgniter->runController(Object(App\Controllers\Master))
12 SYSTEMPATH\CodeIgniter.php(353): CodeIgniter\CodeIgniter->handleRequest(null, Object(Config\Cache), false)
13 FCPATH\index.php(79): CodeIgniter\CodeIgniter->run()
14 SYSTEMPATH\Commands\Server\rewrite.php(47): require_once('E:\\xampp\\htdocs\\Codeigniter_project\\public\\index.php')
INFO - 2023-10-18 04:25:28 --> Session: Class initialized using 'CodeIgniter\Session\Handlers\FileHandler' driver.
