CRITICAL - 2023-10-08 03:27:08 --> Invalid file: "includes/footer.php"
in SYSTEMPATH\Exceptions\FrameworkException.php on line 39.
 1 SYSTEMPATH\View\View.php(214): CodeIgniter\Exceptions\FrameworkException::forInvalidFile('includes/footer.php')
 2 SYSTEMPATH\View\View.php(467): CodeIgniter\View\View->render('includes/footer', null, true)
 3 APPPATH\Views\front\page\home.php(14): CodeIgniter\View\View->include('includes/footer')
 4 SYSTEMPATH\View\View.php(226): include('E:\\xampp\\htdocs\\Codeigniter_project\\app\\Views\\front\\page\\home.php')
 5 SYSTEMPATH\View\View.php(229): CodeIgniter\View\View->CodeIgniter\View\{closure}()
 6 SYSTEMPATH\Common.php(1188): CodeIgniter\View\View->render('front/page/home', [], true)
 7 APPPATH\Controllers\Home.php(12): view('front/page/home', [...])
 8 SYSTEMPATH\CodeIgniter.php(919): App\Controllers\Home->index()
 9 SYSTEMPATH\CodeIgniter.php(494): CodeIgniter\CodeIgniter->runController(Object(App\Controllers\Home))
10 SYSTEMPATH\CodeIgniter.php(353): CodeIgniter\CodeIgniter->handleRequest(null, Object(Config\Cache), false)
11 FCPATH\index.php(79): CodeIgniter\CodeIgniter->run()
12 SYSTEMPATH\Commands\Server\rewrite.php(47): require_once('E:\\xampp\\htdocs\\Codeigniter_project\\public\\index.php')
CRITICAL - 2023-10-08 03:41:47 --> Invalid file: "includes/footer.php"
in SYSTEMPATH\Exceptions\FrameworkException.php on line 39.
 1 SYSTEMPATH\View\View.php(214): CodeIgniter\Exceptions\FrameworkException::forInvalidFile('includes/footer.php')
 2 SYSTEMPATH\View\View.php(467): CodeIgniter\View\View->render('includes/footer', null, true)
 3 APPPATH\Views\front\page\home.php(14): CodeIgniter\View\View->include('includes/footer')
 4 SYSTEMPATH\View\View.php(226): include('E:\\xampp\\htdocs\\Codeigniter_project\\app\\Views\\front\\page\\home.php')
 5 SYSTEMPATH\View\View.php(229): CodeIgniter\View\View->CodeIgniter\View\{closure}()
 6 SYSTEMPATH\Common.php(1188): CodeIgniter\View\View->render('front/page/home', [], true)
 7 APPPATH\Controllers\Home.php(12): view('front/page/home', [...])
 8 SYSTEMPATH\CodeIgniter.php(919): App\Controllers\Home->index()
 9 SYSTEMPATH\CodeIgniter.php(494): CodeIgniter\CodeIgniter->runController(Object(App\Controllers\Home))
10 SYSTEMPATH\CodeIgniter.php(353): CodeIgniter\CodeIgniter->handleRequest(null, Object(Config\Cache), false)
11 FCPATH\index.php(79): CodeIgniter\CodeIgniter->run()
12 SYSTEMPATH\Commands\Server\rewrite.php(47): require_once('E:\\xampp\\htdocs\\Codeigniter_project\\public\\index.php')
INFO - 2023-10-08 03:43:51 --> Session: Class initialized using 'CodeIgniter\Session\Handlers\FileHandler' driver.
INFO - 2023-10-08 03:43:57 --> Session: Class initialized using 'CodeIgniter\Session\Handlers\FileHandler' driver.
CRITICAL - 2023-10-08 05:18:50 --> syntax error, unexpected variable "$data", expecting "function" or "const"
in APPPATH\Controllers\Master.php on line 12.
 1 SYSTEMPATH\Autoloader\Autoloader.php(285): CodeIgniter\Autoloader\Autoloader->includeFile('E:\\xampp\\htdocs\\Codeigniter_project\\app\\Controllers\\Master.php')
 2 SYSTEMPATH\Autoloader\Autoloader.php(263): CodeIgniter\Autoloader\Autoloader->loadInNamespace('App\\Controllers\\Master')
 3 [internal function]: CodeIgniter\Autoloader\Autoloader->loadClass('App\\Controllers\\Master')
 4 SYSTEMPATH\CodeIgniter.php(877): class_exists('\\App\\Controllers\\Master', true)
 5 SYSTEMPATH\CodeIgniter.php(481): CodeIgniter\CodeIgniter->startController()
 6 SYSTEMPATH\CodeIgniter.php(353): CodeIgniter\CodeIgniter->handleRequest(null, Object(Config\Cache), false)
 7 FCPATH\index.php(79): CodeIgniter\CodeIgniter->run()
CRITICAL - 2023-10-08 05:55:42 --> Invalid file: "backend/commen/dfooter.php"
in SYSTEMPATH\Exceptions\FrameworkException.php on line 39.
 1 SYSTEMPATH\View\View.php(214): CodeIgniter\Exceptions\FrameworkException::forInvalidFile('backend/commen/dfooter.php')
 2 SYSTEMPATH\View\View.php(467): CodeIgniter\View\View->render('backend/commen/dfooter', null, true)
 3 APPPATH\Views\book_view.php(46): CodeIgniter\View\View->include('backend/commen/dfooter')
 4 SYSTEMPATH\View\View.php(226): include('E:\\xampp\\htdocs\\Codeigniter_project\\app\\Views\\book_view.php')
 5 SYSTEMPATH\View\View.php(229): CodeIgniter\View\View->CodeIgniter\View\{closure}()
 6 SYSTEMPATH\Common.php(1188): CodeIgniter\View\View->render('book_view', [], true)
 7 APPPATH\Controllers\Book.php(11): view('book_view', [...])
 8 SYSTEMPATH\CodeIgniter.php(919): App\Controllers\Book->index()
 9 SYSTEMPATH\CodeIgniter.php(494): CodeIgniter\CodeIgniter->runController(Object(App\Controllers\Book))
10 SYSTEMPATH\CodeIgniter.php(353): CodeIgniter\CodeIgniter->handleRequest(null, Object(Config\Cache), false)
11 FCPATH\index.php(79): CodeIgniter\CodeIgniter->run()
CRITICAL - 2023-10-08 05:58:35 --> Invalid file: "backend/commen/dfooter.php"
in SYSTEMPATH\Exceptions\FrameworkException.php on line 39.
 1 SYSTEMPATH\View\View.php(214): CodeIgniter\Exceptions\FrameworkException::forInvalidFile('backend/commen/dfooter.php')
 2 SYSTEMPATH\View\View.php(467): CodeIgniter\View\View->render('backend/commen/dfooter', null, true)
 3 APPPATH\Views\book_view.php(46): CodeIgniter\View\View->include('backend/commen/dfooter')
 4 SYSTEMPATH\View\View.php(226): include('E:\\xampp\\htdocs\\Codeigniter_project\\app\\Views\\book_view.php')
 5 SYSTEMPATH\View\View.php(229): CodeIgniter\View\View->CodeIgniter\View\{closure}()
 6 SYSTEMPATH\Common.php(1188): CodeIgniter\View\View->render('book_view', [], true)
 7 APPPATH\Controllers\Book.php(11): view('book_view', [...])
 8 SYSTEMPATH\CodeIgniter.php(919): App\Controllers\Book->index()
 9 SYSTEMPATH\CodeIgniter.php(494): CodeIgniter\CodeIgniter->runController(Object(App\Controllers\Book))
10 SYSTEMPATH\CodeIgniter.php(353): CodeIgniter\CodeIgniter->handleRequest(null, Object(Config\Cache), false)
11 FCPATH\index.php(79): CodeIgniter\CodeIgniter->run()
CRITICAL - 2023-10-08 05:58:36 --> Invalid file: "backend/commen/dfooter.php"
in SYSTEMPATH\Exceptions\FrameworkException.php on line 39.
 1 SYSTEMPATH\View\View.php(214): CodeIgniter\Exceptions\FrameworkException::forInvalidFile('backend/commen/dfooter.php')
 2 SYSTEMPATH\View\View.php(467): CodeIgniter\View\View->render('backend/commen/dfooter', null, true)
 3 APPPATH\Views\book_view.php(46): CodeIgniter\View\View->include('backend/commen/dfooter')
 4 SYSTEMPATH\View\View.php(226): include('E:\\xampp\\htdocs\\Codeigniter_project\\app\\Views\\book_view.php')
 5 SYSTEMPATH\View\View.php(229): CodeIgniter\View\View->CodeIgniter\View\{closure}()
 6 SYSTEMPATH\Common.php(1188): CodeIgniter\View\View->render('book_view', [], true)
 7 APPPATH\Controllers\Book.php(11): view('book_view', [...])
 8 SYSTEMPATH\CodeIgniter.php(919): App\Controllers\Book->index()
 9 SYSTEMPATH\CodeIgniter.php(494): CodeIgniter\CodeIgniter->runController(Object(App\Controllers\Book))
10 SYSTEMPATH\CodeIgniter.php(353): CodeIgniter\CodeIgniter->handleRequest(null, Object(Config\Cache), false)
11 FCPATH\index.php(79): CodeIgniter\CodeIgniter->run()
CRITICAL - 2023-10-08 05:58:37 --> Invalid file: "backend/commen/dfooter.php"
in SYSTEMPATH\Exceptions\FrameworkException.php on line 39.
 1 SYSTEMPATH\View\View.php(214): CodeIgniter\Exceptions\FrameworkException::forInvalidFile('backend/commen/dfooter.php')
 2 SYSTEMPATH\View\View.php(467): CodeIgniter\View\View->render('backend/commen/dfooter', null, true)
 3 APPPATH\Views\book_view.php(46): CodeIgniter\View\View->include('backend/commen/dfooter')
 4 SYSTEMPATH\View\View.php(226): include('E:\\xampp\\htdocs\\Codeigniter_project\\app\\Views\\book_view.php')
 5 SYSTEMPATH\View\View.php(229): CodeIgniter\View\View->CodeIgniter\View\{closure}()
 6 SYSTEMPATH\Common.php(1188): CodeIgniter\View\View->render('book_view', [], true)
 7 APPPATH\Controllers\Book.php(11): view('book_view', [...])
 8 SYSTEMPATH\CodeIgniter.php(919): App\Controllers\Book->index()
 9 SYSTEMPATH\CodeIgniter.php(494): CodeIgniter\CodeIgniter->runController(Object(App\Controllers\Book))
10 SYSTEMPATH\CodeIgniter.php(353): CodeIgniter\CodeIgniter->handleRequest(null, Object(Config\Cache), false)
11 FCPATH\index.php(79): CodeIgniter\CodeIgniter->run()
CRITICAL - 2023-10-08 05:58:37 --> Invalid file: "backend/commen/dfooter.php"
in SYSTEMPATH\Exceptions\FrameworkException.php on line 39.
 1 SYSTEMPATH\View\View.php(214): CodeIgniter\Exceptions\FrameworkException::forInvalidFile('backend/commen/dfooter.php')
 2 SYSTEMPATH\View\View.php(467): CodeIgniter\View\View->render('backend/commen/dfooter', null, true)
 3 APPPATH\Views\book_view.php(46): CodeIgniter\View\View->include('backend/commen/dfooter')
 4 SYSTEMPATH\View\View.php(226): include('E:\\xampp\\htdocs\\Codeigniter_project\\app\\Views\\book_view.php')
 5 SYSTEMPATH\View\View.php(229): CodeIgniter\View\View->CodeIgniter\View\{closure}()
 6 SYSTEMPATH\Common.php(1188): CodeIgniter\View\View->render('book_view', [], true)
 7 APPPATH\Controllers\Book.php(11): view('book_view', [...])
 8 SYSTEMPATH\CodeIgniter.php(919): App\Controllers\Book->index()
 9 SYSTEMPATH\CodeIgniter.php(494): CodeIgniter\CodeIgniter->runController(Object(App\Controllers\Book))
10 SYSTEMPATH\CodeIgniter.php(353): CodeIgniter\CodeIgniter->handleRequest(null, Object(Config\Cache), false)
11 FCPATH\index.php(79): CodeIgniter\CodeIgniter->run()
CRITICAL - 2023-10-08 05:58:47 --> Invalid file: "backend/commen/dfooter.php"
in SYSTEMPATH\Exceptions\FrameworkException.php on line 39.
 1 SYSTEMPATH\View\View.php(214): CodeIgniter\Exceptions\FrameworkException::forInvalidFile('backend/commen/dfooter.php')
 2 SYSTEMPATH\View\View.php(467): CodeIgniter\View\View->render('backend/commen/dfooter', null, true)
 3 APPPATH\Views\book_view.php(46): CodeIgniter\View\View->include('backend/commen/dfooter')
 4 SYSTEMPATH\View\View.php(226): include('E:\\xampp\\htdocs\\Codeigniter_project\\app\\Views\\book_view.php')
 5 SYSTEMPATH\View\View.php(229): CodeIgniter\View\View->CodeIgniter\View\{closure}()
 6 SYSTEMPATH\Common.php(1188): CodeIgniter\View\View->render('book_view', [], true)
 7 APPPATH\Controllers\Book.php(11): view('book_view', [...])
 8 SYSTEMPATH\CodeIgniter.php(919): App\Controllers\Book->index()
 9 SYSTEMPATH\CodeIgniter.php(494): CodeIgniter\CodeIgniter->runController(Object(App\Controllers\Book))
10 SYSTEMPATH\CodeIgniter.php(353): CodeIgniter\CodeIgniter->handleRequest(null, Object(Config\Cache), false)
11 FCPATH\index.php(79): CodeIgniter\CodeIgniter->run()
CRITICAL - 2023-10-08 05:58:50 --> Invalid file: "backend/commen/dfooter.php"
in SYSTEMPATH\Exceptions\FrameworkException.php on line 39.
 1 SYSTEMPATH\View\View.php(214): CodeIgniter\Exceptions\FrameworkException::forInvalidFile('backend/commen/dfooter.php')
 2 SYSTEMPATH\View\View.php(467): CodeIgniter\View\View->render('backend/commen/dfooter', null, true)
 3 APPPATH\Views\book_view.php(46): CodeIgniter\View\View->include('backend/commen/dfooter')
 4 SYSTEMPATH\View\View.php(226): include('E:\\xampp\\htdocs\\Codeigniter_project\\app\\Views\\book_view.php')
 5 SYSTEMPATH\View\View.php(229): CodeIgniter\View\View->CodeIgniter\View\{closure}()
 6 SYSTEMPATH\Common.php(1188): CodeIgniter\View\View->render('book_view', [], true)
 7 APPPATH\Controllers\Book.php(11): view('book_view', [...])
 8 SYSTEMPATH\CodeIgniter.php(919): App\Controllers\Book->index()
 9 SYSTEMPATH\CodeIgniter.php(494): CodeIgniter\CodeIgniter->runController(Object(App\Controllers\Book))
10 SYSTEMPATH\CodeIgniter.php(353): CodeIgniter\CodeIgniter->handleRequest(null, Object(Config\Cache), false)
11 FCPATH\index.php(79): CodeIgniter\CodeIgniter->run()
CRITICAL - 2023-10-08 06:00:29 --> Invalid file: "backend/commen/dfooter.php"
in SYSTEMPATH\Exceptions\FrameworkException.php on line 39.
 1 SYSTEMPATH\View\View.php(214): CodeIgniter\Exceptions\FrameworkException::forInvalidFile('backend/commen/dfooter.php')
 2 SYSTEMPATH\View\View.php(467): CodeIgniter\View\View->render('backend/commen/dfooter', null, true)
 3 APPPATH\Views\book_view.php(46): CodeIgniter\View\View->include('backend/commen/dfooter')
 4 SYSTEMPATH\View\View.php(226): include('E:\\xampp\\htdocs\\Codeigniter_project\\app\\Views\\book_view.php')
 5 SYSTEMPATH\View\View.php(229): CodeIgniter\View\View->CodeIgniter\View\{closure}()
 6 SYSTEMPATH\Common.php(1188): CodeIgniter\View\View->render('book_view', [], true)
 7 APPPATH\Controllers\Book.php(11): view('book_view', [...])
 8 SYSTEMPATH\CodeIgniter.php(919): App\Controllers\Book->index()
 9 SYSTEMPATH\CodeIgniter.php(494): CodeIgniter\CodeIgniter->runController(Object(App\Controllers\Book))
10 SYSTEMPATH\CodeIgniter.php(353): CodeIgniter\CodeIgniter->handleRequest(null, Object(Config\Cache), false)
11 FCPATH\index.php(79): CodeIgniter\CodeIgniter->run()
CRITICAL - 2023-10-08 06:00:31 --> Invalid file: "backend/commen/dfooter.php"
in SYSTEMPATH\Exceptions\FrameworkException.php on line 39.
 1 SYSTEMPATH\View\View.php(214): CodeIgniter\Exceptions\FrameworkException::forInvalidFile('backend/commen/dfooter.php')
 2 SYSTEMPATH\View\View.php(467): CodeIgniter\View\View->render('backend/commen/dfooter', null, true)
 3 APPPATH\Views\book_view.php(46): CodeIgniter\View\View->include('backend/commen/dfooter')
 4 SYSTEMPATH\View\View.php(226): include('E:\\xampp\\htdocs\\Codeigniter_project\\app\\Views\\book_view.php')
 5 SYSTEMPATH\View\View.php(229): CodeIgniter\View\View->CodeIgniter\View\{closure}()
 6 SYSTEMPATH\Common.php(1188): CodeIgniter\View\View->render('book_view', [], true)
 7 APPPATH\Controllers\Book.php(11): view('book_view', [...])
 8 SYSTEMPATH\CodeIgniter.php(919): App\Controllers\Book->index()
 9 SYSTEMPATH\CodeIgniter.php(494): CodeIgniter\CodeIgniter->runController(Object(App\Controllers\Book))
10 SYSTEMPATH\CodeIgniter.php(353): CodeIgniter\CodeIgniter->handleRequest(null, Object(Config\Cache), false)
11 FCPATH\index.php(79): CodeIgniter\CodeIgniter->run()
CRITICAL - 2023-10-08 06:02:59 --> Invalid file: "backend/commen/dfooter.php"
in SYSTEMPATH\Exceptions\FrameworkException.php on line 39.
 1 SYSTEMPATH\View\View.php(214): CodeIgniter\Exceptions\FrameworkException::forInvalidFile('backend/commen/dfooter.php')
 2 SYSTEMPATH\View\View.php(467): CodeIgniter\View\View->render('backend/commen/dfooter', null, true)
 3 APPPATH\Views\book_view.php(46): CodeIgniter\View\View->include('backend/commen/dfooter')
 4 SYSTEMPATH\View\View.php(226): include('E:\\xampp\\htdocs\\Codeigniter_project\\app\\Views\\book_view.php')
 5 SYSTEMPATH\View\View.php(229): CodeIgniter\View\View->CodeIgniter\View\{closure}()
 6 SYSTEMPATH\Common.php(1188): CodeIgniter\View\View->render('book_view', [], true)
 7 APPPATH\Controllers\Book.php(11): view('book_view', [...])
 8 SYSTEMPATH\CodeIgniter.php(919): App\Controllers\Book->index()
 9 SYSTEMPATH\CodeIgniter.php(494): CodeIgniter\CodeIgniter->runController(Object(App\Controllers\Book))
10 SYSTEMPATH\CodeIgniter.php(353): CodeIgniter\CodeIgniter->handleRequest(null, Object(Config\Cache), false)
11 FCPATH\index.php(79): CodeIgniter\CodeIgniter->run()
CRITICAL - 2023-10-08 06:03:01 --> Invalid file: "backend/commen/dfooter.php"
in SYSTEMPATH\Exceptions\FrameworkException.php on line 39.
 1 SYSTEMPATH\View\View.php(214): CodeIgniter\Exceptions\FrameworkException::forInvalidFile('backend/commen/dfooter.php')
 2 SYSTEMPATH\View\View.php(467): CodeIgniter\View\View->render('backend/commen/dfooter', null, true)
 3 APPPATH\Views\book_view.php(46): CodeIgniter\View\View->include('backend/commen/dfooter')
 4 SYSTEMPATH\View\View.php(226): include('E:\\xampp\\htdocs\\Codeigniter_project\\app\\Views\\book_view.php')
 5 SYSTEMPATH\View\View.php(229): CodeIgniter\View\View->CodeIgniter\View\{closure}()
 6 SYSTEMPATH\Common.php(1188): CodeIgniter\View\View->render('book_view', [], true)
 7 APPPATH\Controllers\Book.php(11): view('book_view', [...])
 8 SYSTEMPATH\CodeIgniter.php(919): App\Controllers\Book->index()
 9 SYSTEMPATH\CodeIgniter.php(494): CodeIgniter\CodeIgniter->runController(Object(App\Controllers\Book))
10 SYSTEMPATH\CodeIgniter.php(353): CodeIgniter\CodeIgniter->handleRequest(null, Object(Config\Cache), false)
11 FCPATH\index.php(79): CodeIgniter\CodeIgniter->run()
CRITICAL - 2023-10-08 06:03:21 --> Invalid file: "backend/commen/dfooter.php"
in SYSTEMPATH\Exceptions\FrameworkException.php on line 39.
 1 SYSTEMPATH\View\View.php(214): CodeIgniter\Exceptions\FrameworkException::forInvalidFile('backend/commen/dfooter.php')
 2 SYSTEMPATH\View\View.php(467): CodeIgniter\View\View->render('backend/commen/dfooter', null, true)
 3 APPPATH\Views\book_view.php(46): CodeIgniter\View\View->include('backend/commen/dfooter')
 4 SYSTEMPATH\View\View.php(226): include('E:\\xampp\\htdocs\\Codeigniter_project\\app\\Views\\book_view.php')
 5 SYSTEMPATH\View\View.php(229): CodeIgniter\View\View->CodeIgniter\View\{closure}()
 6 SYSTEMPATH\Common.php(1188): CodeIgniter\View\View->render('book_view', [], true)
 7 APPPATH\Controllers\Book.php(11): view('book_view', [...])
 8 SYSTEMPATH\CodeIgniter.php(919): App\Controllers\Book->index()
 9 SYSTEMPATH\CodeIgniter.php(494): CodeIgniter\CodeIgniter->runController(Object(App\Controllers\Book))
10 SYSTEMPATH\CodeIgniter.php(353): CodeIgniter\CodeIgniter->handleRequest(null, Object(Config\Cache), false)
11 FCPATH\index.php(79): CodeIgniter\CodeIgniter->run()
CRITICAL - 2023-10-08 06:05:34 --> Invalid file: "backend/commen/dfooter.php"
in SYSTEMPATH\Exceptions\FrameworkException.php on line 39.
 1 SYSTEMPATH\View\View.php(214): CodeIgniter\Exceptions\FrameworkException::forInvalidFile('backend/commen/dfooter.php')
 2 SYSTEMPATH\View\View.php(467): CodeIgniter\View\View->render('backend/commen/dfooter', null, true)
 3 APPPATH\Views\book_view.php(46): CodeIgniter\View\View->include('backend/commen/dfooter')
 4 SYSTEMPATH\View\View.php(226): include('E:\\xampp\\htdocs\\Codeigniter_project\\app\\Views\\book_view.php')
 5 SYSTEMPATH\View\View.php(229): CodeIgniter\View\View->CodeIgniter\View\{closure}()
 6 SYSTEMPATH\Common.php(1188): CodeIgniter\View\View->render('book_view', [], true)
 7 APPPATH\Controllers\Book.php(11): view('book_view', [...])
 8 SYSTEMPATH\CodeIgniter.php(919): App\Controllers\Book->index()
 9 SYSTEMPATH\CodeIgniter.php(494): CodeIgniter\CodeIgniter->runController(Object(App\Controllers\Book))
10 SYSTEMPATH\CodeIgniter.php(353): CodeIgniter\CodeIgniter->handleRequest(null, Object(Config\Cache), false)
11 FCPATH\index.php(79): CodeIgniter\CodeIgniter->run()
CRITICAL - 2023-10-08 06:06:42 --> Invalid file: "backend/commen/dfooter.php"
in SYSTEMPATH\Exceptions\FrameworkException.php on line 39.
 1 SYSTEMPATH\View\View.php(214): CodeIgniter\Exceptions\FrameworkException::forInvalidFile('backend/commen/dfooter.php')
 2 SYSTEMPATH\View\View.php(467): CodeIgniter\View\View->render('backend/commen/dfooter', null, true)
 3 APPPATH\Views\book_view.php(46): CodeIgniter\View\View->include('backend/commen/dfooter')
 4 SYSTEMPATH\View\View.php(226): include('E:\\xampp\\htdocs\\Codeigniter_project\\app\\Views\\book_view.php')
 5 SYSTEMPATH\View\View.php(229): CodeIgniter\View\View->CodeIgniter\View\{closure}()
 6 SYSTEMPATH\Common.php(1188): CodeIgniter\View\View->render('book_view', [], true)
 7 APPPATH\Controllers\Book.php(11): view('book_view', [...])
 8 SYSTEMPATH\CodeIgniter.php(919): App\Controllers\Book->index()
 9 SYSTEMPATH\CodeIgniter.php(494): CodeIgniter\CodeIgniter->runController(Object(App\Controllers\Book))
10 SYSTEMPATH\CodeIgniter.php(353): CodeIgniter\CodeIgniter->handleRequest(null, Object(Config\Cache), false)
11 FCPATH\index.php(79): CodeIgniter\CodeIgniter->run()
CRITICAL - 2023-10-08 06:06:58 --> Invalid file: "backend/commen/dfooter.php"
in SYSTEMPATH\Exceptions\FrameworkException.php on line 39.
 1 SYSTEMPATH\View\View.php(214): CodeIgniter\Exceptions\FrameworkException::forInvalidFile('backend/commen/dfooter.php')
 2 SYSTEMPATH\View\View.php(467): CodeIgniter\View\View->render('backend/commen/dfooter', null, true)
 3 APPPATH\Views\book_view.php(46): CodeIgniter\View\View->include('backend/commen/dfooter')
 4 SYSTEMPATH\View\View.php(226): include('E:\\xampp\\htdocs\\Codeigniter_project\\app\\Views\\book_view.php')
 5 SYSTEMPATH\View\View.php(229): CodeIgniter\View\View->CodeIgniter\View\{closure}()
 6 SYSTEMPATH\Common.php(1188): CodeIgniter\View\View->render('book_view', [], true)
 7 APPPATH\Controllers\Book.php(11): view('book_view', [...])
 8 SYSTEMPATH\CodeIgniter.php(919): App\Controllers\Book->index()
 9 SYSTEMPATH\CodeIgniter.php(494): CodeIgniter\CodeIgniter->runController(Object(App\Controllers\Book))
10 SYSTEMPATH\CodeIgniter.php(353): CodeIgniter\CodeIgniter->handleRequest(null, Object(Config\Cache), false)
11 FCPATH\index.php(79): CodeIgniter\CodeIgniter->run()
CRITICAL - 2023-10-08 06:06:59 --> Invalid file: "backend/commen/dfooter.php"
in SYSTEMPATH\Exceptions\FrameworkException.php on line 39.
 1 SYSTEMPATH\View\View.php(214): CodeIgniter\Exceptions\FrameworkException::forInvalidFile('backend/commen/dfooter.php')
 2 SYSTEMPATH\View\View.php(467): CodeIgniter\View\View->render('backend/commen/dfooter', null, true)
 3 APPPATH\Views\book_view.php(46): CodeIgniter\View\View->include('backend/commen/dfooter')
 4 SYSTEMPATH\View\View.php(226): include('E:\\xampp\\htdocs\\Codeigniter_project\\app\\Views\\book_view.php')
 5 SYSTEMPATH\View\View.php(229): CodeIgniter\View\View->CodeIgniter\View\{closure}()
 6 SYSTEMPATH\Common.php(1188): CodeIgniter\View\View->render('book_view', [], true)
 7 APPPATH\Controllers\Book.php(11): view('book_view', [...])
 8 SYSTEMPATH\CodeIgniter.php(919): App\Controllers\Book->index()
 9 SYSTEMPATH\CodeIgniter.php(494): CodeIgniter\CodeIgniter->runController(Object(App\Controllers\Book))
10 SYSTEMPATH\CodeIgniter.php(353): CodeIgniter\CodeIgniter->handleRequest(null, Object(Config\Cache), false)
11 FCPATH\index.php(79): CodeIgniter\CodeIgniter->run()
CRITICAL - 2023-10-08 06:07:18 --> Invalid file: "backend/commen/dfooter.php"
in SYSTEMPATH\Exceptions\FrameworkException.php on line 39.
 1 SYSTEMPATH\View\View.php(214): CodeIgniter\Exceptions\FrameworkException::forInvalidFile('backend/commen/dfooter.php')
 2 SYSTEMPATH\View\View.php(467): CodeIgniter\View\View->render('backend/commen/dfooter', null, true)
 3 APPPATH\Views\book_view.php(46): CodeIgniter\View\View->include('backend/commen/dfooter')
 4 SYSTEMPATH\View\View.php(226): include('E:\\xampp\\htdocs\\Codeigniter_project\\app\\Views\\book_view.php')
 5 SYSTEMPATH\View\View.php(229): CodeIgniter\View\View->CodeIgniter\View\{closure}()
 6 SYSTEMPATH\Common.php(1188): CodeIgniter\View\View->render('book_view', [], true)
 7 APPPATH\Controllers\Book.php(11): view('book_view', [...])
 8 SYSTEMPATH\CodeIgniter.php(919): App\Controllers\Book->index()
 9 SYSTEMPATH\CodeIgniter.php(494): CodeIgniter\CodeIgniter->runController(Object(App\Controllers\Book))
10 SYSTEMPATH\CodeIgniter.php(353): CodeIgniter\CodeIgniter->handleRequest(null, Object(Config\Cache), false)
11 FCPATH\index.php(79): CodeIgniter\CodeIgniter->run()
CRITICAL - 2023-10-08 06:08:19 --> Invalid file: "backend/commen/dfooter.php"
in SYSTEMPATH\Exceptions\FrameworkException.php on line 39.
 1 SYSTEMPATH\View\View.php(214): CodeIgniter\Exceptions\FrameworkException::forInvalidFile('backend/commen/dfooter.php')
 2 SYSTEMPATH\View\View.php(467): CodeIgniter\View\View->render('backend/commen/dfooter', null, true)
 3 APPPATH\Views\book_view.php(46): CodeIgniter\View\View->include('backend/commen/dfooter')
 4 SYSTEMPATH\View\View.php(226): include('E:\\xampp\\htdocs\\Codeigniter_project\\app\\Views\\book_view.php')
 5 SYSTEMPATH\View\View.php(229): CodeIgniter\View\View->CodeIgniter\View\{closure}()
 6 SYSTEMPATH\Common.php(1188): CodeIgniter\View\View->render('book_view', [], true)
 7 APPPATH\Controllers\Book.php(11): view('book_view', [...])
 8 SYSTEMPATH\CodeIgniter.php(919): App\Controllers\Book->index()
 9 SYSTEMPATH\CodeIgniter.php(494): CodeIgniter\CodeIgniter->runController(Object(App\Controllers\Book))
10 SYSTEMPATH\CodeIgniter.php(353): CodeIgniter\CodeIgniter->handleRequest(null, Object(Config\Cache), false)
11 FCPATH\index.php(79): CodeIgniter\CodeIgniter->run()
CRITICAL - 2023-10-08 06:08:24 --> Invalid file: "backend/commen/dfooter.php"
in SYSTEMPATH\Exceptions\FrameworkException.php on line 39.
 1 SYSTEMPATH\View\View.php(214): CodeIgniter\Exceptions\FrameworkException::forInvalidFile('backend/commen/dfooter.php')
 2 SYSTEMPATH\View\View.php(467): CodeIgniter\View\View->render('backend/commen/dfooter', null, true)
 3 APPPATH\Views\book_view.php(46): CodeIgniter\View\View->include('backend/commen/dfooter')
 4 SYSTEMPATH\View\View.php(226): include('E:\\xampp\\htdocs\\Codeigniter_project\\app\\Views\\book_view.php')
 5 SYSTEMPATH\View\View.php(229): CodeIgniter\View\View->CodeIgniter\View\{closure}()
 6 SYSTEMPATH\Common.php(1188): CodeIgniter\View\View->render('book_view', [], true)
 7 APPPATH\Controllers\Book.php(11): view('book_view', [...])
 8 SYSTEMPATH\CodeIgniter.php(919): App\Controllers\Book->index()
 9 SYSTEMPATH\CodeIgniter.php(494): CodeIgniter\CodeIgniter->runController(Object(App\Controllers\Book))
10 SYSTEMPATH\CodeIgniter.php(353): CodeIgniter\CodeIgniter->handleRequest(null, Object(Config\Cache), false)
11 FCPATH\index.php(79): CodeIgniter\CodeIgniter->run()
CRITICAL - 2023-10-08 06:08:28 --> Invalid file: "backend/commen/dfooter.php"
in SYSTEMPATH\Exceptions\FrameworkException.php on line 39.
 1 SYSTEMPATH\View\View.php(214): CodeIgniter\Exceptions\FrameworkException::forInvalidFile('backend/commen/dfooter.php')
 2 SYSTEMPATH\View\View.php(467): CodeIgniter\View\View->render('backend/commen/dfooter', null, true)
 3 APPPATH\Views\book_view.php(46): CodeIgniter\View\View->include('backend/commen/dfooter')
 4 SYSTEMPATH\View\View.php(226): include('E:\\xampp\\htdocs\\Codeigniter_project\\app\\Views\\book_view.php')
 5 SYSTEMPATH\View\View.php(229): CodeIgniter\View\View->CodeIgniter\View\{closure}()
 6 SYSTEMPATH\Common.php(1188): CodeIgniter\View\View->render('book_view', [], true)
 7 APPPATH\Controllers\Book.php(11): view('book_view', [...])
 8 SYSTEMPATH\CodeIgniter.php(919): App\Controllers\Book->index()
 9 SYSTEMPATH\CodeIgniter.php(494): CodeIgniter\CodeIgniter->runController(Object(App\Controllers\Book))
10 SYSTEMPATH\CodeIgniter.php(353): CodeIgniter\CodeIgniter->handleRequest(null, Object(Config\Cache), false)
11 FCPATH\index.php(79): CodeIgniter\CodeIgniter->run()
CRITICAL - 2023-10-08 06:09:12 --> Invalid file: "backend/commen/dfooter.php"
in SYSTEMPATH\Exceptions\FrameworkException.php on line 39.
 1 SYSTEMPATH\View\View.php(214): CodeIgniter\Exceptions\FrameworkException::forInvalidFile('backend/commen/dfooter.php')
 2 SYSTEMPATH\View\View.php(467): CodeIgniter\View\View->render('backend/commen/dfooter', null, true)
 3 APPPATH\Views\book_view.php(46): CodeIgniter\View\View->include('backend/commen/dfooter')
 4 SYSTEMPATH\View\View.php(226): include('E:\\xampp\\htdocs\\Codeigniter_project\\app\\Views\\book_view.php')
 5 SYSTEMPATH\View\View.php(229): CodeIgniter\View\View->CodeIgniter\View\{closure}()
 6 SYSTEMPATH\Common.php(1188): CodeIgniter\View\View->render('book_view', [], true)
 7 APPPATH\Controllers\Book.php(11): view('book_view', [...])
 8 SYSTEMPATH\CodeIgniter.php(919): App\Controllers\Book->index()
 9 SYSTEMPATH\CodeIgniter.php(494): CodeIgniter\CodeIgniter->runController(Object(App\Controllers\Book))
10 SYSTEMPATH\CodeIgniter.php(353): CodeIgniter\CodeIgniter->handleRequest(null, Object(Config\Cache), false)
11 FCPATH\index.php(79): CodeIgniter\CodeIgniter->run()
INFO - 2023-10-08 06:27:09 --> Session: Class initialized using 'CodeIgniter\Session\Handlers\FileHandler' driver.
INFO - 2023-10-08 06:27:11 --> Session: Class initialized using 'CodeIgniter\Session\Handlers\FileHandler' driver.
INFO - 2023-10-08 06:27:11 --> Session: Class initialized using 'CodeIgniter\Session\Handlers\FileHandler' driver.
INFO - 2023-10-08 06:27:18 --> Session: Class initialized using 'CodeIgniter\Session\Handlers\FileHandler' driver.
CRITICAL - 2023-10-08 06:27:18 --> Invalid file: "backend/common/dfooter.php"
in SYSTEMPATH\Exceptions\FrameworkException.php on line 39.
 1 SYSTEMPATH\View\View.php(214): CodeIgniter\Exceptions\FrameworkException::forInvalidFile('backend/common/dfooter.php')
 2 SYSTEMPATH\View\View.php(467): CodeIgniter\View\View->render('backend/common/dfooter', null, true)
 3 APPPATH\Views\master.php(10): CodeIgniter\View\View->include('backend/common/dfooter')
 4 SYSTEMPATH\View\View.php(226): include('E:\\xampp\\htdocs\\Codeigniter_project\\app\\Views\\master.php')
 5 SYSTEMPATH\View\View.php(229): CodeIgniter\View\View->CodeIgniter\View\{closure}()
 6 SYSTEMPATH\Common.php(1188): CodeIgniter\View\View->render('master', [], true)
 7 APPPATH\Controllers\Master.php(9): view('master')
 8 SYSTEMPATH\CodeIgniter.php(919): App\Controllers\Master->dash()
 9 SYSTEMPATH\CodeIgniter.php(494): CodeIgniter\CodeIgniter->runController(Object(App\Controllers\Master))
10 SYSTEMPATH\CodeIgniter.php(353): CodeIgniter\CodeIgniter->handleRequest(null, Object(Config\Cache), false)
11 FCPATH\index.php(79): CodeIgniter\CodeIgniter->run()
12 SYSTEMPATH\Commands\Server\rewrite.php(47): require_once('E:\\xampp\\htdocs\\Codeigniter_project\\public\\index.php')
CRITICAL - 2023-10-08 06:27:20 --> Invalid file: "backend/common/dfooter.php"
in SYSTEMPATH\Exceptions\FrameworkException.php on line 39.
 1 SYSTEMPATH\View\View.php(214): CodeIgniter\Exceptions\FrameworkException::forInvalidFile('backend/common/dfooter.php')
 2 SYSTEMPATH\View\View.php(467): CodeIgniter\View\View->render('backend/common/dfooter', null, true)
 3 APPPATH\Views\master.php(10): CodeIgniter\View\View->include('backend/common/dfooter')
 4 SYSTEMPATH\View\View.php(226): include('E:\\xampp\\htdocs\\Codeigniter_project\\app\\Views\\master.php')
 5 SYSTEMPATH\View\View.php(229): CodeIgniter\View\View->CodeIgniter\View\{closure}()
 6 SYSTEMPATH\Common.php(1188): CodeIgniter\View\View->render('master', [], true)
 7 APPPATH\Controllers\Master.php(9): view('master')
 8 SYSTEMPATH\CodeIgniter.php(919): App\Controllers\Master->dash()
 9 SYSTEMPATH\CodeIgniter.php(494): CodeIgniter\CodeIgniter->runController(Object(App\Controllers\Master))
10 SYSTEMPATH\CodeIgniter.php(353): CodeIgniter\CodeIgniter->handleRequest(null, Object(Config\Cache), false)
11 FCPATH\index.php(79): CodeIgniter\CodeIgniter->run()
12 SYSTEMPATH\Commands\Server\rewrite.php(47): require_once('E:\\xampp\\htdocs\\Codeigniter_project\\public\\index.php')
CRITICAL - 2023-10-08 06:28:20 --> Invalid file: "backend/common/dfooter.php"
in SYSTEMPATH\Exceptions\FrameworkException.php on line 39.
 1 SYSTEMPATH\View\View.php(214): CodeIgniter\Exceptions\FrameworkException::forInvalidFile('backend/common/dfooter.php')
 2 SYSTEMPATH\View\View.php(467): CodeIgniter\View\View->render('backend/common/dfooter', null, true)
 3 APPPATH\Views\master.php(10): CodeIgniter\View\View->include('backend/common/dfooter')
 4 SYSTEMPATH\View\View.php(226): include('E:\\xampp\\htdocs\\Codeigniter_project\\app\\Views\\master.php')
 5 SYSTEMPATH\View\View.php(229): CodeIgniter\View\View->CodeIgniter\View\{closure}()
 6 SYSTEMPATH\Common.php(1188): CodeIgniter\View\View->render('master', [], true)
 7 APPPATH\Controllers\Master.php(9): view('master')
 8 SYSTEMPATH\CodeIgniter.php(919): App\Controllers\Master->dash()
 9 SYSTEMPATH\CodeIgniter.php(494): CodeIgniter\CodeIgniter->runController(Object(App\Controllers\Master))
10 SYSTEMPATH\CodeIgniter.php(353): CodeIgniter\CodeIgniter->handleRequest(null, Object(Config\Cache), false)
11 FCPATH\index.php(79): CodeIgniter\CodeIgniter->run()
12 SYSTEMPATH\Commands\Server\rewrite.php(47): require_once('E:\\xampp\\htdocs\\Codeigniter_project\\public\\index.php')
INFO - 2023-10-08 06:28:22 --> Session: Class initialized using 'CodeIgniter\Session\Handlers\FileHandler' driver.
INFO - 2023-10-08 06:28:24 --> Session: Class initialized using 'CodeIgniter\Session\Handlers\FileHandler' driver.
INFO - 2023-10-08 06:34:47 --> Session: Class initialized using 'CodeIgniter\Session\Handlers\FileHandler' driver.
INFO - 2023-10-08 06:34:52 --> Session: Class initialized using 'CodeIgniter\Session\Handlers\FileHandler' driver.
CRITICAL - 2023-10-08 06:34:52 --> Invalid file: "backend/common/dfooter.php"
in SYSTEMPATH\Exceptions\FrameworkException.php on line 39.
 1 SYSTEMPATH\View\View.php(214): CodeIgniter\Exceptions\FrameworkException::forInvalidFile('backend/common/dfooter.php')
 2 SYSTEMPATH\View\View.php(467): CodeIgniter\View\View->render('backend/common/dfooter', null, true)
 3 APPPATH\Views\master.php(10): CodeIgniter\View\View->include('backend/common/dfooter')
 4 SYSTEMPATH\View\View.php(226): include('E:\\xampp\\htdocs\\Codeigniter_project\\app\\Views\\master.php')
 5 SYSTEMPATH\View\View.php(229): CodeIgniter\View\View->CodeIgniter\View\{closure}()
 6 SYSTEMPATH\Common.php(1188): CodeIgniter\View\View->render('master', [], true)
 7 APPPATH\Controllers\Master.php(9): view('master')
 8 SYSTEMPATH\CodeIgniter.php(919): App\Controllers\Master->dash()
 9 SYSTEMPATH\CodeIgniter.php(494): CodeIgniter\CodeIgniter->runController(Object(App\Controllers\Master))
10 SYSTEMPATH\CodeIgniter.php(353): CodeIgniter\CodeIgniter->handleRequest(null, Object(Config\Cache), false)
11 FCPATH\index.php(79): CodeIgniter\CodeIgniter->run()
12 SYSTEMPATH\Commands\Server\rewrite.php(47): require_once('E:\\xampp\\htdocs\\Codeigniter_project\\public\\index.php')
CRITICAL - 2023-10-08 06:34:54 --> Invalid file: "backend/common/dfooter.php"
in SYSTEMPATH\Exceptions\FrameworkException.php on line 39.
 1 SYSTEMPATH\View\View.php(214): CodeIgniter\Exceptions\FrameworkException::forInvalidFile('backend/common/dfooter.php')
 2 SYSTEMPATH\View\View.php(467): CodeIgniter\View\View->render('backend/common/dfooter', null, true)
 3 APPPATH\Views\master.php(10): CodeIgniter\View\View->include('backend/common/dfooter')
 4 SYSTEMPATH\View\View.php(226): include('E:\\xampp\\htdocs\\Codeigniter_project\\app\\Views\\master.php')
 5 SYSTEMPATH\View\View.php(229): CodeIgniter\View\View->CodeIgniter\View\{closure}()
 6 SYSTEMPATH\Common.php(1188): CodeIgniter\View\View->render('master', [], true)
 7 APPPATH\Controllers\Master.php(9): view('master')
 8 SYSTEMPATH\CodeIgniter.php(919): App\Controllers\Master->dash()
 9 SYSTEMPATH\CodeIgniter.php(494): CodeIgniter\CodeIgniter->runController(Object(App\Controllers\Master))
10 SYSTEMPATH\CodeIgniter.php(353): CodeIgniter\CodeIgniter->handleRequest(null, Object(Config\Cache), false)
11 FCPATH\index.php(79): CodeIgniter\CodeIgniter->run()
12 SYSTEMPATH\Commands\Server\rewrite.php(47): require_once('E:\\xampp\\htdocs\\Codeigniter_project\\public\\index.php')
CRITICAL - 2023-10-08 06:36:45 --> Invalid file: "backend/common/dfooter.php"
in SYSTEMPATH\Exceptions\FrameworkException.php on line 39.
 1 SYSTEMPATH\View\View.php(214): CodeIgniter\Exceptions\FrameworkException::forInvalidFile('backend/common/dfooter.php')
 2 SYSTEMPATH\View\View.php(467): CodeIgniter\View\View->render('backend/common/dfooter', null, true)
 3 APPPATH\Views\master.php(10): CodeIgniter\View\View->include('backend/common/dfooter')
 4 SYSTEMPATH\View\View.php(226): include('E:\\xampp\\htdocs\\Codeigniter_project\\app\\Views\\master.php')
 5 SYSTEMPATH\View\View.php(229): CodeIgniter\View\View->CodeIgniter\View\{closure}()
 6 SYSTEMPATH\Common.php(1188): CodeIgniter\View\View->render('master', [], true)
 7 APPPATH\Controllers\Master.php(9): view('master')
 8 SYSTEMPATH\CodeIgniter.php(919): App\Controllers\Master->dash()
 9 SYSTEMPATH\CodeIgniter.php(494): CodeIgniter\CodeIgniter->runController(Object(App\Controllers\Master))
10 SYSTEMPATH\CodeIgniter.php(353): CodeIgniter\CodeIgniter->handleRequest(null, Object(Config\Cache), false)
11 FCPATH\index.php(79): CodeIgniter\CodeIgniter->run()
12 SYSTEMPATH\Commands\Server\rewrite.php(47): require_once('E:\\xampp\\htdocs\\Codeigniter_project\\public\\index.php')
CRITICAL - 2023-10-08 06:38:35 --> Invalid file: "backend/common/dfooter.php"
in SYSTEMPATH\Exceptions\FrameworkException.php on line 39.
 1 SYSTEMPATH\View\View.php(214): CodeIgniter\Exceptions\FrameworkException::forInvalidFile('backend/common/dfooter.php')
 2 SYSTEMPATH\View\View.php(467): CodeIgniter\View\View->render('backend/common/dfooter', null, true)
 3 APPPATH\Views\master.php(10): CodeIgniter\View\View->include('backend/common/dfooter')
 4 SYSTEMPATH\View\View.php(226): include('E:\\xampp\\htdocs\\Codeigniter_project\\app\\Views\\master.php')
 5 SYSTEMPATH\View\View.php(229): CodeIgniter\View\View->CodeIgniter\View\{closure}()
 6 SYSTEMPATH\Common.php(1188): CodeIgniter\View\View->render('master', [], true)
 7 APPPATH\Controllers\Master.php(9): view('master')
 8 SYSTEMPATH\CodeIgniter.php(919): App\Controllers\Master->dash()
 9 SYSTEMPATH\CodeIgniter.php(494): CodeIgniter\CodeIgniter->runController(Object(App\Controllers\Master))
10 SYSTEMPATH\CodeIgniter.php(353): CodeIgniter\CodeIgniter->handleRequest(null, Object(Config\Cache), false)
11 FCPATH\index.php(79): CodeIgniter\CodeIgniter->run()
12 SYSTEMPATH\Commands\Server\rewrite.php(47): require_once('E:\\xampp\\htdocs\\Codeigniter_project\\public\\index.php')
CRITICAL - 2023-10-08 06:38:36 --> Invalid file: "backend/common/dfooter.php"
in SYSTEMPATH\Exceptions\FrameworkException.php on line 39.
 1 SYSTEMPATH\View\View.php(214): CodeIgniter\Exceptions\FrameworkException::forInvalidFile('backend/common/dfooter.php')
 2 SYSTEMPATH\View\View.php(467): CodeIgniter\View\View->render('backend/common/dfooter', null, true)
 3 APPPATH\Views\master.php(10): CodeIgniter\View\View->include('backend/common/dfooter')
 4 SYSTEMPATH\View\View.php(226): include('E:\\xampp\\htdocs\\Codeigniter_project\\app\\Views\\master.php')
 5 SYSTEMPATH\View\View.php(229): CodeIgniter\View\View->CodeIgniter\View\{closure}()
 6 SYSTEMPATH\Common.php(1188): CodeIgniter\View\View->render('master', [], true)
 7 APPPATH\Controllers\Master.php(9): view('master')
 8 SYSTEMPATH\CodeIgniter.php(919): App\Controllers\Master->dash()
 9 SYSTEMPATH\CodeIgniter.php(494): CodeIgniter\CodeIgniter->runController(Object(App\Controllers\Master))
10 SYSTEMPATH\CodeIgniter.php(353): CodeIgniter\CodeIgniter->handleRequest(null, Object(Config\Cache), false)
11 FCPATH\index.php(79): CodeIgniter\CodeIgniter->run()
12 SYSTEMPATH\Commands\Server\rewrite.php(47): require_once('E:\\xampp\\htdocs\\Codeigniter_project\\public\\index.php')
CRITICAL - 2023-10-08 06:40:49 --> Invalid file: "backend/common/dfooter.php"
in SYSTEMPATH\Exceptions\FrameworkException.php on line 39.
 1 SYSTEMPATH\View\View.php(214): CodeIgniter\Exceptions\FrameworkException::forInvalidFile('backend/common/dfooter.php')
 2 SYSTEMPATH\View\View.php(467): CodeIgniter\View\View->render('backend/common/dfooter', null, true)
 3 APPPATH\Views\master.php(10): CodeIgniter\View\View->include('backend/common/dfooter')
 4 SYSTEMPATH\View\View.php(226): include('E:\\xampp\\htdocs\\Codeigniter_project\\app\\Views\\master.php')
 5 SYSTEMPATH\View\View.php(229): CodeIgniter\View\View->CodeIgniter\View\{closure}()
 6 SYSTEMPATH\Common.php(1188): CodeIgniter\View\View->render('master', [], true)
 7 APPPATH\Controllers\Master.php(9): view('master')
 8 SYSTEMPATH\CodeIgniter.php(919): App\Controllers\Master->dash()
 9 SYSTEMPATH\CodeIgniter.php(494): CodeIgniter\CodeIgniter->runController(Object(App\Controllers\Master))
10 SYSTEMPATH\CodeIgniter.php(353): CodeIgniter\CodeIgniter->handleRequest(null, Object(Config\Cache), false)
11 FCPATH\index.php(79): CodeIgniter\CodeIgniter->run()
12 SYSTEMPATH\Commands\Server\rewrite.php(47): require_once('E:\\xampp\\htdocs\\Codeigniter_project\\public\\index.php')
CRITICAL - 2023-10-08 06:40:50 --> Invalid file: "backend/common/dfooter.php"
in SYSTEMPATH\Exceptions\FrameworkException.php on line 39.
 1 SYSTEMPATH\View\View.php(214): CodeIgniter\Exceptions\FrameworkException::forInvalidFile('backend/common/dfooter.php')
 2 SYSTEMPATH\View\View.php(467): CodeIgniter\View\View->render('backend/common/dfooter', null, true)
 3 APPPATH\Views\master.php(10): CodeIgniter\View\View->include('backend/common/dfooter')
 4 SYSTEMPATH\View\View.php(226): include('E:\\xampp\\htdocs\\Codeigniter_project\\app\\Views\\master.php')
 5 SYSTEMPATH\View\View.php(229): CodeIgniter\View\View->CodeIgniter\View\{closure}()
 6 SYSTEMPATH\Common.php(1188): CodeIgniter\View\View->render('master', [], true)
 7 APPPATH\Controllers\Master.php(9): view('master')
 8 SYSTEMPATH\CodeIgniter.php(919): App\Controllers\Master->dash()
 9 SYSTEMPATH\CodeIgniter.php(494): CodeIgniter\CodeIgniter->runController(Object(App\Controllers\Master))
10 SYSTEMPATH\CodeIgniter.php(353): CodeIgniter\CodeIgniter->handleRequest(null, Object(Config\Cache), false)
11 FCPATH\index.php(79): CodeIgniter\CodeIgniter->run()
12 SYSTEMPATH\Commands\Server\rewrite.php(47): require_once('E:\\xampp\\htdocs\\Codeigniter_project\\public\\index.php')
CRITICAL - 2023-10-08 06:40:51 --> Invalid file: "backend/common/dfooter.php"
in SYSTEMPATH\Exceptions\FrameworkException.php on line 39.
 1 SYSTEMPATH\View\View.php(214): CodeIgniter\Exceptions\FrameworkException::forInvalidFile('backend/common/dfooter.php')
 2 SYSTEMPATH\View\View.php(467): CodeIgniter\View\View->render('backend/common/dfooter', null, true)
 3 APPPATH\Views\master.php(10): CodeIgniter\View\View->include('backend/common/dfooter')
 4 SYSTEMPATH\View\View.php(226): include('E:\\xampp\\htdocs\\Codeigniter_project\\app\\Views\\master.php')
 5 SYSTEMPATH\View\View.php(229): CodeIgniter\View\View->CodeIgniter\View\{closure}()
 6 SYSTEMPATH\Common.php(1188): CodeIgniter\View\View->render('master', [], true)
 7 APPPATH\Controllers\Master.php(9): view('master')
 8 SYSTEMPATH\CodeIgniter.php(919): App\Controllers\Master->dash()
 9 SYSTEMPATH\CodeIgniter.php(494): CodeIgniter\CodeIgniter->runController(Object(App\Controllers\Master))
10 SYSTEMPATH\CodeIgniter.php(353): CodeIgniter\CodeIgniter->handleRequest(null, Object(Config\Cache), false)
11 FCPATH\index.php(79): CodeIgniter\CodeIgniter->run()
12 SYSTEMPATH\Commands\Server\rewrite.php(47): require_once('E:\\xampp\\htdocs\\Codeigniter_project\\public\\index.php')
CRITICAL - 2023-10-08 06:40:51 --> Invalid file: "backend/common/dfooter.php"
in SYSTEMPATH\Exceptions\FrameworkException.php on line 39.
 1 SYSTEMPATH\View\View.php(214): CodeIgniter\Exceptions\FrameworkException::forInvalidFile('backend/common/dfooter.php')
 2 SYSTEMPATH\View\View.php(467): CodeIgniter\View\View->render('backend/common/dfooter', null, true)
 3 APPPATH\Views\master.php(10): CodeIgniter\View\View->include('backend/common/dfooter')
 4 SYSTEMPATH\View\View.php(226): include('E:\\xampp\\htdocs\\Codeigniter_project\\app\\Views\\master.php')
 5 SYSTEMPATH\View\View.php(229): CodeIgniter\View\View->CodeIgniter\View\{closure}()
 6 SYSTEMPATH\Common.php(1188): CodeIgniter\View\View->render('master', [], true)
 7 APPPATH\Controllers\Master.php(9): view('master')
 8 SYSTEMPATH\CodeIgniter.php(919): App\Controllers\Master->dash()
 9 SYSTEMPATH\CodeIgniter.php(494): CodeIgniter\CodeIgniter->runController(Object(App\Controllers\Master))
10 SYSTEMPATH\CodeIgniter.php(353): CodeIgniter\CodeIgniter->handleRequest(null, Object(Config\Cache), false)
11 FCPATH\index.php(79): CodeIgniter\CodeIgniter->run()
12 SYSTEMPATH\Commands\Server\rewrite.php(47): require_once('E:\\xampp\\htdocs\\Codeigniter_project\\public\\index.php')
CRITICAL - 2023-10-08 06:40:55 --> Invalid file: "backend/common/dfooter.php"
in SYSTEMPATH\Exceptions\FrameworkException.php on line 39.
 1 SYSTEMPATH\View\View.php(214): CodeIgniter\Exceptions\FrameworkException::forInvalidFile('backend/common/dfooter.php')
 2 SYSTEMPATH\View\View.php(467): CodeIgniter\View\View->render('backend/common/dfooter', null, true)
 3 APPPATH\Views\master.php(10): CodeIgniter\View\View->include('backend/common/dfooter')
 4 SYSTEMPATH\View\View.php(226): include('E:\\xampp\\htdocs\\Codeigniter_project\\app\\Views\\master.php')
 5 SYSTEMPATH\View\View.php(229): CodeIgniter\View\View->CodeIgniter\View\{closure}()
 6 SYSTEMPATH\Common.php(1188): CodeIgniter\View\View->render('master', [], true)
 7 APPPATH\Controllers\Master.php(9): view('master')
 8 SYSTEMPATH\CodeIgniter.php(919): App\Controllers\Master->dash()
 9 SYSTEMPATH\CodeIgniter.php(494): CodeIgniter\CodeIgniter->runController(Object(App\Controllers\Master))
10 SYSTEMPATH\CodeIgniter.php(353): CodeIgniter\CodeIgniter->handleRequest(null, Object(Config\Cache), false)
11 FCPATH\index.php(79): CodeIgniter\CodeIgniter->run()
12 SYSTEMPATH\Commands\Server\rewrite.php(47): require_once('E:\\xampp\\htdocs\\Codeigniter_project\\public\\index.php')
CRITICAL - 2023-10-08 06:59:49 --> Invalid file: "backend/common/dfooter.php"
in SYSTEMPATH\Exceptions\FrameworkException.php on line 39.
 1 SYSTEMPATH\View\View.php(214): CodeIgniter\Exceptions\FrameworkException::forInvalidFile('backend/common/dfooter.php')
 2 SYSTEMPATH\View\View.php(467): CodeIgniter\View\View->render('backend/common/dfooter', null, true)
 3 APPPATH\Views\master.php(10): CodeIgniter\View\View->include('backend/common/dfooter')
 4 SYSTEMPATH\View\View.php(226): include('E:\\xampp\\htdocs\\Codeigniter_project\\app\\Views\\master.php')
 5 SYSTEMPATH\View\View.php(229): CodeIgniter\View\View->CodeIgniter\View\{closure}()
 6 SYSTEMPATH\Common.php(1188): CodeIgniter\View\View->render('master', [], true)
 7 APPPATH\Controllers\Master.php(9): view('master')
 8 SYSTEMPATH\CodeIgniter.php(919): App\Controllers\Master->dash()
 9 SYSTEMPATH\CodeIgniter.php(494): CodeIgniter\CodeIgniter->runController(Object(App\Controllers\Master))
10 SYSTEMPATH\CodeIgniter.php(353): CodeIgniter\CodeIgniter->handleRequest(null, Object(Config\Cache), false)
11 FCPATH\index.php(79): CodeIgniter\CodeIgniter->run()
12 SYSTEMPATH\Commands\Server\rewrite.php(47): require_once('E:\\xampp\\htdocs\\Codeigniter_project\\public\\index.php')
INFO - 2023-10-08 07:01:36 --> Session: Class initialized using 'CodeIgniter\Session\Handlers\FileHandler' driver.
INFO - 2023-10-08 07:01:43 --> Session: Class initialized using 'CodeIgniter\Session\Handlers\FileHandler' driver.
CRITICAL - 2023-10-08 07:01:43 --> Invalid file: "backend/common/dfooter.php"
in SYSTEMPATH\Exceptions\FrameworkException.php on line 39.
 1 SYSTEMPATH\View\View.php(214): CodeIgniter\Exceptions\FrameworkException::forInvalidFile('backend/common/dfooter.php')
 2 SYSTEMPATH\View\View.php(467): CodeIgniter\View\View->render('backend/common/dfooter', null, true)
 3 APPPATH\Views\master.php(10): CodeIgniter\View\View->include('backend/common/dfooter')
 4 SYSTEMPATH\View\View.php(226): include('E:\\xampp\\htdocs\\Codeigniter_project\\app\\Views\\master.php')
 5 SYSTEMPATH\View\View.php(229): CodeIgniter\View\View->CodeIgniter\View\{closure}()
 6 SYSTEMPATH\Common.php(1188): CodeIgniter\View\View->render('master', [], true)
 7 APPPATH\Controllers\Master.php(9): view('master')
 8 SYSTEMPATH\CodeIgniter.php(919): App\Controllers\Master->dash()
 9 SYSTEMPATH\CodeIgniter.php(494): CodeIgniter\CodeIgniter->runController(Object(App\Controllers\Master))
10 SYSTEMPATH\CodeIgniter.php(353): CodeIgniter\CodeIgniter->handleRequest(null, Object(Config\Cache), false)
11 FCPATH\index.php(79): CodeIgniter\CodeIgniter->run()
12 SYSTEMPATH\Commands\Server\rewrite.php(47): require_once('E:\\xampp\\htdocs\\Codeigniter_project\\public\\index.php')
CRITICAL - 2023-10-08 07:03:42 --> Invalid file: "backend/common/dfooter.php"
in SYSTEMPATH\Exceptions\FrameworkException.php on line 39.
 1 SYSTEMPATH\View\View.php(214): CodeIgniter\Exceptions\FrameworkException::forInvalidFile('backend/common/dfooter.php')
 2 SYSTEMPATH\View\View.php(467): CodeIgniter\View\View->render('backend/common/dfooter', null, true)
 3 APPPATH\Views\master.php(10): CodeIgniter\View\View->include('backend/common/dfooter')
 4 SYSTEMPATH\View\View.php(226): include('E:\\xampp\\htdocs\\Codeigniter_project\\app\\Views\\master.php')
 5 SYSTEMPATH\View\View.php(229): CodeIgniter\View\View->CodeIgniter\View\{closure}()
 6 SYSTEMPATH\Common.php(1188): CodeIgniter\View\View->render('master', [], true)
 7 APPPATH\Controllers\Master.php(9): view('master')
 8 SYSTEMPATH\CodeIgniter.php(919): App\Controllers\Master->dash()
 9 SYSTEMPATH\CodeIgniter.php(494): CodeIgniter\CodeIgniter->runController(Object(App\Controllers\Master))
10 SYSTEMPATH\CodeIgniter.php(353): CodeIgniter\CodeIgniter->handleRequest(null, Object(Config\Cache), false)
11 FCPATH\index.php(79): CodeIgniter\CodeIgniter->run()
12 SYSTEMPATH\Commands\Server\rewrite.php(47): require_once('E:\\xampp\\htdocs\\Codeigniter_project\\public\\index.php')
CRITICAL - 2023-10-08 07:05:16 --> Invalid file: "backend/common/dfooter.php"
in SYSTEMPATH\Exceptions\FrameworkException.php on line 39.
 1 SYSTEMPATH\View\View.php(214): CodeIgniter\Exceptions\FrameworkException::forInvalidFile('backend/common/dfooter.php')
 2 SYSTEMPATH\View\View.php(467): CodeIgniter\View\View->render('backend/common/dfooter', null, true)
 3 APPPATH\Views\master.php(10): CodeIgniter\View\View->include('backend/common/dfooter')
 4 SYSTEMPATH\View\View.php(226): include('E:\\xampp\\htdocs\\Codeigniter_project\\app\\Views\\master.php')
 5 SYSTEMPATH\View\View.php(229): CodeIgniter\View\View->CodeIgniter\View\{closure}()
 6 SYSTEMPATH\Common.php(1188): CodeIgniter\View\View->render('master', [], true)
 7 APPPATH\Controllers\Master.php(9): view('master')
 8 SYSTEMPATH\CodeIgniter.php(919): App\Controllers\Master->dash()
 9 SYSTEMPATH\CodeIgniter.php(494): CodeIgniter\CodeIgniter->runController(Object(App\Controllers\Master))
10 SYSTEMPATH\CodeIgniter.php(353): CodeIgniter\CodeIgniter->handleRequest(null, Object(Config\Cache), false)
11 FCPATH\index.php(79): CodeIgniter\CodeIgniter->run()
12 SYSTEMPATH\Commands\Server\rewrite.php(47): require_once('E:\\xampp\\htdocs\\Codeigniter_project\\public\\index.php')
CRITICAL - 2023-10-08 07:05:18 --> Invalid file: "backend/common/dfooter.php"
in SYSTEMPATH\Exceptions\FrameworkException.php on line 39.
 1 SYSTEMPATH\View\View.php(214): CodeIgniter\Exceptions\FrameworkException::forInvalidFile('backend/common/dfooter.php')
 2 SYSTEMPATH\View\View.php(467): CodeIgniter\View\View->render('backend/common/dfooter', null, true)
 3 APPPATH\Views\master.php(10): CodeIgniter\View\View->include('backend/common/dfooter')
 4 SYSTEMPATH\View\View.php(226): include('E:\\xampp\\htdocs\\Codeigniter_project\\app\\Views\\master.php')
 5 SYSTEMPATH\View\View.php(229): CodeIgniter\View\View->CodeIgniter\View\{closure}()
 6 SYSTEMPATH\Common.php(1188): CodeIgniter\View\View->render('master', [], true)
 7 APPPATH\Controllers\Master.php(9): view('master')
 8 SYSTEMPATH\CodeIgniter.php(919): App\Controllers\Master->dash()
 9 SYSTEMPATH\CodeIgniter.php(494): CodeIgniter\CodeIgniter->runController(Object(App\Controllers\Master))
10 SYSTEMPATH\CodeIgniter.php(353): CodeIgniter\CodeIgniter->handleRequest(null, Object(Config\Cache), false)
11 FCPATH\index.php(79): CodeIgniter\CodeIgniter->run()
12 SYSTEMPATH\Commands\Server\rewrite.php(47): require_once('E:\\xampp\\htdocs\\Codeigniter_project\\public\\index.php')
CRITICAL - 2023-10-08 07:05:19 --> Invalid file: "backend/common/dfooter.php"
in SYSTEMPATH\Exceptions\FrameworkException.php on line 39.
 1 SYSTEMPATH\View\View.php(214): CodeIgniter\Exceptions\FrameworkException::forInvalidFile('backend/common/dfooter.php')
 2 SYSTEMPATH\View\View.php(467): CodeIgniter\View\View->render('backend/common/dfooter', null, true)
 3 APPPATH\Views\master.php(10): CodeIgniter\View\View->include('backend/common/dfooter')
 4 SYSTEMPATH\View\View.php(226): include('E:\\xampp\\htdocs\\Codeigniter_project\\app\\Views\\master.php')
 5 SYSTEMPATH\View\View.php(229): CodeIgniter\View\View->CodeIgniter\View\{closure}()
 6 SYSTEMPATH\Common.php(1188): CodeIgniter\View\View->render('master', [], true)
 7 APPPATH\Controllers\Master.php(9): view('master')
 8 SYSTEMPATH\CodeIgniter.php(919): App\Controllers\Master->dash()
 9 SYSTEMPATH\CodeIgniter.php(494): CodeIgniter\CodeIgniter->runController(Object(App\Controllers\Master))
10 SYSTEMPATH\CodeIgniter.php(353): CodeIgniter\CodeIgniter->handleRequest(null, Object(Config\Cache), false)
11 FCPATH\index.php(79): CodeIgniter\CodeIgniter->run()
12 SYSTEMPATH\Commands\Server\rewrite.php(47): require_once('E:\\xampp\\htdocs\\Codeigniter_project\\public\\index.php')
CRITICAL - 2023-10-08 07:05:19 --> Invalid file: "backend/common/dfooter.php"
in SYSTEMPATH\Exceptions\FrameworkException.php on line 39.
 1 SYSTEMPATH\View\View.php(214): CodeIgniter\Exceptions\FrameworkException::forInvalidFile('backend/common/dfooter.php')
 2 SYSTEMPATH\View\View.php(467): CodeIgniter\View\View->render('backend/common/dfooter', null, true)
 3 APPPATH\Views\master.php(10): CodeIgniter\View\View->include('backend/common/dfooter')
 4 SYSTEMPATH\View\View.php(226): include('E:\\xampp\\htdocs\\Codeigniter_project\\app\\Views\\master.php')
 5 SYSTEMPATH\View\View.php(229): CodeIgniter\View\View->CodeIgniter\View\{closure}()
 6 SYSTEMPATH\Common.php(1188): CodeIgniter\View\View->render('master', [], true)
 7 APPPATH\Controllers\Master.php(9): view('master')
 8 SYSTEMPATH\CodeIgniter.php(919): App\Controllers\Master->dash()
 9 SYSTEMPATH\CodeIgniter.php(494): CodeIgniter\CodeIgniter->runController(Object(App\Controllers\Master))
10 SYSTEMPATH\CodeIgniter.php(353): CodeIgniter\CodeIgniter->handleRequest(null, Object(Config\Cache), false)
11 FCPATH\index.php(79): CodeIgniter\CodeIgniter->run()
12 SYSTEMPATH\Commands\Server\rewrite.php(47): require_once('E:\\xampp\\htdocs\\Codeigniter_project\\public\\index.php')
CRITICAL - 2023-10-08 07:05:20 --> Invalid file: "backend/common/dfooter.php"
in SYSTEMPATH\Exceptions\FrameworkException.php on line 39.
 1 SYSTEMPATH\View\View.php(214): CodeIgniter\Exceptions\FrameworkException::forInvalidFile('backend/common/dfooter.php')
 2 SYSTEMPATH\View\View.php(467): CodeIgniter\View\View->render('backend/common/dfooter', null, true)
 3 APPPATH\Views\master.php(10): CodeIgniter\View\View->include('backend/common/dfooter')
 4 SYSTEMPATH\View\View.php(226): include('E:\\xampp\\htdocs\\Codeigniter_project\\app\\Views\\master.php')
 5 SYSTEMPATH\View\View.php(229): CodeIgniter\View\View->CodeIgniter\View\{closure}()
 6 SYSTEMPATH\Common.php(1188): CodeIgniter\View\View->render('master', [], true)
 7 APPPATH\Controllers\Master.php(9): view('master')
 8 SYSTEMPATH\CodeIgniter.php(919): App\Controllers\Master->dash()
 9 SYSTEMPATH\CodeIgniter.php(494): CodeIgniter\CodeIgniter->runController(Object(App\Controllers\Master))
10 SYSTEMPATH\CodeIgniter.php(353): CodeIgniter\CodeIgniter->handleRequest(null, Object(Config\Cache), false)
11 FCPATH\index.php(79): CodeIgniter\CodeIgniter->run()
12 SYSTEMPATH\Commands\Server\rewrite.php(47): require_once('E:\\xampp\\htdocs\\Codeigniter_project\\public\\index.php')
CRITICAL - 2023-10-08 07:05:20 --> Invalid file: "backend/common/dfooter.php"
in SYSTEMPATH\Exceptions\FrameworkException.php on line 39.
 1 SYSTEMPATH\View\View.php(214): CodeIgniter\Exceptions\FrameworkException::forInvalidFile('backend/common/dfooter.php')
 2 SYSTEMPATH\View\View.php(467): CodeIgniter\View\View->render('backend/common/dfooter', null, true)
 3 APPPATH\Views\master.php(10): CodeIgniter\View\View->include('backend/common/dfooter')
 4 SYSTEMPATH\View\View.php(226): include('E:\\xampp\\htdocs\\Codeigniter_project\\app\\Views\\master.php')
 5 SYSTEMPATH\View\View.php(229): CodeIgniter\View\View->CodeIgniter\View\{closure}()
 6 SYSTEMPATH\Common.php(1188): CodeIgniter\View\View->render('master', [], true)
 7 APPPATH\Controllers\Master.php(9): view('master')
 8 SYSTEMPATH\CodeIgniter.php(919): App\Controllers\Master->dash()
 9 SYSTEMPATH\CodeIgniter.php(494): CodeIgniter\CodeIgniter->runController(Object(App\Controllers\Master))
10 SYSTEMPATH\CodeIgniter.php(353): CodeIgniter\CodeIgniter->handleRequest(null, Object(Config\Cache), false)
11 FCPATH\index.php(79): CodeIgniter\CodeIgniter->run()
12 SYSTEMPATH\Commands\Server\rewrite.php(47): require_once('E:\\xampp\\htdocs\\Codeigniter_project\\public\\index.php')
CRITICAL - 2023-10-08 07:05:20 --> Invalid file: "backend/common/dfooter.php"
in SYSTEMPATH\Exceptions\FrameworkException.php on line 39.
 1 SYSTEMPATH\View\View.php(214): CodeIgniter\Exceptions\FrameworkException::forInvalidFile('backend/common/dfooter.php')
 2 SYSTEMPATH\View\View.php(467): CodeIgniter\View\View->render('backend/common/dfooter', null, true)
 3 APPPATH\Views\master.php(10): CodeIgniter\View\View->include('backend/common/dfooter')
 4 SYSTEMPATH\View\View.php(226): include('E:\\xampp\\htdocs\\Codeigniter_project\\app\\Views\\master.php')
 5 SYSTEMPATH\View\View.php(229): CodeIgniter\View\View->CodeIgniter\View\{closure}()
 6 SYSTEMPATH\Common.php(1188): CodeIgniter\View\View->render('master', [], true)
 7 APPPATH\Controllers\Master.php(9): view('master')
 8 SYSTEMPATH\CodeIgniter.php(919): App\Controllers\Master->dash()
 9 SYSTEMPATH\CodeIgniter.php(494): CodeIgniter\CodeIgniter->runController(Object(App\Controllers\Master))
10 SYSTEMPATH\CodeIgniter.php(353): CodeIgniter\CodeIgniter->handleRequest(null, Object(Config\Cache), false)
11 FCPATH\index.php(79): CodeIgniter\CodeIgniter->run()
12 SYSTEMPATH\Commands\Server\rewrite.php(47): require_once('E:\\xampp\\htdocs\\Codeigniter_project\\public\\index.php')
CRITICAL - 2023-10-08 07:05:20 --> Invalid file: "backend/common/dfooter.php"
in SYSTEMPATH\Exceptions\FrameworkException.php on line 39.
 1 SYSTEMPATH\View\View.php(214): CodeIgniter\Exceptions\FrameworkException::forInvalidFile('backend/common/dfooter.php')
 2 SYSTEMPATH\View\View.php(467): CodeIgniter\View\View->render('backend/common/dfooter', null, true)
 3 APPPATH\Views\master.php(10): CodeIgniter\View\View->include('backend/common/dfooter')
 4 SYSTEMPATH\View\View.php(226): include('E:\\xampp\\htdocs\\Codeigniter_project\\app\\Views\\master.php')
 5 SYSTEMPATH\View\View.php(229): CodeIgniter\View\View->CodeIgniter\View\{closure}()
 6 SYSTEMPATH\Common.php(1188): CodeIgniter\View\View->render('master', [], true)
 7 APPPATH\Controllers\Master.php(9): view('master')
 8 SYSTEMPATH\CodeIgniter.php(919): App\Controllers\Master->dash()
 9 SYSTEMPATH\CodeIgniter.php(494): CodeIgniter\CodeIgniter->runController(Object(App\Controllers\Master))
10 SYSTEMPATH\CodeIgniter.php(353): CodeIgniter\CodeIgniter->handleRequest(null, Object(Config\Cache), false)
11 FCPATH\index.php(79): CodeIgniter\CodeIgniter->run()
12 SYSTEMPATH\Commands\Server\rewrite.php(47): require_once('E:\\xampp\\htdocs\\Codeigniter_project\\public\\index.php')
CRITICAL - 2023-10-08 07:05:31 --> Invalid file: "backend/common/dfooter.php"
in SYSTEMPATH\Exceptions\FrameworkException.php on line 39.
 1 SYSTEMPATH\View\View.php(214): CodeIgniter\Exceptions\FrameworkException::forInvalidFile('backend/common/dfooter.php')
 2 SYSTEMPATH\View\View.php(467): CodeIgniter\View\View->render('backend/common/dfooter', null, true)
 3 APPPATH\Views\master.php(10): CodeIgniter\View\View->include('backend/common/dfooter')
 4 SYSTEMPATH\View\View.php(226): include('E:\\xampp\\htdocs\\Codeigniter_project\\app\\Views\\master.php')
 5 SYSTEMPATH\View\View.php(229): CodeIgniter\View\View->CodeIgniter\View\{closure}()
 6 SYSTEMPATH\Common.php(1188): CodeIgniter\View\View->render('master', [], true)
 7 APPPATH\Controllers\Master.php(9): view('master')
 8 SYSTEMPATH\CodeIgniter.php(919): App\Controllers\Master->dash()
 9 SYSTEMPATH\CodeIgniter.php(494): CodeIgniter\CodeIgniter->runController(Object(App\Controllers\Master))
10 SYSTEMPATH\CodeIgniter.php(353): CodeIgniter\CodeIgniter->handleRequest(null, Object(Config\Cache), false)
11 FCPATH\index.php(79): CodeIgniter\CodeIgniter->run()
12 SYSTEMPATH\Commands\Server\rewrite.php(47): require_once('E:\\xampp\\htdocs\\Codeigniter_project\\public\\index.php')
CRITICAL - 2023-10-08 07:05:39 --> Invalid file: "backend/common/dfooter.php"
in SYSTEMPATH\Exceptions\FrameworkException.php on line 39.
 1 SYSTEMPATH\View\View.php(214): CodeIgniter\Exceptions\FrameworkException::forInvalidFile('backend/common/dfooter.php')
 2 SYSTEMPATH\View\View.php(467): CodeIgniter\View\View->render('backend/common/dfooter', null, true)
 3 APPPATH\Views\master.php(10): CodeIgniter\View\View->include('backend/common/dfooter')
 4 SYSTEMPATH\View\View.php(226): include('E:\\xampp\\htdocs\\Codeigniter_project\\app\\Views\\master.php')
 5 SYSTEMPATH\View\View.php(229): CodeIgniter\View\View->CodeIgniter\View\{closure}()
 6 SYSTEMPATH\Common.php(1188): CodeIgniter\View\View->render('master', [], true)
 7 APPPATH\Controllers\Master.php(9): view('master')
 8 SYSTEMPATH\CodeIgniter.php(919): App\Controllers\Master->dash()
 9 SYSTEMPATH\CodeIgniter.php(494): CodeIgniter\CodeIgniter->runController(Object(App\Controllers\Master))
10 SYSTEMPATH\CodeIgniter.php(353): CodeIgniter\CodeIgniter->handleRequest(null, Object(Config\Cache), false)
11 FCPATH\index.php(79): CodeIgniter\CodeIgniter->run()
12 SYSTEMPATH\Commands\Server\rewrite.php(47): require_once('E:\\xampp\\htdocs\\Codeigniter_project\\public\\index.php')
CRITICAL - 2023-10-08 07:05:41 --> Invalid file: "backend/common/dfooter.php"
in SYSTEMPATH\Exceptions\FrameworkException.php on line 39.
 1 SYSTEMPATH\View\View.php(214): CodeIgniter\Exceptions\FrameworkException::forInvalidFile('backend/common/dfooter.php')
 2 SYSTEMPATH\View\View.php(467): CodeIgniter\View\View->render('backend/common/dfooter', null, true)
 3 APPPATH\Views\master.php(10): CodeIgniter\View\View->include('backend/common/dfooter')
 4 SYSTEMPATH\View\View.php(226): include('E:\\xampp\\htdocs\\Codeigniter_project\\app\\Views\\master.php')
 5 SYSTEMPATH\View\View.php(229): CodeIgniter\View\View->CodeIgniter\View\{closure}()
 6 SYSTEMPATH\Common.php(1188): CodeIgniter\View\View->render('master', [], true)
 7 APPPATH\Controllers\Master.php(9): view('master')
 8 SYSTEMPATH\CodeIgniter.php(919): App\Controllers\Master->dash()
 9 SYSTEMPATH\CodeIgniter.php(494): CodeIgniter\CodeIgniter->runController(Object(App\Controllers\Master))
10 SYSTEMPATH\CodeIgniter.php(353): CodeIgniter\CodeIgniter->handleRequest(null, Object(Config\Cache), false)
11 FCPATH\index.php(79): CodeIgniter\CodeIgniter->run()
12 SYSTEMPATH\Commands\Server\rewrite.php(47): require_once('E:\\xampp\\htdocs\\Codeigniter_project\\public\\index.php')
INFO - 2023-10-08 07:21:23 --> Session: Class initialized using 'CodeIgniter\Session\Handlers\FileHandler' driver.
INFO - 2023-10-08 07:38:08 --> Session: Class initialized using 'CodeIgniter\Session\Handlers\FileHandler' driver.
INFO - 2023-10-08 07:38:14 --> Session: Class initialized using 'CodeIgniter\Session\Handlers\FileHandler' driver.
CRITICAL - 2023-10-08 07:41:06 --> Invalid file: "dashboard.php"
in SYSTEMPATH\Exceptions\FrameworkException.php on line 39.
 1 SYSTEMPATH\View\View.php(214): CodeIgniter\Exceptions\FrameworkException::forInvalidFile('dashboard.php')
 2 SYSTEMPATH\Common.php(1188): CodeIgniter\View\View->render('dashboard', [], true)
 3 APPPATH\Controllers\Master.php(14): view('dashboard')
 4 SYSTEMPATH\CodeIgniter.php(919): App\Controllers\Master->dashboard()
 5 SYSTEMPATH\CodeIgniter.php(494): CodeIgniter\CodeIgniter->runController(Object(App\Controllers\Master))
 6 SYSTEMPATH\CodeIgniter.php(353): CodeIgniter\CodeIgniter->handleRequest(null, Object(Config\Cache), false)
 7 FCPATH\index.php(79): CodeIgniter\CodeIgniter->run()
 8 SYSTEMPATH\Commands\Server\rewrite.php(47): require_once('E:\\xampp\\htdocs\\Codeigniter_project\\public\\index.php')
CRITICAL - 2023-10-08 07:42:09 --> Invalid file: "backend/dashboard.php"
in SYSTEMPATH\Exceptions\FrameworkException.php on line 39.
 1 SYSTEMPATH\View\View.php(214): CodeIgniter\Exceptions\FrameworkException::forInvalidFile('backend/dashboard.php')
 2 SYSTEMPATH\Common.php(1188): CodeIgniter\View\View->render('backend/dashboard', [], true)
 3 APPPATH\Controllers\Master.php(14): view('backend/dashboard')
 4 SYSTEMPATH\CodeIgniter.php(919): App\Controllers\Master->dashboard()
 5 SYSTEMPATH\CodeIgniter.php(494): CodeIgniter\CodeIgniter->runController(Object(App\Controllers\Master))
 6 SYSTEMPATH\CodeIgniter.php(353): CodeIgniter\CodeIgniter->handleRequest(null, Object(Config\Cache), false)
 7 FCPATH\index.php(79): CodeIgniter\CodeIgniter->run()
 8 SYSTEMPATH\Commands\Server\rewrite.php(47): require_once('E:\\xampp\\htdocs\\Codeigniter_project\\public\\index.php')
CRITICAL - 2023-10-08 07:42:10 --> Invalid file: "backend/dashboard.php"
in SYSTEMPATH\Exceptions\FrameworkException.php on line 39.
 1 SYSTEMPATH\View\View.php(214): CodeIgniter\Exceptions\FrameworkException::forInvalidFile('backend/dashboard.php')
 2 SYSTEMPATH\Common.php(1188): CodeIgniter\View\View->render('backend/dashboard', [], true)
 3 APPPATH\Controllers\Master.php(14): view('backend/dashboard')
 4 SYSTEMPATH\CodeIgniter.php(919): App\Controllers\Master->dashboard()
 5 SYSTEMPATH\CodeIgniter.php(494): CodeIgniter\CodeIgniter->runController(Object(App\Controllers\Master))
 6 SYSTEMPATH\CodeIgniter.php(353): CodeIgniter\CodeIgniter->handleRequest(null, Object(Config\Cache), false)
 7 FCPATH\index.php(79): CodeIgniter\CodeIgniter->run()
 8 SYSTEMPATH\Commands\Server\rewrite.php(47): require_once('E:\\xampp\\htdocs\\Codeigniter_project\\public\\index.php')
CRITICAL - 2023-10-08 07:42:10 --> Invalid file: "backend/dashboard.php"
in SYSTEMPATH\Exceptions\FrameworkException.php on line 39.
 1 SYSTEMPATH\View\View.php(214): CodeIgniter\Exceptions\FrameworkException::forInvalidFile('backend/dashboard.php')
 2 SYSTEMPATH\Common.php(1188): CodeIgniter\View\View->render('backend/dashboard', [], true)
 3 APPPATH\Controllers\Master.php(14): view('backend/dashboard')
 4 SYSTEMPATH\CodeIgniter.php(919): App\Controllers\Master->dashboard()
 5 SYSTEMPATH\CodeIgniter.php(494): CodeIgniter\CodeIgniter->runController(Object(App\Controllers\Master))
 6 SYSTEMPATH\CodeIgniter.php(353): CodeIgniter\CodeIgniter->handleRequest(null, Object(Config\Cache), false)
 7 FCPATH\index.php(79): CodeIgniter\CodeIgniter->run()
 8 SYSTEMPATH\Commands\Server\rewrite.php(47): require_once('E:\\xampp\\htdocs\\Codeigniter_project\\public\\index.php')
CRITICAL - 2023-10-08 07:42:10 --> Invalid file: "backend/dashboard.php"
in SYSTEMPATH\Exceptions\FrameworkException.php on line 39.
 1 SYSTEMPATH\View\View.php(214): CodeIgniter\Exceptions\FrameworkException::forInvalidFile('backend/dashboard.php')
 2 SYSTEMPATH\Common.php(1188): CodeIgniter\View\View->render('backend/dashboard', [], true)
 3 APPPATH\Controllers\Master.php(14): view('backend/dashboard')
 4 SYSTEMPATH\CodeIgniter.php(919): App\Controllers\Master->dashboard()
 5 SYSTEMPATH\CodeIgniter.php(494): CodeIgniter\CodeIgniter->runController(Object(App\Controllers\Master))
 6 SYSTEMPATH\CodeIgniter.php(353): CodeIgniter\CodeIgniter->handleRequest(null, Object(Config\Cache), false)
 7 FCPATH\index.php(79): CodeIgniter\CodeIgniter->run()
 8 SYSTEMPATH\Commands\Server\rewrite.php(47): require_once('E:\\xampp\\htdocs\\Codeigniter_project\\public\\index.php')
INFO - 2023-10-08 16:12:54 --> Session: Class initialized using 'CodeIgniter\Session\Handlers\FileHandler' driver.
INFO - 2023-10-08 16:13:02 --> Session: Class initialized using 'CodeIgniter\Session\Handlers\FileHandler' driver.
INFO - 2023-10-08 16:17:48 --> Session: Class initialized using 'CodeIgniter\Session\Handlers\FileHandler' driver.
INFO - 2023-10-08 16:18:00 --> Session: Class initialized using 'CodeIgniter\Session\Handlers\FileHandler' driver.
