INFO - 2023-10-09 04:19:03 --> Session: Class initialized using 'CodeIgniter\Session\Handlers\FileHandler' driver.
INFO - 2023-10-09 04:19:09 --> Session: Class initialized using 'CodeIgniter\Session\Handlers\FileHandler' driver.
ERROR - 2023-10-09 05:51:14 --> mysqli_sql_exception: Column 'name' cannot be null in E:\xampp\htdocs\Codeigniter_project\system\Database\MySQLi\Connection.php:306
Stack trace:
#0 E:\xampp\htdocs\Codeigniter_project\system\Database\MySQLi\Connection.php(306): mysqli->query('INSERT INTO `us...', 0)
#1 E:\xampp\htdocs\Codeigniter_project\system\Database\BaseConnection.php(692): CodeIgniter\Database\MySQLi\Connection->execute('INSERT INTO `us...')
#2 E:\xampp\htdocs\Codeigniter_project\system\Database\BaseConnection.php(606): CodeIgniter\Database\BaseConnection->simpleQuery('INSERT INTO `us...')
#3 E:\xampp\htdocs\Codeigniter_project\system\Database\BaseBuilder.php(2308): CodeIgniter\Database\BaseConnection->query('INSERT INTO `us...', Array, false)
#4 E:\xampp\htdocs\Codeigniter_project\system\Model.php(319): CodeIgniter\Database\BaseBuilder->insert()
#5 E:\xampp\htdocs\Codeigniter_project\system\BaseModel.php(788): CodeIgniter\Model->doInsert(Array)
#6 E:\xampp\htdocs\Codeigniter_project\system\Model.php(715): CodeIgniter\BaseModel->insert(Array, true)
#7 E:\xampp\htdocs\Codeigniter_project\app\Controllers\UserCrud.php(28): CodeIgniter\Model->insert(Array)
#8 E:\xampp\htdocs\Codeigniter_project\system\CodeIgniter.php(919): App\Controllers\UserCrud->store()
#9 E:\xampp\htdocs\Codeigniter_project\system\CodeIgniter.php(494): CodeIgniter\CodeIgniter->runController(Object(App\Controllers\UserCrud))
#10 E:\xampp\htdocs\Codeigniter_project\system\CodeIgniter.php(353): CodeIgniter\CodeIgniter->handleRequest(NULL, Object(Config\Cache), false)
#11 E:\xampp\htdocs\Codeigniter_project\public\index.php(79): CodeIgniter\CodeIgniter->run()
#12 E:\xampp\htdocs\Codeigniter_project\system\Commands\Server\rewrite.php(47): require_once('E:\\xampp\\htdocs...')
#13 {main}
CRITICAL - 2023-10-09 05:51:14 --> Column 'name' cannot be null
in SYSTEMPATH\Database\BaseConnection.php on line 646.
 1 SYSTEMPATH\Database\BaseBuilder.php(2308): CodeIgniter\Database\BaseConnection->query('INSERT INTO `users` (`name`, `email`, `phone`, `age`, `address`) VALUES (:name:, :email:, :phone:, :age:, :address:)', [...], false)
 2 SYSTEMPATH\Model.php(319): CodeIgniter\Database\BaseBuilder->insert()
 3 SYSTEMPATH\BaseModel.php(788): CodeIgniter\Model->doInsert([...])
 4 SYSTEMPATH\Model.php(715): CodeIgniter\BaseModel->insert([...], true)
 5 APPPATH\Controllers\UserCrud.php(28): CodeIgniter\Model->insert([...])
 6 SYSTEMPATH\CodeIgniter.php(919): App\Controllers\UserCrud->store()
 7 SYSTEMPATH\CodeIgniter.php(494): CodeIgniter\CodeIgniter->runController(Object(App\Controllers\UserCrud))
 8 SYSTEMPATH\CodeIgniter.php(353): CodeIgniter\CodeIgniter->handleRequest(null, Object(Config\Cache), false)
 9 FCPATH\index.php(79): CodeIgniter\CodeIgniter->run()
10 SYSTEMPATH\Commands\Server\rewrite.php(47): require_once('E:\\xampp\\htdocs\\Codeigniter_project\\public\\index.php')
ERROR - 2023-10-09 05:53:40 --> mysqli_sql_exception: Column 'name' cannot be null in E:\xampp\htdocs\Codeigniter_project\system\Database\MySQLi\Connection.php:306
Stack trace:
#0 E:\xampp\htdocs\Codeigniter_project\system\Database\MySQLi\Connection.php(306): mysqli->query('INSERT INTO `us...', 0)
#1 E:\xampp\htdocs\Codeigniter_project\system\Database\BaseConnection.php(692): CodeIgniter\Database\MySQLi\Connection->execute('INSERT INTO `us...')
#2 E:\xampp\htdocs\Codeigniter_project\system\Database\BaseConnection.php(606): CodeIgniter\Database\BaseConnection->simpleQuery('INSERT INTO `us...')
#3 E:\xampp\htdocs\Codeigniter_project\system\Database\BaseBuilder.php(2308): CodeIgniter\Database\BaseConnection->query('INSERT INTO `us...', Array, false)
#4 E:\xampp\htdocs\Codeigniter_project\system\Model.php(319): CodeIgniter\Database\BaseBuilder->insert()
#5 E:\xampp\htdocs\Codeigniter_project\system\BaseModel.php(788): CodeIgniter\Model->doInsert(Array)
#6 E:\xampp\htdocs\Codeigniter_project\system\Model.php(715): CodeIgniter\BaseModel->insert(Array, true)
#7 E:\xampp\htdocs\Codeigniter_project\app\Controllers\UserCrud.php(28): CodeIgniter\Model->insert(Array)
#8 E:\xampp\htdocs\Codeigniter_project\system\CodeIgniter.php(919): App\Controllers\UserCrud->store()
#9 E:\xampp\htdocs\Codeigniter_project\system\CodeIgniter.php(494): CodeIgniter\CodeIgniter->runController(Object(App\Controllers\UserCrud))
#10 E:\xampp\htdocs\Codeigniter_project\system\CodeIgniter.php(353): CodeIgniter\CodeIgniter->handleRequest(NULL, Object(Config\Cache), false)
#11 E:\xampp\htdocs\Codeigniter_project\public\index.php(79): CodeIgniter\CodeIgniter->run()
#12 E:\xampp\htdocs\Codeigniter_project\system\Commands\Server\rewrite.php(47): require_once('E:\\xampp\\htdocs...')
#13 {main}
CRITICAL - 2023-10-09 05:53:40 --> Column 'name' cannot be null
in SYSTEMPATH\Database\BaseConnection.php on line 646.
 1 SYSTEMPATH\Database\BaseBuilder.php(2308): CodeIgniter\Database\BaseConnection->query('INSERT INTO `users` (`name`, `email`, `phone`, `age`, `address`) VALUES (:name:, :email:, :phone:, :age:, :address:)', [...], false)
 2 SYSTEMPATH\Model.php(319): CodeIgniter\Database\BaseBuilder->insert()
 3 SYSTEMPATH\BaseModel.php(788): CodeIgniter\Model->doInsert([...])
 4 SYSTEMPATH\Model.php(715): CodeIgniter\BaseModel->insert([...], true)
 5 APPPATH\Controllers\UserCrud.php(28): CodeIgniter\Model->insert([...])
 6 SYSTEMPATH\CodeIgniter.php(919): App\Controllers\UserCrud->store()
 7 SYSTEMPATH\CodeIgniter.php(494): CodeIgniter\CodeIgniter->runController(Object(App\Controllers\UserCrud))
 8 SYSTEMPATH\CodeIgniter.php(353): CodeIgniter\CodeIgniter->handleRequest(null, Object(Config\Cache), false)
 9 FCPATH\index.php(79): CodeIgniter\CodeIgniter->run()
10 SYSTEMPATH\Commands\Server\rewrite.php(47): require_once('E:\\xampp\\htdocs\\Codeigniter_project\\public\\index.php')
ERROR - 2023-10-09 05:57:35 --> mysqli_sql_exception: Column 'name' cannot be null in E:\xampp\htdocs\Codeigniter_project\system\Database\MySQLi\Connection.php:306
Stack trace:
#0 E:\xampp\htdocs\Codeigniter_project\system\Database\MySQLi\Connection.php(306): mysqli->query('INSERT INTO `us...', 0)
#1 E:\xampp\htdocs\Codeigniter_project\system\Database\BaseConnection.php(692): CodeIgniter\Database\MySQLi\Connection->execute('INSERT INTO `us...')
#2 E:\xampp\htdocs\Codeigniter_project\system\Database\BaseConnection.php(606): CodeIgniter\Database\BaseConnection->simpleQuery('INSERT INTO `us...')
#3 E:\xampp\htdocs\Codeigniter_project\system\Database\BaseBuilder.php(2308): CodeIgniter\Database\BaseConnection->query('INSERT INTO `us...', Array, false)
#4 E:\xampp\htdocs\Codeigniter_project\system\Model.php(319): CodeIgniter\Database\BaseBuilder->insert()
#5 E:\xampp\htdocs\Codeigniter_project\system\BaseModel.php(788): CodeIgniter\Model->doInsert(Array)
#6 E:\xampp\htdocs\Codeigniter_project\system\Model.php(715): CodeIgniter\BaseModel->insert(Array, true)
#7 E:\xampp\htdocs\Codeigniter_project\app\Controllers\UserCrud.php(28): CodeIgniter\Model->insert(Array)
#8 E:\xampp\htdocs\Codeigniter_project\system\CodeIgniter.php(919): App\Controllers\UserCrud->store()
#9 E:\xampp\htdocs\Codeigniter_project\system\CodeIgniter.php(494): CodeIgniter\CodeIgniter->runController(Object(App\Controllers\UserCrud))
#10 E:\xampp\htdocs\Codeigniter_project\system\CodeIgniter.php(353): CodeIgniter\CodeIgniter->handleRequest(NULL, Object(Config\Cache), false)
#11 E:\xampp\htdocs\Codeigniter_project\public\index.php(79): CodeIgniter\CodeIgniter->run()
#12 E:\xampp\htdocs\Codeigniter_project\system\Commands\Server\rewrite.php(47): require_once('E:\\xampp\\htdocs...')
#13 {main}
CRITICAL - 2023-10-09 05:57:35 --> Column 'name' cannot be null
in SYSTEMPATH\Database\BaseConnection.php on line 646.
 1 SYSTEMPATH\Database\BaseBuilder.php(2308): CodeIgniter\Database\BaseConnection->query('INSERT INTO `users` (`name`, `email`, `phone`, `age`, `address`) VALUES (:name:, :email:, :phone:, :age:, :address:)', [...], false)
 2 SYSTEMPATH\Model.php(319): CodeIgniter\Database\BaseBuilder->insert()
 3 SYSTEMPATH\BaseModel.php(788): CodeIgniter\Model->doInsert([...])
 4 SYSTEMPATH\Model.php(715): CodeIgniter\BaseModel->insert([...], true)
 5 APPPATH\Controllers\UserCrud.php(28): CodeIgniter\Model->insert([...])
 6 SYSTEMPATH\CodeIgniter.php(919): App\Controllers\UserCrud->store()
 7 SYSTEMPATH\CodeIgniter.php(494): CodeIgniter\CodeIgniter->runController(Object(App\Controllers\UserCrud))
 8 SYSTEMPATH\CodeIgniter.php(353): CodeIgniter\CodeIgniter->handleRequest(null, Object(Config\Cache), false)
 9 FCPATH\index.php(79): CodeIgniter\CodeIgniter->run()
10 SYSTEMPATH\Commands\Server\rewrite.php(47): require_once('E:\\xampp\\htdocs\\Codeigniter_project\\public\\index.php')
ERROR - 2023-10-09 06:02:42 --> mysqli_sql_exception: Column 'name' cannot be null in E:\xampp\htdocs\Codeigniter_project\system\Database\MySQLi\Connection.php:306
Stack trace:
#0 E:\xampp\htdocs\Codeigniter_project\system\Database\MySQLi\Connection.php(306): mysqli->query('INSERT INTO `us...', 0)
#1 E:\xampp\htdocs\Codeigniter_project\system\Database\BaseConnection.php(692): CodeIgniter\Database\MySQLi\Connection->execute('INSERT INTO `us...')
#2 E:\xampp\htdocs\Codeigniter_project\system\Database\BaseConnection.php(606): CodeIgniter\Database\BaseConnection->simpleQuery('INSERT INTO `us...')
#3 E:\xampp\htdocs\Codeigniter_project\system\Database\BaseBuilder.php(2308): CodeIgniter\Database\BaseConnection->query('INSERT INTO `us...', Array, false)
#4 E:\xampp\htdocs\Codeigniter_project\system\Model.php(319): CodeIgniter\Database\BaseBuilder->insert()
#5 E:\xampp\htdocs\Codeigniter_project\system\BaseModel.php(788): CodeIgniter\Model->doInsert(Array)
#6 E:\xampp\htdocs\Codeigniter_project\system\Model.php(715): CodeIgniter\BaseModel->insert(Array, true)
#7 E:\xampp\htdocs\Codeigniter_project\app\Controllers\UserCrud.php(28): CodeIgniter\Model->insert(Array)
#8 E:\xampp\htdocs\Codeigniter_project\system\CodeIgniter.php(919): App\Controllers\UserCrud->store()
#9 E:\xampp\htdocs\Codeigniter_project\system\CodeIgniter.php(494): CodeIgniter\CodeIgniter->runController(Object(App\Controllers\UserCrud))
#10 E:\xampp\htdocs\Codeigniter_project\system\CodeIgniter.php(353): CodeIgniter\CodeIgniter->handleRequest(NULL, Object(Config\Cache), false)
#11 E:\xampp\htdocs\Codeigniter_project\public\index.php(79): CodeIgniter\CodeIgniter->run()
#12 E:\xampp\htdocs\Codeigniter_project\system\Commands\Server\rewrite.php(47): require_once('E:\\xampp\\htdocs...')
#13 {main}
CRITICAL - 2023-10-09 06:02:42 --> Column 'name' cannot be null
in SYSTEMPATH\Database\BaseConnection.php on line 646.
 1 SYSTEMPATH\Database\BaseBuilder.php(2308): CodeIgniter\Database\BaseConnection->query('INSERT INTO `users` (`name`, `email`, `phone`, `age`, `address`) VALUES (:name:, :email:, :phone:, :age:, :address:)', [...], false)
 2 SYSTEMPATH\Model.php(319): CodeIgniter\Database\BaseBuilder->insert()
 3 SYSTEMPATH\BaseModel.php(788): CodeIgniter\Model->doInsert([...])
 4 SYSTEMPATH\Model.php(715): CodeIgniter\BaseModel->insert([...], true)
 5 APPPATH\Controllers\UserCrud.php(28): CodeIgniter\Model->insert([...])
 6 SYSTEMPATH\CodeIgniter.php(919): App\Controllers\UserCrud->store()
 7 SYSTEMPATH\CodeIgniter.php(494): CodeIgniter\CodeIgniter->runController(Object(App\Controllers\UserCrud))
 8 SYSTEMPATH\CodeIgniter.php(353): CodeIgniter\CodeIgniter->handleRequest(null, Object(Config\Cache), false)
 9 FCPATH\index.php(79): CodeIgniter\CodeIgniter->run()
10 SYSTEMPATH\Commands\Server\rewrite.php(47): require_once('E:\\xampp\\htdocs\\Codeigniter_project\\public\\index.php')
ERROR - 2023-10-09 06:10:31 --> mysqli_sql_exception: Column 'name' cannot be null in E:\xampp\htdocs\Codeigniter_project\system\Database\MySQLi\Connection.php:306
Stack trace:
#0 E:\xampp\htdocs\Codeigniter_project\system\Database\MySQLi\Connection.php(306): mysqli->query('INSERT INTO `us...', 0)
#1 E:\xampp\htdocs\Codeigniter_project\system\Database\BaseConnection.php(692): CodeIgniter\Database\MySQLi\Connection->execute('INSERT INTO `us...')
#2 E:\xampp\htdocs\Codeigniter_project\system\Database\BaseConnection.php(606): CodeIgniter\Database\BaseConnection->simpleQuery('INSERT INTO `us...')
#3 E:\xampp\htdocs\Codeigniter_project\system\Database\BaseBuilder.php(2308): CodeIgniter\Database\BaseConnection->query('INSERT INTO `us...', Array, false)
#4 E:\xampp\htdocs\Codeigniter_project\system\Model.php(319): CodeIgniter\Database\BaseBuilder->insert()
#5 E:\xampp\htdocs\Codeigniter_project\system\BaseModel.php(788): CodeIgniter\Model->doInsert(Array)
#6 E:\xampp\htdocs\Codeigniter_project\system\Model.php(715): CodeIgniter\BaseModel->insert(Array, true)
#7 E:\xampp\htdocs\Codeigniter_project\app\Controllers\UserCrud.php(28): CodeIgniter\Model->insert(Array)
#8 E:\xampp\htdocs\Codeigniter_project\system\CodeIgniter.php(919): App\Controllers\UserCrud->store()
#9 E:\xampp\htdocs\Codeigniter_project\system\CodeIgniter.php(494): CodeIgniter\CodeIgniter->runController(Object(App\Controllers\UserCrud))
#10 E:\xampp\htdocs\Codeigniter_project\system\CodeIgniter.php(353): CodeIgniter\CodeIgniter->handleRequest(NULL, Object(Config\Cache), false)
#11 E:\xampp\htdocs\Codeigniter_project\public\index.php(79): CodeIgniter\CodeIgniter->run()
#12 E:\xampp\htdocs\Codeigniter_project\system\Commands\Server\rewrite.php(47): require_once('E:\\xampp\\htdocs...')
#13 {main}
CRITICAL - 2023-10-09 06:10:31 --> Column 'name' cannot be null
in SYSTEMPATH\Database\BaseConnection.php on line 646.
 1 SYSTEMPATH\Database\BaseBuilder.php(2308): CodeIgniter\Database\BaseConnection->query('INSERT INTO `users` (`name`, `email`, `phone`, `age`, `address`) VALUES (:name:, :email:, :phone:, :age:, :address:)', [...], false)
 2 SYSTEMPATH\Model.php(319): CodeIgniter\Database\BaseBuilder->insert()
 3 SYSTEMPATH\BaseModel.php(788): CodeIgniter\Model->doInsert([...])
 4 SYSTEMPATH\Model.php(715): CodeIgniter\BaseModel->insert([...], true)
 5 APPPATH\Controllers\UserCrud.php(28): CodeIgniter\Model->insert([...])
 6 SYSTEMPATH\CodeIgniter.php(919): App\Controllers\UserCrud->store()
 7 SYSTEMPATH\CodeIgniter.php(494): CodeIgniter\CodeIgniter->runController(Object(App\Controllers\UserCrud))
 8 SYSTEMPATH\CodeIgniter.php(353): CodeIgniter\CodeIgniter->handleRequest(null, Object(Config\Cache), false)
 9 FCPATH\index.php(79): CodeIgniter\CodeIgniter->run()
10 SYSTEMPATH\Commands\Server\rewrite.php(47): require_once('E:\\xampp\\htdocs\\Codeigniter_project\\public\\index.php')
ERROR - 2023-10-09 06:19:32 --> mysqli_sql_exception: Column 'name' cannot be null in E:\xampp\htdocs\Codeigniter_project\system\Database\MySQLi\Connection.php:306
Stack trace:
#0 E:\xampp\htdocs\Codeigniter_project\system\Database\MySQLi\Connection.php(306): mysqli->query('INSERT INTO `us...', 0)
#1 E:\xampp\htdocs\Codeigniter_project\system\Database\BaseConnection.php(692): CodeIgniter\Database\MySQLi\Connection->execute('INSERT INTO `us...')
#2 E:\xampp\htdocs\Codeigniter_project\system\Database\BaseConnection.php(606): CodeIgniter\Database\BaseConnection->simpleQuery('INSERT INTO `us...')
#3 E:\xampp\htdocs\Codeigniter_project\system\Database\BaseBuilder.php(2308): CodeIgniter\Database\BaseConnection->query('INSERT INTO `us...', Array, false)
#4 E:\xampp\htdocs\Codeigniter_project\system\Model.php(319): CodeIgniter\Database\BaseBuilder->insert()
#5 E:\xampp\htdocs\Codeigniter_project\system\BaseModel.php(788): CodeIgniter\Model->doInsert(Array)
#6 E:\xampp\htdocs\Codeigniter_project\system\Model.php(715): CodeIgniter\BaseModel->insert(Array, true)
#7 E:\xampp\htdocs\Codeigniter_project\app\Controllers\UserCrud.php(28): CodeIgniter\Model->insert(Array)
#8 E:\xampp\htdocs\Codeigniter_project\system\CodeIgniter.php(919): App\Controllers\UserCrud->store()
#9 E:\xampp\htdocs\Codeigniter_project\system\CodeIgniter.php(494): CodeIgniter\CodeIgniter->runController(Object(App\Controllers\UserCrud))
#10 E:\xampp\htdocs\Codeigniter_project\system\CodeIgniter.php(353): CodeIgniter\CodeIgniter->handleRequest(NULL, Object(Config\Cache), false)
#11 E:\xampp\htdocs\Codeigniter_project\public\index.php(79): CodeIgniter\CodeIgniter->run()
#12 E:\xampp\htdocs\Codeigniter_project\system\Commands\Server\rewrite.php(47): require_once('E:\\xampp\\htdocs...')
#13 {main}
CRITICAL - 2023-10-09 06:19:32 --> Column 'name' cannot be null
in SYSTEMPATH\Database\BaseConnection.php on line 646.
 1 SYSTEMPATH\Database\BaseBuilder.php(2308): CodeIgniter\Database\BaseConnection->query('INSERT INTO `users` (`name`, `email`, `phone`, `age`, `address`) VALUES (:name:, :email:, :phone:, :age:, :address:)', [...], false)
 2 SYSTEMPATH\Model.php(319): CodeIgniter\Database\BaseBuilder->insert()
 3 SYSTEMPATH\BaseModel.php(788): CodeIgniter\Model->doInsert([...])
 4 SYSTEMPATH\Model.php(715): CodeIgniter\BaseModel->insert([...], true)
 5 APPPATH\Controllers\UserCrud.php(28): CodeIgniter\Model->insert([...])
 6 SYSTEMPATH\CodeIgniter.php(919): App\Controllers\UserCrud->store()
 7 SYSTEMPATH\CodeIgniter.php(494): CodeIgniter\CodeIgniter->runController(Object(App\Controllers\UserCrud))
 8 SYSTEMPATH\CodeIgniter.php(353): CodeIgniter\CodeIgniter->handleRequest(null, Object(Config\Cache), false)
 9 FCPATH\index.php(79): CodeIgniter\CodeIgniter->run()
10 SYSTEMPATH\Commands\Server\rewrite.php(47): require_once('E:\\xampp\\htdocs\\Codeigniter_project\\public\\index.php')
ERROR - 2023-10-09 06:20:33 --> mysqli_sql_exception: Column 'name' cannot be null in E:\xampp\htdocs\Codeigniter_project\system\Database\MySQLi\Connection.php:306
Stack trace:
#0 E:\xampp\htdocs\Codeigniter_project\system\Database\MySQLi\Connection.php(306): mysqli->query('INSERT INTO `us...', 0)
#1 E:\xampp\htdocs\Codeigniter_project\system\Database\BaseConnection.php(692): CodeIgniter\Database\MySQLi\Connection->execute('INSERT INTO `us...')
#2 E:\xampp\htdocs\Codeigniter_project\system\Database\BaseConnection.php(606): CodeIgniter\Database\BaseConnection->simpleQuery('INSERT INTO `us...')
#3 E:\xampp\htdocs\Codeigniter_project\system\Database\BaseBuilder.php(2308): CodeIgniter\Database\BaseConnection->query('INSERT INTO `us...', Array, false)
#4 E:\xampp\htdocs\Codeigniter_project\system\Model.php(319): CodeIgniter\Database\BaseBuilder->insert()
#5 E:\xampp\htdocs\Codeigniter_project\system\BaseModel.php(788): CodeIgniter\Model->doInsert(Array)
#6 E:\xampp\htdocs\Codeigniter_project\system\Model.php(715): CodeIgniter\BaseModel->insert(Array, true)
#7 E:\xampp\htdocs\Codeigniter_project\app\Controllers\UserCrud.php(28): CodeIgniter\Model->insert(Array)
#8 E:\xampp\htdocs\Codeigniter_project\system\CodeIgniter.php(919): App\Controllers\UserCrud->store()
#9 E:\xampp\htdocs\Codeigniter_project\system\CodeIgniter.php(494): CodeIgniter\CodeIgniter->runController(Object(App\Controllers\UserCrud))
#10 E:\xampp\htdocs\Codeigniter_project\system\CodeIgniter.php(353): CodeIgniter\CodeIgniter->handleRequest(NULL, Object(Config\Cache), false)
#11 E:\xampp\htdocs\Codeigniter_project\public\index.php(79): CodeIgniter\CodeIgniter->run()
#12 E:\xampp\htdocs\Codeigniter_project\system\Commands\Server\rewrite.php(47): require_once('E:\\xampp\\htdocs...')
#13 {main}
CRITICAL - 2023-10-09 06:20:33 --> Column 'name' cannot be null
in SYSTEMPATH\Database\BaseConnection.php on line 646.
 1 SYSTEMPATH\Database\BaseBuilder.php(2308): CodeIgniter\Database\BaseConnection->query('INSERT INTO `users` (`name`, `email`, `phone`, `age`, `address`) VALUES (:name:, :email:, :phone:, :age:, :address:)', [...], false)
 2 SYSTEMPATH\Model.php(319): CodeIgniter\Database\BaseBuilder->insert()
 3 SYSTEMPATH\BaseModel.php(788): CodeIgniter\Model->doInsert([...])
 4 SYSTEMPATH\Model.php(715): CodeIgniter\BaseModel->insert([...], true)
 5 APPPATH\Controllers\UserCrud.php(28): CodeIgniter\Model->insert([...])
 6 SYSTEMPATH\CodeIgniter.php(919): App\Controllers\UserCrud->store()
 7 SYSTEMPATH\CodeIgniter.php(494): CodeIgniter\CodeIgniter->runController(Object(App\Controllers\UserCrud))
 8 SYSTEMPATH\CodeIgniter.php(353): CodeIgniter\CodeIgniter->handleRequest(null, Object(Config\Cache), false)
 9 FCPATH\index.php(79): CodeIgniter\CodeIgniter->run()
10 SYSTEMPATH\Commands\Server\rewrite.php(47): require_once('E:\\xampp\\htdocs\\Codeigniter_project\\public\\index.php')
ERROR - 2023-10-09 06:23:18 --> mysqli_sql_exception: Column 'name' cannot be null in E:\xampp\htdocs\Codeigniter_project\system\Database\MySQLi\Connection.php:306
Stack trace:
#0 E:\xampp\htdocs\Codeigniter_project\system\Database\MySQLi\Connection.php(306): mysqli->query('INSERT INTO `us...', 0)
#1 E:\xampp\htdocs\Codeigniter_project\system\Database\BaseConnection.php(692): CodeIgniter\Database\MySQLi\Connection->execute('INSERT INTO `us...')
#2 E:\xampp\htdocs\Codeigniter_project\system\Database\BaseConnection.php(606): CodeIgniter\Database\BaseConnection->simpleQuery('INSERT INTO `us...')
#3 E:\xampp\htdocs\Codeigniter_project\system\Database\BaseBuilder.php(2308): CodeIgniter\Database\BaseConnection->query('INSERT INTO `us...', Array, false)
#4 E:\xampp\htdocs\Codeigniter_project\system\Model.php(319): CodeIgniter\Database\BaseBuilder->insert()
#5 E:\xampp\htdocs\Codeigniter_project\system\BaseModel.php(788): CodeIgniter\Model->doInsert(Array)
#6 E:\xampp\htdocs\Codeigniter_project\system\Model.php(715): CodeIgniter\BaseModel->insert(Array, true)
#7 E:\xampp\htdocs\Codeigniter_project\app\Controllers\UserCrud.php(28): CodeIgniter\Model->insert(Array)
#8 E:\xampp\htdocs\Codeigniter_project\system\CodeIgniter.php(919): App\Controllers\UserCrud->store()
#9 E:\xampp\htdocs\Codeigniter_project\system\CodeIgniter.php(494): CodeIgniter\CodeIgniter->runController(Object(App\Controllers\UserCrud))
#10 E:\xampp\htdocs\Codeigniter_project\system\CodeIgniter.php(353): CodeIgniter\CodeIgniter->handleRequest(NULL, Object(Config\Cache), false)
#11 E:\xampp\htdocs\Codeigniter_project\public\index.php(79): CodeIgniter\CodeIgniter->run()
#12 E:\xampp\htdocs\Codeigniter_project\system\Commands\Server\rewrite.php(47): require_once('E:\\xampp\\htdocs...')
#13 {main}
CRITICAL - 2023-10-09 06:23:18 --> Column 'name' cannot be null
in SYSTEMPATH\Database\BaseConnection.php on line 646.
 1 SYSTEMPATH\Database\BaseBuilder.php(2308): CodeIgniter\Database\BaseConnection->query('INSERT INTO `users` (`name`, `email`, `phone`, `age`, `address`) VALUES (:name:, :email:, :phone:, :age:, :address:)', [...], false)
 2 SYSTEMPATH\Model.php(319): CodeIgniter\Database\BaseBuilder->insert()
 3 SYSTEMPATH\BaseModel.php(788): CodeIgniter\Model->doInsert([...])
 4 SYSTEMPATH\Model.php(715): CodeIgniter\BaseModel->insert([...], true)
 5 APPPATH\Controllers\UserCrud.php(28): CodeIgniter\Model->insert([...])
 6 SYSTEMPATH\CodeIgniter.php(919): App\Controllers\UserCrud->store()
 7 SYSTEMPATH\CodeIgniter.php(494): CodeIgniter\CodeIgniter->runController(Object(App\Controllers\UserCrud))
 8 SYSTEMPATH\CodeIgniter.php(353): CodeIgniter\CodeIgniter->handleRequest(null, Object(Config\Cache), false)
 9 FCPATH\index.php(79): CodeIgniter\CodeIgniter->run()
10 SYSTEMPATH\Commands\Server\rewrite.php(47): require_once('E:\\xampp\\htdocs\\Codeigniter_project\\public\\index.php')
ERROR - 2023-10-09 06:30:42 --> mysqli_sql_exception: Column 'name' cannot be null in E:\xampp\htdocs\Codeigniter_project\system\Database\MySQLi\Connection.php:306
Stack trace:
#0 E:\xampp\htdocs\Codeigniter_project\system\Database\MySQLi\Connection.php(306): mysqli->query('INSERT INTO `us...', 0)
#1 E:\xampp\htdocs\Codeigniter_project\system\Database\BaseConnection.php(692): CodeIgniter\Database\MySQLi\Connection->execute('INSERT INTO `us...')
#2 E:\xampp\htdocs\Codeigniter_project\system\Database\BaseConnection.php(606): CodeIgniter\Database\BaseConnection->simpleQuery('INSERT INTO `us...')
#3 E:\xampp\htdocs\Codeigniter_project\system\Database\BaseBuilder.php(2308): CodeIgniter\Database\BaseConnection->query('INSERT INTO `us...', Array, false)
#4 E:\xampp\htdocs\Codeigniter_project\system\Model.php(319): CodeIgniter\Database\BaseBuilder->insert()
#5 E:\xampp\htdocs\Codeigniter_project\system\BaseModel.php(788): CodeIgniter\Model->doInsert(Array)
#6 E:\xampp\htdocs\Codeigniter_project\system\Model.php(715): CodeIgniter\BaseModel->insert(Array, true)
#7 E:\xampp\htdocs\Codeigniter_project\app\Controllers\UserCrud.php(28): CodeIgniter\Model->insert(Array)
#8 E:\xampp\htdocs\Codeigniter_project\system\CodeIgniter.php(919): App\Controllers\UserCrud->store()
#9 E:\xampp\htdocs\Codeigniter_project\system\CodeIgniter.php(494): CodeIgniter\CodeIgniter->runController(Object(App\Controllers\UserCrud))
#10 E:\xampp\htdocs\Codeigniter_project\system\CodeIgniter.php(353): CodeIgniter\CodeIgniter->handleRequest(NULL, Object(Config\Cache), false)
#11 E:\xampp\htdocs\Codeigniter_project\public\index.php(79): CodeIgniter\CodeIgniter->run()
#12 E:\xampp\htdocs\Codeigniter_project\system\Commands\Server\rewrite.php(47): require_once('E:\\xampp\\htdocs...')
#13 {main}
CRITICAL - 2023-10-09 06:30:42 --> Column 'name' cannot be null
in SYSTEMPATH\Database\BaseConnection.php on line 646.
 1 SYSTEMPATH\Database\BaseBuilder.php(2308): CodeIgniter\Database\BaseConnection->query('INSERT INTO `users` (`name`, `email`, `phone`, `age`, `address`) VALUES (:name:, :email:, :phone:, :age:, :address:)', [...], false)
 2 SYSTEMPATH\Model.php(319): CodeIgniter\Database\BaseBuilder->insert()
 3 SYSTEMPATH\BaseModel.php(788): CodeIgniter\Model->doInsert([...])
 4 SYSTEMPATH\Model.php(715): CodeIgniter\BaseModel->insert([...], true)
 5 APPPATH\Controllers\UserCrud.php(28): CodeIgniter\Model->insert([...])
 6 SYSTEMPATH\CodeIgniter.php(919): App\Controllers\UserCrud->store()
 7 SYSTEMPATH\CodeIgniter.php(494): CodeIgniter\CodeIgniter->runController(Object(App\Controllers\UserCrud))
 8 SYSTEMPATH\CodeIgniter.php(353): CodeIgniter\CodeIgniter->handleRequest(null, Object(Config\Cache), false)
 9 FCPATH\index.php(79): CodeIgniter\CodeIgniter->run()
10 SYSTEMPATH\Commands\Server\rewrite.php(47): require_once('E:\\xampp\\htdocs\\Codeigniter_project\\public\\index.php')
ERROR - 2023-10-09 06:31:58 --> mysqli_sql_exception: Column 'name' cannot be null in E:\xampp\htdocs\Codeigniter_project\system\Database\MySQLi\Connection.php:306
Stack trace:
#0 E:\xampp\htdocs\Codeigniter_project\system\Database\MySQLi\Connection.php(306): mysqli->query('INSERT INTO `us...', 0)
#1 E:\xampp\htdocs\Codeigniter_project\system\Database\BaseConnection.php(692): CodeIgniter\Database\MySQLi\Connection->execute('INSERT INTO `us...')
#2 E:\xampp\htdocs\Codeigniter_project\system\Database\BaseConnection.php(606): CodeIgniter\Database\BaseConnection->simpleQuery('INSERT INTO `us...')
#3 E:\xampp\htdocs\Codeigniter_project\system\Database\BaseBuilder.php(2308): CodeIgniter\Database\BaseConnection->query('INSERT INTO `us...', Array, false)
#4 E:\xampp\htdocs\Codeigniter_project\system\Model.php(319): CodeIgniter\Database\BaseBuilder->insert()
#5 E:\xampp\htdocs\Codeigniter_project\system\BaseModel.php(788): CodeIgniter\Model->doInsert(Array)
#6 E:\xampp\htdocs\Codeigniter_project\system\Model.php(715): CodeIgniter\BaseModel->insert(Array, true)
#7 E:\xampp\htdocs\Codeigniter_project\app\Controllers\UserCrud.php(28): CodeIgniter\Model->insert(Array)
#8 E:\xampp\htdocs\Codeigniter_project\system\CodeIgniter.php(919): App\Controllers\UserCrud->store()
#9 E:\xampp\htdocs\Codeigniter_project\system\CodeIgniter.php(494): CodeIgniter\CodeIgniter->runController(Object(App\Controllers\UserCrud))
#10 E:\xampp\htdocs\Codeigniter_project\system\CodeIgniter.php(353): CodeIgniter\CodeIgniter->handleRequest(NULL, Object(Config\Cache), false)
#11 E:\xampp\htdocs\Codeigniter_project\public\index.php(79): CodeIgniter\CodeIgniter->run()
#12 E:\xampp\htdocs\Codeigniter_project\system\Commands\Server\rewrite.php(47): require_once('E:\\xampp\\htdocs...')
#13 {main}
CRITICAL - 2023-10-09 06:31:58 --> Column 'name' cannot be null
in SYSTEMPATH\Database\BaseConnection.php on line 646.
 1 SYSTEMPATH\Database\BaseBuilder.php(2308): CodeIgniter\Database\BaseConnection->query('INSERT INTO `users` (`name`, `email`, `phone`, `age`, `address`) VALUES (:name:, :email:, :phone:, :age:, :address:)', [...], false)
 2 SYSTEMPATH\Model.php(319): CodeIgniter\Database\BaseBuilder->insert()
 3 SYSTEMPATH\BaseModel.php(788): CodeIgniter\Model->doInsert([...])
 4 SYSTEMPATH\Model.php(715): CodeIgniter\BaseModel->insert([...], true)
 5 APPPATH\Controllers\UserCrud.php(28): CodeIgniter\Model->insert([...])
 6 SYSTEMPATH\CodeIgniter.php(919): App\Controllers\UserCrud->store()
 7 SYSTEMPATH\CodeIgniter.php(494): CodeIgniter\CodeIgniter->runController(Object(App\Controllers\UserCrud))
 8 SYSTEMPATH\CodeIgniter.php(353): CodeIgniter\CodeIgniter->handleRequest(null, Object(Config\Cache), false)
 9 FCPATH\index.php(79): CodeIgniter\CodeIgniter->run()
10 SYSTEMPATH\Commands\Server\rewrite.php(47): require_once('E:\\xampp\\htdocs\\Codeigniter_project\\public\\index.php')
ERROR - 2023-10-09 06:33:29 --> mysqli_sql_exception: Column 'name' cannot be null in E:\xampp\htdocs\Codeigniter_project\system\Database\MySQLi\Connection.php:306
Stack trace:
#0 E:\xampp\htdocs\Codeigniter_project\system\Database\MySQLi\Connection.php(306): mysqli->query('INSERT INTO `us...', 0)
#1 E:\xampp\htdocs\Codeigniter_project\system\Database\BaseConnection.php(692): CodeIgniter\Database\MySQLi\Connection->execute('INSERT INTO `us...')
#2 E:\xampp\htdocs\Codeigniter_project\system\Database\BaseConnection.php(606): CodeIgniter\Database\BaseConnection->simpleQuery('INSERT INTO `us...')
#3 E:\xampp\htdocs\Codeigniter_project\system\Database\BaseBuilder.php(2308): CodeIgniter\Database\BaseConnection->query('INSERT INTO `us...', Array, false)
#4 E:\xampp\htdocs\Codeigniter_project\system\Model.php(319): CodeIgniter\Database\BaseBuilder->insert()
#5 E:\xampp\htdocs\Codeigniter_project\system\BaseModel.php(788): CodeIgniter\Model->doInsert(Array)
#6 E:\xampp\htdocs\Codeigniter_project\system\Model.php(715): CodeIgniter\BaseModel->insert(Array, true)
#7 E:\xampp\htdocs\Codeigniter_project\app\Controllers\UserCrud.php(28): CodeIgniter\Model->insert(Array)
#8 E:\xampp\htdocs\Codeigniter_project\system\CodeIgniter.php(919): App\Controllers\UserCrud->store()
#9 E:\xampp\htdocs\Codeigniter_project\system\CodeIgniter.php(494): CodeIgniter\CodeIgniter->runController(Object(App\Controllers\UserCrud))
#10 E:\xampp\htdocs\Codeigniter_project\system\CodeIgniter.php(353): CodeIgniter\CodeIgniter->handleRequest(NULL, Object(Config\Cache), false)
#11 E:\xampp\htdocs\Codeigniter_project\public\index.php(79): CodeIgniter\CodeIgniter->run()
#12 E:\xampp\htdocs\Codeigniter_project\system\Commands\Server\rewrite.php(47): require_once('E:\\xampp\\htdocs...')
#13 {main}
CRITICAL - 2023-10-09 06:33:29 --> Column 'name' cannot be null
in SYSTEMPATH\Database\BaseConnection.php on line 646.
 1 SYSTEMPATH\Database\BaseBuilder.php(2308): CodeIgniter\Database\BaseConnection->query('INSERT INTO `users` (`name`, `email`, `phone`, `age`, `address`) VALUES (:name:, :email:, :phone:, :age:, :address:)', [...], false)
 2 SYSTEMPATH\Model.php(319): CodeIgniter\Database\BaseBuilder->insert()
 3 SYSTEMPATH\BaseModel.php(788): CodeIgniter\Model->doInsert([...])
 4 SYSTEMPATH\Model.php(715): CodeIgniter\BaseModel->insert([...], true)
 5 APPPATH\Controllers\UserCrud.php(28): CodeIgniter\Model->insert([...])
 6 SYSTEMPATH\CodeIgniter.php(919): App\Controllers\UserCrud->store()
 7 SYSTEMPATH\CodeIgniter.php(494): CodeIgniter\CodeIgniter->runController(Object(App\Controllers\UserCrud))
 8 SYSTEMPATH\CodeIgniter.php(353): CodeIgniter\CodeIgniter->handleRequest(null, Object(Config\Cache), false)
 9 FCPATH\index.php(79): CodeIgniter\CodeIgniter->run()
10 SYSTEMPATH\Commands\Server\rewrite.php(47): require_once('E:\\xampp\\htdocs\\Codeigniter_project\\public\\index.php')
ERROR - 2023-10-09 06:35:58 --> mysqli_sql_exception: Column 'name' cannot be null in E:\xampp\htdocs\Codeigniter_project\system\Database\MySQLi\Connection.php:306
Stack trace:
#0 E:\xampp\htdocs\Codeigniter_project\system\Database\MySQLi\Connection.php(306): mysqli->query('INSERT INTO `us...', 0)
#1 E:\xampp\htdocs\Codeigniter_project\system\Database\BaseConnection.php(692): CodeIgniter\Database\MySQLi\Connection->execute('INSERT INTO `us...')
#2 E:\xampp\htdocs\Codeigniter_project\system\Database\BaseConnection.php(606): CodeIgniter\Database\BaseConnection->simpleQuery('INSERT INTO `us...')
#3 E:\xampp\htdocs\Codeigniter_project\system\Database\BaseBuilder.php(2308): CodeIgniter\Database\BaseConnection->query('INSERT INTO `us...', Array, false)
#4 E:\xampp\htdocs\Codeigniter_project\system\Model.php(319): CodeIgniter\Database\BaseBuilder->insert()
#5 E:\xampp\htdocs\Codeigniter_project\system\BaseModel.php(788): CodeIgniter\Model->doInsert(Array)
#6 E:\xampp\htdocs\Codeigniter_project\system\Model.php(715): CodeIgniter\BaseModel->insert(Array, true)
#7 E:\xampp\htdocs\Codeigniter_project\app\Controllers\UserCrud.php(28): CodeIgniter\Model->insert(Array)
#8 E:\xampp\htdocs\Codeigniter_project\system\CodeIgniter.php(919): App\Controllers\UserCrud->store()
#9 E:\xampp\htdocs\Codeigniter_project\system\CodeIgniter.php(494): CodeIgniter\CodeIgniter->runController(Object(App\Controllers\UserCrud))
#10 E:\xampp\htdocs\Codeigniter_project\system\CodeIgniter.php(353): CodeIgniter\CodeIgniter->handleRequest(NULL, Object(Config\Cache), false)
#11 E:\xampp\htdocs\Codeigniter_project\public\index.php(79): CodeIgniter\CodeIgniter->run()
#12 E:\xampp\htdocs\Codeigniter_project\system\Commands\Server\rewrite.php(47): require_once('E:\\xampp\\htdocs...')
#13 {main}
CRITICAL - 2023-10-09 06:35:58 --> Column 'name' cannot be null
in SYSTEMPATH\Database\BaseConnection.php on line 646.
 1 SYSTEMPATH\Database\BaseBuilder.php(2308): CodeIgniter\Database\BaseConnection->query('INSERT INTO `users` (`name`, `email`, `phone`, `age`, `address`) VALUES (:name:, :email:, :phone:, :age:, :address:)', [...], false)
 2 SYSTEMPATH\Model.php(319): CodeIgniter\Database\BaseBuilder->insert()
 3 SYSTEMPATH\BaseModel.php(788): CodeIgniter\Model->doInsert([...])
 4 SYSTEMPATH\Model.php(715): CodeIgniter\BaseModel->insert([...], true)
 5 APPPATH\Controllers\UserCrud.php(28): CodeIgniter\Model->insert([...])
 6 SYSTEMPATH\CodeIgniter.php(919): App\Controllers\UserCrud->store()
 7 SYSTEMPATH\CodeIgniter.php(494): CodeIgniter\CodeIgniter->runController(Object(App\Controllers\UserCrud))
 8 SYSTEMPATH\CodeIgniter.php(353): CodeIgniter\CodeIgniter->handleRequest(null, Object(Config\Cache), false)
 9 FCPATH\index.php(79): CodeIgniter\CodeIgniter->run()
10 SYSTEMPATH\Commands\Server\rewrite.php(47): require_once('E:\\xampp\\htdocs\\Codeigniter_project\\public\\index.php')
ERROR - 2023-10-09 06:36:00 --> mysqli_sql_exception: Column 'room' cannot be null in E:\xampp\htdocs\Codeigniter_project\system\Database\MySQLi\Connection.php:306
Stack trace:
#0 E:\xampp\htdocs\Codeigniter_project\system\Database\MySQLi\Connection.php(306): mysqli->query('INSERT INTO `ro...', 0)
#1 E:\xampp\htdocs\Codeigniter_project\system\Database\BaseConnection.php(692): CodeIgniter\Database\MySQLi\Connection->execute('INSERT INTO `ro...')
#2 E:\xampp\htdocs\Codeigniter_project\system\Database\BaseConnection.php(606): CodeIgniter\Database\BaseConnection->simpleQuery('INSERT INTO `ro...')
#3 E:\xampp\htdocs\Codeigniter_project\system\Database\BaseBuilder.php(2308): CodeIgniter\Database\BaseConnection->query('INSERT INTO `ro...', Array, false)
#4 E:\xampp\htdocs\Codeigniter_project\system\Model.php(319): CodeIgniter\Database\BaseBuilder->insert()
#5 E:\xampp\htdocs\Codeigniter_project\system\BaseModel.php(788): CodeIgniter\Model->doInsert(Array)
#6 E:\xampp\htdocs\Codeigniter_project\system\Model.php(715): CodeIgniter\BaseModel->insert(Array, true)
#7 E:\xampp\htdocs\Codeigniter_project\app\Controllers\RoomController.php(28): CodeIgniter\Model->insert(Array)
#8 E:\xampp\htdocs\Codeigniter_project\system\CodeIgniter.php(919): App\Controllers\RoomController->storeroom()
#9 E:\xampp\htdocs\Codeigniter_project\system\CodeIgniter.php(494): CodeIgniter\CodeIgniter->runController(Object(App\Controllers\RoomController))
#10 E:\xampp\htdocs\Codeigniter_project\system\CodeIgniter.php(353): CodeIgniter\CodeIgniter->handleRequest(NULL, Object(Config\Cache), false)
#11 E:\xampp\htdocs\Codeigniter_project\public\index.php(79): CodeIgniter\CodeIgniter->run()
#12 E:\xampp\htdocs\Codeigniter_project\system\Commands\Server\rewrite.php(47): require_once('E:\\xampp\\htdocs...')
#13 {main}
CRITICAL - 2023-10-09 06:36:00 --> Column 'room' cannot be null
in SYSTEMPATH\Database\BaseConnection.php on line 646.
 1 SYSTEMPATH\Database\BaseBuilder.php(2308): CodeIgniter\Database\BaseConnection->query('INSERT INTO `rooms` (`room`, `category`, `available`, `cost`) VALUES (:room:, :category:, :available:, :cost:)', [...], false)
 2 SYSTEMPATH\Model.php(319): CodeIgniter\Database\BaseBuilder->insert()
 3 SYSTEMPATH\BaseModel.php(788): CodeIgniter\Model->doInsert([...])
 4 SYSTEMPATH\Model.php(715): CodeIgniter\BaseModel->insert([...], true)
 5 APPPATH\Controllers\RoomController.php(28): CodeIgniter\Model->insert([...])
 6 SYSTEMPATH\CodeIgniter.php(919): App\Controllers\RoomController->storeroom()
 7 SYSTEMPATH\CodeIgniter.php(494): CodeIgniter\CodeIgniter->runController(Object(App\Controllers\RoomController))
 8 SYSTEMPATH\CodeIgniter.php(353): CodeIgniter\CodeIgniter->handleRequest(null, Object(Config\Cache), false)
 9 FCPATH\index.php(79): CodeIgniter\CodeIgniter->run()
10 SYSTEMPATH\Commands\Server\rewrite.php(47): require_once('E:\\xampp\\htdocs\\Codeigniter_project\\public\\index.php')
ERROR - 2023-10-09 06:36:01 --> mysqli_sql_exception: Column 'room' cannot be null in E:\xampp\htdocs\Codeigniter_project\system\Database\MySQLi\Connection.php:306
Stack trace:
#0 E:\xampp\htdocs\Codeigniter_project\system\Database\MySQLi\Connection.php(306): mysqli->query('INSERT INTO `ro...', 0)
#1 E:\xampp\htdocs\Codeigniter_project\system\Database\BaseConnection.php(692): CodeIgniter\Database\MySQLi\Connection->execute('INSERT INTO `ro...')
#2 E:\xampp\htdocs\Codeigniter_project\system\Database\BaseConnection.php(606): CodeIgniter\Database\BaseConnection->simpleQuery('INSERT INTO `ro...')
#3 E:\xampp\htdocs\Codeigniter_project\system\Database\BaseBuilder.php(2308): CodeIgniter\Database\BaseConnection->query('INSERT INTO `ro...', Array, false)
#4 E:\xampp\htdocs\Codeigniter_project\system\Model.php(319): CodeIgniter\Database\BaseBuilder->insert()
#5 E:\xampp\htdocs\Codeigniter_project\system\BaseModel.php(788): CodeIgniter\Model->doInsert(Array)
#6 E:\xampp\htdocs\Codeigniter_project\system\Model.php(715): CodeIgniter\BaseModel->insert(Array, true)
#7 E:\xampp\htdocs\Codeigniter_project\app\Controllers\RoomController.php(28): CodeIgniter\Model->insert(Array)
#8 E:\xampp\htdocs\Codeigniter_project\system\CodeIgniter.php(919): App\Controllers\RoomController->storeroom()
#9 E:\xampp\htdocs\Codeigniter_project\system\CodeIgniter.php(494): CodeIgniter\CodeIgniter->runController(Object(App\Controllers\RoomController))
#10 E:\xampp\htdocs\Codeigniter_project\system\CodeIgniter.php(353): CodeIgniter\CodeIgniter->handleRequest(NULL, Object(Config\Cache), false)
#11 E:\xampp\htdocs\Codeigniter_project\public\index.php(79): CodeIgniter\CodeIgniter->run()
#12 E:\xampp\htdocs\Codeigniter_project\system\Commands\Server\rewrite.php(47): require_once('E:\\xampp\\htdocs...')
#13 {main}
CRITICAL - 2023-10-09 06:36:01 --> Column 'room' cannot be null
in SYSTEMPATH\Database\BaseConnection.php on line 646.
 1 SYSTEMPATH\Database\BaseBuilder.php(2308): CodeIgniter\Database\BaseConnection->query('INSERT INTO `rooms` (`room`, `category`, `available`, `cost`) VALUES (:room:, :category:, :available:, :cost:)', [...], false)
 2 SYSTEMPATH\Model.php(319): CodeIgniter\Database\BaseBuilder->insert()
 3 SYSTEMPATH\BaseModel.php(788): CodeIgniter\Model->doInsert([...])
 4 SYSTEMPATH\Model.php(715): CodeIgniter\BaseModel->insert([...], true)
 5 APPPATH\Controllers\RoomController.php(28): CodeIgniter\Model->insert([...])
 6 SYSTEMPATH\CodeIgniter.php(919): App\Controllers\RoomController->storeroom()
 7 SYSTEMPATH\CodeIgniter.php(494): CodeIgniter\CodeIgniter->runController(Object(App\Controllers\RoomController))
 8 SYSTEMPATH\CodeIgniter.php(353): CodeIgniter\CodeIgniter->handleRequest(null, Object(Config\Cache), false)
 9 FCPATH\index.php(79): CodeIgniter\CodeIgniter->run()
10 SYSTEMPATH\Commands\Server\rewrite.php(47): require_once('E:\\xampp\\htdocs\\Codeigniter_project\\public\\index.php')
ERROR - 2023-10-09 06:36:09 --> mysqli_sql_exception: Column 'room' cannot be null in E:\xampp\htdocs\Codeigniter_project\system\Database\MySQLi\Connection.php:306
Stack trace:
#0 E:\xampp\htdocs\Codeigniter_project\system\Database\MySQLi\Connection.php(306): mysqli->query('INSERT INTO `ro...', 0)
#1 E:\xampp\htdocs\Codeigniter_project\system\Database\BaseConnection.php(692): CodeIgniter\Database\MySQLi\Connection->execute('INSERT INTO `ro...')
#2 E:\xampp\htdocs\Codeigniter_project\system\Database\BaseConnection.php(606): CodeIgniter\Database\BaseConnection->simpleQuery('INSERT INTO `ro...')
#3 E:\xampp\htdocs\Codeigniter_project\system\Database\BaseBuilder.php(2308): CodeIgniter\Database\BaseConnection->query('INSERT INTO `ro...', Array, false)
#4 E:\xampp\htdocs\Codeigniter_project\system\Model.php(319): CodeIgniter\Database\BaseBuilder->insert()
#5 E:\xampp\htdocs\Codeigniter_project\system\BaseModel.php(788): CodeIgniter\Model->doInsert(Array)
#6 E:\xampp\htdocs\Codeigniter_project\system\Model.php(715): CodeIgniter\BaseModel->insert(Array, true)
#7 E:\xampp\htdocs\Codeigniter_project\app\Controllers\RoomController.php(28): CodeIgniter\Model->insert(Array)
#8 E:\xampp\htdocs\Codeigniter_project\system\CodeIgniter.php(919): App\Controllers\RoomController->storeroom()
#9 E:\xampp\htdocs\Codeigniter_project\system\CodeIgniter.php(494): CodeIgniter\CodeIgniter->runController(Object(App\Controllers\RoomController))
#10 E:\xampp\htdocs\Codeigniter_project\system\CodeIgniter.php(353): CodeIgniter\CodeIgniter->handleRequest(NULL, Object(Config\Cache), false)
#11 E:\xampp\htdocs\Codeigniter_project\public\index.php(79): CodeIgniter\CodeIgniter->run()
#12 E:\xampp\htdocs\Codeigniter_project\system\Commands\Server\rewrite.php(47): require_once('E:\\xampp\\htdocs...')
#13 {main}
CRITICAL - 2023-10-09 06:36:09 --> Column 'room' cannot be null
in SYSTEMPATH\Database\BaseConnection.php on line 646.
 1 SYSTEMPATH\Database\BaseBuilder.php(2308): CodeIgniter\Database\BaseConnection->query('INSERT INTO `rooms` (`room`, `category`, `available`, `cost`) VALUES (:room:, :category:, :available:, :cost:)', [...], false)
 2 SYSTEMPATH\Model.php(319): CodeIgniter\Database\BaseBuilder->insert()
 3 SYSTEMPATH\BaseModel.php(788): CodeIgniter\Model->doInsert([...])
 4 SYSTEMPATH\Model.php(715): CodeIgniter\BaseModel->insert([...], true)
 5 APPPATH\Controllers\RoomController.php(28): CodeIgniter\Model->insert([...])
 6 SYSTEMPATH\CodeIgniter.php(919): App\Controllers\RoomController->storeroom()
 7 SYSTEMPATH\CodeIgniter.php(494): CodeIgniter\CodeIgniter->runController(Object(App\Controllers\RoomController))
 8 SYSTEMPATH\CodeIgniter.php(353): CodeIgniter\CodeIgniter->handleRequest(null, Object(Config\Cache), false)
 9 FCPATH\index.php(79): CodeIgniter\CodeIgniter->run()
10 SYSTEMPATH\Commands\Server\rewrite.php(47): require_once('E:\\xampp\\htdocs\\Codeigniter_project\\public\\index.php')
ERROR - 2023-10-09 06:36:10 --> mysqli_sql_exception: Column 'room' cannot be null in E:\xampp\htdocs\Codeigniter_project\system\Database\MySQLi\Connection.php:306
Stack trace:
#0 E:\xampp\htdocs\Codeigniter_project\system\Database\MySQLi\Connection.php(306): mysqli->query('INSERT INTO `ro...', 0)
#1 E:\xampp\htdocs\Codeigniter_project\system\Database\BaseConnection.php(692): CodeIgniter\Database\MySQLi\Connection->execute('INSERT INTO `ro...')
#2 E:\xampp\htdocs\Codeigniter_project\system\Database\BaseConnection.php(606): CodeIgniter\Database\BaseConnection->simpleQuery('INSERT INTO `ro...')
#3 E:\xampp\htdocs\Codeigniter_project\system\Database\BaseBuilder.php(2308): CodeIgniter\Database\BaseConnection->query('INSERT INTO `ro...', Array, false)
#4 E:\xampp\htdocs\Codeigniter_project\system\Model.php(319): CodeIgniter\Database\BaseBuilder->insert()
#5 E:\xampp\htdocs\Codeigniter_project\system\BaseModel.php(788): CodeIgniter\Model->doInsert(Array)
#6 E:\xampp\htdocs\Codeigniter_project\system\Model.php(715): CodeIgniter\BaseModel->insert(Array, true)
#7 E:\xampp\htdocs\Codeigniter_project\app\Controllers\RoomController.php(28): CodeIgniter\Model->insert(Array)
#8 E:\xampp\htdocs\Codeigniter_project\system\CodeIgniter.php(919): App\Controllers\RoomController->storeroom()
#9 E:\xampp\htdocs\Codeigniter_project\system\CodeIgniter.php(494): CodeIgniter\CodeIgniter->runController(Object(App\Controllers\RoomController))
#10 E:\xampp\htdocs\Codeigniter_project\system\CodeIgniter.php(353): CodeIgniter\CodeIgniter->handleRequest(NULL, Object(Config\Cache), false)
#11 E:\xampp\htdocs\Codeigniter_project\public\index.php(79): CodeIgniter\CodeIgniter->run()
#12 E:\xampp\htdocs\Codeigniter_project\system\Commands\Server\rewrite.php(47): require_once('E:\\xampp\\htdocs...')
#13 {main}
CRITICAL - 2023-10-09 06:36:10 --> Column 'room' cannot be null
in SYSTEMPATH\Database\BaseConnection.php on line 646.
 1 SYSTEMPATH\Database\BaseBuilder.php(2308): CodeIgniter\Database\BaseConnection->query('INSERT INTO `rooms` (`room`, `category`, `available`, `cost`) VALUES (:room:, :category:, :available:, :cost:)', [...], false)
 2 SYSTEMPATH\Model.php(319): CodeIgniter\Database\BaseBuilder->insert()
 3 SYSTEMPATH\BaseModel.php(788): CodeIgniter\Model->doInsert([...])
 4 SYSTEMPATH\Model.php(715): CodeIgniter\BaseModel->insert([...], true)
 5 APPPATH\Controllers\RoomController.php(28): CodeIgniter\Model->insert([...])
 6 SYSTEMPATH\CodeIgniter.php(919): App\Controllers\RoomController->storeroom()
 7 SYSTEMPATH\CodeIgniter.php(494): CodeIgniter\CodeIgniter->runController(Object(App\Controllers\RoomController))
 8 SYSTEMPATH\CodeIgniter.php(353): CodeIgniter\CodeIgniter->handleRequest(null, Object(Config\Cache), false)
 9 FCPATH\index.php(79): CodeIgniter\CodeIgniter->run()
10 SYSTEMPATH\Commands\Server\rewrite.php(47): require_once('E:\\xampp\\htdocs\\Codeigniter_project\\public\\index.php')
ERROR - 2023-10-09 06:37:09 --> mysqli_sql_exception: Column 'name' cannot be null in E:\xampp\htdocs\Codeigniter_project\system\Database\MySQLi\Connection.php:306
Stack trace:
#0 E:\xampp\htdocs\Codeigniter_project\system\Database\MySQLi\Connection.php(306): mysqli->query('INSERT INTO `us...', 0)
#1 E:\xampp\htdocs\Codeigniter_project\system\Database\BaseConnection.php(692): CodeIgniter\Database\MySQLi\Connection->execute('INSERT INTO `us...')
#2 E:\xampp\htdocs\Codeigniter_project\system\Database\BaseConnection.php(606): CodeIgniter\Database\BaseConnection->simpleQuery('INSERT INTO `us...')
#3 E:\xampp\htdocs\Codeigniter_project\system\Database\BaseBuilder.php(2308): CodeIgniter\Database\BaseConnection->query('INSERT INTO `us...', Array, false)
#4 E:\xampp\htdocs\Codeigniter_project\system\Model.php(319): CodeIgniter\Database\BaseBuilder->insert()
#5 E:\xampp\htdocs\Codeigniter_project\system\BaseModel.php(788): CodeIgniter\Model->doInsert(Array)
#6 E:\xampp\htdocs\Codeigniter_project\system\Model.php(715): CodeIgniter\BaseModel->insert(Array, true)
#7 E:\xampp\htdocs\Codeigniter_project\app\Controllers\UserCrud.php(28): CodeIgniter\Model->insert(Array)
#8 E:\xampp\htdocs\Codeigniter_project\system\CodeIgniter.php(919): App\Controllers\UserCrud->store()
#9 E:\xampp\htdocs\Codeigniter_project\system\CodeIgniter.php(494): CodeIgniter\CodeIgniter->runController(Object(App\Controllers\UserCrud))
#10 E:\xampp\htdocs\Codeigniter_project\system\CodeIgniter.php(353): CodeIgniter\CodeIgniter->handleRequest(NULL, Object(Config\Cache), false)
#11 E:\xampp\htdocs\Codeigniter_project\public\index.php(79): CodeIgniter\CodeIgniter->run()
#12 E:\xampp\htdocs\Codeigniter_project\system\Commands\Server\rewrite.php(47): require_once('E:\\xampp\\htdocs...')
#13 {main}
CRITICAL - 2023-10-09 06:37:09 --> Column 'name' cannot be null
in SYSTEMPATH\Database\BaseConnection.php on line 646.
 1 SYSTEMPATH\Database\BaseBuilder.php(2308): CodeIgniter\Database\BaseConnection->query('INSERT INTO `users` (`name`, `email`, `phone`, `age`, `address`) VALUES (:name:, :email:, :phone:, :age:, :address:)', [...], false)
 2 SYSTEMPATH\Model.php(319): CodeIgniter\Database\BaseBuilder->insert()
 3 SYSTEMPATH\BaseModel.php(788): CodeIgniter\Model->doInsert([...])
 4 SYSTEMPATH\Model.php(715): CodeIgniter\BaseModel->insert([...], true)
 5 APPPATH\Controllers\UserCrud.php(28): CodeIgniter\Model->insert([...])
 6 SYSTEMPATH\CodeIgniter.php(919): App\Controllers\UserCrud->store()
 7 SYSTEMPATH\CodeIgniter.php(494): CodeIgniter\CodeIgniter->runController(Object(App\Controllers\UserCrud))
 8 SYSTEMPATH\CodeIgniter.php(353): CodeIgniter\CodeIgniter->handleRequest(null, Object(Config\Cache), false)
 9 FCPATH\index.php(79): CodeIgniter\CodeIgniter->run()
10 SYSTEMPATH\Commands\Server\rewrite.php(47): require_once('E:\\xampp\\htdocs\\Codeigniter_project\\public\\index.php')
CRITICAL - 2023-10-09 06:41:52 --> Undefined variable $user
in APPPATH\Views\room_view.php on line 38.
 1 APPPATH\Views\room_view.php(38): CodeIgniter\Debug\Exceptions->errorHandler(2, 'Undefined variable $user', 'E:\\xampp\\htdocs\\Codeigniter_project\\app\\Views\\room_view.php', 38)
 2 SYSTEMPATH\View\View.php(226): include('E:\\xampp\\htdocs\\Codeigniter_project\\app\\Views\\room_view.php')
 3 SYSTEMPATH\View\View.php(229): CodeIgniter\View\View->CodeIgniter\View\{closure}()
 4 SYSTEMPATH\Common.php(1188): CodeIgniter\View\View->render('room_view', [], true)
 5 APPPATH\Controllers\RoomController.php(11): view('room_view', [...])
 6 SYSTEMPATH\CodeIgniter.php(919): App\Controllers\RoomController->listroom()
 7 SYSTEMPATH\CodeIgniter.php(494): CodeIgniter\CodeIgniter->runController(Object(App\Controllers\RoomController))
 8 SYSTEMPATH\CodeIgniter.php(353): CodeIgniter\CodeIgniter->handleRequest(null, Object(Config\Cache), false)
 9 FCPATH\index.php(79): CodeIgniter\CodeIgniter->run()
10 SYSTEMPATH\Commands\Server\rewrite.php(47): require_once('E:\\xampp\\htdocs\\Codeigniter_project\\public\\index.php')
CRITICAL - 2023-10-09 06:43:06 --> Undefined variable $user
in APPPATH\Views\room_view.php on line 38.
 1 APPPATH\Views\room_view.php(38): CodeIgniter\Debug\Exceptions->errorHandler(2, 'Undefined variable $user', 'E:\\xampp\\htdocs\\Codeigniter_project\\app\\Views\\room_view.php', 38)
 2 SYSTEMPATH\View\View.php(226): include('E:\\xampp\\htdocs\\Codeigniter_project\\app\\Views\\room_view.php')
 3 SYSTEMPATH\View\View.php(229): CodeIgniter\View\View->CodeIgniter\View\{closure}()
 4 SYSTEMPATH\Common.php(1188): CodeIgniter\View\View->render('room_view', [], true)
 5 APPPATH\Controllers\RoomController.php(11): view('room_view', [...])
 6 SYSTEMPATH\CodeIgniter.php(919): App\Controllers\RoomController->listroom()
 7 SYSTEMPATH\CodeIgniter.php(494): CodeIgniter\CodeIgniter->runController(Object(App\Controllers\RoomController))
 8 SYSTEMPATH\CodeIgniter.php(353): CodeIgniter\CodeIgniter->handleRequest(null, Object(Config\Cache), false)
 9 FCPATH\index.php(79): CodeIgniter\CodeIgniter->run()
10 SYSTEMPATH\Commands\Server\rewrite.php(47): require_once('E:\\xampp\\htdocs\\Codeigniter_project\\public\\index.php')
CRITICAL - 2023-10-09 06:43:23 --> Undefined variable $user
in APPPATH\Views\room_view.php on line 38.
 1 APPPATH\Views\room_view.php(38): CodeIgniter\Debug\Exceptions->errorHandler(2, 'Undefined variable $user', 'E:\\xampp\\htdocs\\Codeigniter_project\\app\\Views\\room_view.php', 38)
 2 SYSTEMPATH\View\View.php(226): include('E:\\xampp\\htdocs\\Codeigniter_project\\app\\Views\\room_view.php')
 3 SYSTEMPATH\View\View.php(229): CodeIgniter\View\View->CodeIgniter\View\{closure}()
 4 SYSTEMPATH\Common.php(1188): CodeIgniter\View\View->render('room_view', [], true)
 5 APPPATH\Controllers\RoomController.php(11): view('room_view', [...])
 6 SYSTEMPATH\CodeIgniter.php(919): App\Controllers\RoomController->listroom()
 7 SYSTEMPATH\CodeIgniter.php(494): CodeIgniter\CodeIgniter->runController(Object(App\Controllers\RoomController))
 8 SYSTEMPATH\CodeIgniter.php(353): CodeIgniter\CodeIgniter->handleRequest(null, Object(Config\Cache), false)
 9 FCPATH\index.php(79): CodeIgniter\CodeIgniter->run()
10 SYSTEMPATH\Commands\Server\rewrite.php(47): require_once('E:\\xampp\\htdocs\\Codeigniter_project\\public\\index.php')
CRITICAL - 2023-10-09 06:43:25 --> Undefined variable $user
in APPPATH\Views\room_view.php on line 38.
 1 APPPATH\Views\room_view.php(38): CodeIgniter\Debug\Exceptions->errorHandler(2, 'Undefined variable $user', 'E:\\xampp\\htdocs\\Codeigniter_project\\app\\Views\\room_view.php', 38)
 2 SYSTEMPATH\View\View.php(226): include('E:\\xampp\\htdocs\\Codeigniter_project\\app\\Views\\room_view.php')
 3 SYSTEMPATH\View\View.php(229): CodeIgniter\View\View->CodeIgniter\View\{closure}()
 4 SYSTEMPATH\Common.php(1188): CodeIgniter\View\View->render('room_view', [], true)
 5 APPPATH\Controllers\RoomController.php(11): view('room_view', [...])
 6 SYSTEMPATH\CodeIgniter.php(919): App\Controllers\RoomController->listroom()
 7 SYSTEMPATH\CodeIgniter.php(494): CodeIgniter\CodeIgniter->runController(Object(App\Controllers\RoomController))
 8 SYSTEMPATH\CodeIgniter.php(353): CodeIgniter\CodeIgniter->handleRequest(null, Object(Config\Cache), false)
 9 FCPATH\index.php(79): CodeIgniter\CodeIgniter->run()
10 SYSTEMPATH\Commands\Server\rewrite.php(47): require_once('E:\\xampp\\htdocs\\Codeigniter_project\\public\\index.php')
CRITICAL - 2023-10-09 06:43:25 --> Undefined variable $user
in APPPATH\Views\room_view.php on line 38.
 1 APPPATH\Views\room_view.php(38): CodeIgniter\Debug\Exceptions->errorHandler(2, 'Undefined variable $user', 'E:\\xampp\\htdocs\\Codeigniter_project\\app\\Views\\room_view.php', 38)
 2 SYSTEMPATH\View\View.php(226): include('E:\\xampp\\htdocs\\Codeigniter_project\\app\\Views\\room_view.php')
 3 SYSTEMPATH\View\View.php(229): CodeIgniter\View\View->CodeIgniter\View\{closure}()
 4 SYSTEMPATH\Common.php(1188): CodeIgniter\View\View->render('room_view', [], true)
 5 APPPATH\Controllers\RoomController.php(11): view('room_view', [...])
 6 SYSTEMPATH\CodeIgniter.php(919): App\Controllers\RoomController->listroom()
 7 SYSTEMPATH\CodeIgniter.php(494): CodeIgniter\CodeIgniter->runController(Object(App\Controllers\RoomController))
 8 SYSTEMPATH\CodeIgniter.php(353): CodeIgniter\CodeIgniter->handleRequest(null, Object(Config\Cache), false)
 9 FCPATH\index.php(79): CodeIgniter\CodeIgniter->run()
10 SYSTEMPATH\Commands\Server\rewrite.php(47): require_once('E:\\xampp\\htdocs\\Codeigniter_project\\public\\index.php')
CRITICAL - 2023-10-09 06:43:25 --> Undefined variable $user
in APPPATH\Views\room_view.php on line 38.
 1 APPPATH\Views\room_view.php(38): CodeIgniter\Debug\Exceptions->errorHandler(2, 'Undefined variable $user', 'E:\\xampp\\htdocs\\Codeigniter_project\\app\\Views\\room_view.php', 38)
 2 SYSTEMPATH\View\View.php(226): include('E:\\xampp\\htdocs\\Codeigniter_project\\app\\Views\\room_view.php')
 3 SYSTEMPATH\View\View.php(229): CodeIgniter\View\View->CodeIgniter\View\{closure}()
 4 SYSTEMPATH\Common.php(1188): CodeIgniter\View\View->render('room_view', [], true)
 5 APPPATH\Controllers\RoomController.php(11): view('room_view', [...])
 6 SYSTEMPATH\CodeIgniter.php(919): App\Controllers\RoomController->listroom()
 7 SYSTEMPATH\CodeIgniter.php(494): CodeIgniter\CodeIgniter->runController(Object(App\Controllers\RoomController))
 8 SYSTEMPATH\CodeIgniter.php(353): CodeIgniter\CodeIgniter->handleRequest(null, Object(Config\Cache), false)
 9 FCPATH\index.php(79): CodeIgniter\CodeIgniter->run()
10 SYSTEMPATH\Commands\Server\rewrite.php(47): require_once('E:\\xampp\\htdocs\\Codeigniter_project\\public\\index.php')
CRITICAL - 2023-10-09 06:43:25 --> Undefined variable $user
in APPPATH\Views\room_view.php on line 38.
 1 APPPATH\Views\room_view.php(38): CodeIgniter\Debug\Exceptions->errorHandler(2, 'Undefined variable $user', 'E:\\xampp\\htdocs\\Codeigniter_project\\app\\Views\\room_view.php', 38)
 2 SYSTEMPATH\View\View.php(226): include('E:\\xampp\\htdocs\\Codeigniter_project\\app\\Views\\room_view.php')
 3 SYSTEMPATH\View\View.php(229): CodeIgniter\View\View->CodeIgniter\View\{closure}()
 4 SYSTEMPATH\Common.php(1188): CodeIgniter\View\View->render('room_view', [], true)
 5 APPPATH\Controllers\RoomController.php(11): view('room_view', [...])
 6 SYSTEMPATH\CodeIgniter.php(919): App\Controllers\RoomController->listroom()
 7 SYSTEMPATH\CodeIgniter.php(494): CodeIgniter\CodeIgniter->runController(Object(App\Controllers\RoomController))
 8 SYSTEMPATH\CodeIgniter.php(353): CodeIgniter\CodeIgniter->handleRequest(null, Object(Config\Cache), false)
 9 FCPATH\index.php(79): CodeIgniter\CodeIgniter->run()
10 SYSTEMPATH\Commands\Server\rewrite.php(47): require_once('E:\\xampp\\htdocs\\Codeigniter_project\\public\\index.php')
CRITICAL - 2023-10-09 06:43:25 --> Undefined variable $user
in APPPATH\Views\room_view.php on line 38.
 1 APPPATH\Views\room_view.php(38): CodeIgniter\Debug\Exceptions->errorHandler(2, 'Undefined variable $user', 'E:\\xampp\\htdocs\\Codeigniter_project\\app\\Views\\room_view.php', 38)
 2 SYSTEMPATH\View\View.php(226): include('E:\\xampp\\htdocs\\Codeigniter_project\\app\\Views\\room_view.php')
 3 SYSTEMPATH\View\View.php(229): CodeIgniter\View\View->CodeIgniter\View\{closure}()
 4 SYSTEMPATH\Common.php(1188): CodeIgniter\View\View->render('room_view', [], true)
 5 APPPATH\Controllers\RoomController.php(11): view('room_view', [...])
 6 SYSTEMPATH\CodeIgniter.php(919): App\Controllers\RoomController->listroom()
 7 SYSTEMPATH\CodeIgniter.php(494): CodeIgniter\CodeIgniter->runController(Object(App\Controllers\RoomController))
 8 SYSTEMPATH\CodeIgniter.php(353): CodeIgniter\CodeIgniter->handleRequest(null, Object(Config\Cache), false)
 9 FCPATH\index.php(79): CodeIgniter\CodeIgniter->run()
10 SYSTEMPATH\Commands\Server\rewrite.php(47): require_once('E:\\xampp\\htdocs\\Codeigniter_project\\public\\index.php')
CRITICAL - 2023-10-09 06:43:26 --> Undefined variable $user
in APPPATH\Views\room_view.php on line 38.
 1 APPPATH\Views\room_view.php(38): CodeIgniter\Debug\Exceptions->errorHandler(2, 'Undefined variable $user', 'E:\\xampp\\htdocs\\Codeigniter_project\\app\\Views\\room_view.php', 38)
 2 SYSTEMPATH\View\View.php(226): include('E:\\xampp\\htdocs\\Codeigniter_project\\app\\Views\\room_view.php')
 3 SYSTEMPATH\View\View.php(229): CodeIgniter\View\View->CodeIgniter\View\{closure}()
 4 SYSTEMPATH\Common.php(1188): CodeIgniter\View\View->render('room_view', [], true)
 5 APPPATH\Controllers\RoomController.php(11): view('room_view', [...])
 6 SYSTEMPATH\CodeIgniter.php(919): App\Controllers\RoomController->listroom()
 7 SYSTEMPATH\CodeIgniter.php(494): CodeIgniter\CodeIgniter->runController(Object(App\Controllers\RoomController))
 8 SYSTEMPATH\CodeIgniter.php(353): CodeIgniter\CodeIgniter->handleRequest(null, Object(Config\Cache), false)
 9 FCPATH\index.php(79): CodeIgniter\CodeIgniter->run()
10 SYSTEMPATH\Commands\Server\rewrite.php(47): require_once('E:\\xampp\\htdocs\\Codeigniter_project\\public\\index.php')
CRITICAL - 2023-10-09 06:44:57 --> Undefined variable $user
in APPPATH\Views\room_view.php on line 38.
 1 APPPATH\Views\room_view.php(38): CodeIgniter\Debug\Exceptions->errorHandler(2, 'Undefined variable $user', 'E:\\xampp\\htdocs\\Codeigniter_project\\app\\Views\\room_view.php', 38)
 2 SYSTEMPATH\View\View.php(226): include('E:\\xampp\\htdocs\\Codeigniter_project\\app\\Views\\room_view.php')
 3 SYSTEMPATH\View\View.php(229): CodeIgniter\View\View->CodeIgniter\View\{closure}()
 4 SYSTEMPATH\Common.php(1188): CodeIgniter\View\View->render('room_view', [], true)
 5 APPPATH\Controllers\RoomController.php(11): view('room_view', [...])
 6 SYSTEMPATH\CodeIgniter.php(919): App\Controllers\RoomController->listroom()
 7 SYSTEMPATH\CodeIgniter.php(494): CodeIgniter\CodeIgniter->runController(Object(App\Controllers\RoomController))
 8 SYSTEMPATH\CodeIgniter.php(353): CodeIgniter\CodeIgniter->handleRequest(null, Object(Config\Cache), false)
 9 FCPATH\index.php(79): CodeIgniter\CodeIgniter->run()
10 SYSTEMPATH\Commands\Server\rewrite.php(47): require_once('E:\\xampp\\htdocs\\Codeigniter_project\\public\\index.php')
CRITICAL - 2023-10-09 06:45:52 --> Undefined variable $user
in APPPATH\Views\room_view.php on line 38.
 1 APPPATH\Views\room_view.php(38): CodeIgniter\Debug\Exceptions->errorHandler(2, 'Undefined variable $user', 'E:\\xampp\\htdocs\\Codeigniter_project\\app\\Views\\room_view.php', 38)
 2 SYSTEMPATH\View\View.php(226): include('E:\\xampp\\htdocs\\Codeigniter_project\\app\\Views\\room_view.php')
 3 SYSTEMPATH\View\View.php(229): CodeIgniter\View\View->CodeIgniter\View\{closure}()
 4 SYSTEMPATH\Common.php(1188): CodeIgniter\View\View->render('room_view', [], true)
 5 APPPATH\Controllers\RoomController.php(11): view('room_view', [...])
 6 SYSTEMPATH\CodeIgniter.php(919): App\Controllers\RoomController->listroom()
 7 SYSTEMPATH\CodeIgniter.php(494): CodeIgniter\CodeIgniter->runController(Object(App\Controllers\RoomController))
 8 SYSTEMPATH\CodeIgniter.php(353): CodeIgniter\CodeIgniter->handleRequest(null, Object(Config\Cache), false)
 9 FCPATH\index.php(79): CodeIgniter\CodeIgniter->run()
10 SYSTEMPATH\Commands\Server\rewrite.php(47): require_once('E:\\xampp\\htdocs\\Codeigniter_project\\public\\index.php')
CRITICAL - 2023-10-09 06:47:23 --> Undefined variable $user
in APPPATH\Views\room_view.php on line 38.
 1 APPPATH\Views\room_view.php(38): CodeIgniter\Debug\Exceptions->errorHandler(2, 'Undefined variable $user', 'E:\\xampp\\htdocs\\Codeigniter_project\\app\\Views\\room_view.php', 38)
 2 SYSTEMPATH\View\View.php(226): include('E:\\xampp\\htdocs\\Codeigniter_project\\app\\Views\\room_view.php')
 3 SYSTEMPATH\View\View.php(229): CodeIgniter\View\View->CodeIgniter\View\{closure}()
 4 SYSTEMPATH\Common.php(1188): CodeIgniter\View\View->render('room_view', [], true)
 5 APPPATH\Controllers\RoomController.php(11): view('room_view', [...])
 6 SYSTEMPATH\CodeIgniter.php(919): App\Controllers\RoomController->listroom()
 7 SYSTEMPATH\CodeIgniter.php(494): CodeIgniter\CodeIgniter->runController(Object(App\Controllers\RoomController))
 8 SYSTEMPATH\CodeIgniter.php(353): CodeIgniter\CodeIgniter->handleRequest(null, Object(Config\Cache), false)
 9 FCPATH\index.php(79): CodeIgniter\CodeIgniter->run()
10 SYSTEMPATH\Commands\Server\rewrite.php(47): require_once('E:\\xampp\\htdocs\\Codeigniter_project\\public\\index.php')
CRITICAL - 2023-10-09 06:47:25 --> Undefined variable $user
in APPPATH\Views\room_view.php on line 38.
 1 APPPATH\Views\room_view.php(38): CodeIgniter\Debug\Exceptions->errorHandler(2, 'Undefined variable $user', 'E:\\xampp\\htdocs\\Codeigniter_project\\app\\Views\\room_view.php', 38)
 2 SYSTEMPATH\View\View.php(226): include('E:\\xampp\\htdocs\\Codeigniter_project\\app\\Views\\room_view.php')
 3 SYSTEMPATH\View\View.php(229): CodeIgniter\View\View->CodeIgniter\View\{closure}()
 4 SYSTEMPATH\Common.php(1188): CodeIgniter\View\View->render('room_view', [], true)
 5 APPPATH\Controllers\RoomController.php(11): view('room_view', [...])
 6 SYSTEMPATH\CodeIgniter.php(919): App\Controllers\RoomController->listroom()
 7 SYSTEMPATH\CodeIgniter.php(494): CodeIgniter\CodeIgniter->runController(Object(App\Controllers\RoomController))
 8 SYSTEMPATH\CodeIgniter.php(353): CodeIgniter\CodeIgniter->handleRequest(null, Object(Config\Cache), false)
 9 FCPATH\index.php(79): CodeIgniter\CodeIgniter->run()
10 SYSTEMPATH\Commands\Server\rewrite.php(47): require_once('E:\\xampp\\htdocs\\Codeigniter_project\\public\\index.php')
CRITICAL - 2023-10-09 06:47:43 --> Undefined variable $user
in APPPATH\Views\room_view.php on line 38.
 1 APPPATH\Views\room_view.php(38): CodeIgniter\Debug\Exceptions->errorHandler(2, 'Undefined variable $user', 'E:\\xampp\\htdocs\\Codeigniter_project\\app\\Views\\room_view.php', 38)
 2 SYSTEMPATH\View\View.php(226): include('E:\\xampp\\htdocs\\Codeigniter_project\\app\\Views\\room_view.php')
 3 SYSTEMPATH\View\View.php(229): CodeIgniter\View\View->CodeIgniter\View\{closure}()
 4 SYSTEMPATH\Common.php(1188): CodeIgniter\View\View->render('room_view', [], true)
 5 APPPATH\Controllers\RoomController.php(11): view('room_view', [...])
 6 SYSTEMPATH\CodeIgniter.php(919): App\Controllers\RoomController->listroom()
 7 SYSTEMPATH\CodeIgniter.php(494): CodeIgniter\CodeIgniter->runController(Object(App\Controllers\RoomController))
 8 SYSTEMPATH\CodeIgniter.php(353): CodeIgniter\CodeIgniter->handleRequest(null, Object(Config\Cache), false)
 9 FCPATH\index.php(79): CodeIgniter\CodeIgniter->run()
10 SYSTEMPATH\Commands\Server\rewrite.php(47): require_once('E:\\xampp\\htdocs\\Codeigniter_project\\public\\index.php')
CRITICAL - 2023-10-09 06:47:44 --> Undefined variable $user
in APPPATH\Views\room_view.php on line 38.
 1 APPPATH\Views\room_view.php(38): CodeIgniter\Debug\Exceptions->errorHandler(2, 'Undefined variable $user', 'E:\\xampp\\htdocs\\Codeigniter_project\\app\\Views\\room_view.php', 38)
 2 SYSTEMPATH\View\View.php(226): include('E:\\xampp\\htdocs\\Codeigniter_project\\app\\Views\\room_view.php')
 3 SYSTEMPATH\View\View.php(229): CodeIgniter\View\View->CodeIgniter\View\{closure}()
 4 SYSTEMPATH\Common.php(1188): CodeIgniter\View\View->render('room_view', [], true)
 5 APPPATH\Controllers\RoomController.php(11): view('room_view', [...])
 6 SYSTEMPATH\CodeIgniter.php(919): App\Controllers\RoomController->listroom()
 7 SYSTEMPATH\CodeIgniter.php(494): CodeIgniter\CodeIgniter->runController(Object(App\Controllers\RoomController))
 8 SYSTEMPATH\CodeIgniter.php(353): CodeIgniter\CodeIgniter->handleRequest(null, Object(Config\Cache), false)
 9 FCPATH\index.php(79): CodeIgniter\CodeIgniter->run()
10 SYSTEMPATH\Commands\Server\rewrite.php(47): require_once('E:\\xampp\\htdocs\\Codeigniter_project\\public\\index.php')
CRITICAL - 2023-10-09 06:47:44 --> Undefined variable $user
in APPPATH\Views\room_view.php on line 38.
 1 APPPATH\Views\room_view.php(38): CodeIgniter\Debug\Exceptions->errorHandler(2, 'Undefined variable $user', 'E:\\xampp\\htdocs\\Codeigniter_project\\app\\Views\\room_view.php', 38)
 2 SYSTEMPATH\View\View.php(226): include('E:\\xampp\\htdocs\\Codeigniter_project\\app\\Views\\room_view.php')
 3 SYSTEMPATH\View\View.php(229): CodeIgniter\View\View->CodeIgniter\View\{closure}()
 4 SYSTEMPATH\Common.php(1188): CodeIgniter\View\View->render('room_view', [], true)
 5 APPPATH\Controllers\RoomController.php(11): view('room_view', [...])
 6 SYSTEMPATH\CodeIgniter.php(919): App\Controllers\RoomController->listroom()
 7 SYSTEMPATH\CodeIgniter.php(494): CodeIgniter\CodeIgniter->runController(Object(App\Controllers\RoomController))
 8 SYSTEMPATH\CodeIgniter.php(353): CodeIgniter\CodeIgniter->handleRequest(null, Object(Config\Cache), false)
 9 FCPATH\index.php(79): CodeIgniter\CodeIgniter->run()
10 SYSTEMPATH\Commands\Server\rewrite.php(47): require_once('E:\\xampp\\htdocs\\Codeigniter_project\\public\\index.php')
CRITICAL - 2023-10-09 06:47:44 --> Undefined variable $user
in APPPATH\Views\room_view.php on line 38.
 1 APPPATH\Views\room_view.php(38): CodeIgniter\Debug\Exceptions->errorHandler(2, 'Undefined variable $user', 'E:\\xampp\\htdocs\\Codeigniter_project\\app\\Views\\room_view.php', 38)
 2 SYSTEMPATH\View\View.php(226): include('E:\\xampp\\htdocs\\Codeigniter_project\\app\\Views\\room_view.php')
 3 SYSTEMPATH\View\View.php(229): CodeIgniter\View\View->CodeIgniter\View\{closure}()
 4 SYSTEMPATH\Common.php(1188): CodeIgniter\View\View->render('room_view', [], true)
 5 APPPATH\Controllers\RoomController.php(11): view('room_view', [...])
 6 SYSTEMPATH\CodeIgniter.php(919): App\Controllers\RoomController->listroom()
 7 SYSTEMPATH\CodeIgniter.php(494): CodeIgniter\CodeIgniter->runController(Object(App\Controllers\RoomController))
 8 SYSTEMPATH\CodeIgniter.php(353): CodeIgniter\CodeIgniter->handleRequest(null, Object(Config\Cache), false)
 9 FCPATH\index.php(79): CodeIgniter\CodeIgniter->run()
10 SYSTEMPATH\Commands\Server\rewrite.php(47): require_once('E:\\xampp\\htdocs\\Codeigniter_project\\public\\index.php')
CRITICAL - 2023-10-09 06:47:45 --> Undefined variable $user
in APPPATH\Views\room_view.php on line 38.
 1 APPPATH\Views\room_view.php(38): CodeIgniter\Debug\Exceptions->errorHandler(2, 'Undefined variable $user', 'E:\\xampp\\htdocs\\Codeigniter_project\\app\\Views\\room_view.php', 38)
 2 SYSTEMPATH\View\View.php(226): include('E:\\xampp\\htdocs\\Codeigniter_project\\app\\Views\\room_view.php')
 3 SYSTEMPATH\View\View.php(229): CodeIgniter\View\View->CodeIgniter\View\{closure}()
 4 SYSTEMPATH\Common.php(1188): CodeIgniter\View\View->render('room_view', [], true)
 5 APPPATH\Controllers\RoomController.php(11): view('room_view', [...])
 6 SYSTEMPATH\CodeIgniter.php(919): App\Controllers\RoomController->listroom()
 7 SYSTEMPATH\CodeIgniter.php(494): CodeIgniter\CodeIgniter->runController(Object(App\Controllers\RoomController))
 8 SYSTEMPATH\CodeIgniter.php(353): CodeIgniter\CodeIgniter->handleRequest(null, Object(Config\Cache), false)
 9 FCPATH\index.php(79): CodeIgniter\CodeIgniter->run()
10 SYSTEMPATH\Commands\Server\rewrite.php(47): require_once('E:\\xampp\\htdocs\\Codeigniter_project\\public\\index.php')
CRITICAL - 2023-10-09 06:47:45 --> Undefined variable $user
in APPPATH\Views\room_view.php on line 38.
 1 APPPATH\Views\room_view.php(38): CodeIgniter\Debug\Exceptions->errorHandler(2, 'Undefined variable $user', 'E:\\xampp\\htdocs\\Codeigniter_project\\app\\Views\\room_view.php', 38)
 2 SYSTEMPATH\View\View.php(226): include('E:\\xampp\\htdocs\\Codeigniter_project\\app\\Views\\room_view.php')
 3 SYSTEMPATH\View\View.php(229): CodeIgniter\View\View->CodeIgniter\View\{closure}()
 4 SYSTEMPATH\Common.php(1188): CodeIgniter\View\View->render('room_view', [], true)
 5 APPPATH\Controllers\RoomController.php(11): view('room_view', [...])
 6 SYSTEMPATH\CodeIgniter.php(919): App\Controllers\RoomController->listroom()
 7 SYSTEMPATH\CodeIgniter.php(494): CodeIgniter\CodeIgniter->runController(Object(App\Controllers\RoomController))
 8 SYSTEMPATH\CodeIgniter.php(353): CodeIgniter\CodeIgniter->handleRequest(null, Object(Config\Cache), false)
 9 FCPATH\index.php(79): CodeIgniter\CodeIgniter->run()
10 SYSTEMPATH\Commands\Server\rewrite.php(47): require_once('E:\\xampp\\htdocs\\Codeigniter_project\\public\\index.php')
