CRITICAL - 2023-10-10 03:43:54 --> Trying to access array offset on value of type null
in APPPATH\Views\edit_view.php on line 21.
 1 APPPATH\Views\edit_view.php(21): CodeIgniter\Debug\Exceptions->errorHandler(2, 'Trying to access array offset on value of type null', 'E:\\xampp\\htdocs\\Codeigniter_project\\app\\Views\\edit_view.php', 21)
 2 SYSTEMPATH\View\View.php(226): include('E:\\xampp\\htdocs\\Codeigniter_project\\app\\Views\\edit_view.php')
 3 SYSTEMPATH\View\View.php(229): CodeIgniter\View\View->CodeIgniter\View\{closure}()
 4 SYSTEMPATH\Common.php(1188): CodeIgniter\View\View->render('edit_view', [], true)
 5 APPPATH\Controllers\UserCrud.php(35): view('edit_view', [...])
 6 SYSTEMPATH\CodeIgniter.php(919): App\Controllers\UserCrud->singleUser('4')
 7 SYSTEMPATH\CodeIgniter.php(494): CodeIgniter\CodeIgniter->runController(Object(App\Controllers\UserCrud))
 8 SYSTEMPATH\CodeIgniter.php(353): CodeIgniter\CodeIgniter->handleRequest(null, Object(Config\Cache), false)
 9 FCPATH\index.php(79): CodeIgniter\CodeIgniter->run()
10 SYSTEMPATH\Commands\Server\rewrite.php(47): require_once('E:\\xampp\\htdocs\\Codeigniter_project\\public\\index.php')
CRITICAL - 2023-10-10 03:49:53 --> Trying to access array offset on value of type null
in APPPATH\Views\edit_view.php on line 21.
 1 APPPATH\Views\edit_view.php(21): CodeIgniter\Debug\Exceptions->errorHandler(2, 'Trying to access array offset on value of type null', 'E:\\xampp\\htdocs\\Codeigniter_project\\app\\Views\\edit_view.php', 21)
 2 SYSTEMPATH\View\View.php(226): include('E:\\xampp\\htdocs\\Codeigniter_project\\app\\Views\\edit_view.php')
 3 SYSTEMPATH\View\View.php(229): CodeIgniter\View\View->CodeIgniter\View\{closure}()
 4 SYSTEMPATH\Common.php(1188): CodeIgniter\View\View->render('edit_view', [], true)
 5 APPPATH\Controllers\UserCrud.php(35): view('edit_view', [...])
 6 SYSTEMPATH\CodeIgniter.php(919): App\Controllers\UserCrud->singleUser('7')
 7 SYSTEMPATH\CodeIgniter.php(494): CodeIgniter\CodeIgniter->runController(Object(App\Controllers\UserCrud))
 8 SYSTEMPATH\CodeIgniter.php(353): CodeIgniter\CodeIgniter->handleRequest(null, Object(Config\Cache), false)
 9 FCPATH\index.php(79): CodeIgniter\CodeIgniter->run()
10 SYSTEMPATH\Commands\Server\rewrite.php(47): require_once('E:\\xampp\\htdocs\\Codeigniter_project\\public\\index.php')
CRITICAL - 2023-10-10 03:50:32 --> Trying to access array offset on value of type null
in APPPATH\Views\edit_view.php on line 21.
 1 APPPATH\Views\edit_view.php(21): CodeIgniter\Debug\Exceptions->errorHandler(2, 'Trying to access array offset on value of type null', 'E:\\xampp\\htdocs\\Codeigniter_project\\app\\Views\\edit_view.php', 21)
 2 SYSTEMPATH\View\View.php(226): include('E:\\xampp\\htdocs\\Codeigniter_project\\app\\Views\\edit_view.php')
 3 SYSTEMPATH\View\View.php(229): CodeIgniter\View\View->CodeIgniter\View\{closure}()
 4 SYSTEMPATH\Common.php(1188): CodeIgniter\View\View->render('edit_view', [], true)
 5 APPPATH\Controllers\UserCrud.php(35): view('edit_view', [...])
 6 SYSTEMPATH\CodeIgniter.php(919): App\Controllers\UserCrud->singleUser('5')
 7 SYSTEMPATH\CodeIgniter.php(494): CodeIgniter\CodeIgniter->runController(Object(App\Controllers\UserCrud))
 8 SYSTEMPATH\CodeIgniter.php(353): CodeIgniter\CodeIgniter->handleRequest(null, Object(Config\Cache), false)
 9 FCPATH\index.php(79): CodeIgniter\CodeIgniter->run()
10 SYSTEMPATH\Commands\Server\rewrite.php(47): require_once('E:\\xampp\\htdocs\\Codeigniter_project\\public\\index.php')
CRITICAL - 2023-10-10 03:56:33 --> Trying to access array offset on value of type null
in APPPATH\Views\edit_view.php on line 21.
 1 APPPATH\Views\edit_view.php(21): CodeIgniter\Debug\Exceptions->errorHandler(2, 'Trying to access array offset on value of type null', 'E:\\xampp\\htdocs\\Codeigniter_project\\app\\Views\\edit_view.php', 21)
 2 SYSTEMPATH\View\View.php(226): include('E:\\xampp\\htdocs\\Codeigniter_project\\app\\Views\\edit_view.php')
 3 SYSTEMPATH\View\View.php(229): CodeIgniter\View\View->CodeIgniter\View\{closure}()
 4 SYSTEMPATH\Common.php(1188): CodeIgniter\View\View->render('edit_view', [], true)
 5 APPPATH\Controllers\UserCrud.php(35): view('edit_view', [...])
 6 SYSTEMPATH\CodeIgniter.php(919): App\Controllers\UserCrud->singleUser('5')
 7 SYSTEMPATH\CodeIgniter.php(494): CodeIgniter\CodeIgniter->runController(Object(App\Controllers\UserCrud))
 8 SYSTEMPATH\CodeIgniter.php(353): CodeIgniter\CodeIgniter->handleRequest(null, Object(Config\Cache), false)
 9 FCPATH\index.php(79): CodeIgniter\CodeIgniter->run()
10 SYSTEMPATH\Commands\Server\rewrite.php(47): require_once('E:\\xampp\\htdocs\\Codeigniter_project\\public\\index.php')
CRITICAL - 2023-10-10 03:57:00 --> Trying to access array offset on value of type null
in APPPATH\Views\edit_view.php on line 21.
 1 APPPATH\Views\edit_view.php(21): CodeIgniter\Debug\Exceptions->errorHandler(2, 'Trying to access array offset on value of type null', 'E:\\xampp\\htdocs\\Codeigniter_project\\app\\Views\\edit_view.php', 21)
 2 SYSTEMPATH\View\View.php(226): include('E:\\xampp\\htdocs\\Codeigniter_project\\app\\Views\\edit_view.php')
 3 SYSTEMPATH\View\View.php(229): CodeIgniter\View\View->CodeIgniter\View\{closure}()
 4 SYSTEMPATH\Common.php(1188): CodeIgniter\View\View->render('edit_view', [], true)
 5 APPPATH\Controllers\UserCrud.php(35): view('edit_view', [...])
 6 SYSTEMPATH\CodeIgniter.php(919): App\Controllers\UserCrud->singleUser('4')
 7 SYSTEMPATH\CodeIgniter.php(494): CodeIgniter\CodeIgniter->runController(Object(App\Controllers\UserCrud))
 8 SYSTEMPATH\CodeIgniter.php(353): CodeIgniter\CodeIgniter->handleRequest(null, Object(Config\Cache), false)
 9 FCPATH\index.php(79): CodeIgniter\CodeIgniter->run()
10 SYSTEMPATH\Commands\Server\rewrite.php(47): require_once('E:\\xampp\\htdocs\\Codeigniter_project\\public\\index.php')
CRITICAL - 2023-10-10 04:02:57 --> Trying to access array offset on value of type null
in APPPATH\Views\edit_view.php on line 21.
 1 APPPATH\Views\edit_view.php(21): CodeIgniter\Debug\Exceptions->errorHandler(2, 'Trying to access array offset on value of type null', 'E:\\xampp\\htdocs\\Codeigniter_project\\app\\Views\\edit_view.php', 21)
 2 SYSTEMPATH\View\View.php(226): include('E:\\xampp\\htdocs\\Codeigniter_project\\app\\Views\\edit_view.php')
 3 SYSTEMPATH\View\View.php(229): CodeIgniter\View\View->CodeIgniter\View\{closure}()
 4 SYSTEMPATH\Common.php(1188): CodeIgniter\View\View->render('edit_view', [], true)
 5 APPPATH\Controllers\UserCrud.php(35): view('edit_view', [...])
 6 SYSTEMPATH\CodeIgniter.php(919): App\Controllers\UserCrud->singleUser('5')
 7 SYSTEMPATH\CodeIgniter.php(494): CodeIgniter\CodeIgniter->runController(Object(App\Controllers\UserCrud))
 8 SYSTEMPATH\CodeIgniter.php(353): CodeIgniter\CodeIgniter->handleRequest(null, Object(Config\Cache), false)
 9 FCPATH\index.php(79): CodeIgniter\CodeIgniter->run()
10 SYSTEMPATH\Commands\Server\rewrite.php(47): require_once('E:\\xampp\\htdocs\\Codeigniter_project\\public\\index.php')
CRITICAL - 2023-10-10 04:04:52 --> Trying to access array offset on value of type null
in APPPATH\Views\edit_view.php on line 21.
 1 APPPATH\Views\edit_view.php(21): CodeIgniter\Debug\Exceptions->errorHandler(2, 'Trying to access array offset on value of type null', 'E:\\xampp\\htdocs\\Codeigniter_project\\app\\Views\\edit_view.php', 21)
 2 SYSTEMPATH\View\View.php(226): include('E:\\xampp\\htdocs\\Codeigniter_project\\app\\Views\\edit_view.php')
 3 SYSTEMPATH\View\View.php(229): CodeIgniter\View\View->CodeIgniter\View\{closure}()
 4 SYSTEMPATH\Common.php(1188): CodeIgniter\View\View->render('edit_view', [], true)
 5 APPPATH\Controllers\UserCrud.php(35): view('edit_view', [...])
 6 SYSTEMPATH\CodeIgniter.php(919): App\Controllers\UserCrud->singleUser('5')
 7 SYSTEMPATH\CodeIgniter.php(494): CodeIgniter\CodeIgniter->runController(Object(App\Controllers\UserCrud))
 8 SYSTEMPATH\CodeIgniter.php(353): CodeIgniter\CodeIgniter->handleRequest(null, Object(Config\Cache), false)
 9 FCPATH\index.php(79): CodeIgniter\CodeIgniter->run()
10 SYSTEMPATH\Commands\Server\rewrite.php(47): require_once('E:\\xampp\\htdocs\\Codeigniter_project\\public\\index.php')
CRITICAL - 2023-10-10 04:06:01 --> Trying to access array offset on value of type null
in APPPATH\Views\edit_view.php on line 21.
 1 APPPATH\Views\edit_view.php(21): CodeIgniter\Debug\Exceptions->errorHandler(2, 'Trying to access array offset on value of type null', 'E:\\xampp\\htdocs\\Codeigniter_project\\app\\Views\\edit_view.php', 21)
 2 SYSTEMPATH\View\View.php(226): include('E:\\xampp\\htdocs\\Codeigniter_project\\app\\Views\\edit_view.php')
 3 SYSTEMPATH\View\View.php(229): CodeIgniter\View\View->CodeIgniter\View\{closure}()
 4 SYSTEMPATH\Common.php(1188): CodeIgniter\View\View->render('edit_view', [], true)
 5 APPPATH\Controllers\UserCrud.php(35): view('edit_view', [...])
 6 SYSTEMPATH\CodeIgniter.php(919): App\Controllers\UserCrud->singleUser('5')
 7 SYSTEMPATH\CodeIgniter.php(494): CodeIgniter\CodeIgniter->runController(Object(App\Controllers\UserCrud))
 8 SYSTEMPATH\CodeIgniter.php(353): CodeIgniter\CodeIgniter->handleRequest(null, Object(Config\Cache), false)
 9 FCPATH\index.php(79): CodeIgniter\CodeIgniter->run()
10 SYSTEMPATH\Commands\Server\rewrite.php(47): require_once('E:\\xampp\\htdocs\\Codeigniter_project\\public\\index.php')
CRITICAL - 2023-10-10 04:06:02 --> Trying to access array offset on value of type null
in APPPATH\Views\edit_view.php on line 21.
 1 APPPATH\Views\edit_view.php(21): CodeIgniter\Debug\Exceptions->errorHandler(2, 'Trying to access array offset on value of type null', 'E:\\xampp\\htdocs\\Codeigniter_project\\app\\Views\\edit_view.php', 21)
 2 SYSTEMPATH\View\View.php(226): include('E:\\xampp\\htdocs\\Codeigniter_project\\app\\Views\\edit_view.php')
 3 SYSTEMPATH\View\View.php(229): CodeIgniter\View\View->CodeIgniter\View\{closure}()
 4 SYSTEMPATH\Common.php(1188): CodeIgniter\View\View->render('edit_view', [], true)
 5 APPPATH\Controllers\UserCrud.php(35): view('edit_view', [...])
 6 SYSTEMPATH\CodeIgniter.php(919): App\Controllers\UserCrud->singleUser('5')
 7 SYSTEMPATH\CodeIgniter.php(494): CodeIgniter\CodeIgniter->runController(Object(App\Controllers\UserCrud))
 8 SYSTEMPATH\CodeIgniter.php(353): CodeIgniter\CodeIgniter->handleRequest(null, Object(Config\Cache), false)
 9 FCPATH\index.php(79): CodeIgniter\CodeIgniter->run()
10 SYSTEMPATH\Commands\Server\rewrite.php(47): require_once('E:\\xampp\\htdocs\\Codeigniter_project\\public\\index.php')
CRITICAL - 2023-10-10 04:06:02 --> Trying to access array offset on value of type null
in APPPATH\Views\edit_view.php on line 21.
 1 APPPATH\Views\edit_view.php(21): CodeIgniter\Debug\Exceptions->errorHandler(2, 'Trying to access array offset on value of type null', 'E:\\xampp\\htdocs\\Codeigniter_project\\app\\Views\\edit_view.php', 21)
 2 SYSTEMPATH\View\View.php(226): include('E:\\xampp\\htdocs\\Codeigniter_project\\app\\Views\\edit_view.php')
 3 SYSTEMPATH\View\View.php(229): CodeIgniter\View\View->CodeIgniter\View\{closure}()
 4 SYSTEMPATH\Common.php(1188): CodeIgniter\View\View->render('edit_view', [], true)
 5 APPPATH\Controllers\UserCrud.php(35): view('edit_view', [...])
 6 SYSTEMPATH\CodeIgniter.php(919): App\Controllers\UserCrud->singleUser('5')
 7 SYSTEMPATH\CodeIgniter.php(494): CodeIgniter\CodeIgniter->runController(Object(App\Controllers\UserCrud))
 8 SYSTEMPATH\CodeIgniter.php(353): CodeIgniter\CodeIgniter->handleRequest(null, Object(Config\Cache), false)
 9 FCPATH\index.php(79): CodeIgniter\CodeIgniter->run()
10 SYSTEMPATH\Commands\Server\rewrite.php(47): require_once('E:\\xampp\\htdocs\\Codeigniter_project\\public\\index.php')
CRITICAL - 2023-10-10 04:08:13 --> Trying to access array offset on value of type null
in APPPATH\Views\edit_view.php on line 21.
 1 APPPATH\Views\edit_view.php(21): CodeIgniter\Debug\Exceptions->errorHandler(2, 'Trying to access array offset on value of type null', 'E:\\xampp\\htdocs\\Codeigniter_project\\app\\Views\\edit_view.php', 21)
 2 SYSTEMPATH\View\View.php(226): include('E:\\xampp\\htdocs\\Codeigniter_project\\app\\Views\\edit_view.php')
 3 SYSTEMPATH\View\View.php(229): CodeIgniter\View\View->CodeIgniter\View\{closure}()
 4 SYSTEMPATH\Common.php(1188): CodeIgniter\View\View->render('edit_view', [], true)
 5 APPPATH\Controllers\UserCrud.php(35): view('edit_view', [...])
 6 SYSTEMPATH\CodeIgniter.php(919): App\Controllers\UserCrud->singleUser('4')
 7 SYSTEMPATH\CodeIgniter.php(494): CodeIgniter\CodeIgniter->runController(Object(App\Controllers\UserCrud))
 8 SYSTEMPATH\CodeIgniter.php(353): CodeIgniter\CodeIgniter->handleRequest(null, Object(Config\Cache), false)
 9 FCPATH\index.php(79): CodeIgniter\CodeIgniter->run()
10 SYSTEMPATH\Commands\Server\rewrite.php(47): require_once('E:\\xampp\\htdocs\\Codeigniter_project\\public\\index.php')
CRITICAL - 2023-10-10 04:10:06 --> Undefined variable $rooms
in APPPATH\Views\room_view.php on line 30.
 1 APPPATH\Views\room_view.php(30): CodeIgniter\Debug\Exceptions->errorHandler(2, 'Undefined variable $rooms', 'E:\\xampp\\htdocs\\Codeigniter_project\\app\\Views\\room_view.php', 30)
 2 SYSTEMPATH\View\View.php(226): include('E:\\xampp\\htdocs\\Codeigniter_project\\app\\Views\\room_view.php')
 3 SYSTEMPATH\View\View.php(229): CodeIgniter\View\View->CodeIgniter\View\{closure}()
 4 SYSTEMPATH\Common.php(1188): CodeIgniter\View\View->render('room_view', [], true)
 5 APPPATH\Controllers\RoomController.php(39): view('room_view', [...])
 6 SYSTEMPATH\CodeIgniter.php(919): App\Controllers\RoomController->singleUser('7')
 7 SYSTEMPATH\CodeIgniter.php(494): CodeIgniter\CodeIgniter->runController(Object(App\Controllers\RoomController))
 8 SYSTEMPATH\CodeIgniter.php(353): CodeIgniter\CodeIgniter->handleRequest(null, Object(Config\Cache), false)
 9 FCPATH\index.php(79): CodeIgniter\CodeIgniter->run()
10 SYSTEMPATH\Commands\Server\rewrite.php(47): require_once('E:\\xampp\\htdocs\\Codeigniter_project\\public\\index.php')
CRITICAL - 2023-10-10 04:11:03 --> Undefined variable $rooms
in APPPATH\Views\room_view.php on line 30.
 1 APPPATH\Views\room_view.php(30): CodeIgniter\Debug\Exceptions->errorHandler(2, 'Undefined variable $rooms', 'E:\\xampp\\htdocs\\Codeigniter_project\\app\\Views\\room_view.php', 30)
 2 SYSTEMPATH\View\View.php(226): include('E:\\xampp\\htdocs\\Codeigniter_project\\app\\Views\\room_view.php')
 3 SYSTEMPATH\View\View.php(229): CodeIgniter\View\View->CodeIgniter\View\{closure}()
 4 SYSTEMPATH\Common.php(1188): CodeIgniter\View\View->render('room_view', [], true)
 5 APPPATH\Controllers\RoomController.php(39): view('room_view', [...])
 6 SYSTEMPATH\CodeIgniter.php(919): App\Controllers\RoomController->singleUser('7')
 7 SYSTEMPATH\CodeIgniter.php(494): CodeIgniter\CodeIgniter->runController(Object(App\Controllers\RoomController))
 8 SYSTEMPATH\CodeIgniter.php(353): CodeIgniter\CodeIgniter->handleRequest(null, Object(Config\Cache), false)
 9 FCPATH\index.php(79): CodeIgniter\CodeIgniter->run()
10 SYSTEMPATH\Commands\Server\rewrite.php(47): require_once('E:\\xampp\\htdocs\\Codeigniter_project\\public\\index.php')
CRITICAL - 2023-10-10 04:16:48 --> Undefined variable $rooms
in APPPATH\Views\room_view.php on line 30.
 1 APPPATH\Views\room_view.php(30): CodeIgniter\Debug\Exceptions->errorHandler(2, 'Undefined variable $rooms', 'E:\\xampp\\htdocs\\Codeigniter_project\\app\\Views\\room_view.php', 30)
 2 SYSTEMPATH\View\View.php(226): include('E:\\xampp\\htdocs\\Codeigniter_project\\app\\Views\\room_view.php')
 3 SYSTEMPATH\View\View.php(229): CodeIgniter\View\View->CodeIgniter\View\{closure}()
 4 SYSTEMPATH\Common.php(1188): CodeIgniter\View\View->render('room_view', [], true)
 5 APPPATH\Controllers\RoomController.php(39): view('room_view', [...])
 6 SYSTEMPATH\CodeIgniter.php(919): App\Controllers\RoomController->singleUser('9')
 7 SYSTEMPATH\CodeIgniter.php(494): CodeIgniter\CodeIgniter->runController(Object(App\Controllers\RoomController))
 8 SYSTEMPATH\CodeIgniter.php(353): CodeIgniter\CodeIgniter->handleRequest(null, Object(Config\Cache), false)
 9 FCPATH\index.php(79): CodeIgniter\CodeIgniter->run()
10 SYSTEMPATH\Commands\Server\rewrite.php(47): require_once('E:\\xampp\\htdocs\\Codeigniter_project\\public\\index.php')
CRITICAL - 2023-10-10 04:21:50 --> Undefined variable $rooms
in APPPATH\Views\room_view.php on line 30.
 1 APPPATH\Views\room_view.php(30): CodeIgniter\Debug\Exceptions->errorHandler(2, 'Undefined variable $rooms', 'E:\\xampp\\htdocs\\Codeigniter_project\\app\\Views\\room_view.php', 30)
 2 SYSTEMPATH\View\View.php(226): include('E:\\xampp\\htdocs\\Codeigniter_project\\app\\Views\\room_view.php')
 3 SYSTEMPATH\View\View.php(229): CodeIgniter\View\View->CodeIgniter\View\{closure}()
 4 SYSTEMPATH\Common.php(1188): CodeIgniter\View\View->render('room_view', [], true)
 5 APPPATH\Controllers\RoomController.php(39): view('room_view', [...])
 6 SYSTEMPATH\CodeIgniter.php(919): App\Controllers\RoomController->singleUser('7')
 7 SYSTEMPATH\CodeIgniter.php(494): CodeIgniter\CodeIgniter->runController(Object(App\Controllers\RoomController))
 8 SYSTEMPATH\CodeIgniter.php(353): CodeIgniter\CodeIgniter->handleRequest(null, Object(Config\Cache), false)
 9 FCPATH\index.php(79): CodeIgniter\CodeIgniter->run()
10 SYSTEMPATH\Commands\Server\rewrite.php(47): require_once('E:\\xampp\\htdocs\\Codeigniter_project\\public\\index.php')
CRITICAL - 2023-10-10 04:23:21 --> Undefined variable $rooms
in APPPATH\Views\room_view.php on line 30.
 1 APPPATH\Views\room_view.php(30): CodeIgniter\Debug\Exceptions->errorHandler(2, 'Undefined variable $rooms', 'E:\\xampp\\htdocs\\Codeigniter_project\\app\\Views\\room_view.php', 30)
 2 SYSTEMPATH\View\View.php(226): include('E:\\xampp\\htdocs\\Codeigniter_project\\app\\Views\\room_view.php')
 3 SYSTEMPATH\View\View.php(229): CodeIgniter\View\View->CodeIgniter\View\{closure}()
 4 SYSTEMPATH\Common.php(1188): CodeIgniter\View\View->render('room_view', [], true)
 5 APPPATH\Controllers\RoomController.php(39): view('room_view', [...])
 6 SYSTEMPATH\CodeIgniter.php(919): App\Controllers\RoomController->singleUser('8')
 7 SYSTEMPATH\CodeIgniter.php(494): CodeIgniter\CodeIgniter->runController(Object(App\Controllers\RoomController))
 8 SYSTEMPATH\CodeIgniter.php(353): CodeIgniter\CodeIgniter->handleRequest(null, Object(Config\Cache), false)
 9 FCPATH\index.php(79): CodeIgniter\CodeIgniter->run()
10 SYSTEMPATH\Commands\Server\rewrite.php(47): require_once('E:\\xampp\\htdocs\\Codeigniter_project\\public\\index.php')
CRITICAL - 2023-10-10 04:23:35 --> Undefined variable $rooms
in APPPATH\Views\room_view.php on line 30.
 1 APPPATH\Views\room_view.php(30): CodeIgniter\Debug\Exceptions->errorHandler(2, 'Undefined variable $rooms', 'E:\\xampp\\htdocs\\Codeigniter_project\\app\\Views\\room_view.php', 30)
 2 SYSTEMPATH\View\View.php(226): include('E:\\xampp\\htdocs\\Codeigniter_project\\app\\Views\\room_view.php')
 3 SYSTEMPATH\View\View.php(229): CodeIgniter\View\View->CodeIgniter\View\{closure}()
 4 SYSTEMPATH\Common.php(1188): CodeIgniter\View\View->render('room_view', [], true)
 5 APPPATH\Controllers\RoomController.php(39): view('room_view', [...])
 6 SYSTEMPATH\CodeIgniter.php(919): App\Controllers\RoomController->singleUser('6')
 7 SYSTEMPATH\CodeIgniter.php(494): CodeIgniter\CodeIgniter->runController(Object(App\Controllers\RoomController))
 8 SYSTEMPATH\CodeIgniter.php(353): CodeIgniter\CodeIgniter->handleRequest(null, Object(Config\Cache), false)
 9 FCPATH\index.php(79): CodeIgniter\CodeIgniter->run()
10 SYSTEMPATH\Commands\Server\rewrite.php(47): require_once('E:\\xampp\\htdocs\\Codeigniter_project\\public\\index.php')
INFO - 2023-10-10 04:27:53 --> Session: Class initialized using 'CodeIgniter\Session\Handlers\FileHandler' driver.
INFO - 2023-10-10 04:28:04 --> Session: Class initialized using 'CodeIgniter\Session\Handlers\FileHandler' driver.
INFO - 2023-10-10 04:28:09 --> Session: Class initialized using 'CodeIgniter\Session\Handlers\FileHandler' driver.
INFO - 2023-10-10 04:28:26 --> Session: Class initialized using 'CodeIgniter\Session\Handlers\FileHandler' driver.
INFO - 2023-10-10 04:28:34 --> Session: Class initialized using 'CodeIgniter\Session\Handlers\FileHandler' driver.
INFO - 2023-10-10 04:29:32 --> Session: Class initialized using 'CodeIgniter\Session\Handlers\FileHandler' driver.
INFO - 2023-10-10 04:29:45 --> Session: Class initialized using 'CodeIgniter\Session\Handlers\FileHandler' driver.
INFO - 2023-10-10 05:01:38 --> Session: Class initialized using 'CodeIgniter\Session\Handlers\FileHandler' driver.
INFO - 2023-10-10 05:02:12 --> Session: Class initialized using 'CodeIgniter\Session\Handlers\FileHandler' driver.
INFO - 2023-10-10 05:02:47 --> Session: Class initialized using 'CodeIgniter\Session\Handlers\FileHandler' driver.
CRITICAL - 2023-10-10 05:03:15 --> Undefined variable $rooms
in APPPATH\Views\room_view.php on line 30.
 1 APPPATH\Views\room_view.php(30): CodeIgniter\Debug\Exceptions->errorHandler(2, 'Undefined variable $rooms', 'E:\\xampp\\htdocs\\Codeigniter_project\\app\\Views\\room_view.php', 30)
 2 SYSTEMPATH\View\View.php(226): include('E:\\xampp\\htdocs\\Codeigniter_project\\app\\Views\\room_view.php')
 3 SYSTEMPATH\View\View.php(229): CodeIgniter\View\View->CodeIgniter\View\{closure}()
 4 SYSTEMPATH\Common.php(1188): CodeIgniter\View\View->render('room_view', [], true)
 5 APPPATH\Controllers\RoomController.php(39): view('room_view', [...])
 6 SYSTEMPATH\CodeIgniter.php(919): App\Controllers\RoomController->singleUser('10')
 7 SYSTEMPATH\CodeIgniter.php(494): CodeIgniter\CodeIgniter->runController(Object(App\Controllers\RoomController))
 8 SYSTEMPATH\CodeIgniter.php(353): CodeIgniter\CodeIgniter->handleRequest(null, Object(Config\Cache), false)
 9 FCPATH\index.php(79): CodeIgniter\CodeIgniter->run()
10 SYSTEMPATH\Commands\Server\rewrite.php(47): require_once('E:\\xampp\\htdocs\\Codeigniter_project\\public\\index.php')
CRITICAL - 2023-10-10 05:35:13 --> Undefined variable $rooms
in APPPATH\Views\room_view.php on line 30.
 1 APPPATH\Views\room_view.php(30): CodeIgniter\Debug\Exceptions->errorHandler(2, 'Undefined variable $rooms', 'E:\\xampp\\htdocs\\Codeigniter_project\\app\\Views\\room_view.php', 30)
 2 SYSTEMPATH\View\View.php(226): include('E:\\xampp\\htdocs\\Codeigniter_project\\app\\Views\\room_view.php')
 3 SYSTEMPATH\View\View.php(229): CodeIgniter\View\View->CodeIgniter\View\{closure}()
 4 SYSTEMPATH\Common.php(1188): CodeIgniter\View\View->render('room_view', [], true)
 5 APPPATH\Controllers\RoomController.php(39): view('room_view', [...])
 6 SYSTEMPATH\CodeIgniter.php(919): App\Controllers\RoomController->singleUser('10')
 7 SYSTEMPATH\CodeIgniter.php(494): CodeIgniter\CodeIgniter->runController(Object(App\Controllers\RoomController))
 8 SYSTEMPATH\CodeIgniter.php(353): CodeIgniter\CodeIgniter->handleRequest(null, Object(Config\Cache), false)
 9 FCPATH\index.php(79): CodeIgniter\CodeIgniter->run()
10 SYSTEMPATH\Commands\Server\rewrite.php(47): require_once('E:\\xampp\\htdocs\\Codeigniter_project\\public\\index.php')
CRITICAL - 2023-10-10 05:42:27 --> Undefined variable $rooms
in APPPATH\Views\room_view.php on line 30.
 1 APPPATH\Views\room_view.php(30): CodeIgniter\Debug\Exceptions->errorHandler(2, 'Undefined variable $rooms', 'E:\\xampp\\htdocs\\Codeigniter_project\\app\\Views\\room_view.php', 30)
 2 SYSTEMPATH\View\View.php(226): include('E:\\xampp\\htdocs\\Codeigniter_project\\app\\Views\\room_view.php')
 3 SYSTEMPATH\View\View.php(229): CodeIgniter\View\View->CodeIgniter\View\{closure}()
 4 SYSTEMPATH\Common.php(1188): CodeIgniter\View\View->render('room_view', [], true)
 5 APPPATH\Controllers\RoomController.php(39): view('room_view', [...])
 6 SYSTEMPATH\CodeIgniter.php(919): App\Controllers\RoomController->singleUser('8')
 7 SYSTEMPATH\CodeIgniter.php(494): CodeIgniter\CodeIgniter->runController(Object(App\Controllers\RoomController))
 8 SYSTEMPATH\CodeIgniter.php(353): CodeIgniter\CodeIgniter->handleRequest(null, Object(Config\Cache), false)
 9 FCPATH\index.php(79): CodeIgniter\CodeIgniter->run()
10 SYSTEMPATH\Commands\Server\rewrite.php(47): require_once('E:\\xampp\\htdocs\\Codeigniter_project\\public\\index.php')
CRITICAL - 2023-10-10 05:44:06 --> Cannot access offset of type string on string
in APPPATH\Views\room_view.php on line 33.
 1 SYSTEMPATH\View\View.php(226): include()
 2 SYSTEMPATH\View\View.php(229): CodeIgniter\View\View->CodeIgniter\View\{closure}()
 3 SYSTEMPATH\Common.php(1188): CodeIgniter\View\View->render('room_view', [], true)
 4 APPPATH\Controllers\RoomController.php(39): view('room_view', [...])
 5 SYSTEMPATH\CodeIgniter.php(919): App\Controllers\RoomController->singleUser('8')
 6 SYSTEMPATH\CodeIgniter.php(494): CodeIgniter\CodeIgniter->runController(Object(App\Controllers\RoomController))
 7 SYSTEMPATH\CodeIgniter.php(353): CodeIgniter\CodeIgniter->handleRequest(null, Object(Config\Cache), false)
 8 FCPATH\index.php(79): CodeIgniter\CodeIgniter->run()
 9 SYSTEMPATH\Commands\Server\rewrite.php(47): require_once('E:\\xampp\\htdocs\\Codeigniter_project\\public\\index.php')
CRITICAL - 2023-10-10 05:45:29 --> Cannot access offset of type string on string
in APPPATH\Views\room_view.php on line 33.
 1 SYSTEMPATH\View\View.php(226): include()
 2 SYSTEMPATH\View\View.php(229): CodeIgniter\View\View->CodeIgniter\View\{closure}()
 3 SYSTEMPATH\Common.php(1188): CodeIgniter\View\View->render('room_view', [], true)
 4 APPPATH\Controllers\RoomController.php(39): view('room_view', [...])
 5 SYSTEMPATH\CodeIgniter.php(919): App\Controllers\RoomController->singleUser('8')
 6 SYSTEMPATH\CodeIgniter.php(494): CodeIgniter\CodeIgniter->runController(Object(App\Controllers\RoomController))
 7 SYSTEMPATH\CodeIgniter.php(353): CodeIgniter\CodeIgniter->handleRequest(null, Object(Config\Cache), false)
 8 FCPATH\index.php(79): CodeIgniter\CodeIgniter->run()
 9 SYSTEMPATH\Commands\Server\rewrite.php(47): require_once('E:\\xampp\\htdocs\\Codeigniter_project\\public\\index.php')
CRITICAL - 2023-10-10 05:45:57 --> Cannot access offset of type string on string
in APPPATH\Views\room_view.php on line 33.
 1 SYSTEMPATH\View\View.php(226): include()
 2 SYSTEMPATH\View\View.php(229): CodeIgniter\View\View->CodeIgniter\View\{closure}()
 3 SYSTEMPATH\Common.php(1188): CodeIgniter\View\View->render('room_view', [], true)
 4 APPPATH\Controllers\RoomController.php(39): view('room_view', [...])
 5 SYSTEMPATH\CodeIgniter.php(919): App\Controllers\RoomController->singleUser('8')
 6 SYSTEMPATH\CodeIgniter.php(494): CodeIgniter\CodeIgniter->runController(Object(App\Controllers\RoomController))
 7 SYSTEMPATH\CodeIgniter.php(353): CodeIgniter\CodeIgniter->handleRequest(null, Object(Config\Cache), false)
 8 FCPATH\index.php(79): CodeIgniter\CodeIgniter->run()
 9 SYSTEMPATH\Commands\Server\rewrite.php(47): require_once('E:\\xampp\\htdocs\\Codeigniter_project\\public\\index.php')
